<?xml version="1.0" encoding="UTF-8"?>
<testsuite xmlns:xsi="http://www.w3.org/2001/XMLSchema-instance" xsi:noNamespaceSchemaLocation="https://maven.apache.org/surefire/maven-failsafe-plugin/xsd/failsafe-test-report-3.0.xsd" version="3.0" name="starter.CucumberTestSuite" time="69.676" tests="5" errors="1" skipped="0" failures="2">
  <properties>
    <property name="sun.desktop" value="windows"/>
    <property name="awt.toolkit" value="sun.awt.windows.WToolkit"/>
    <property name="java.specification.version" value="1.8"/>
    <property name="file.encoding.pkg" value="sun.io"/>
    <property name="webdriver.chrome.driver" value="C:\Users\ADW User ACR\.cache\selenium\chromedriver\win32\114.0.5735.90\chromedriver.exe"/>
    <property name="sun.cpu.isalist" value="amd64"/>
    <property name="sun.jnu.encoding" value="Cp1252"/>
    <property name="java.class.path" value="D:\D\QE_Alta\capstone\web-automation-test\target\test-classes;D:\D\QE_Alta\capstone\web-automation-test\target\Web-Automation-TravelBooking-1.0-SNAPSHOT.jar;C:\Users\ADW User ACR\.m2\repository\net\serenity-bdd\serenity-core\3.6.21\serenity-core-3.6.21.jar;C:\Users\ADW User ACR\.m2\repository\net\serenity-bdd\serenity-model\3.6.21\serenity-model-3.6.21.jar;C:\Users\ADW User ACR\.m2\repository\org\apache\commons\commons-text\1.10.0\commons-text-1.10.0.jar;C:\Users\ADW User ACR\.m2\repository\commons-net\commons-net\3.9.0\commons-net-3.9.0.jar;C:\Users\ADW User ACR\.m2\repository\com\google\guava\guava\31.1-jre\guava-31.1-jre.jar;C:\Users\ADW User ACR\.m2\repository\com\google\guava\failureaccess\1.0.1\failureaccess-1.0.1.jar;C:\Users\ADW User ACR\.m2\repository\com\google\guava\listenablefuture\9999.0-empty-to-avoid-conflict-with-guava\listenablefuture-9999.0-empty-to-avoid-conflict-with-guava.jar;C:\Users\ADW User ACR\.m2\repository\com\google\code\findbugs\jsr305\3.0.2\jsr305-3.0.2.jar;C:\Users\ADW User ACR\.m2\repository\org\checkerframework\checker-qual\3.12.0\checker-qual-3.12.0.jar;C:\Users\ADW User ACR\.m2\repository\com\google\errorprone\error_prone_annotations\2.11.0\error_prone_annotations-2.11.0.jar;C:\Users\ADW User ACR\.m2\repository\com\google\j2objc\j2objc-annotations\1.3\j2objc-annotations-1.3.jar;C:\Users\ADW User ACR\.m2\repository\com\google\inject\guice\5.1.0\guice-5.1.0.jar;C:\Users\ADW User ACR\.m2\repository\javax\inject\javax.inject\1\javax.inject-1.jar;C:\Users\ADW User ACR\.m2\repository\aopalliance\aopalliance\1.0\aopalliance-1.0.jar;C:\Users\ADW User ACR\.m2\repository\org\jsoup\jsoup\1.14.3\jsoup-1.14.3.jar;C:\Users\ADW User ACR\.m2\repository\com\thoughtworks\xstream\xstream\1.4.20\xstream-1.4.20.jar;C:\Users\ADW User ACR\.m2\repository\io\github\x-stream\mxparser\1.2.2\mxparser-1.2.2.jar;C:\Users\ADW User ACR\.m2\repository\xmlpull\xmlpull\1.1.3.1\xmlpull-1.1.3.1.jar;C:\Users\ADW User ACR\.m2\repository\com\typesafe\config\1.4.2\config-1.4.2.jar;C:\Users\ADW User ACR\.m2\repository\org\imgscalr\imgscalr-lib\4.2\imgscalr-lib-4.2.jar;C:\Users\ADW User ACR\.m2\repository\org\awaitility\awaitility\4.2.0\awaitility-4.2.0.jar;C:\Users\ADW User ACR\.m2\repository\org\freemarker\freemarker\2.3.31\freemarker-2.3.31.jar;C:\Users\ADW User ACR\.m2\repository\io\github\classgraph\classgraph\4.8.138\classgraph-4.8.138.jar;C:\Users\ADW User ACR\.m2\repository\net\sourceforge\jexcelapi\jxl\2.6.12\jxl-2.6.12.jar;C:\Users\ADW User ACR\.m2\repository\net\bytebuddy\byte-buddy-agent\1.14.2\byte-buddy-agent-1.14.2.jar;C:\Users\ADW User ACR\.m2\repository\org\objenesis\objenesis\3.3\objenesis-3.3.jar;C:\Users\ADW User ACR\.m2\repository\net\serenity-bdd\serenity-reports\3.6.21\serenity-reports-3.6.21.jar;C:\Users\ADW User ACR\.m2\repository\net\serenity-bdd\serenity-stats\3.6.21\serenity-stats-3.6.21.jar;C:\Users\ADW User ACR\.m2\repository\net\serenity-bdd\serenity-reports-configuration\3.6.21\serenity-reports-configuration-3.6.21.jar;C:\Users\ADW User ACR\.m2\repository\com\vladsch\flexmark\flexmark-all\0.62.2\flexmark-all-0.62.2.jar;C:\Users\ADW User ACR\.m2\repository\com\vladsch\flexmark\flexmark\0.62.2\flexmark-0.62.2.jar;C:\Users\ADW User ACR\.m2\repository\com\vladsch\flexmark\flexmark-ext-abbreviation\0.62.2\flexmark-ext-abbreviation-0.62.2.jar;C:\Users\ADW User ACR\.m2\repository\com\vladsch\flexmark\flexmark-util\0.62.2\flexmark-util-0.62.2.jar;C:\Users\ADW User ACR\.m2\repository\com\vladsch\flexmark\flexmark-ext-admonition\0.62.2\flexmark-ext-admonition-0.62.2.jar;C:\Users\ADW User ACR\.m2\repository\com\vladsch\flexmark\flexmark-ext-anchorlink\0.62.2\flexmark-ext-anchorlink-0.62.2.jar;C:\Users\ADW User ACR\.m2\repository\com\vladsch\flexmark\flexmark-ext-aside\0.62.2\flexmark-ext-aside-0.62.2.jar;C:\Users\ADW User ACR\.m2\repository\com\vladsch\flexmark\flexmark-ext-attributes\0.62.2\flexmark-ext-attributes-0.62.2.jar;C:\Users\ADW User ACR\.m2\repository\com\vladsch\flexmark\flexmark-ext-autolink\0.62.2\flexmark-ext-autolink-0.62.2.jar;C:\Users\ADW User ACR\.m2\repository\org\nibor\autolink\autolink\0.6.0\autolink-0.6.0.jar;C:\Users\ADW User ACR\.m2\repository\com\vladsch\flexmark\flexmark-ext-definition\0.62.2\flexmark-ext-definition-0.62.2.jar;C:\Users\ADW User ACR\.m2\repository\com\vladsch\flexmark\flexmark-ext-emoji\0.62.2\flexmark-ext-emoji-0.62.2.jar;C:\Users\ADW User ACR\.m2\repository\com\vladsch\flexmark\flexmark-ext-enumerated-reference\0.62.2\flexmark-ext-enumerated-reference-0.62.2.jar;C:\Users\ADW User ACR\.m2\repository\com\vladsch\flexmark\flexmark-ext-escaped-character\0.62.2\flexmark-ext-escaped-character-0.62.2.jar;C:\Users\ADW User ACR\.m2\repository\com\vladsch\flexmark\flexmark-ext-footnotes\0.62.2\flexmark-ext-footnotes-0.62.2.jar;C:\Users\ADW User ACR\.m2\repository\com\vladsch\flexmark\flexmark-ext-gfm-issues\0.62.2\flexmark-ext-gfm-issues-0.62.2.jar;C:\Users\ADW User ACR\.m2\repository\com\vladsch\flexmark\flexmark-ext-gfm-strikethrough\0.62.2\flexmark-ext-gfm-strikethrough-0.62.2.jar;C:\Users\ADW User ACR\.m2\repository\com\vladsch\flexmark\flexmark-ext-gfm-tasklist\0.62.2\flexmark-ext-gfm-tasklist-0.62.2.jar;C:\Users\ADW User ACR\.m2\repository\com\vladsch\flexmark\flexmark-ext-gfm-users\0.62.2\flexmark-ext-gfm-users-0.62.2.jar;C:\Users\ADW User ACR\.m2\repository\com\vladsch\flexmark\flexmark-ext-gitlab\0.62.2\flexmark-ext-gitlab-0.62.2.jar;C:\Users\ADW User ACR\.m2\repository\com\vladsch\flexmark\flexmark-ext-jekyll-front-matter\0.62.2\flexmark-ext-jekyll-front-matter-0.62.2.jar;C:\Users\ADW User ACR\.m2\repository\com\vladsch\flexmark\flexmark-ext-jekyll-tag\0.62.2\flexmark-ext-jekyll-tag-0.62.2.jar;C:\Users\ADW User ACR\.m2\repository\com\vladsch\flexmark\flexmark-ext-media-tags\0.62.2\flexmark-ext-media-tags-0.62.2.jar;C:\Users\ADW User ACR\.m2\repository\com\vladsch\flexmark\flexmark-ext-macros\0.62.2\flexmark-ext-macros-0.62.2.jar;C:\Users\ADW User ACR\.m2\repository\com\vladsch\flexmark\flexmark-ext-ins\0.62.2\flexmark-ext-ins-0.62.2.jar;C:\Users\ADW User ACR\.m2\repository\com\vladsch\flexmark\flexmark-ext-xwiki-macros\0.62.2\flexmark-ext-xwiki-macros-0.62.2.jar;C:\Users\ADW User ACR\.m2\repository\com\vladsch\flexmark\flexmark-ext-superscript\0.62.2\flexmark-ext-superscript-0.62.2.jar;C:\Users\ADW User ACR\.m2\repository\com\vladsch\flexmark\flexmark-ext-tables\0.62.2\flexmark-ext-tables-0.62.2.jar;C:\Users\ADW User ACR\.m2\repository\com\vladsch\flexmark\flexmark-ext-toc\0.62.2\flexmark-ext-toc-0.62.2.jar;C:\Users\ADW User ACR\.m2\repository\com\vladsch\flexmark\flexmark-ext-typographic\0.62.2\flexmark-ext-typographic-0.62.2.jar;C:\Users\ADW User ACR\.m2\repository\com\vladsch\flexmark\flexmark-ext-wikilink\0.62.2\flexmark-ext-wikilink-0.62.2.jar;C:\Users\ADW User ACR\.m2\repository\com\vladsch\flexmark\flexmark-ext-yaml-front-matter\0.62.2\flexmark-ext-yaml-front-matter-0.62.2.jar;C:\Users\ADW User ACR\.m2\repository\com\vladsch\flexmark\flexmark-ext-youtube-embedded\0.62.2\flexmark-ext-youtube-embedded-0.62.2.jar;C:\Users\ADW User ACR\.m2\repository\com\vladsch\flexmark\flexmark-html2md-converter\0.62.2\flexmark-html2md-converter-0.62.2.jar;C:\Users\ADW User ACR\.m2\repository\com\vladsch\flexmark\flexmark-jira-converter\0.62.2\flexmark-jira-converter-0.62.2.jar;C:\Users\ADW User ACR\.m2\repository\com\vladsch\flexmark\flexmark-pdf-converter\0.62.2\flexmark-pdf-converter-0.62.2.jar;C:\Users\ADW User ACR\.m2\repository\com\openhtmltopdf\openhtmltopdf-core\1.0.0\openhtmltopdf-core-1.0.0.jar;C:\Users\ADW User ACR\.m2\repository\com\openhtmltopdf\openhtmltopdf-pdfbox\1.0.0\openhtmltopdf-pdfbox-1.0.0.jar;C:\Users\ADW User ACR\.m2\repository\org\apache\pdfbox\pdfbox\2.0.16\pdfbox-2.0.16.jar;C:\Users\ADW User ACR\.m2\repository\org\apache\pdfbox\fontbox\2.0.16\fontbox-2.0.16.jar;C:\Users\ADW User ACR\.m2\repository\org\apache\pdfbox\xmpbox\2.0.16\xmpbox-2.0.16.jar;C:\Users\ADW User ACR\.m2\repository\de\rototor\pdfbox\graphics2d\0.24\graphics2d-0.24.jar;C:\Users\ADW User ACR\.m2\repository\com\openhtmltopdf\openhtmltopdf-rtl-support\1.0.0\openhtmltopdf-rtl-support-1.0.0.jar;C:\Users\ADW User ACR\.m2\repository\com\openhtmltopdf\openhtmltopdf-jsoup-dom-converter\1.0.0\openhtmltopdf-jsoup-dom-converter-1.0.0.jar;C:\Users\ADW User ACR\.m2\repository\com\vladsch\flexmark\flexmark-profile-pegdown\0.62.2\flexmark-profile-pegdown-0.62.2.jar;C:\Users\ADW User ACR\.m2\repository\com\vladsch\flexmark\flexmark-util-ast\0.62.2\flexmark-util-ast-0.62.2.jar;C:\Users\ADW User ACR\.m2\repository\com\vladsch\flexmark\flexmark-util-builder\0.62.2\flexmark-util-builder-0.62.2.jar;C:\Users\ADW User ACR\.m2\repository\com\vladsch\flexmark\flexmark-util-collection\0.62.2\flexmark-util-collection-0.62.2.jar;C:\Users\ADW User ACR\.m2\repository\com\vladsch\flexmark\flexmark-util-data\0.62.2\flexmark-util-data-0.62.2.jar;C:\Users\ADW User ACR\.m2\repository\com\vladsch\flexmark\flexmark-util-dependency\0.62.2\flexmark-util-dependency-0.62.2.jar;C:\Users\ADW User ACR\.m2\repository\com\vladsch\flexmark\flexmark-util-format\0.62.2\flexmark-util-format-0.62.2.jar;C:\Users\ADW User ACR\.m2\repository\com\vladsch\flexmark\flexmark-util-html\0.62.2\flexmark-util-html-0.62.2.jar;C:\Users\ADW User ACR\.m2\repository\com\vladsch\flexmark\flexmark-util-misc\0.62.2\flexmark-util-misc-0.62.2.jar;C:\Users\ADW User ACR\.m2\repository\com\vladsch\flexmark\flexmark-util-options\0.62.2\flexmark-util-options-0.62.2.jar;C:\Users\ADW User ACR\.m2\repository\com\vladsch\flexmark\flexmark-util-sequence\0.62.2\flexmark-util-sequence-0.62.2.jar;C:\Users\ADW User ACR\.m2\repository\com\vladsch\flexmark\flexmark-util-visitor\0.62.2\flexmark-util-visitor-0.62.2.jar;C:\Users\ADW User ACR\.m2\repository\com\vladsch\flexmark\flexmark-youtrack-converter\0.62.2\flexmark-youtrack-converter-0.62.2.jar;C:\Users\ADW User ACR\.m2\repository\com\ibm\icu\icu4j\72.1\icu4j-72.1.jar;C:\Users\ADW User ACR\.m2\repository\es\nitaur\markdown\txtmark\0.16\txtmark-0.16.jar;C:\Users\ADW User ACR\.m2\repository\net\serenity-bdd\serenity-report-resources\3.6.21\serenity-report-resources-3.6.21.jar;C:\Users\ADW User ACR\.m2\repository\com\google\code\gson\gson\2.10.1\gson-2.10.1.jar;C:\Users\ADW User ACR\.m2\repository\com\fasterxml\jackson\core\jackson-core\2.15.0-rc1\jackson-core-2.15.0-rc1.jar;C:\Users\ADW User ACR\.m2\repository\com\fasterxml\jackson\core\jackson-databind\2.15.0-rc1\jackson-databind-2.15.0-rc1.jar;C:\Users\ADW User ACR\.m2\repository\com\fasterxml\jackson\core\jackson-annotations\2.15.0-rc1\jackson-annotations-2.15.0-rc1.jar;C:\Users\ADW User ACR\.m2\repository\commons-codec\commons-codec\1.15\commons-codec-1.15.jar;C:\Users\ADW User ACR\.m2\repository\commons-io\commons-io\2.11.0\commons-io-2.11.0.jar;C:\Users\ADW User ACR\.m2\repository\org\apache\httpcomponents\httpclient\4.5.13\httpclient-4.5.13.jar;C:\Users\ADW User ACR\.m2\repository\org\apache\httpcomponents\httpcore\4.4.13\httpcore-4.4.13.jar;C:\Users\ADW User ACR\.m2\repository\commons-logging\commons-logging\1.2\commons-logging-1.2.jar;C:\Users\ADW User ACR\.m2\repository\org\seleniumhq\selenium\selenium-java\4.8.1\selenium-java-4.8.1.jar;C:\Users\ADW User ACR\.m2\repository\org\seleniumhq\selenium\selenium-devtools-v108\4.8.1\selenium-devtools-v108-4.8.1.jar;C:\Users\ADW User ACR\.m2\repository\org\seleniumhq\selenium\selenium-devtools-v109\4.8.1\selenium-devtools-v109-4.8.1.jar;C:\Users\ADW User ACR\.m2\repository\org\seleniumhq\selenium\selenium-devtools-v110\4.8.1\selenium-devtools-v110-4.8.1.jar;C:\Users\ADW User ACR\.m2\repository\org\seleniumhq\selenium\selenium-devtools-v85\4.8.1\selenium-devtools-v85-4.8.1.jar;C:\Users\ADW User ACR\.m2\repository\org\seleniumhq\selenium\selenium-remote-driver\4.8.1\selenium-remote-driver-4.8.1.jar;C:\Users\ADW User ACR\.m2\repository\com\beust\jcommander\1.82\jcommander-1.82.jar;C:\Users\ADW User ACR\.m2\repository\io\netty\netty-buffer\4.1.87.Final\netty-buffer-4.1.87.Final.jar;C:\Users\ADW User ACR\.m2\repository\io\netty\netty-codec-http\4.1.87.Final\netty-codec-http-4.1.87.Final.jar;C:\Users\ADW User ACR\.m2\repository\io\netty\netty-codec\4.1.87.Final\netty-codec-4.1.87.Final.jar;C:\Users\ADW User ACR\.m2\repository\io\netty\netty-handler\4.1.87.Final\netty-handler-4.1.87.Final.jar;C:\Users\ADW User ACR\.m2\repository\io\netty\netty-common\4.1.87.Final\netty-common-4.1.87.Final.jar;C:\Users\ADW User ACR\.m2\repository\io\netty\netty-transport-classes-epoll\4.1.87.Final\netty-transport-classes-epoll-4.1.87.Final.jar;C:\Users\ADW User ACR\.m2\repository\io\netty\netty-transport-classes-kqueue\4.1.87.Final\netty-transport-classes-kqueue-4.1.87.Final.jar;C:\Users\ADW User ACR\.m2\repository\io\netty\netty-transport-native-epoll\4.1.87.Final\netty-transport-native-epoll-4.1.87.Final.jar;C:\Users\ADW User ACR\.m2\repository\io\netty\netty-transport-native-kqueue\4.1.87.Final\netty-transport-native-kqueue-4.1.87.Final.jar;C:\Users\ADW User ACR\.m2\repository\io\netty\netty-transport-native-unix-common\4.1.87.Final\netty-transport-native-unix-common-4.1.87.Final.jar;C:\Users\ADW User ACR\.m2\repository\io\netty\netty-transport\4.1.87.Final\netty-transport-4.1.87.Final.jar;C:\Users\ADW User ACR\.m2\repository\io\netty\netty-resolver\4.1.87.Final\netty-resolver-4.1.87.Final.jar;C:\Users\ADW User ACR\.m2\repository\io\opentelemetry\opentelemetry-api\1.22.0\opentelemetry-api-1.22.0.jar;C:\Users\ADW User ACR\.m2\repository\io\opentelemetry\opentelemetry-context\1.22.0\opentelemetry-context-1.22.0.jar;C:\Users\ADW User ACR\.m2\repository\io\opentelemetry\opentelemetry-exporter-logging\1.22.0\opentelemetry-exporter-logging-1.22.0.jar;C:\Users\ADW User ACR\.m2\repository\io\opentelemetry\opentelemetry-sdk-metrics\1.22.0\opentelemetry-sdk-metrics-1.22.0.jar;C:\Users\ADW User ACR\.m2\repository\io\opentelemetry\opentelemetry-sdk-logs\1.22.0-alpha\opentelemetry-sdk-logs-1.22.0-alpha.jar;C:\Users\ADW User ACR\.m2\repository\io\opentelemetry\opentelemetry-api-logs\1.22.0-alpha\opentelemetry-api-logs-1.22.0-alpha.jar;C:\Users\ADW User ACR\.m2\repository\io\opentelemetry\opentelemetry-sdk-common\1.22.0\opentelemetry-sdk-common-1.22.0.jar;C:\Users\ADW User ACR\.m2\repository\io\opentelemetry\opentelemetry-sdk-extension-autoconfigure-spi\1.22.0\opentelemetry-sdk-extension-autoconfigure-spi-1.22.0.jar;C:\Users\ADW User ACR\.m2\repository\io\opentelemetry\opentelemetry-sdk-extension-autoconfigure\1.22.0-alpha\opentelemetry-sdk-extension-autoconfigure-1.22.0-alpha.jar;C:\Users\ADW User ACR\.m2\repository\io\opentelemetry\opentelemetry-sdk-trace\1.22.0\opentelemetry-sdk-trace-1.22.0.jar;C:\Users\ADW User ACR\.m2\repository\io\opentelemetry\opentelemetry-sdk\1.22.0\opentelemetry-sdk-1.22.0.jar;C:\Users\ADW User ACR\.m2\repository\io\opentelemetry\opentelemetry-semconv\1.22.0-alpha\opentelemetry-semconv-1.22.0-alpha.jar;C:\Users\ADW User ACR\.m2\repository\io\ous\jtoml\2.0.0\jtoml-2.0.0.jar;C:\Users\ADW User ACR\.m2\repository\org\apache\commons\commons-exec\1.3\commons-exec-1.3.jar;C:\Users\ADW User ACR\.m2\repository\org\asynchttpclient\async-http-client\2.12.3\async-http-client-2.12.3.jar;C:\Users\ADW User ACR\.m2\repository\org\asynchttpclient\async-http-client-netty-utils\2.12.3\async-http-client-netty-utils-2.12.3.jar;C:\Users\ADW User ACR\.m2\repository\io\netty\netty-codec-socks\4.1.60.Final\netty-codec-socks-4.1.60.Final.jar;C:\Users\ADW User ACR\.m2\repository\io\netty\netty-handler-proxy\4.1.60.Final\netty-handler-proxy-4.1.60.Final.jar;C:\Users\ADW User ACR\.m2\repository\io\netty\netty-transport-native-epoll\4.1.60.Final\netty-transport-native-epoll-4.1.60.Final-linux-x86_64.jar;C:\Users\ADW User ACR\.m2\repository\io\netty\netty-transport-native-kqueue\4.1.60.Final\netty-transport-native-kqueue-4.1.60.Final-osx-x86_64.jar;C:\Users\ADW User ACR\.m2\repository\org\reactivestreams\reactive-streams\1.0.3\reactive-streams-1.0.3.jar;C:\Users\ADW User ACR\.m2\repository\com\typesafe\netty\netty-reactive-streams\2.0.4\netty-reactive-streams-2.0.4.jar;C:\Users\ADW User ACR\.m2\repository\org\seleniumhq\selenium\selenium-manager\4.8.1\selenium-manager-4.8.1.jar;C:\Users\ADW User ACR\.m2\repository\org\seleniumhq\selenium\selenium-safari-driver\4.8.1\selenium-safari-driver-4.8.1.jar;C:\Users\ADW User ACR\.m2\repository\org\seleniumhq\selenium\selenium-api\4.8.1\selenium-api-4.8.1.jar;C:\Users\ADW User ACR\.m2\repository\org\seleniumhq\selenium\selenium-support\4.8.1\selenium-support-4.8.1.jar;C:\Users\ADW User ACR\.m2\repository\com\google\auto\service\auto-service-annotations\1.0.1\auto-service-annotations-1.0.1.jar;C:\Users\ADW User ACR\.m2\repository\com\google\auto\service\auto-service\1.0.1\auto-service-1.0.1.jar;C:\Users\ADW User ACR\.m2\repository\com\google\auto\auto-common\1.2\auto-common-1.2.jar;C:\Users\ADW User ACR\.m2\repository\org\seleniumhq\selenium\selenium-json\4.8.1\selenium-json-4.8.1.jar;C:\Users\ADW User ACR\.m2\repository\org\seleniumhq\selenium\selenium-chrome-driver\4.8.1\selenium-chrome-driver-4.8.1.jar;C:\Users\ADW User ACR\.m2\repository\org\seleniumhq\selenium\selenium-chromium-driver\4.8.1\selenium-chromium-driver-4.8.1.jar;C:\Users\ADW User ACR\.m2\repository\org\seleniumhq\selenium\selenium-firefox-driver\4.8.1\selenium-firefox-driver-4.8.1.jar;C:\Users\ADW User ACR\.m2\repository\org\seleniumhq\selenium\selenium-http\4.8.1\selenium-http-4.8.1.jar;C:\Users\ADW User ACR\.m2\repository\dev\failsafe\failsafe\3.3.0\failsafe-3.3.0.jar;C:\Users\ADW User ACR\.m2\repository\org\seleniumhq\selenium\selenium-edge-driver\4.8.1\selenium-edge-driver-4.8.1.jar;C:\Users\ADW User ACR\.m2\repository\org\seleniumhq\selenium\selenium-ie-driver\4.8.1\selenium-ie-driver-4.8.1.jar;C:\Users\ADW User ACR\.m2\repository\org\projectlombok\lombok\1.18.20\lombok-1.18.20.jar;C:\Users\ADW User ACR\.m2\repository\io\appium\java-client\8.3.0\java-client-8.3.0.jar;C:\Users\ADW User ACR\.m2\repository\commons-validator\commons-validator\1.7\commons-validator-1.7.jar;C:\Users\ADW User ACR\.m2\repository\commons-digester\commons-digester\2.1\commons-digester-2.1.jar;C:\Users\ADW User ACR\.m2\repository\org\apache\groovy\groovy\4.0.10\groovy-4.0.10.jar;C:\Users\ADW User ACR\.m2\repository\net\sf\opencsv\opencsv\2.0\opencsv-2.0.jar;C:\Users\ADW User ACR\.m2\repository\commons-beanutils\commons-beanutils\1.9.4\commons-beanutils-1.9.4.jar;C:\Users\ADW User ACR\.m2\repository\org\apache\commons\commons-lang3\3.12.0\commons-lang3-3.12.0.jar;C:\Users\ADW User ACR\.m2\repository\commons-collections\commons-collections\3.2.2\commons-collections-3.2.2.jar;C:\Users\ADW User ACR\.m2\repository\org\fluentlenium\fluentlenium-core\0.10.2\fluentlenium-core-0.10.2.jar;C:\Users\ADW User ACR\.m2\repository\io\github\bonigarcia\webdrivermanager\5.3.0\webdrivermanager-5.3.0.jar;C:\Users\ADW User ACR\.m2\repository\com\github\docker-java\docker-java\3.2.13\docker-java-3.2.13.jar;C:\Users\ADW User ACR\.m2\repository\com\github\docker-java\docker-java-core\3.2.13\docker-java-core-3.2.13.jar;C:\Users\ADW User ACR\.m2\repository\com\github\docker-java\docker-java-api\3.2.13\docker-java-api-3.2.13.jar;C:\Users\ADW User ACR\.m2\repository\org\apache\commons\commons-compress\1.21\commons-compress-1.21.jar;C:\Users\ADW User ACR\.m2\repository\org\bouncycastle\bcpkix-jdk15on\1.64\bcpkix-jdk15on-1.64.jar;C:\Users\ADW User ACR\.m2\repository\org\bouncycastle\bcprov-jdk15on\1.64\bcprov-jdk15on-1.64.jar;C:\Users\ADW User ACR\.m2\repository\org\slf4j\jcl-over-slf4j\1.7.30\jcl-over-slf4j-1.7.30.jar;C:\Users\ADW User ACR\.m2\repository\com\github\docker-java\docker-java-transport-httpclient5\3.2.13\docker-java-transport-httpclient5-3.2.13.jar;C:\Users\ADW User ACR\.m2\repository\com\github\docker-java\docker-java-transport\3.2.13\docker-java-transport-3.2.13.jar;C:\Users\ADW User ACR\.m2\repository\net\java\dev\jna\jna\5.8.0\jna-5.8.0.jar;C:\Users\ADW User ACR\.m2\repository\org\brotli\dec\0.1.2\dec-0.1.2.jar;C:\Users\ADW User ACR\.m2\repository\org\apache\httpcomponents\client5\httpclient5\5.1.3\httpclient5-5.1.3.jar;C:\Users\ADW User ACR\.m2\repository\org\apache\httpcomponents\core5\httpcore5\5.1.3\httpcore5-5.1.3.jar;C:\Users\ADW User ACR\.m2\repository\org\apache\httpcomponents\core5\httpcore5-h2\5.1.3\httpcore5-h2-5.1.3.jar;C:\Users\ADW User ACR\.m2\repository\com\jhlabs\filters\2.0.235\filters-2.0.235.jar;C:\Users\ADW User ACR\.m2\repository\com\paulhammant\ngwebdriver\1.1.6\ngwebdriver-1.1.6.jar;C:\Users\ADW User ACR\.m2\repository\joda-time\joda-time\2.12.2\joda-time-2.12.2.jar;C:\Users\ADW User ACR\.m2\repository\org\hamcrest\hamcrest\2.2\hamcrest-2.2.jar;C:\Users\ADW User ACR\.m2\repository\com\google\jimfs\jimfs\1.2\jimfs-1.2.jar;C:\Users\ADW User ACR\.m2\repository\org\mockito\mockito-core\3.3.3\mockito-core-3.3.3.jar;C:\Users\ADW User ACR\.m2\repository\javax\xml\bind\jaxb-api\2.3.1\jaxb-api-2.3.1.jar;C:\Users\ADW User ACR\.m2\repository\javax\activation\javax.activation-api\1.2.0\javax.activation-api-1.2.0.jar;C:\Users\ADW User ACR\.m2\repository\com\sun\xml\bind\jaxb-core\2.3.0.1\jaxb-core-2.3.0.1.jar;C:\Users\ADW User ACR\.m2\repository\com\sun\xml\bind\jaxb-impl\2.3.3\jaxb-impl-2.3.3.jar;C:\Users\ADW User ACR\.m2\repository\jakarta\xml\bind\jakarta.xml.bind-api\2.3.3\jakarta.xml.bind-api-2.3.3.jar;C:\Users\ADW User ACR\.m2\repository\com\sun\activation\jakarta.activation\1.2.2\jakarta.activation-1.2.2.jar;C:\Users\ADW User ACR\.m2\repository\javax\activation\activation\1.1.1\activation-1.1.1.jar;C:\Users\ADW User ACR\.m2\repository\net\serenity-bdd\serenity-cucumber\3.6.21\serenity-cucumber-3.6.21.jar;C:\Users\ADW User ACR\.m2\repository\io\cucumber\cucumber-core\7.11.0\cucumber-core-7.11.0.jar;C:\Users\ADW User ACR\.m2\repository\io\cucumber\cucumber-gherkin\7.11.0\cucumber-gherkin-7.11.0.jar;C:\Users\ADW User ACR\.m2\repository\io\cucumber\cucumber-gherkin-messages\7.11.0\cucumber-gherkin-messages-7.11.0.jar;C:\Users\ADW User ACR\.m2\repository\io\cucumber\gherkin\26.0.3\gherkin-26.0.3.jar;C:\Users\ADW User ACR\.m2\repository\io\cucumber\messages\21.0.1\messages-21.0.1.jar;C:\Users\ADW User ACR\.m2\repository\io\cucumber\tag-expressions\5.0.1\tag-expressions-5.0.1.jar;C:\Users\ADW User ACR\.m2\repository\io\cucumber\cucumber-expressions\16.1.1\cucumber-expressions-16.1.1.jar;C:\Users\ADW User ACR\.m2\repository\io\cucumber\datatable\7.11.0\datatable-7.11.0.jar;C:\Users\ADW User ACR\.m2\repository\io\cucumber\cucumber-plugin\7.11.0\cucumber-plugin-7.11.0.jar;C:\Users\ADW User ACR\.m2\repository\io\cucumber\docstring\7.11.0\docstring-7.11.0.jar;C:\Users\ADW User ACR\.m2\repository\io\cucumber\html-formatter\20.2.1\html-formatter-20.2.1.jar;C:\Users\ADW User ACR\.m2\repository\io\cucumber\junit-xml-formatter\0.1.0\junit-xml-formatter-0.1.0.jar;C:\Users\ADW User ACR\.m2\repository\io\cucumber\ci-environment\9.1.0\ci-environment-9.1.0.jar;C:\Users\ADW User ACR\.m2\repository\io\cucumber\cucumber-java\7.11.0\cucumber-java-7.11.0.jar;C:\Users\ADW User ACR\.m2\repository\io\cucumber\cucumber-junit\7.11.0\cucumber-junit-7.11.0.jar;C:\Users\ADW User ACR\.m2\repository\org\apache\commons\commons-csv\1.5\commons-csv-1.5.jar;C:\Users\ADW User ACR\.m2\repository\net\serenity-bdd\serenity-screenplay\3.6.21\serenity-screenplay-3.6.21.jar;C:\Users\ADW User ACR\.m2\repository\net\serenity-bdd\serenity-screenplay-webdriver\3.6.21\serenity-screenplay-webdriver-3.6.21.jar;C:\Users\ADW User ACR\.m2\repository\net\serenity-bdd\serenity-ensure\3.6.21\serenity-ensure-3.6.21.jar;C:\Users\ADW User ACR\.m2\repository\net\serenity-bdd\serenity-junit\3.6.21\serenity-junit-3.6.21.jar;C:\Users\ADW User ACR\.m2\repository\org\jetbrains\kotlin\kotlin-stdlib\1.8.10\kotlin-stdlib-1.8.10.jar;C:\Users\ADW User ACR\.m2\repository\org\jetbrains\kotlin\kotlin-stdlib-common\1.8.10\kotlin-stdlib-common-1.8.10.jar;C:\Users\ADW User ACR\.m2\repository\org\jetbrains\annotations\13.0\annotations-13.0.jar;C:\Users\ADW User ACR\.m2\repository\org\junit\platform\junit-platform-launcher\1.8.2\junit-platform-launcher-1.8.2.jar;C:\Users\ADW User ACR\.m2\repository\org\junit\platform\junit-platform-engine\1.8.2\junit-platform-engine-1.8.2.jar;C:\Users\ADW User ACR\.m2\repository\org\opentest4j\opentest4j\1.2.0\opentest4j-1.2.0.jar;C:\Users\ADW User ACR\.m2\repository\org\junit\platform\junit-platform-commons\1.8.2\junit-platform-commons-1.8.2.jar;C:\Users\ADW User ACR\.m2\repository\org\apiguardian\apiguardian-api\1.1.2\apiguardian-api-1.1.2.jar;C:\Users\ADW User ACR\.m2\repository\org\junit\jupiter\junit-jupiter-engine\5.8.2\junit-jupiter-engine-5.8.2.jar;C:\Users\ADW User ACR\.m2\repository\org\junit\jupiter\junit-jupiter-api\5.8.2\junit-jupiter-api-5.8.2.jar;C:\Users\ADW User ACR\.m2\repository\org\junit\vintage\junit-vintage-engine\5.8.2\junit-vintage-engine-5.8.2.jar;C:\Users\ADW User ACR\.m2\repository\junit\junit\4.13.2\junit-4.13.2.jar;C:\Users\ADW User ACR\.m2\repository\org\hamcrest\hamcrest-core\1.3\hamcrest-core-1.3.jar;C:\Users\ADW User ACR\.m2\repository\ch\qos\logback\logback-classic\1.2.10\logback-classic-1.2.10.jar;C:\Users\ADW User ACR\.m2\repository\ch\qos\logback\logback-core\1.2.10\logback-core-1.2.10.jar;C:\Users\ADW User ACR\.m2\repository\org\slf4j\slf4j-api\1.7.32\slf4j-api-1.7.32.jar;C:\Users\ADW User ACR\.m2\repository\org\assertj\assertj-core\3.23.1\assertj-core-3.23.1.jar;C:\Users\ADW User ACR\.m2\repository\net\bytebuddy\byte-buddy\1.12.10\byte-buddy-1.12.10.jar;"/>
    <property name="java.vm.vendor" value="Oracle Corporation"/>
    <property name="sun.arch.data.model" value="64"/>
    <property name="user.variant" value=""/>
    <property name="java.vendor.url" value="http://java.oracle.com/"/>
    <property name="user.timezone" value="Asia/Bangkok"/>
    <property name="java.vm.specification.version" value="1.8"/>
    <property name="os.name" value="Windows 10"/>
    <property name="user.country" value="US"/>
    <property name="sun.java.launcher" value="SUN_STANDARD"/>
    <property name="sun.boot.library.path" value="C:\Program Files\Java\jdk1.8.0_202\jre\bin"/>
    <property name="sun.java.command" value="C:\Users\ADW User ACR\AppData\Local\Temp\surefire5038695425711880412\surefirebooter7517284486115355441.jar C:\Users\ADW User ACR\AppData\Local\Temp\surefire5038695425711880412 2023-06-21T14-46-16_174-jvmRun1 surefire1037488706545830707tmp surefire_08177633485169678679tmp"/>
    <property name="surefire.test.class.path" value="D:\D\QE_Alta\capstone\web-automation-test\target\test-classes;D:\D\QE_Alta\capstone\web-automation-test\target\Web-Automation-TravelBooking-1.0-SNAPSHOT.jar;C:\Users\ADW User ACR\.m2\repository\net\serenity-bdd\serenity-core\3.6.21\serenity-core-3.6.21.jar;C:\Users\ADW User ACR\.m2\repository\net\serenity-bdd\serenity-model\3.6.21\serenity-model-3.6.21.jar;C:\Users\ADW User ACR\.m2\repository\org\apache\commons\commons-text\1.10.0\commons-text-1.10.0.jar;C:\Users\ADW User ACR\.m2\repository\commons-net\commons-net\3.9.0\commons-net-3.9.0.jar;C:\Users\ADW User ACR\.m2\repository\com\google\guava\guava\31.1-jre\guava-31.1-jre.jar;C:\Users\ADW User ACR\.m2\repository\com\google\guava\failureaccess\1.0.1\failureaccess-1.0.1.jar;C:\Users\ADW User ACR\.m2\repository\com\google\guava\listenablefuture\9999.0-empty-to-avoid-conflict-with-guava\listenablefuture-9999.0-empty-to-avoid-conflict-with-guava.jar;C:\Users\ADW User ACR\.m2\repository\com\google\code\findbugs\jsr305\3.0.2\jsr305-3.0.2.jar;C:\Users\ADW User ACR\.m2\repository\org\checkerframework\checker-qual\3.12.0\checker-qual-3.12.0.jar;C:\Users\ADW User ACR\.m2\repository\com\google\errorprone\error_prone_annotations\2.11.0\error_prone_annotations-2.11.0.jar;C:\Users\ADW User ACR\.m2\repository\com\google\j2objc\j2objc-annotations\1.3\j2objc-annotations-1.3.jar;C:\Users\ADW User ACR\.m2\repository\com\google\inject\guice\5.1.0\guice-5.1.0.jar;C:\Users\ADW User ACR\.m2\repository\javax\inject\javax.inject\1\javax.inject-1.jar;C:\Users\ADW User ACR\.m2\repository\aopalliance\aopalliance\1.0\aopalliance-1.0.jar;C:\Users\ADW User ACR\.m2\repository\org\jsoup\jsoup\1.14.3\jsoup-1.14.3.jar;C:\Users\ADW User ACR\.m2\repository\com\thoughtworks\xstream\xstream\1.4.20\xstream-1.4.20.jar;C:\Users\ADW User ACR\.m2\repository\io\github\x-stream\mxparser\1.2.2\mxparser-1.2.2.jar;C:\Users\ADW User ACR\.m2\repository\xmlpull\xmlpull\1.1.3.1\xmlpull-1.1.3.1.jar;C:\Users\ADW User ACR\.m2\repository\com\typesafe\config\1.4.2\config-1.4.2.jar;C:\Users\ADW User ACR\.m2\repository\org\imgscalr\imgscalr-lib\4.2\imgscalr-lib-4.2.jar;C:\Users\ADW User ACR\.m2\repository\org\awaitility\awaitility\4.2.0\awaitility-4.2.0.jar;C:\Users\ADW User ACR\.m2\repository\org\freemarker\freemarker\2.3.31\freemarker-2.3.31.jar;C:\Users\ADW User ACR\.m2\repository\io\github\classgraph\classgraph\4.8.138\classgraph-4.8.138.jar;C:\Users\ADW User ACR\.m2\repository\net\sourceforge\jexcelapi\jxl\2.6.12\jxl-2.6.12.jar;C:\Users\ADW User ACR\.m2\repository\net\bytebuddy\byte-buddy-agent\1.14.2\byte-buddy-agent-1.14.2.jar;C:\Users\ADW User ACR\.m2\repository\org\objenesis\objenesis\3.3\objenesis-3.3.jar;C:\Users\ADW User ACR\.m2\repository\net\serenity-bdd\serenity-reports\3.6.21\serenity-reports-3.6.21.jar;C:\Users\ADW User ACR\.m2\repository\net\serenity-bdd\serenity-stats\3.6.21\serenity-stats-3.6.21.jar;C:\Users\ADW User ACR\.m2\repository\net\serenity-bdd\serenity-reports-configuration\3.6.21\serenity-reports-configuration-3.6.21.jar;C:\Users\ADW User ACR\.m2\repository\com\vladsch\flexmark\flexmark-all\0.62.2\flexmark-all-0.62.2.jar;C:\Users\ADW User ACR\.m2\repository\com\vladsch\flexmark\flexmark\0.62.2\flexmark-0.62.2.jar;C:\Users\ADW User ACR\.m2\repository\com\vladsch\flexmark\flexmark-ext-abbreviation\0.62.2\flexmark-ext-abbreviation-0.62.2.jar;C:\Users\ADW User ACR\.m2\repository\com\vladsch\flexmark\flexmark-util\0.62.2\flexmark-util-0.62.2.jar;C:\Users\ADW User ACR\.m2\repository\com\vladsch\flexmark\flexmark-ext-admonition\0.62.2\flexmark-ext-admonition-0.62.2.jar;C:\Users\ADW User ACR\.m2\repository\com\vladsch\flexmark\flexmark-ext-anchorlink\0.62.2\flexmark-ext-anchorlink-0.62.2.jar;C:\Users\ADW User ACR\.m2\repository\com\vladsch\flexmark\flexmark-ext-aside\0.62.2\flexmark-ext-aside-0.62.2.jar;C:\Users\ADW User ACR\.m2\repository\com\vladsch\flexmark\flexmark-ext-attributes\0.62.2\flexmark-ext-attributes-0.62.2.jar;C:\Users\ADW User ACR\.m2\repository\com\vladsch\flexmark\flexmark-ext-autolink\0.62.2\flexmark-ext-autolink-0.62.2.jar;C:\Users\ADW User ACR\.m2\repository\org\nibor\autolink\autolink\0.6.0\autolink-0.6.0.jar;C:\Users\ADW User ACR\.m2\repository\com\vladsch\flexmark\flexmark-ext-definition\0.62.2\flexmark-ext-definition-0.62.2.jar;C:\Users\ADW User ACR\.m2\repository\com\vladsch\flexmark\flexmark-ext-emoji\0.62.2\flexmark-ext-emoji-0.62.2.jar;C:\Users\ADW User ACR\.m2\repository\com\vladsch\flexmark\flexmark-ext-enumerated-reference\0.62.2\flexmark-ext-enumerated-reference-0.62.2.jar;C:\Users\ADW User ACR\.m2\repository\com\vladsch\flexmark\flexmark-ext-escaped-character\0.62.2\flexmark-ext-escaped-character-0.62.2.jar;C:\Users\ADW User ACR\.m2\repository\com\vladsch\flexmark\flexmark-ext-footnotes\0.62.2\flexmark-ext-footnotes-0.62.2.jar;C:\Users\ADW User ACR\.m2\repository\com\vladsch\flexmark\flexmark-ext-gfm-issues\0.62.2\flexmark-ext-gfm-issues-0.62.2.jar;C:\Users\ADW User ACR\.m2\repository\com\vladsch\flexmark\flexmark-ext-gfm-strikethrough\0.62.2\flexmark-ext-gfm-strikethrough-0.62.2.jar;C:\Users\ADW User ACR\.m2\repository\com\vladsch\flexmark\flexmark-ext-gfm-tasklist\0.62.2\flexmark-ext-gfm-tasklist-0.62.2.jar;C:\Users\ADW User ACR\.m2\repository\com\vladsch\flexmark\flexmark-ext-gfm-users\0.62.2\flexmark-ext-gfm-users-0.62.2.jar;C:\Users\ADW User ACR\.m2\repository\com\vladsch\flexmark\flexmark-ext-gitlab\0.62.2\flexmark-ext-gitlab-0.62.2.jar;C:\Users\ADW User ACR\.m2\repository\com\vladsch\flexmark\flexmark-ext-jekyll-front-matter\0.62.2\flexmark-ext-jekyll-front-matter-0.62.2.jar;C:\Users\ADW User ACR\.m2\repository\com\vladsch\flexmark\flexmark-ext-jekyll-tag\0.62.2\flexmark-ext-jekyll-tag-0.62.2.jar;C:\Users\ADW User ACR\.m2\repository\com\vladsch\flexmark\flexmark-ext-media-tags\0.62.2\flexmark-ext-media-tags-0.62.2.jar;C:\Users\ADW User ACR\.m2\repository\com\vladsch\flexmark\flexmark-ext-macros\0.62.2\flexmark-ext-macros-0.62.2.jar;C:\Users\ADW User ACR\.m2\repository\com\vladsch\flexmark\flexmark-ext-ins\0.62.2\flexmark-ext-ins-0.62.2.jar;C:\Users\ADW User ACR\.m2\repository\com\vladsch\flexmark\flexmark-ext-xwiki-macros\0.62.2\flexmark-ext-xwiki-macros-0.62.2.jar;C:\Users\ADW User ACR\.m2\repository\com\vladsch\flexmark\flexmark-ext-superscript\0.62.2\flexmark-ext-superscript-0.62.2.jar;C:\Users\ADW User ACR\.m2\repository\com\vladsch\flexmark\flexmark-ext-tables\0.62.2\flexmark-ext-tables-0.62.2.jar;C:\Users\ADW User ACR\.m2\repository\com\vladsch\flexmark\flexmark-ext-toc\0.62.2\flexmark-ext-toc-0.62.2.jar;C:\Users\ADW User ACR\.m2\repository\com\vladsch\flexmark\flexmark-ext-typographic\0.62.2\flexmark-ext-typographic-0.62.2.jar;C:\Users\ADW User ACR\.m2\repository\com\vladsch\flexmark\flexmark-ext-wikilink\0.62.2\flexmark-ext-wikilink-0.62.2.jar;C:\Users\ADW User ACR\.m2\repository\com\vladsch\flexmark\flexmark-ext-yaml-front-matter\0.62.2\flexmark-ext-yaml-front-matter-0.62.2.jar;C:\Users\ADW User ACR\.m2\repository\com\vladsch\flexmark\flexmark-ext-youtube-embedded\0.62.2\flexmark-ext-youtube-embedded-0.62.2.jar;C:\Users\ADW User ACR\.m2\repository\com\vladsch\flexmark\flexmark-html2md-converter\0.62.2\flexmark-html2md-converter-0.62.2.jar;C:\Users\ADW User ACR\.m2\repository\com\vladsch\flexmark\flexmark-jira-converter\0.62.2\flexmark-jira-converter-0.62.2.jar;C:\Users\ADW User ACR\.m2\repository\com\vladsch\flexmark\flexmark-pdf-converter\0.62.2\flexmark-pdf-converter-0.62.2.jar;C:\Users\ADW User ACR\.m2\repository\com\openhtmltopdf\openhtmltopdf-core\1.0.0\openhtmltopdf-core-1.0.0.jar;C:\Users\ADW User ACR\.m2\repository\com\openhtmltopdf\openhtmltopdf-pdfbox\1.0.0\openhtmltopdf-pdfbox-1.0.0.jar;C:\Users\ADW User ACR\.m2\repository\org\apache\pdfbox\pdfbox\2.0.16\pdfbox-2.0.16.jar;C:\Users\ADW User ACR\.m2\repository\org\apache\pdfbox\fontbox\2.0.16\fontbox-2.0.16.jar;C:\Users\ADW User ACR\.m2\repository\org\apache\pdfbox\xmpbox\2.0.16\xmpbox-2.0.16.jar;C:\Users\ADW User ACR\.m2\repository\de\rototor\pdfbox\graphics2d\0.24\graphics2d-0.24.jar;C:\Users\ADW User ACR\.m2\repository\com\openhtmltopdf\openhtmltopdf-rtl-support\1.0.0\openhtmltopdf-rtl-support-1.0.0.jar;C:\Users\ADW User ACR\.m2\repository\com\openhtmltopdf\openhtmltopdf-jsoup-dom-converter\1.0.0\openhtmltopdf-jsoup-dom-converter-1.0.0.jar;C:\Users\ADW User ACR\.m2\repository\com\vladsch\flexmark\flexmark-profile-pegdown\0.62.2\flexmark-profile-pegdown-0.62.2.jar;C:\Users\ADW User ACR\.m2\repository\com\vladsch\flexmark\flexmark-util-ast\0.62.2\flexmark-util-ast-0.62.2.jar;C:\Users\ADW User ACR\.m2\repository\com\vladsch\flexmark\flexmark-util-builder\0.62.2\flexmark-util-builder-0.62.2.jar;C:\Users\ADW User ACR\.m2\repository\com\vladsch\flexmark\flexmark-util-collection\0.62.2\flexmark-util-collection-0.62.2.jar;C:\Users\ADW User ACR\.m2\repository\com\vladsch\flexmark\flexmark-util-data\0.62.2\flexmark-util-data-0.62.2.jar;C:\Users\ADW User ACR\.m2\repository\com\vladsch\flexmark\flexmark-util-dependency\0.62.2\flexmark-util-dependency-0.62.2.jar;C:\Users\ADW User ACR\.m2\repository\com\vladsch\flexmark\flexmark-util-format\0.62.2\flexmark-util-format-0.62.2.jar;C:\Users\ADW User ACR\.m2\repository\com\vladsch\flexmark\flexmark-util-html\0.62.2\flexmark-util-html-0.62.2.jar;C:\Users\ADW User ACR\.m2\repository\com\vladsch\flexmark\flexmark-util-misc\0.62.2\flexmark-util-misc-0.62.2.jar;C:\Users\ADW User ACR\.m2\repository\com\vladsch\flexmark\flexmark-util-options\0.62.2\flexmark-util-options-0.62.2.jar;C:\Users\ADW User ACR\.m2\repository\com\vladsch\flexmark\flexmark-util-sequence\0.62.2\flexmark-util-sequence-0.62.2.jar;C:\Users\ADW User ACR\.m2\repository\com\vladsch\flexmark\flexmark-util-visitor\0.62.2\flexmark-util-visitor-0.62.2.jar;C:\Users\ADW User ACR\.m2\repository\com\vladsch\flexmark\flexmark-youtrack-converter\0.62.2\flexmark-youtrack-converter-0.62.2.jar;C:\Users\ADW User ACR\.m2\repository\com\ibm\icu\icu4j\72.1\icu4j-72.1.jar;C:\Users\ADW User ACR\.m2\repository\es\nitaur\markdown\txtmark\0.16\txtmark-0.16.jar;C:\Users\ADW User ACR\.m2\repository\net\serenity-bdd\serenity-report-resources\3.6.21\serenity-report-resources-3.6.21.jar;C:\Users\ADW User ACR\.m2\repository\com\google\code\gson\gson\2.10.1\gson-2.10.1.jar;C:\Users\ADW User ACR\.m2\repository\com\fasterxml\jackson\core\jackson-core\2.15.0-rc1\jackson-core-2.15.0-rc1.jar;C:\Users\ADW User ACR\.m2\repository\com\fasterxml\jackson\core\jackson-databind\2.15.0-rc1\jackson-databind-2.15.0-rc1.jar;C:\Users\ADW User ACR\.m2\repository\com\fasterxml\jackson\core\jackson-annotations\2.15.0-rc1\jackson-annotations-2.15.0-rc1.jar;C:\Users\ADW User ACR\.m2\repository\commons-codec\commons-codec\1.15\commons-codec-1.15.jar;C:\Users\ADW User ACR\.m2\repository\commons-io\commons-io\2.11.0\commons-io-2.11.0.jar;C:\Users\ADW User ACR\.m2\repository\org\apache\httpcomponents\httpclient\4.5.13\httpclient-4.5.13.jar;C:\Users\ADW User ACR\.m2\repository\org\apache\httpcomponents\httpcore\4.4.13\httpcore-4.4.13.jar;C:\Users\ADW User ACR\.m2\repository\commons-logging\commons-logging\1.2\commons-logging-1.2.jar;C:\Users\ADW User ACR\.m2\repository\org\seleniumhq\selenium\selenium-java\4.8.1\selenium-java-4.8.1.jar;C:\Users\ADW User ACR\.m2\repository\org\seleniumhq\selenium\selenium-devtools-v108\4.8.1\selenium-devtools-v108-4.8.1.jar;C:\Users\ADW User ACR\.m2\repository\org\seleniumhq\selenium\selenium-devtools-v109\4.8.1\selenium-devtools-v109-4.8.1.jar;C:\Users\ADW User ACR\.m2\repository\org\seleniumhq\selenium\selenium-devtools-v110\4.8.1\selenium-devtools-v110-4.8.1.jar;C:\Users\ADW User ACR\.m2\repository\org\seleniumhq\selenium\selenium-devtools-v85\4.8.1\selenium-devtools-v85-4.8.1.jar;C:\Users\ADW User ACR\.m2\repository\org\seleniumhq\selenium\selenium-remote-driver\4.8.1\selenium-remote-driver-4.8.1.jar;C:\Users\ADW User ACR\.m2\repository\com\beust\jcommander\1.82\jcommander-1.82.jar;C:\Users\ADW User ACR\.m2\repository\io\netty\netty-buffer\4.1.87.Final\netty-buffer-4.1.87.Final.jar;C:\Users\ADW User ACR\.m2\repository\io\netty\netty-codec-http\4.1.87.Final\netty-codec-http-4.1.87.Final.jar;C:\Users\ADW User ACR\.m2\repository\io\netty\netty-codec\4.1.87.Final\netty-codec-4.1.87.Final.jar;C:\Users\ADW User ACR\.m2\repository\io\netty\netty-handler\4.1.87.Final\netty-handler-4.1.87.Final.jar;C:\Users\ADW User ACR\.m2\repository\io\netty\netty-common\4.1.87.Final\netty-common-4.1.87.Final.jar;C:\Users\ADW User ACR\.m2\repository\io\netty\netty-transport-classes-epoll\4.1.87.Final\netty-transport-classes-epoll-4.1.87.Final.jar;C:\Users\ADW User ACR\.m2\repository\io\netty\netty-transport-classes-kqueue\4.1.87.Final\netty-transport-classes-kqueue-4.1.87.Final.jar;C:\Users\ADW User ACR\.m2\repository\io\netty\netty-transport-native-epoll\4.1.87.Final\netty-transport-native-epoll-4.1.87.Final.jar;C:\Users\ADW User ACR\.m2\repository\io\netty\netty-transport-native-kqueue\4.1.87.Final\netty-transport-native-kqueue-4.1.87.Final.jar;C:\Users\ADW User ACR\.m2\repository\io\netty\netty-transport-native-unix-common\4.1.87.Final\netty-transport-native-unix-common-4.1.87.Final.jar;C:\Users\ADW User ACR\.m2\repository\io\netty\netty-transport\4.1.87.Final\netty-transport-4.1.87.Final.jar;C:\Users\ADW User ACR\.m2\repository\io\netty\netty-resolver\4.1.87.Final\netty-resolver-4.1.87.Final.jar;C:\Users\ADW User ACR\.m2\repository\io\opentelemetry\opentelemetry-api\1.22.0\opentelemetry-api-1.22.0.jar;C:\Users\ADW User ACR\.m2\repository\io\opentelemetry\opentelemetry-context\1.22.0\opentelemetry-context-1.22.0.jar;C:\Users\ADW User ACR\.m2\repository\io\opentelemetry\opentelemetry-exporter-logging\1.22.0\opentelemetry-exporter-logging-1.22.0.jar;C:\Users\ADW User ACR\.m2\repository\io\opentelemetry\opentelemetry-sdk-metrics\1.22.0\opentelemetry-sdk-metrics-1.22.0.jar;C:\Users\ADW User ACR\.m2\repository\io\opentelemetry\opentelemetry-sdk-logs\1.22.0-alpha\opentelemetry-sdk-logs-1.22.0-alpha.jar;C:\Users\ADW User ACR\.m2\repository\io\opentelemetry\opentelemetry-api-logs\1.22.0-alpha\opentelemetry-api-logs-1.22.0-alpha.jar;C:\Users\ADW User ACR\.m2\repository\io\opentelemetry\opentelemetry-sdk-common\1.22.0\opentelemetry-sdk-common-1.22.0.jar;C:\Users\ADW User ACR\.m2\repository\io\opentelemetry\opentelemetry-sdk-extension-autoconfigure-spi\1.22.0\opentelemetry-sdk-extension-autoconfigure-spi-1.22.0.jar;C:\Users\ADW User ACR\.m2\repository\io\opentelemetry\opentelemetry-sdk-extension-autoconfigure\1.22.0-alpha\opentelemetry-sdk-extension-autoconfigure-1.22.0-alpha.jar;C:\Users\ADW User ACR\.m2\repository\io\opentelemetry\opentelemetry-sdk-trace\1.22.0\opentelemetry-sdk-trace-1.22.0.jar;C:\Users\ADW User ACR\.m2\repository\io\opentelemetry\opentelemetry-sdk\1.22.0\opentelemetry-sdk-1.22.0.jar;C:\Users\ADW User ACR\.m2\repository\io\opentelemetry\opentelemetry-semconv\1.22.0-alpha\opentelemetry-semconv-1.22.0-alpha.jar;C:\Users\ADW User ACR\.m2\repository\io\ous\jtoml\2.0.0\jtoml-2.0.0.jar;C:\Users\ADW User ACR\.m2\repository\org\apache\commons\commons-exec\1.3\commons-exec-1.3.jar;C:\Users\ADW User ACR\.m2\repository\org\asynchttpclient\async-http-client\2.12.3\async-http-client-2.12.3.jar;C:\Users\ADW User ACR\.m2\repository\org\asynchttpclient\async-http-client-netty-utils\2.12.3\async-http-client-netty-utils-2.12.3.jar;C:\Users\ADW User ACR\.m2\repository\io\netty\netty-codec-socks\4.1.60.Final\netty-codec-socks-4.1.60.Final.jar;C:\Users\ADW User ACR\.m2\repository\io\netty\netty-handler-proxy\4.1.60.Final\netty-handler-proxy-4.1.60.Final.jar;C:\Users\ADW User ACR\.m2\repository\io\netty\netty-transport-native-epoll\4.1.60.Final\netty-transport-native-epoll-4.1.60.Final-linux-x86_64.jar;C:\Users\ADW User ACR\.m2\repository\io\netty\netty-transport-native-kqueue\4.1.60.Final\netty-transport-native-kqueue-4.1.60.Final-osx-x86_64.jar;C:\Users\ADW User ACR\.m2\repository\org\reactivestreams\reactive-streams\1.0.3\reactive-streams-1.0.3.jar;C:\Users\ADW User ACR\.m2\repository\com\typesafe\netty\netty-reactive-streams\2.0.4\netty-reactive-streams-2.0.4.jar;C:\Users\ADW User ACR\.m2\repository\org\seleniumhq\selenium\selenium-manager\4.8.1\selenium-manager-4.8.1.jar;C:\Users\ADW User ACR\.m2\repository\org\seleniumhq\selenium\selenium-safari-driver\4.8.1\selenium-safari-driver-4.8.1.jar;C:\Users\ADW User ACR\.m2\repository\org\seleniumhq\selenium\selenium-api\4.8.1\selenium-api-4.8.1.jar;C:\Users\ADW User ACR\.m2\repository\org\seleniumhq\selenium\selenium-support\4.8.1\selenium-support-4.8.1.jar;C:\Users\ADW User ACR\.m2\repository\com\google\auto\service\auto-service-annotations\1.0.1\auto-service-annotations-1.0.1.jar;C:\Users\ADW User ACR\.m2\repository\com\google\auto\service\auto-service\1.0.1\auto-service-1.0.1.jar;C:\Users\ADW User ACR\.m2\repository\com\google\auto\auto-common\1.2\auto-common-1.2.jar;C:\Users\ADW User ACR\.m2\repository\org\seleniumhq\selenium\selenium-json\4.8.1\selenium-json-4.8.1.jar;C:\Users\ADW User ACR\.m2\repository\org\seleniumhq\selenium\selenium-chrome-driver\4.8.1\selenium-chrome-driver-4.8.1.jar;C:\Users\ADW User ACR\.m2\repository\org\seleniumhq\selenium\selenium-chromium-driver\4.8.1\selenium-chromium-driver-4.8.1.jar;C:\Users\ADW User ACR\.m2\repository\org\seleniumhq\selenium\selenium-firefox-driver\4.8.1\selenium-firefox-driver-4.8.1.jar;C:\Users\ADW User ACR\.m2\repository\org\seleniumhq\selenium\selenium-http\4.8.1\selenium-http-4.8.1.jar;C:\Users\ADW User ACR\.m2\repository\dev\failsafe\failsafe\3.3.0\failsafe-3.3.0.jar;C:\Users\ADW User ACR\.m2\repository\org\seleniumhq\selenium\selenium-edge-driver\4.8.1\selenium-edge-driver-4.8.1.jar;C:\Users\ADW User ACR\.m2\repository\org\seleniumhq\selenium\selenium-ie-driver\4.8.1\selenium-ie-driver-4.8.1.jar;C:\Users\ADW User ACR\.m2\repository\org\projectlombok\lombok\1.18.20\lombok-1.18.20.jar;C:\Users\ADW User ACR\.m2\repository\io\appium\java-client\8.3.0\java-client-8.3.0.jar;C:\Users\ADW User ACR\.m2\repository\commons-validator\commons-validator\1.7\commons-validator-1.7.jar;C:\Users\ADW User ACR\.m2\repository\commons-digester\commons-digester\2.1\commons-digester-2.1.jar;C:\Users\ADW User ACR\.m2\repository\org\apache\groovy\groovy\4.0.10\groovy-4.0.10.jar;C:\Users\ADW User ACR\.m2\repository\net\sf\opencsv\opencsv\2.0\opencsv-2.0.jar;C:\Users\ADW User ACR\.m2\repository\commons-beanutils\commons-beanutils\1.9.4\commons-beanutils-1.9.4.jar;C:\Users\ADW User ACR\.m2\repository\org\apache\commons\commons-lang3\3.12.0\commons-lang3-3.12.0.jar;C:\Users\ADW User ACR\.m2\repository\commons-collections\commons-collections\3.2.2\commons-collections-3.2.2.jar;C:\Users\ADW User ACR\.m2\repository\org\fluentlenium\fluentlenium-core\0.10.2\fluentlenium-core-0.10.2.jar;C:\Users\ADW User ACR\.m2\repository\io\github\bonigarcia\webdrivermanager\5.3.0\webdrivermanager-5.3.0.jar;C:\Users\ADW User ACR\.m2\repository\com\github\docker-java\docker-java\3.2.13\docker-java-3.2.13.jar;C:\Users\ADW User ACR\.m2\repository\com\github\docker-java\docker-java-core\3.2.13\docker-java-core-3.2.13.jar;C:\Users\ADW User ACR\.m2\repository\com\github\docker-java\docker-java-api\3.2.13\docker-java-api-3.2.13.jar;C:\Users\ADW User ACR\.m2\repository\org\apache\commons\commons-compress\1.21\commons-compress-1.21.jar;C:\Users\ADW User ACR\.m2\repository\org\bouncycastle\bcpkix-jdk15on\1.64\bcpkix-jdk15on-1.64.jar;C:\Users\ADW User ACR\.m2\repository\org\bouncycastle\bcprov-jdk15on\1.64\bcprov-jdk15on-1.64.jar;C:\Users\ADW User ACR\.m2\repository\org\slf4j\jcl-over-slf4j\1.7.30\jcl-over-slf4j-1.7.30.jar;C:\Users\ADW User ACR\.m2\repository\com\github\docker-java\docker-java-transport-httpclient5\3.2.13\docker-java-transport-httpclient5-3.2.13.jar;C:\Users\ADW User ACR\.m2\repository\com\github\docker-java\docker-java-transport\3.2.13\docker-java-transport-3.2.13.jar;C:\Users\ADW User ACR\.m2\repository\net\java\dev\jna\jna\5.8.0\jna-5.8.0.jar;C:\Users\ADW User ACR\.m2\repository\org\brotli\dec\0.1.2\dec-0.1.2.jar;C:\Users\ADW User ACR\.m2\repository\org\apache\httpcomponents\client5\httpclient5\5.1.3\httpclient5-5.1.3.jar;C:\Users\ADW User ACR\.m2\repository\org\apache\httpcomponents\core5\httpcore5\5.1.3\httpcore5-5.1.3.jar;C:\Users\ADW User ACR\.m2\repository\org\apache\httpcomponents\core5\httpcore5-h2\5.1.3\httpcore5-h2-5.1.3.jar;C:\Users\ADW User ACR\.m2\repository\com\jhlabs\filters\2.0.235\filters-2.0.235.jar;C:\Users\ADW User ACR\.m2\repository\com\paulhammant\ngwebdriver\1.1.6\ngwebdriver-1.1.6.jar;C:\Users\ADW User ACR\.m2\repository\joda-time\joda-time\2.12.2\joda-time-2.12.2.jar;C:\Users\ADW User ACR\.m2\repository\org\hamcrest\hamcrest\2.2\hamcrest-2.2.jar;C:\Users\ADW User ACR\.m2\repository\com\google\jimfs\jimfs\1.2\jimfs-1.2.jar;C:\Users\ADW User ACR\.m2\repository\org\mockito\mockito-core\3.3.3\mockito-core-3.3.3.jar;C:\Users\ADW User ACR\.m2\repository\javax\xml\bind\jaxb-api\2.3.1\jaxb-api-2.3.1.jar;C:\Users\ADW User ACR\.m2\repository\javax\activation\javax.activation-api\1.2.0\javax.activation-api-1.2.0.jar;C:\Users\ADW User ACR\.m2\repository\com\sun\xml\bind\jaxb-core\2.3.0.1\jaxb-core-2.3.0.1.jar;C:\Users\ADW User ACR\.m2\repository\com\sun\xml\bind\jaxb-impl\2.3.3\jaxb-impl-2.3.3.jar;C:\Users\ADW User ACR\.m2\repository\jakarta\xml\bind\jakarta.xml.bind-api\2.3.3\jakarta.xml.bind-api-2.3.3.jar;C:\Users\ADW User ACR\.m2\repository\com\sun\activation\jakarta.activation\1.2.2\jakarta.activation-1.2.2.jar;C:\Users\ADW User ACR\.m2\repository\javax\activation\activation\1.1.1\activation-1.1.1.jar;C:\Users\ADW User ACR\.m2\repository\net\serenity-bdd\serenity-cucumber\3.6.21\serenity-cucumber-3.6.21.jar;C:\Users\ADW User ACR\.m2\repository\io\cucumber\cucumber-core\7.11.0\cucumber-core-7.11.0.jar;C:\Users\ADW User ACR\.m2\repository\io\cucumber\cucumber-gherkin\7.11.0\cucumber-gherkin-7.11.0.jar;C:\Users\ADW User ACR\.m2\repository\io\cucumber\cucumber-gherkin-messages\7.11.0\cucumber-gherkin-messages-7.11.0.jar;C:\Users\ADW User ACR\.m2\repository\io\cucumber\gherkin\26.0.3\gherkin-26.0.3.jar;C:\Users\ADW User ACR\.m2\repository\io\cucumber\messages\21.0.1\messages-21.0.1.jar;C:\Users\ADW User ACR\.m2\repository\io\cucumber\tag-expressions\5.0.1\tag-expressions-5.0.1.jar;C:\Users\ADW User ACR\.m2\repository\io\cucumber\cucumber-expressions\16.1.1\cucumber-expressions-16.1.1.jar;C:\Users\ADW User ACR\.m2\repository\io\cucumber\datatable\7.11.0\datatable-7.11.0.jar;C:\Users\ADW User ACR\.m2\repository\io\cucumber\cucumber-plugin\7.11.0\cucumber-plugin-7.11.0.jar;C:\Users\ADW User ACR\.m2\repository\io\cucumber\docstring\7.11.0\docstring-7.11.0.jar;C:\Users\ADW User ACR\.m2\repository\io\cucumber\html-formatter\20.2.1\html-formatter-20.2.1.jar;C:\Users\ADW User ACR\.m2\repository\io\cucumber\junit-xml-formatter\0.1.0\junit-xml-formatter-0.1.0.jar;C:\Users\ADW User ACR\.m2\repository\io\cucumber\ci-environment\9.1.0\ci-environment-9.1.0.jar;C:\Users\ADW User ACR\.m2\repository\io\cucumber\cucumber-java\7.11.0\cucumber-java-7.11.0.jar;C:\Users\ADW User ACR\.m2\repository\io\cucumber\cucumber-junit\7.11.0\cucumber-junit-7.11.0.jar;C:\Users\ADW User ACR\.m2\repository\org\apache\commons\commons-csv\1.5\commons-csv-1.5.jar;C:\Users\ADW User ACR\.m2\repository\net\serenity-bdd\serenity-screenplay\3.6.21\serenity-screenplay-3.6.21.jar;C:\Users\ADW User ACR\.m2\repository\net\serenity-bdd\serenity-screenplay-webdriver\3.6.21\serenity-screenplay-webdriver-3.6.21.jar;C:\Users\ADW User ACR\.m2\repository\net\serenity-bdd\serenity-ensure\3.6.21\serenity-ensure-3.6.21.jar;C:\Users\ADW User ACR\.m2\repository\net\serenity-bdd\serenity-junit\3.6.21\serenity-junit-3.6.21.jar;C:\Users\ADW User ACR\.m2\repository\org\jetbrains\kotlin\kotlin-stdlib\1.8.10\kotlin-stdlib-1.8.10.jar;C:\Users\ADW User ACR\.m2\repository\org\jetbrains\kotlin\kotlin-stdlib-common\1.8.10\kotlin-stdlib-common-1.8.10.jar;C:\Users\ADW User ACR\.m2\repository\org\jetbrains\annotations\13.0\annotations-13.0.jar;C:\Users\ADW User ACR\.m2\repository\org\junit\platform\junit-platform-launcher\1.8.2\junit-platform-launcher-1.8.2.jar;C:\Users\ADW User ACR\.m2\repository\org\junit\platform\junit-platform-engine\1.8.2\junit-platform-engine-1.8.2.jar;C:\Users\ADW User ACR\.m2\repository\org\opentest4j\opentest4j\1.2.0\opentest4j-1.2.0.jar;C:\Users\ADW User ACR\.m2\repository\org\junit\platform\junit-platform-commons\1.8.2\junit-platform-commons-1.8.2.jar;C:\Users\ADW User ACR\.m2\repository\org\apiguardian\apiguardian-api\1.1.2\apiguardian-api-1.1.2.jar;C:\Users\ADW User ACR\.m2\repository\org\junit\jupiter\junit-jupiter-engine\5.8.2\junit-jupiter-engine-5.8.2.jar;C:\Users\ADW User ACR\.m2\repository\org\junit\jupiter\junit-jupiter-api\5.8.2\junit-jupiter-api-5.8.2.jar;C:\Users\ADW User ACR\.m2\repository\org\junit\vintage\junit-vintage-engine\5.8.2\junit-vintage-engine-5.8.2.jar;C:\Users\ADW User ACR\.m2\repository\junit\junit\4.13.2\junit-4.13.2.jar;C:\Users\ADW User ACR\.m2\repository\org\hamcrest\hamcrest-core\1.3\hamcrest-core-1.3.jar;C:\Users\ADW User ACR\.m2\repository\ch\qos\logback\logback-classic\1.2.10\logback-classic-1.2.10.jar;C:\Users\ADW User ACR\.m2\repository\ch\qos\logback\logback-core\1.2.10\logback-core-1.2.10.jar;C:\Users\ADW User ACR\.m2\repository\org\slf4j\slf4j-api\1.7.32\slf4j-api-1.7.32.jar;C:\Users\ADW User ACR\.m2\repository\org\assertj\assertj-core\3.23.1\assertj-core-3.23.1.jar;C:\Users\ADW User ACR\.m2\repository\net\bytebuddy\byte-buddy\1.12.10\byte-buddy-1.12.10.jar;"/>
    <property name="sun.cpu.endian" value="little"/>
    <property name="user.home" value="C:\Users\ADW User ACR"/>
    <property name="user.language" value="en"/>
    <property name="java.specification.vendor" value="Oracle Corporation"/>
    <property name="java.home" value="C:\Program Files\Java\jdk1.8.0_202\jre"/>
    <property name="tags" value="@DaftarKA"/>
    <property name="basedir" value="D:\D\QE_Alta\capstone\web-automation-test"/>
    <property name="file.separator" value="\"/>
    <property name="line.separator" value="&#10;"/>
    <property name="java.vm.specification.vendor" value="Oracle Corporation"/>
    <property name="java.specification.name" value="Java Platform API Specification"/>
    <property name="java.awt.graphicsenv" value="sun.awt.Win32GraphicsEnvironment"/>
    <property name="surefire.real.class.path" value="C:\Users\ADW User ACR\AppData\Local\Temp\surefire5038695425711880412\surefirebooter7517284486115355441.jar"/>
    <property name="sun.boot.class.path" value="C:\Program Files\Java\jdk1.8.0_202\jre\lib\resources.jar;C:\Program Files\Java\jdk1.8.0_202\jre\lib\rt.jar;C:\Program Files\Java\jdk1.8.0_202\jre\lib\sunrsasign.jar;C:\Program Files\Java\jdk1.8.0_202\jre\lib\jsse.jar;C:\Program Files\Java\jdk1.8.0_202\jre\lib\jce.jar;C:\Program Files\Java\jdk1.8.0_202\jre\lib\charsets.jar;C:\Program Files\Java\jdk1.8.0_202\jre\lib\jfr.jar;C:\Program Files\Java\jdk1.8.0_202\jre\classes"/>
    <property name="user.script" value=""/>
    <property name="java.protocol.handler.pkgs" value="com.google.common"/>
    <property name="sun.management.compiler" value="HotSpot 64-Bit Tiered Compilers"/>
    <property name="java.runtime.version" value="1.8.0_202-b08"/>
    <property name="user.name" value="ADW User ACR"/>
    <property name="path.separator" value=";"/>
    <property name="os.version" value="10.0"/>
    <property name="java.endorsed.dirs" value="C:\Program Files\Java\jdk1.8.0_202\jre\lib\endorsed"/>
    <property name="java.runtime.name" value="Java(TM) SE Runtime Environment"/>
    <property name="file.encoding" value="Cp1252"/>
    <property name="webdriver.base.url" value=""/>
    <property name="java.vm.name" value="Java HotSpot(TM) 64-Bit Server VM"/>
    <property name="localRepository" value="C:\Users\ADW User ACR\.m2\repository"/>
    <property name="java.vendor.url.bug" value="http://bugreport.sun.com/bugreport/"/>
    <property name="java.io.tmpdir" value="C:\Users\ADWUSE~1\AppData\Local\Temp\"/>
    <property name="java.version" value="1.8.0_202"/>
    <property name="user.dir" value="D:\D\QE_Alta\capstone\web-automation-test"/>
    <property name="os.arch" value="amd64"/>
    <property name="java.vm.specification.name" value="Java Virtual Machine Specification"/>
    <property name="java.awt.printerjob" value="sun.awt.windows.WPrinterJob"/>
    <property name="sun.os.patch.level" value=""/>
    <property name="java.library.path" value="C:\Program Files\Java\jdk1.8.0_202\jre\bin;C:\Windows\Sun\Java\bin;C:\Windows\system32;C:\Windows;C:\Python311\Scripts\;C:\Python311\;C:\Program Files (x86)\Common Files\Oracle\Java\javapath;C:\Program Files (x86)\Common Files\Intel\Shared Files\cpp\bin\Intel64;C:\Windows\system32;C:\Windows;C:\Windows\System32\Wbem;C:\Windows\System32\WindowsPowerShell\v1.0\;C:\Windows\System32\OpenSSH\;C:\Program Files\apache-maven-3.9.1\bin;C:\Program Files\nodejs\;C:\ProgramData\chocolatey\bin;C:\Users\Public\Android\Sdk;C:\Users\Public\Android\Sdk\platform-tools;C:\Users\ADW User ACR\AppData\Local\Microsoft\WindowsApps;C:\Users\ADW User ACR\AppData\Local\Programs\Git\cmd;C:\Users\ADW User ACR\AppData\Roaming\npm;."/>
    <property name="java.vm.info" value="mixed mode"/>
    <property name="java.vendor" value="Oracle Corporation"/>
    <property name="java.vm.version" value="25.202-b08"/>
    <property name="java.ext.dirs" value="C:\Program Files\Java\jdk1.8.0_202\jre\lib\ext;C:\Windows\Sun\Java\lib\ext"/>
    <property name="sun.io.unicode.encoding" value="UnicodeLittle"/>
    <property name="java.class.version" value="52.0"/>
  </properties>
  <testcase name="as admin i want to see list of ticket ka" classname="As a admin i want to see ticket of KA" time="13.775">
    <system-out><![CDATA[14:46:20.580 [main] DEBUG net.thucydides.core.guice.Injectors - Created injector for module net.thucydides.core.guice.ThucydidesModule
14:46:21.104 [main] DEBUG io.cucumber.core.plugin.SerenityReporter - Running feature from file:///D:/D/QE_Alta/capstone/web-automation-test/src/test/resources/features/Admin/DaftarKeretaApi/DeleteKA.feature
14:46:21.373 [main] DEBUG net.thucydides.core.guice.Injectors - Created injector for module net.thucydides.core.guice.webdriver.WebDriverModule
14:46:21.402 [main] INFO  - 

-------------------------------------------------------------------------------------
     _______. _______ .______       _______ .__   __.  __  .___________.____    ____ 
    /       ||   ____||   _  \     |   ____||  \ |  | |  | |           |\   \  /   / 
   |   (----`|  |__   |  |_)  |    |  |__   |   \|  | |  | `---|  |----` \   \/   /  
    \   \    |   __|  |      /     |   __|  |  . `  | |  |     |  |       \_    _/   
.----)   |   |  |____ |  |\  \----.|  |____ |  |\   | |  |     |  |         |  |     
|_______/    |_______|| _| `._____||_______||__| \__| |__|     |__|         |__|    
                                                                                     
 News and tutorials at http://www.serenity-bdd.info                                  
 Documentation at https://wakaleo.gitbooks.io/the-serenity-book/content/             
 Join the Serenity Community on Gitter: https://gitter.im/serenity-bdd/serenity-core 
 Serenity BDD Support and Training at http://serenity-bdd.info/#/trainingandsupport  
-------------------------------------------------------------------------------------

14:46:21.405 [main] DEBUG net.thucydides.core.steps.StepEventBus - Test suite started for story net.thucydides.core.model.Story@b866baff
14:46:21.407 [main] INFO  - Test Suite Started: As a user i want to success see detail data KA
14:46:21.430 [main] DEBUG io.cucumber.core.plugin.SerenityReporter - Running feature from file:///D:/D/QE_Alta/capstone/web-automation-test/src/test/resources/features/Admin/DaftarKeretaApi/DetailKA.feature
14:46:21.436 [main] DEBUG net.thucydides.core.steps.StepEventBus - Test suite started for story net.thucydides.core.model.Story@cae7b625
14:46:21.437 [main] INFO  - Test Suite Started: As a user i want to success see detail data KA
14:46:21.437 [main] DEBUG io.cucumber.core.plugin.SerenityReporter - Running feature from file:///D:/D/QE_Alta/capstone/web-automation-test/src/test/resources/features/Admin/DaftarKeretaApi/EditKA.feature
14:46:21.444 [main] DEBUG net.thucydides.core.steps.StepEventBus - Test suite started for story net.thucydides.core.model.Story@69ea54bf
14:46:21.445 [main] INFO  - Test Suite Started: As a user i want to success edit data KA
14:46:21.445 [main] DEBUG io.cucumber.core.plugin.SerenityReporter - Running feature from file:///D:/D/QE_Alta/capstone/web-automation-test/src/test/resources/features/Admin/DaftarKeretaApi/TambahKA.feature
14:46:21.453 [main] DEBUG net.thucydides.core.steps.StepEventBus - Test suite started for story net.thucydides.core.model.Story@549418e3
14:46:21.454 [main] INFO  - Test Suite Started: As a user i want to add a new KA
14:46:21.455 [main] DEBUG io.cucumber.core.plugin.SerenityReporter - Running feature from file:///D:/D/QE_Alta/capstone/web-automation-test/src/test/resources/features/Admin/DaftarPengguna/EditPengguna.feature
14:46:21.462 [main] DEBUG net.thucydides.core.steps.StepEventBus - Test suite started for story net.thucydides.core.model.Story@7252840b
14:46:21.463 [main] INFO  - Test Suite Started: As a user i want to edit user
14:46:21.463 [main] DEBUG io.cucumber.core.plugin.SerenityReporter - Running feature from file:///D:/D/QE_Alta/capstone/web-automation-test/src/test/resources/features/Admin/DaftarPengguna/TambahPengguna.feature
14:46:21.468 [main] DEBUG net.thucydides.core.steps.StepEventBus - Test suite started for story net.thucydides.core.model.Story@6acd74c3
14:46:21.469 [main] INFO  - Test Suite Started: As a user i want to create a new user
14:46:21.473 [main] DEBUG io.cucumber.core.plugin.SerenityReporter - Running feature from file:///D:/D/QE_Alta/capstone/web-automation-test/src/test/resources/features/Admin/DaftarStasiun/DaftarStasiun.feature
14:46:21.478 [main] DEBUG net.thucydides.core.steps.StepEventBus - Test suite started for story net.thucydides.core.model.Story@ae56d94d
14:46:21.479 [main] INFO  - Test Suite Started: as a admin, i want cek all information about station
14:46:21.481 [main] DEBUG io.cucumber.core.plugin.SerenityReporter - Running feature from file:///D:/D/QE_Alta/capstone/web-automation-test/src/test/resources/features/Admin/DaftarTiketKeretaApi/DaftarTiketKA.feature
14:46:21.488 [main] DEBUG net.thucydides.core.steps.StepEventBus - Test suite started for story net.thucydides.core.model.Story@a81c0e2c
14:46:21.488 [main] INFO  - Test Suite Started: As a admin i want to see ticket of KA
14:46:21.489 [main] DEBUG io.cucumber.core.plugin.SerenityReporter - Running feature from file:///D:/D/QE_Alta/capstone/web-automation-test/src/test/resources/features/Admin/TransaksiPesananHotel/LihatDetailTransaksiPesananHotel.feature
14:46:21.495 [main] DEBUG net.thucydides.core.steps.StepEventBus - Test suite started for story net.thucydides.core.model.Story@6f0f3c6
14:46:21.496 [main] INFO  - Test Suite Started: As a admin i want to see detail transaction hotel order
14:46:21.498 [main] DEBUG io.cucumber.core.plugin.SerenityReporter - Running feature from file:///D:/D/QE_Alta/capstone/web-automation-test/src/test/resources/features/Admin/DaftarTiketKeretaApi/DaftarTiketKA.feature
14:46:21.502 [main] DEBUG net.thucydides.core.steps.StepEventBus - Test suite started for story net.thucydides.core.model.Story@a81c0e2c
14:46:21.503 [main] INFO  - Test Suite Started: As a admin i want to see ticket of KA

@DaftarKA @seedaftarka
Scenario: as admin i want to see list of ticket ka    &amp#27;[90m# src/test/resources/features/Admin/DaftarTiketKeretaApi/DaftarTiketKA.feature:5&amp#27;[0m
14:46:21.737 [main] DEBUG io.cucumber.core.plugin.SerenityReporter - Running feature from file:///D:/D/QE_Alta/capstone/web-automation-test/src/test/resources/features/Admin/DaftarTiketKeretaApi/DaftarTiketKA.feature
14:46:21.966 [main] INFO  - 
  _____   ___   ___   _____     ___   _____     _     ___   _____   ___   ___  
 |_   _| | __| / __| |_   _|   / __| |_   _|   /_\   | _ \ |_   _| | __| |   \ 
   | |   | _|  \__ \   | |     \__ \   | |    / _ \  |   /   | |   | _|  | |) |
   |_|   |___| |___/   |_|     |___/   |_|   /_/ \_\ |_|_\   |_|   |___| |___/ 

as admin i want to see list of ticket ka(as-a-admin-i-want-to-see-ticket-of-ka;as-admin-i-want-to-see-list-of-ticket-ka)
--------------------------------------------------------------------------------
14:46:22.046 [main] DEBUG net.thucydides.core.requirements.FileSystemRequirementsTagProvider - Loading requirements from directory: D:\D\QE_Alta\capstone\web-automation-test\src\test\resources\features\Admin (D:\D\QE_Alta\capstone\web-automation-test\src\test\resources\features\Admin)
14:46:22.046 [main] DEBUG net.thucydides.core.requirements.FileSystemRequirementsTagProvider - Get requirements type for: D:\D\QE_Alta\capstone\web-automation-test\src\test\resources\features\Admin (D:\D\QE_Alta\capstone\web-automation-test\src\test\resources\features\Admin)
14:46:22.059 [main] DEBUG net.thucydides.core.requirements.FileSystemRequirementsTagProvider - Loading requirements from directory: D:\D\QE_Alta\capstone\web-automation-test\src\test\resources\features\Admin\DaftarKeretaApi (D:\D\QE_Alta\capstone\web-automation-test\src\test\resources\features\Admin\DaftarKeretaApi)
14:46:22.059 [main] DEBUG net.thucydides.core.requirements.FileSystemRequirementsTagProvider - Get requirements type for: D:\D\QE_Alta\capstone\web-automation-test\src\test\resources\features\Admin\DaftarKeretaApi (D:\D\QE_Alta\capstone\web-automation-test\src\test\resources\features\Admin\DaftarKeretaApi)
14:46:22.086 [main] DEBUG net.thucydides.core.requirements.model.cucumber.CucumberParser - Loading feature D:\D\QE_Alta\capstone\web-automation-test\src\test\resources\features\Admin\DaftarKeretaApi\DeleteKA.feature
14:46:22.117 [main] DEBUG net.thucydides.core.requirements.model.cucumber.CucumberParser - Loading feature D:\D\QE_Alta\capstone\web-automation-test\src\test\resources\features\Admin\DaftarKeretaApi\DetailKA.feature
14:46:22.124 [main] DEBUG net.thucydides.core.requirements.model.cucumber.CucumberParser - Loading feature D:\D\QE_Alta\capstone\web-automation-test\src\test\resources\features\Admin\DaftarKeretaApi\EditKA.feature
14:46:22.131 [main] DEBUG net.thucydides.core.requirements.model.cucumber.CucumberParser - Loading feature D:\D\QE_Alta\capstone\web-automation-test\src\test\resources\features\Admin\DaftarKeretaApi\TambahKA.feature
14:46:22.143 [main] DEBUG net.thucydides.core.requirements.FileSystemRequirementsTagProvider - Loading requirements from directory: D:\D\QE_Alta\capstone\web-automation-test\src\test\resources\features\Admin\DaftarPengguna (D:\D\QE_Alta\capstone\web-automation-test\src\test\resources\features\Admin\DaftarPengguna)
14:46:22.144 [main] DEBUG net.thucydides.core.requirements.FileSystemRequirementsTagProvider - Get requirements type for: D:\D\QE_Alta\capstone\web-automation-test\src\test\resources\features\Admin\DaftarPengguna (D:\D\QE_Alta\capstone\web-automation-test\src\test\resources\features\Admin\DaftarPengguna)
14:46:22.154 [main] DEBUG net.thucydides.core.requirements.model.cucumber.CucumberParser - Loading feature D:\D\QE_Alta\capstone\web-automation-test\src\test\resources\features\Admin\DaftarPengguna\EditPengguna.feature
14:46:22.160 [main] DEBUG net.thucydides.core.requirements.model.cucumber.CucumberParser - Loading feature D:\D\QE_Alta\capstone\web-automation-test\src\test\resources\features\Admin\DaftarPengguna\TambahPengguna.feature
14:46:22.165 [main] DEBUG net.thucydides.core.requirements.FileSystemRequirementsTagProvider - Loading requirements from directory: D:\D\QE_Alta\capstone\web-automation-test\src\test\resources\features\Admin\DaftarStasiun (D:\D\QE_Alta\capstone\web-automation-test\src\test\resources\features\Admin\DaftarStasiun)
14:46:22.166 [main] DEBUG net.thucydides.core.requirements.FileSystemRequirementsTagProvider - Get requirements type for: D:\D\QE_Alta\capstone\web-automation-test\src\test\resources\features\Admin\DaftarStasiun (D:\D\QE_Alta\capstone\web-automation-test\src\test\resources\features\Admin\DaftarStasiun)
14:46:22.178 [main] DEBUG net.thucydides.core.requirements.model.cucumber.CucumberParser - Loading feature D:\D\QE_Alta\capstone\web-automation-test\src\test\resources\features\Admin\DaftarStasiun\DaftarStasiun.feature
14:46:22.184 [main] DEBUG net.thucydides.core.requirements.FileSystemRequirementsTagProvider - Loading requirements from directory: D:\D\QE_Alta\capstone\web-automation-test\src\test\resources\features\Admin\DaftarTiketKeretaApi (D:\D\QE_Alta\capstone\web-automation-test\src\test\resources\features\Admin\DaftarTiketKeretaApi)
14:46:22.184 [main] DEBUG net.thucydides.core.requirements.FileSystemRequirementsTagProvider - Get requirements type for: D:\D\QE_Alta\capstone\web-automation-test\src\test\resources\features\Admin\DaftarTiketKeretaApi (D:\D\QE_Alta\capstone\web-automation-test\src\test\resources\features\Admin\DaftarTiketKeretaApi)
14:46:22.193 [main] DEBUG net.thucydides.core.requirements.model.cucumber.CucumberParser - Loading feature D:\D\QE_Alta\capstone\web-automation-test\src\test\resources\features\Admin\DaftarTiketKeretaApi\DaftarTiketKA.feature
14:46:22.200 [main] DEBUG net.thucydides.core.requirements.FileSystemRequirementsTagProvider - Loading requirements from directory: D:\D\QE_Alta\capstone\web-automation-test\src\test\resources\features\Admin\TransaksiPesananHotel (D:\D\QE_Alta\capstone\web-automation-test\src\test\resources\features\Admin\TransaksiPesananHotel)
14:46:22.200 [main] DEBUG net.thucydides.core.requirements.FileSystemRequirementsTagProvider - Get requirements type for: D:\D\QE_Alta\capstone\web-automation-test\src\test\resources\features\Admin\TransaksiPesananHotel (D:\D\QE_Alta\capstone\web-automation-test\src\test\resources\features\Admin\TransaksiPesananHotel)
14:46:22.209 [main] DEBUG net.thucydides.core.requirements.model.cucumber.CucumberParser - Loading feature D:\D\QE_Alta\capstone\web-automation-test\src\test\resources\features\Admin\TransaksiPesananHotel\LihatDetailTransaksiPesananHotel.feature
14:46:23.531 [main] DEBUG net.thucydides.core.steps.StepInterceptor - STARTING STEP: LihatTiketKASteps.userOnLoginPage - onLoginPage
14:46:23.578 [main] INFO net.serenitybdd.core.webdriver.driverproviders.DriverProvider - Using WebDriverManager configuration for chrome
14:46:24.621 [main] DEBUG io.github.bonigarcia.wdm.cache.ResolutionCache - Resolution chrome=114 in cache (valid until 15:09:01 21/06/2023 ICT)
14:46:24.623 [main] DEBUG io.github.bonigarcia.wdm.cache.ResolutionCache - Resolution chrome114=114.0.5735.90 in cache (valid until 19:58:55 21/06/2023 ICT)
14:46:24.624 [main] INFO io.github.bonigarcia.wdm.WebDriverManager - Using chromedriver 114.0.5735.90 (resolved driver for Chrome 114)
14:46:24.667 [main] DEBUG io.github.bonigarcia.wdm.WebDriverManager - Driver chromedriver 114.0.5735.90 found in cache
14:46:24.669 [main] INFO io.github.bonigarcia.wdm.WebDriverManager - Exporting webdriver.chrome.driver as C:\Users\ADW User ACR\.cache\selenium\chromedriver\win32\114.0.5735.90\chromedriver.exe
14:46:24.801 [main] INFO net.serenitybdd.core.webdriver.driverproviders.ChromeDriverProvider - Starting Chrome driver instance with capabilities:
14:46:24.807 [main] INFO net.serenitybdd.core.webdriver.driverproviders.ChromeDriverProvider - Capabilities {acceptInsecureCerts: true, browserName: chrome, goog:chromeOptions: {args: [remote-allow-origins=*, test-type, no-sandbox, ignore-certificate-errors, start-maximized, incognito, disable-infobars, disable-gpu, disable-default-apps, disable-popup-blocking, remote-allow-origins=*, test-type, no-sandbox, ignore-certificate-errors, start-maximized, incognito, disable-infobars, disable-gpu, disable-default-apps, disable-popup-blocking, remote-allow-origins=*], extensions: []}}
14:46:24.962 [main] DEBUG io.netty.util.internal.logging.InternalLoggerFactory - Using SLF4J as the default logging framework
14:46:24.967 [main] DEBUG io.netty.util.ResourceLeakDetector - -Dio.netty.leakDetection.level: simple
14:46:24.967 [main] DEBUG io.netty.util.ResourceLeakDetector - -Dio.netty.leakDetection.targetRecords: 4
14:46:24.973 [main] DEBUG io.netty.util.ResourceLeakDetectorFactory - Loaded default ResourceLeakDetector: io.netty.util.ResourceLeakDetector@41da3aee
14:46:25.011 [main] DEBUG io.netty.util.internal.PlatformDependent0 - -Dio.netty.noUnsafe: false
14:46:25.011 [main] DEBUG io.netty.util.internal.PlatformDependent0 - Java version: 8
14:46:25.013 [main] DEBUG io.netty.util.internal.PlatformDependent0 - sun.misc.Unsafe.theUnsafe: available
14:46:25.014 [main] DEBUG io.netty.util.internal.PlatformDependent0 - sun.misc.Unsafe.copyMemory: available
14:46:25.015 [main] DEBUG io.netty.util.internal.PlatformDependent0 - sun.misc.Unsafe.storeFence: available
14:46:25.015 [main] DEBUG io.netty.util.internal.PlatformDependent0 - java.nio.Buffer.address: available
14:46:25.016 [main] DEBUG io.netty.util.internal.PlatformDependent0 - direct buffer constructor: available
14:46:25.017 [main] DEBUG io.netty.util.internal.PlatformDependent0 - java.nio.Bits.unaligned: available, true
14:46:25.017 [main] DEBUG io.netty.util.internal.PlatformDependent0 - jdk.internal.misc.Unsafe.allocateUninitializedArray(int): unavailable prior to Java9
14:46:25.017 [main] DEBUG io.netty.util.internal.PlatformDependent0 - java.nio.DirectByteBuffer.<init>(long, int): available
14:46:25.017 [main] DEBUG io.netty.util.internal.PlatformDependent - sun.misc.Unsafe: available
14:46:25.018 [main] DEBUG io.netty.util.internal.PlatformDependent - -Dio.netty.tmpdir: C:\Users\ADWUSE~1\AppData\Local\Temp (java.io.tmpdir)
14:46:25.018 [main] DEBUG io.netty.util.internal.PlatformDependent - -Dio.netty.bitMode: 64 (sun.arch.data.model)
14:46:25.019 [main] DEBUG io.netty.util.internal.PlatformDependent - Platform: Windows
14:46:25.021 [main] DEBUG io.netty.util.internal.PlatformDependent - -Dio.netty.maxDirectMemory: 1840250880 bytes
14:46:25.021 [main] DEBUG io.netty.util.internal.PlatformDependent - -Dio.netty.uninitializedArrayAllocationThreshold: -1
14:46:25.023 [main] DEBUG io.netty.util.internal.CleanerJava6 - java.nio.ByteBuffer.cleaner(): available
14:46:25.023 [main] DEBUG io.netty.util.internal.PlatformDependent - -Dio.netty.noPreferDirect: false
14:46:25.035 [main] DEBUG io.netty.util.internal.PlatformDependent - org.jctools-core.MpscChunkedArrayQueue: available
14:46:25.073 [main] DEBUG io.netty.util.internal.InternalThreadLocalMap - -Dio.netty.threadLocalMap.stringBuilder.initialSize: 1024
14:46:25.073 [main] DEBUG io.netty.util.internal.InternalThreadLocalMap - -Dio.netty.threadLocalMap.stringBuilder.maxSize: 4096
14:46:25.131 [main] DEBUG io.netty.handler.ssl.JdkSslContext - Default protocols (JDK): [TLSv1.2, TLSv1.1, TLSv1] 
14:46:25.132 [main] DEBUG io.netty.handler.ssl.JdkSslContext - Default cipher suites (JDK): [TLS_ECDHE_ECDSA_WITH_AES_256_GCM_SHA384, TLS_ECDHE_ECDSA_WITH_AES_128_GCM_SHA256, TLS_ECDHE_RSA_WITH_AES_128_GCM_SHA256, TLS_ECDHE_RSA_WITH_AES_256_GCM_SHA384, TLS_ECDHE_RSA_WITH_AES_128_CBC_SHA, TLS_ECDHE_RSA_WITH_AES_256_CBC_SHA, TLS_RSA_WITH_AES_128_GCM_SHA256, TLS_RSA_WITH_AES_128_CBC_SHA, TLS_RSA_WITH_AES_256_CBC_SHA]
14:46:25.320 [main] DEBUG io.netty.channel.MultithreadEventLoopGroup - -Dio.netty.eventLoopThreads: 8
14:46:25.339 [main] DEBUG io.netty.channel.nio.NioEventLoop - -Dio.netty.noKeySetOptimization: false
14:46:25.340 [main] DEBUG io.netty.channel.nio.NioEventLoop - -Dio.netty.selectorAutoRebuildThreshold: 512
14:46:25.389 [main] DEBUG io.netty.buffer.PooledByteBufAllocator - -Dio.netty.allocator.numHeapArenas: 8
14:46:25.390 [main] DEBUG io.netty.buffer.PooledByteBufAllocator - -Dio.netty.allocator.numDirectArenas: 8
14:46:25.390 [main] DEBUG io.netty.buffer.PooledByteBufAllocator - -Dio.netty.allocator.pageSize: 8192
14:46:25.390 [main] DEBUG io.netty.buffer.PooledByteBufAllocator - -Dio.netty.allocator.maxOrder: 9
14:46:25.390 [main] DEBUG io.netty.buffer.PooledByteBufAllocator - -Dio.netty.allocator.chunkSize: 4194304
14:46:25.390 [main] DEBUG io.netty.buffer.PooledByteBufAllocator - -Dio.netty.allocator.smallCacheSize: 256
14:46:25.390 [main] DEBUG io.netty.buffer.PooledByteBufAllocator - -Dio.netty.allocator.normalCacheSize: 64
14:46:25.390 [main] DEBUG io.netty.buffer.PooledByteBufAllocator - -Dio.netty.allocator.maxCachedBufferCapacity: 32768
14:46:25.390 [main] DEBUG io.netty.buffer.PooledByteBufAllocator - -Dio.netty.allocator.cacheTrimInterval: 8192
14:46:25.390 [main] DEBUG io.netty.buffer.PooledByteBufAllocator - -Dio.netty.allocator.cacheTrimIntervalMillis: 0
14:46:25.390 [main] DEBUG io.netty.buffer.PooledByteBufAllocator - -Dio.netty.allocator.useCacheForAllThreads: false
14:46:25.390 [main] DEBUG io.netty.buffer.PooledByteBufAllocator - -Dio.netty.allocator.maxCachedByteBuffersPerChunk: 1023
14:46:25.403 [main] DEBUG io.netty.buffer.ByteBufUtil - -Dio.netty.allocator.type: pooled
14:46:25.403 [main] DEBUG io.netty.buffer.ByteBufUtil - -Dio.netty.threadLocalDirectBufferSize: 0
14:46:25.403 [main] DEBUG io.netty.buffer.ByteBufUtil - -Dio.netty.maxThreadLocalCharBufferSize: 16384
14:46:26.413 [Forwarding newSession on session null to remote] DEBUG io.netty.channel.DefaultChannelId - -Dio.netty.processId: 18924 (auto-detected)
14:46:26.416 [Forwarding newSession on session null to remote] DEBUG io.netty.util.NetUtil - -Djava.net.preferIPv4Stack: false
14:46:26.416 [Forwarding newSession on session null to remote] DEBUG io.netty.util.NetUtil - -Djava.net.preferIPv6Addresses: false
14:46:26.744 [Forwarding newSession on session null to remote] DEBUG io.netty.util.NetUtilInitializations - Loopback interface: lo (Software Loopback Interface 1, 127.0.0.1)
14:46:26.745 [Forwarding newSession on session null to remote] DEBUG io.netty.util.NetUtil - Failed to get SOMAXCONN from sysctl and file \proc\sys\net\core\somaxconn. Default: 200
14:46:26.770 [Forwarding newSession on session null to remote] DEBUG io.netty.channel.DefaultChannelId - -Dio.netty.machineId: a4:02:b9:ff:fe:26:7f:1e (auto-detected)
14:46:26.859 [AsyncHttpClient-1-2] DEBUG io.netty.buffer.AbstractByteBuf - -Dio.netty.buffer.checkAccessible: true
14:46:26.859 [AsyncHttpClient-1-2] DEBUG io.netty.buffer.AbstractByteBuf - -Dio.netty.buffer.checkBounds: true
14:46:26.859 [AsyncHttpClient-1-2] DEBUG io.netty.util.ResourceLeakDetectorFactory - Loaded default ResourceLeakDetector: io.netty.util.ResourceLeakDetector@2a9533e0
14:46:26.881 [AsyncHttpClient-1-2] DEBUG org.asynchttpclient.netty.channel.NettyConnectListener - Using new Channel '[id: 0x18cde484, L:/127.0.0.1:53365 - R:localhost/127.0.0.1:39262]' for 'POST' to '/session'
14:46:26.909 [AsyncHttpClient-1-2] DEBUG io.netty.util.Recycler - -Dio.netty.recycler.maxCapacityPerThread: 4096
14:46:26.909 [AsyncHttpClient-1-2] DEBUG io.netty.util.Recycler - -Dio.netty.recycler.ratio: 8
14:46:26.909 [AsyncHttpClient-1-2] DEBUG io.netty.util.Recycler - -Dio.netty.recycler.chunkSize: 32
14:46:26.909 [AsyncHttpClient-1-2] DEBUG io.netty.util.Recycler - -Dio.netty.recycler.blocking: false
14:46:28.465 [AsyncHttpClient-1-2] DEBUG io.netty.handler.codec.compression.Brotli - brotli4j not in the classpath; Brotli support will be unavailable.
14:46:28.466 [AsyncHttpClient-1-2] DEBUG org.asynchttpclient.netty.handler.HttpHandler - 

Request DefaultHttpRequest(decodeResult: success, version: HTTP/1.1)
POST /session HTTP/1.1
User-Agent: selenium/4.8.1 (java windows)
Content-Length: 1701
Content-Type: application/json; charset=utf-8
host: localhost:39262
accept: */*

Response DefaultHttpResponse(decodeResult: success, version: HTTP/1.1)
HTTP/1.1 200 OK
Content-Length: 862
Content-Type: application/json; charset=utf-8
cache-control: no-cache

14:46:28.482 [AsyncHttpClient-1-2] DEBUG org.asynchttpclient.netty.channel.ChannelManager - Adding key: http://localhost:39262 for channel [id: 0x18cde484, L:/127.0.0.1:53365 - R:localhost/127.0.0.1:39262]
14:46:28.692 [AsyncHttpClient-1-3] DEBUG org.asynchttpclient.netty.channel.NettyConnectListener - Using new Channel '[id: 0x92f09059, L:/127.0.0.1:53374 - R:localhost/127.0.0.1:53367]' for 'GET' to '/json/version'
14:46:28.698 [AsyncHttpClient-1-3] DEBUG org.asynchttpclient.netty.handler.HttpHandler - 

Request DefaultFullHttpRequest(decodeResult: success, version: HTTP/1.1, content: EmptyByteBufBE)
GET /json/version HTTP/1.1
User-Agent: selenium/4.8.1 (java windows)
host: localhost:53367
accept: */*

Response DefaultHttpResponse(decodeResult: success, version: HTTP/1.1)
HTTP/1.1 200 OK
Content-Security-Policy: frame-ancestors 'none'
Content-Length: 424
Content-Type: application/json; charset=UTF-8

14:46:28.699 [AsyncHttpClient-1-3] DEBUG org.asynchttpclient.netty.channel.ChannelManager - Adding key: http://localhost:53367 for channel [id: 0x92f09059, L:/127.0.0.1:53374 - R:localhost/127.0.0.1:53367]
14:46:28.717 [main] DEBUG io.netty.util.internal.ThreadLocalRandom - -Dio.netty.initialSeedUniquifier: 0x55d35735bd281505
14:46:28.731 [AsyncHttpClient-1-4] DEBUG org.asynchttpclient.netty.channel.NettyConnectListener - Using new Channel '[id: 0x01653cb0, L:/127.0.0.1:53375 - R:localhost/127.0.0.1:53367]' for 'GET' to '/devtools/browser/1777018a-427e-42dd-9f9c-aa080f579834'
14:46:28.734 [AsyncHttpClient-1-4] DEBUG org.asynchttpclient.netty.handler.WebSocketHandler - 

Request DefaultFullHttpRequest(decodeResult: success, version: HTTP/1.1, content: EmptyByteBufBE)
GET /devtools/browser/1777018a-427e-42dd-9f9c-aa080f579834 HTTP/1.1
upgrade: websocket
connection: upgrade
sec-websocket-key: EasbwPLuTaI+9C3R78LP6Q==
sec-websocket-version: 13
origin: http://localhost:53367
host: localhost:53367
accept: */*
user-agent: AHC/2.1

Response DefaultHttpResponse(decodeResult: success, version: HTTP/1.1)
HTTP/1.1 101 WebSocket Protocol Handshake
Upgrade: WebSocket
Connection: Upgrade
Sec-WebSocket-Accept: KklTuQOzyxOo7JTFnmL/uWdDKmE=

14:46:28.955 [Forwarding get on session 454e4fcb868bc034347a00f58855a69f to remote] DEBUG org.asynchttpclient.netty.request.NettyRequestSender - Using pooled Channel '[id: 0x18cde484, L:/127.0.0.1:53365 - R:localhost/127.0.0.1:39262]' for 'POST' to 'http://localhost:39262/session/454e4fcb868bc034347a00f58855a69f/url'
14:46:28.955 [Forwarding get on session 454e4fcb868bc034347a00f58855a69f to remote] DEBUG org.asynchttpclient.netty.request.NettyRequestSender - Using open Channel [id: 0x18cde484, L:/127.0.0.1:53365 - R:localhost/127.0.0.1:39262] for POST '/session/454e4fcb868bc034347a00f58855a69f/url'
14:46:29.553 [AsyncHttpClient-1-1] DEBUG org.asynchttpclient.netty.channel.DefaultChannelPool - Entry count for : http://localhost:53367 : 1
14:46:29.948 [AsyncHttpClient-1-2] DEBUG org.asynchttpclient.netty.handler.HttpHandler - 

Request DefaultHttpRequest(decodeResult: success, version: HTTP/1.1)
POST /session/454e4fcb868bc034347a00f58855a69f/url HTTP/1.1
User-Agent: selenium/4.8.1 (java windows)
Content-Length: 64
Content-Type: application/json; charset=utf-8
host: localhost:39262
accept: */*

Response DefaultHttpResponse(decodeResult: success, version: HTTP/1.1)
HTTP/1.1 200 OK
Content-Length: 14
Content-Type: application/json; charset=utf-8
cache-control: no-cache

14:46:29.949 [AsyncHttpClient-1-2] DEBUG org.asynchttpclient.netty.channel.ChannelManager - Adding key: http://localhost:39262 for channel [id: 0x18cde484, L:/127.0.0.1:53365 - R:localhost/127.0.0.1:39262]
14:46:29.958 [Forwarding setTimeout on session 454e4fcb868bc034347a00f58855a69f to remote] DEBUG org.asynchttpclient.netty.request.NettyRequestSender - Using pooled Channel '[id: 0x18cde484, L:/127.0.0.1:53365 - R:localhost/127.0.0.1:39262]' for 'POST' to 'http://localhost:39262/session/454e4fcb868bc034347a00f58855a69f/timeouts'
14:46:29.958 [Forwarding setTimeout on session 454e4fcb868bc034347a00f58855a69f to remote] DEBUG org.asynchttpclient.netty.request.NettyRequestSender - Using open Channel [id: 0x18cde484, L:/127.0.0.1:53365 - R:localhost/127.0.0.1:39262] for POST '/session/454e4fcb868bc034347a00f58855a69f/timeouts'
14:46:29.965 [AsyncHttpClient-1-2] DEBUG org.asynchttpclient.netty.handler.HttpHandler - 

Request DefaultHttpRequest(decodeResult: success, version: HTTP/1.1)
POST /session/454e4fcb868bc034347a00f58855a69f/timeouts HTTP/1.1
User-Agent: selenium/4.8.1 (java windows)
Content-Length: 22
Content-Type: application/json; charset=utf-8
host: localhost:39262
accept: */*

Response DefaultHttpResponse(decodeResult: success, version: HTTP/1.1)
HTTP/1.1 200 OK
Content-Length: 14
Content-Type: application/json; charset=utf-8
cache-control: no-cache

14:46:29.965 [AsyncHttpClient-1-2] DEBUG org.asynchttpclient.netty.channel.ChannelManager - Adding key: http://localhost:39262 for channel [id: 0x18cde484, L:/127.0.0.1:53365 - R:localhost/127.0.0.1:39262]
14:46:30.010 [Forwarding findElement on session 454e4fcb868bc034347a00f58855a69f to remote] DEBUG org.asynchttpclient.netty.request.NettyRequestSender - Using pooled Channel '[id: 0x18cde484, L:/127.0.0.1:53365 - R:localhost/127.0.0.1:39262]' for 'POST' to 'http://localhost:39262/session/454e4fcb868bc034347a00f58855a69f/element'
14:46:30.011 [Forwarding findElement on session 454e4fcb868bc034347a00f58855a69f to remote] DEBUG org.asynchttpclient.netty.request.NettyRequestSender - Using open Channel [id: 0x18cde484, L:/127.0.0.1:53365 - R:localhost/127.0.0.1:39262] for POST '/session/454e4fcb868bc034347a00f58855a69f/element'
14:46:30.056 [AsyncHttpClient-1-2] DEBUG org.asynchttpclient.netty.handler.HttpHandler - 

Request DefaultHttpRequest(decodeResult: success, version: HTTP/1.1)
POST /session/454e4fcb868bc034347a00f58855a69f/element HTTP/1.1
User-Agent: selenium/4.8.1 (java windows)
Content-Length: 67
Content-Type: application/json; charset=utf-8
host: localhost:39262
accept: */*

Response DefaultHttpResponse(decodeResult: success, version: HTTP/1.1)
HTTP/1.1 200 OK
Content-Length: 95
Content-Type: application/json; charset=utf-8
cache-control: no-cache

14:46:30.056 [AsyncHttpClient-1-2] DEBUG org.asynchttpclient.netty.channel.ChannelManager - Adding key: http://localhost:39262 for channel [id: 0x18cde484, L:/127.0.0.1:53365 - R:localhost/127.0.0.1:39262]
14:46:30.100 [Forwarding isElementDisplayed on session 454e4fcb868bc034347a00f58855a69f to remote] DEBUG org.asynchttpclient.netty.request.NettyRequestSender - Using pooled Channel '[id: 0x18cde484, L:/127.0.0.1:53365 - R:localhost/127.0.0.1:39262]' for 'POST' to 'http://localhost:39262/session/454e4fcb868bc034347a00f58855a69f/execute/sync'
14:46:30.100 [Forwarding isElementDisplayed on session 454e4fcb868bc034347a00f58855a69f to remote] DEBUG org.asynchttpclient.netty.request.NettyRequestSender - Using open Channel [id: 0x18cde484, L:/127.0.0.1:53365 - R:localhost/127.0.0.1:39262] for POST '/session/454e4fcb868bc034347a00f58855a69f/execute/sync'
14:46:30.150 [AsyncHttpClient-1-2] DEBUG org.asynchttpclient.netty.handler.HttpHandler - 

Request DefaultHttpRequest(decodeResult: success, version: HTTP/1.1)
POST /session/454e4fcb868bc034347a00f58855a69f/execute/sync HTTP/1.1
User-Agent: selenium/4.8.1 (java windows)
Content-Length: 48814
Content-Type: application/json; charset=utf-8
host: localhost:39262
accept: */*

Response DefaultHttpResponse(decodeResult: success, version: HTTP/1.1)
HTTP/1.1 200 OK
Content-Length: 14
Content-Type: application/json; charset=utf-8
cache-control: no-cache

14:46:30.151 [AsyncHttpClient-1-2] DEBUG org.asynchttpclient.netty.channel.ChannelManager - Adding key: http://localhost:39262 for channel [id: 0x18cde484, L:/127.0.0.1:53365 - R:localhost/127.0.0.1:39262]
14:46:30.163 [Forwarding isElementDisplayed on session 454e4fcb868bc034347a00f58855a69f to remote] DEBUG org.asynchttpclient.netty.request.NettyRequestSender - Using pooled Channel '[id: 0x18cde484, L:/127.0.0.1:53365 - R:localhost/127.0.0.1:39262]' for 'POST' to 'http://localhost:39262/session/454e4fcb868bc034347a00f58855a69f/execute/sync'
14:46:30.163 [Forwarding isElementDisplayed on session 454e4fcb868bc034347a00f58855a69f to remote] DEBUG org.asynchttpclient.netty.request.NettyRequestSender - Using open Channel [id: 0x18cde484, L:/127.0.0.1:53365 - R:localhost/127.0.0.1:39262] for POST '/session/454e4fcb868bc034347a00f58855a69f/execute/sync'
14:46:30.230 [AsyncHttpClient-1-2] DEBUG org.asynchttpclient.netty.handler.HttpHandler - 

Request DefaultHttpRequest(decodeResult: success, version: HTTP/1.1)
POST /session/454e4fcb868bc034347a00f58855a69f/execute/sync HTTP/1.1
User-Agent: selenium/4.8.1 (java windows)
Content-Length: 48814
Content-Type: application/json; charset=utf-8
host: localhost:39262
accept: */*

Response DefaultHttpResponse(decodeResult: success, version: HTTP/1.1)
HTTP/1.1 200 OK
Content-Length: 14
Content-Type: application/json; charset=utf-8
cache-control: no-cache

14:46:30.231 [AsyncHttpClient-1-2] DEBUG org.asynchttpclient.netty.channel.ChannelManager - Adding key: http://localhost:39262 for channel [id: 0x18cde484, L:/127.0.0.1:53365 - R:localhost/127.0.0.1:39262]
14:46:30.266 [main] DEBUG net.thucydides.core.steps.StepInterceptor - STEP DONE: onLoginPage
  &amp#27;[32mGiven &amp#27;[0m&amp#27;[32muser on login page to see ticket ka&amp#27;[0m           &amp#27;[90m# starter.stepdefinitions.Admin.DaftarTiketKeretaApi.LihatTiketKASteps.userOnLoginPage()&amp#27;[0m
14:46:30.306 [main] DEBUG net.thucydides.core.steps.StepInterceptor - STARTING STEP: LihatTiketKASteps.userInputEmail - inputEmail
14:46:30.318 [Forwarding findElement on session 454e4fcb868bc034347a00f58855a69f to remote] DEBUG org.asynchttpclient.netty.request.NettyRequestSender - Using pooled Channel '[id: 0x18cde484, L:/127.0.0.1:53365 - R:localhost/127.0.0.1:39262]' for 'POST' to 'http://localhost:39262/session/454e4fcb868bc034347a00f58855a69f/element'
14:46:30.318 [Forwarding findElement on session 454e4fcb868bc034347a00f58855a69f to remote] DEBUG org.asynchttpclient.netty.request.NettyRequestSender - Using open Channel [id: 0x18cde484, L:/127.0.0.1:53365 - R:localhost/127.0.0.1:39262] for POST '/session/454e4fcb868bc034347a00f58855a69f/element'
14:46:30.338 [AsyncHttpClient-1-2] DEBUG org.asynchttpclient.netty.handler.HttpHandler - 

Request DefaultHttpRequest(decodeResult: success, version: HTTP/1.1)
POST /session/454e4fcb868bc034347a00f58855a69f/element HTTP/1.1
User-Agent: selenium/4.8.1 (java windows)
Content-Length: 59
Content-Type: application/json; charset=utf-8
host: localhost:39262
accept: */*

Response DefaultHttpResponse(decodeResult: success, version: HTTP/1.1)
HTTP/1.1 200 OK
Content-Length: 94
Content-Type: application/json; charset=utf-8
cache-control: no-cache

14:46:30.339 [AsyncHttpClient-1-2] DEBUG org.asynchttpclient.netty.channel.ChannelManager - Adding key: http://localhost:39262 for channel [id: 0x18cde484, L:/127.0.0.1:53365 - R:localhost/127.0.0.1:39262]
14:46:30.343 [Forwarding clearElement on session 454e4fcb868bc034347a00f58855a69f to remote] DEBUG org.asynchttpclient.netty.request.NettyRequestSender - Using pooled Channel '[id: 0x18cde484, L:/127.0.0.1:53365 - R:localhost/127.0.0.1:39262]' for 'POST' to 'http://localhost:39262/session/454e4fcb868bc034347a00f58855a69f/element/166C93E08C45D996A09688B170296328_element_3/clear'
14:46:30.343 [Forwarding clearElement on session 454e4fcb868bc034347a00f58855a69f to remote] DEBUG org.asynchttpclient.netty.request.NettyRequestSender - Using open Channel [id: 0x18cde484, L:/127.0.0.1:53365 - R:localhost/127.0.0.1:39262] for POST '/session/454e4fcb868bc034347a00f58855a69f/element/166C93E08C45D996A09688B170296328_element_3/clear'
14:46:30.418 [AsyncHttpClient-1-2] DEBUG org.asynchttpclient.netty.handler.HttpHandler - 

Request DefaultHttpRequest(decodeResult: success, version: HTTP/1.1)
POST /session/454e4fcb868bc034347a00f58855a69f/element/166C93E08C45D996A09688B170296328_element_3/clear HTTP/1.1
User-Agent: selenium/4.8.1 (java windows)
Content-Length: 56
Content-Type: application/json; charset=utf-8
host: localhost:39262
accept: */*

Response DefaultHttpResponse(decodeResult: success, version: HTTP/1.1)
HTTP/1.1 200 OK
Content-Length: 14
Content-Type: application/json; charset=utf-8
cache-control: no-cache

14:46:30.418 [AsyncHttpClient-1-2] DEBUG org.asynchttpclient.netty.channel.ChannelManager - Adding key: http://localhost:39262 for channel [id: 0x18cde484, L:/127.0.0.1:53365 - R:localhost/127.0.0.1:39262]
14:46:30.438 [Forwarding sendKeysToElement on session 454e4fcb868bc034347a00f58855a69f to remote] DEBUG org.asynchttpclient.netty.request.NettyRequestSender - Using pooled Channel '[id: 0x18cde484, L:/127.0.0.1:53365 - R:localhost/127.0.0.1:39262]' for 'POST' to 'http://localhost:39262/session/454e4fcb868bc034347a00f58855a69f/element/166C93E08C45D996A09688B170296328_element_3/value'
14:46:30.439 [Forwarding sendKeysToElement on session 454e4fcb868bc034347a00f58855a69f to remote] DEBUG org.asynchttpclient.netty.request.NettyRequestSender - Using open Channel [id: 0x18cde484, L:/127.0.0.1:53365 - R:localhost/127.0.0.1:39262] for POST '/session/454e4fcb868bc034347a00f58855a69f/element/166C93E08C45D996A09688B170296328_element_3/value'
14:46:30.668 [AsyncHttpClient-1-1] DEBUG org.asynchttpclient.netty.channel.DefaultChannelPool - Entry count for : http://localhost:53367 : 1
14:46:30.965 [AsyncHttpClient-1-2] DEBUG org.asynchttpclient.netty.handler.HttpHandler - 

Request DefaultHttpRequest(decodeResult: success, version: HTTP/1.1)
POST /session/454e4fcb868bc034347a00f58855a69f/element/166C93E08C45D996A09688B170296328_element_3/value HTTP/1.1
User-Agent: selenium/4.8.1 (java windows)
Content-Length: 237
Content-Type: application/json; charset=utf-8
host: localhost:39262
accept: */*

Response DefaultHttpResponse(decodeResult: success, version: HTTP/1.1)
HTTP/1.1 200 OK
Content-Length: 14
Content-Type: application/json; charset=utf-8
cache-control: no-cache

14:46:30.966 [AsyncHttpClient-1-2] DEBUG org.asynchttpclient.netty.channel.ChannelManager - Adding key: http://localhost:39262 for channel [id: 0x18cde484, L:/127.0.0.1:53365 - R:localhost/127.0.0.1:39262]
14:46:30.981 [main] DEBUG net.thucydides.core.steps.StepInterceptor - STEP DONE: inputEmail
  &amp#27;[32mWhen &amp#27;[0m&amp#27;[32muser input email to see ticket ka&amp#27;[0m              &amp#27;[90m# starter.stepdefinitions.Admin.DaftarTiketKeretaApi.LihatTiketKASteps.userInputEmail()&amp#27;[0m
14:46:31.000 [main] DEBUG net.thucydides.core.steps.StepInterceptor - STARTING STEP: LihatTiketKASteps.userInputPassword - inputPassword
14:46:31.012 [Forwarding findElement on session 454e4fcb868bc034347a00f58855a69f to remote] DEBUG org.asynchttpclient.netty.request.NettyRequestSender - Using pooled Channel '[id: 0x18cde484, L:/127.0.0.1:53365 - R:localhost/127.0.0.1:39262]' for 'POST' to 'http://localhost:39262/session/454e4fcb868bc034347a00f58855a69f/element'
14:46:31.013 [Forwarding findElement on session 454e4fcb868bc034347a00f58855a69f to remote] DEBUG org.asynchttpclient.netty.request.NettyRequestSender - Using open Channel [id: 0x18cde484, L:/127.0.0.1:53365 - R:localhost/127.0.0.1:39262] for POST '/session/454e4fcb868bc034347a00f58855a69f/element'
14:46:31.041 [AsyncHttpClient-1-2] DEBUG org.asynchttpclient.netty.handler.HttpHandler - 

Request DefaultHttpRequest(decodeResult: success, version: HTTP/1.1)
POST /session/454e4fcb868bc034347a00f58855a69f/element HTTP/1.1
User-Agent: selenium/4.8.1 (java windows)
Content-Length: 62
Content-Type: application/json; charset=utf-8
host: localhost:39262
accept: */*

Response DefaultHttpResponse(decodeResult: success, version: HTTP/1.1)
HTTP/1.1 200 OK
Content-Length: 94
Content-Type: application/json; charset=utf-8
cache-control: no-cache

14:46:31.042 [AsyncHttpClient-1-2] DEBUG org.asynchttpclient.netty.channel.ChannelManager - Adding key: http://localhost:39262 for channel [id: 0x18cde484, L:/127.0.0.1:53365 - R:localhost/127.0.0.1:39262]
14:46:31.046 [Forwarding clearElement on session 454e4fcb868bc034347a00f58855a69f to remote] DEBUG org.asynchttpclient.netty.request.NettyRequestSender - Using pooled Channel '[id: 0x18cde484, L:/127.0.0.1:53365 - R:localhost/127.0.0.1:39262]' for 'POST' to 'http://localhost:39262/session/454e4fcb868bc034347a00f58855a69f/element/166C93E08C45D996A09688B170296328_element_5/clear'
14:46:31.046 [Forwarding clearElement on session 454e4fcb868bc034347a00f58855a69f to remote] DEBUG org.asynchttpclient.netty.request.NettyRequestSender - Using open Channel [id: 0x18cde484, L:/127.0.0.1:53365 - R:localhost/127.0.0.1:39262] for POST '/session/454e4fcb868bc034347a00f58855a69f/element/166C93E08C45D996A09688B170296328_element_5/clear'
14:46:31.098 [AsyncHttpClient-1-2] DEBUG org.asynchttpclient.netty.handler.HttpHandler - 

Request DefaultHttpRequest(decodeResult: success, version: HTTP/1.1)
POST /session/454e4fcb868bc034347a00f58855a69f/element/166C93E08C45D996A09688B170296328_element_5/clear HTTP/1.1
User-Agent: selenium/4.8.1 (java windows)
Content-Length: 56
Content-Type: application/json; charset=utf-8
host: localhost:39262
accept: */*

Response DefaultHttpResponse(decodeResult: success, version: HTTP/1.1)
HTTP/1.1 200 OK
Content-Length: 14
Content-Type: application/json; charset=utf-8
cache-control: no-cache

14:46:31.099 [AsyncHttpClient-1-2] DEBUG org.asynchttpclient.netty.channel.ChannelManager - Adding key: http://localhost:39262 for channel [id: 0x18cde484, L:/127.0.0.1:53365 - R:localhost/127.0.0.1:39262]
14:46:31.106 [Forwarding sendKeysToElement on session 454e4fcb868bc034347a00f58855a69f to remote] DEBUG org.asynchttpclient.netty.request.NettyRequestSender - Using pooled Channel '[id: 0x18cde484, L:/127.0.0.1:53365 - R:localhost/127.0.0.1:39262]' for 'POST' to 'http://localhost:39262/session/454e4fcb868bc034347a00f58855a69f/element/166C93E08C45D996A09688B170296328_element_5/value'
14:46:31.106 [Forwarding sendKeysToElement on session 454e4fcb868bc034347a00f58855a69f to remote] DEBUG org.asynchttpclient.netty.request.NettyRequestSender - Using open Channel [id: 0x18cde484, L:/127.0.0.1:53365 - R:localhost/127.0.0.1:39262] for POST '/session/454e4fcb868bc034347a00f58855a69f/element/166C93E08C45D996A09688B170296328_element_5/value'
14:46:31.245 [AsyncHttpClient-1-2] DEBUG org.asynchttpclient.netty.handler.HttpHandler - 

Request DefaultHttpRequest(decodeResult: success, version: HTTP/1.1)
POST /session/454e4fcb868bc034347a00f58855a69f/element/166C93E08C45D996A09688B170296328_element_5/value HTTP/1.1
User-Agent: selenium/4.8.1 (java windows)
Content-Length: 177
Content-Type: application/json; charset=utf-8
host: localhost:39262
accept: */*

Response DefaultHttpResponse(decodeResult: success, version: HTTP/1.1)
HTTP/1.1 200 OK
Content-Length: 14
Content-Type: application/json; charset=utf-8
cache-control: no-cache

14:46:31.246 [AsyncHttpClient-1-2] DEBUG org.asynchttpclient.netty.channel.ChannelManager - Adding key: http://localhost:39262 for channel [id: 0x18cde484, L:/127.0.0.1:53365 - R:localhost/127.0.0.1:39262]
14:46:31.253 [main] DEBUG net.thucydides.core.steps.StepInterceptor - STEP DONE: inputPassword
  &amp#27;[32mAnd &amp#27;[0m&amp#27;[32muser input password to see ticket ka&amp#27;[0m            &amp#27;[90m# starter.stepdefinitions.Admin.DaftarTiketKeretaApi.LihatTiketKASteps.userInputPassword()&amp#27;[0m
14:46:31.269 [main] DEBUG net.thucydides.core.steps.StepInterceptor - STARTING STEP: LihatTiketKASteps.userClickLogin - clickLoginButton
14:46:31.289 [Forwarding findElement on session 454e4fcb868bc034347a00f58855a69f to remote] DEBUG org.asynchttpclient.netty.request.NettyRequestSender - Using pooled Channel '[id: 0x18cde484, L:/127.0.0.1:53365 - R:localhost/127.0.0.1:39262]' for 'POST' to 'http://localhost:39262/session/454e4fcb868bc034347a00f58855a69f/element'
14:46:31.289 [Forwarding findElement on session 454e4fcb868bc034347a00f58855a69f to remote] DEBUG org.asynchttpclient.netty.request.NettyRequestSender - Using open Channel [id: 0x18cde484, L:/127.0.0.1:53365 - R:localhost/127.0.0.1:39262] for POST '/session/454e4fcb868bc034347a00f58855a69f/element'
14:46:31.318 [AsyncHttpClient-1-2] DEBUG org.asynchttpclient.netty.handler.HttpHandler - 

Request DefaultHttpRequest(decodeResult: success, version: HTTP/1.1)
POST /session/454e4fcb868bc034347a00f58855a69f/element HTTP/1.1
User-Agent: selenium/4.8.1 (java windows)
Content-Length: 97
Content-Type: application/json; charset=utf-8
host: localhost:39262
accept: */*

Response DefaultHttpResponse(decodeResult: success, version: HTTP/1.1)
HTTP/1.1 200 OK
Content-Length: 94
Content-Type: application/json; charset=utf-8
cache-control: no-cache

14:46:31.319 [AsyncHttpClient-1-2] DEBUG org.asynchttpclient.netty.channel.ChannelManager - Adding key: http://localhost:39262 for channel [id: 0x18cde484, L:/127.0.0.1:53365 - R:localhost/127.0.0.1:39262]
14:46:31.323 [Forwarding getElementTagName on session 454e4fcb868bc034347a00f58855a69f to remote] DEBUG org.asynchttpclient.netty.request.NettyRequestSender - Using pooled Channel '[id: 0x18cde484, L:/127.0.0.1:53365 - R:localhost/127.0.0.1:39262]' for 'GET' to 'http://localhost:39262/session/454e4fcb868bc034347a00f58855a69f/element/166C93E08C45D996A09688B170296328_element_8/name'
14:46:31.323 [Forwarding getElementTagName on session 454e4fcb868bc034347a00f58855a69f to remote] DEBUG org.asynchttpclient.netty.request.NettyRequestSender - Using open Channel [id: 0x18cde484, L:/127.0.0.1:53365 - R:localhost/127.0.0.1:39262] for GET '/session/454e4fcb868bc034347a00f58855a69f/element/166C93E08C45D996A09688B170296328_element_8/name'
14:46:31.332 [AsyncHttpClient-1-2] DEBUG org.asynchttpclient.netty.handler.HttpHandler - 

Request DefaultFullHttpRequest(decodeResult: success, version: HTTP/1.1, content: EmptyByteBufBE)
GET /session/454e4fcb868bc034347a00f58855a69f/element/166C93E08C45D996A09688B170296328_element_8/name HTTP/1.1
User-Agent: selenium/4.8.1 (java windows)
Cache-Control: no-cache
Content-Type: application/json; charset=utf-8
host: localhost:39262
accept: */*

Response DefaultHttpResponse(decodeResult: success, version: HTTP/1.1)
HTTP/1.1 200 OK
Content-Length: 18
Content-Type: application/json; charset=utf-8
cache-control: no-cache

14:46:31.333 [AsyncHttpClient-1-2] DEBUG org.asynchttpclient.netty.channel.ChannelManager - Adding key: http://localhost:39262 for channel [id: 0x18cde484, L:/127.0.0.1:53365 - R:localhost/127.0.0.1:39262]
14:46:31.336 [Forwarding getElementTagName on session 454e4fcb868bc034347a00f58855a69f to remote] DEBUG org.asynchttpclient.netty.request.NettyRequestSender - Using pooled Channel '[id: 0x18cde484, L:/127.0.0.1:53365 - R:localhost/127.0.0.1:39262]' for 'GET' to 'http://localhost:39262/session/454e4fcb868bc034347a00f58855a69f/element/166C93E08C45D996A09688B170296328_element_8/name'
14:46:31.336 [Forwarding getElementTagName on session 454e4fcb868bc034347a00f58855a69f to remote] DEBUG org.asynchttpclient.netty.request.NettyRequestSender - Using open Channel [id: 0x18cde484, L:/127.0.0.1:53365 - R:localhost/127.0.0.1:39262] for GET '/session/454e4fcb868bc034347a00f58855a69f/element/166C93E08C45D996A09688B170296328_element_8/name'
14:46:31.348 [AsyncHttpClient-1-2] DEBUG org.asynchttpclient.netty.handler.HttpHandler - 

Request DefaultFullHttpRequest(decodeResult: success, version: HTTP/1.1, content: EmptyByteBufBE)
GET /session/454e4fcb868bc034347a00f58855a69f/element/166C93E08C45D996A09688B170296328_element_8/name HTTP/1.1
User-Agent: selenium/4.8.1 (java windows)
Cache-Control: no-cache
Content-Type: application/json; charset=utf-8
host: localhost:39262
accept: */*

Response DefaultHttpResponse(decodeResult: success, version: HTTP/1.1)
HTTP/1.1 200 OK
Content-Length: 18
Content-Type: application/json; charset=utf-8
cache-control: no-cache

14:46:31.348 [AsyncHttpClient-1-2] DEBUG org.asynchttpclient.netty.channel.ChannelManager - Adding key: http://localhost:39262 for channel [id: 0x18cde484, L:/127.0.0.1:53365 - R:localhost/127.0.0.1:39262]
14:46:31.356 [Forwarding isElementEnabled on session 454e4fcb868bc034347a00f58855a69f to remote] DEBUG org.asynchttpclient.netty.request.NettyRequestSender - Using pooled Channel '[id: 0x18cde484, L:/127.0.0.1:53365 - R:localhost/127.0.0.1:39262]' for 'GET' to 'http://localhost:39262/session/454e4fcb868bc034347a00f58855a69f/element/166C93E08C45D996A09688B170296328_element_8/enabled'
14:46:31.356 [Forwarding isElementEnabled on session 454e4fcb868bc034347a00f58855a69f to remote] DEBUG org.asynchttpclient.netty.request.NettyRequestSender - Using open Channel [id: 0x18cde484, L:/127.0.0.1:53365 - R:localhost/127.0.0.1:39262] for GET '/session/454e4fcb868bc034347a00f58855a69f/element/166C93E08C45D996A09688B170296328_element_8/enabled'
14:46:31.369 [AsyncHttpClient-1-2] DEBUG org.asynchttpclient.netty.handler.HttpHandler - 

Request DefaultFullHttpRequest(decodeResult: success, version: HTTP/1.1, content: EmptyByteBufBE)
GET /session/454e4fcb868bc034347a00f58855a69f/element/166C93E08C45D996A09688B170296328_element_8/enabled HTTP/1.1
User-Agent: selenium/4.8.1 (java windows)
Cache-Control: no-cache
Content-Type: application/json; charset=utf-8
host: localhost:39262
accept: */*

Response DefaultHttpResponse(decodeResult: success, version: HTTP/1.1)
HTTP/1.1 200 OK
Content-Length: 14
Content-Type: application/json; charset=utf-8
cache-control: no-cache

14:46:31.369 [AsyncHttpClient-1-2] DEBUG org.asynchttpclient.netty.channel.ChannelManager - Adding key: http://localhost:39262 for channel [id: 0x18cde484, L:/127.0.0.1:53365 - R:localhost/127.0.0.1:39262]
14:46:31.373 [Forwarding isElementEnabled on session 454e4fcb868bc034347a00f58855a69f to remote] DEBUG org.asynchttpclient.netty.request.NettyRequestSender - Using pooled Channel '[id: 0x18cde484, L:/127.0.0.1:53365 - R:localhost/127.0.0.1:39262]' for 'GET' to 'http://localhost:39262/session/454e4fcb868bc034347a00f58855a69f/element/166C93E08C45D996A09688B170296328_element_8/enabled'
14:46:31.373 [Forwarding isElementEnabled on session 454e4fcb868bc034347a00f58855a69f to remote] DEBUG org.asynchttpclient.netty.request.NettyRequestSender - Using open Channel [id: 0x18cde484, L:/127.0.0.1:53365 - R:localhost/127.0.0.1:39262] for GET '/session/454e4fcb868bc034347a00f58855a69f/element/166C93E08C45D996A09688B170296328_element_8/enabled'
14:46:31.384 [AsyncHttpClient-1-2] DEBUG org.asynchttpclient.netty.handler.HttpHandler - 

Request DefaultFullHttpRequest(decodeResult: success, version: HTTP/1.1, content: EmptyByteBufBE)
GET /session/454e4fcb868bc034347a00f58855a69f/element/166C93E08C45D996A09688B170296328_element_8/enabled HTTP/1.1
User-Agent: selenium/4.8.1 (java windows)
Cache-Control: no-cache
Content-Type: application/json; charset=utf-8
host: localhost:39262
accept: */*

Response DefaultHttpResponse(decodeResult: success, version: HTTP/1.1)
HTTP/1.1 200 OK
Content-Length: 14
Content-Type: application/json; charset=utf-8
cache-control: no-cache

14:46:31.384 [AsyncHttpClient-1-2] DEBUG org.asynchttpclient.netty.channel.ChannelManager - Adding key: http://localhost:39262 for channel [id: 0x18cde484, L:/127.0.0.1:53365 - R:localhost/127.0.0.1:39262]
14:46:31.390 [Forwarding findElement on session 454e4fcb868bc034347a00f58855a69f to remote] DEBUG org.asynchttpclient.netty.request.NettyRequestSender - Using pooled Channel '[id: 0x18cde484, L:/127.0.0.1:53365 - R:localhost/127.0.0.1:39262]' for 'POST' to 'http://localhost:39262/session/454e4fcb868bc034347a00f58855a69f/element'
14:46:31.390 [Forwarding findElement on session 454e4fcb868bc034347a00f58855a69f to remote] DEBUG org.asynchttpclient.netty.request.NettyRequestSender - Using open Channel [id: 0x18cde484, L:/127.0.0.1:53365 - R:localhost/127.0.0.1:39262] for POST '/session/454e4fcb868bc034347a00f58855a69f/element'
14:46:31.403 [AsyncHttpClient-1-2] DEBUG org.asynchttpclient.netty.handler.HttpHandler - 

Request DefaultHttpRequest(decodeResult: success, version: HTTP/1.1)
POST /session/454e4fcb868bc034347a00f58855a69f/element HTTP/1.1
User-Agent: selenium/4.8.1 (java windows)
Content-Length: 97
Content-Type: application/json; charset=utf-8
host: localhost:39262
accept: */*

Response DefaultHttpResponse(decodeResult: success, version: HTTP/1.1)
HTTP/1.1 200 OK
Content-Length: 94
Content-Type: application/json; charset=utf-8
cache-control: no-cache

14:46:31.404 [AsyncHttpClient-1-2] DEBUG org.asynchttpclient.netty.channel.ChannelManager - Adding key: http://localhost:39262 for channel [id: 0x18cde484, L:/127.0.0.1:53365 - R:localhost/127.0.0.1:39262]
14:46:31.407 [Forwarding clickElement on session 454e4fcb868bc034347a00f58855a69f to remote] DEBUG org.asynchttpclient.netty.request.NettyRequestSender - Using pooled Channel '[id: 0x18cde484, L:/127.0.0.1:53365 - R:localhost/127.0.0.1:39262]' for 'POST' to 'http://localhost:39262/session/454e4fcb868bc034347a00f58855a69f/element/166C93E08C45D996A09688B170296328_element_8/click'
14:46:31.407 [Forwarding clickElement on session 454e4fcb868bc034347a00f58855a69f to remote] DEBUG org.asynchttpclient.netty.request.NettyRequestSender - Using open Channel [id: 0x18cde484, L:/127.0.0.1:53365 - R:localhost/127.0.0.1:39262] for POST '/session/454e4fcb868bc034347a00f58855a69f/element/166C93E08C45D996A09688B170296328_element_8/click'
14:46:31.485 [AsyncHttpClient-1-2] DEBUG org.asynchttpclient.netty.handler.HttpHandler - 

Request DefaultHttpRequest(decodeResult: success, version: HTTP/1.1)
POST /session/454e4fcb868bc034347a00f58855a69f/element/166C93E08C45D996A09688B170296328_element_8/click HTTP/1.1
User-Agent: selenium/4.8.1 (java windows)
Content-Length: 56
Content-Type: application/json; charset=utf-8
host: localhost:39262
accept: */*

Response DefaultHttpResponse(decodeResult: success, version: HTTP/1.1)
HTTP/1.1 200 OK
Content-Length: 14
Content-Type: application/json; charset=utf-8
cache-control: no-cache

14:46:31.485 [AsyncHttpClient-1-2] DEBUG org.asynchttpclient.netty.channel.ChannelManager - Adding key: http://localhost:39262 for channel [id: 0x18cde484, L:/127.0.0.1:53365 - R:localhost/127.0.0.1:39262]
14:46:31.494 [main] DEBUG net.thucydides.core.steps.StepInterceptor - STEP DONE: clickLoginButton
  &amp#27;[32mAnd &amp#27;[0m&amp#27;[32muser click login to see ticket ka&amp#27;[0m               &amp#27;[90m# starter.stepdefinitions.Admin.DaftarTiketKeretaApi.LihatTiketKASteps.userClickLogin()&amp#27;[0m
14:46:31.510 [main] DEBUG net.thucydides.core.steps.StepInterceptor - STARTING STEP: LihatTiketKASteps.userOnDashboard - onDashboardPage
14:46:31.516 [Forwarding findElement on session 454e4fcb868bc034347a00f58855a69f to remote] DEBUG org.asynchttpclient.netty.request.NettyRequestSender - Using pooled Channel '[id: 0x18cde484, L:/127.0.0.1:53365 - R:localhost/127.0.0.1:39262]' for 'POST' to 'http://localhost:39262/session/454e4fcb868bc034347a00f58855a69f/element'
14:46:31.516 [Forwarding findElement on session 454e4fcb868bc034347a00f58855a69f to remote] DEBUG org.asynchttpclient.netty.request.NettyRequestSender - Using open Channel [id: 0x18cde484, L:/127.0.0.1:53365 - R:localhost/127.0.0.1:39262] for POST '/session/454e4fcb868bc034347a00f58855a69f/element'
14:46:31.751 [AsyncHttpClient-1-1] DEBUG org.asynchttpclient.netty.channel.DefaultChannelPool - Entry count for : http://localhost:53367 : 1
14:46:32.014 [AsyncHttpClient-1-2] DEBUG org.asynchttpclient.netty.handler.HttpHandler - 

Request DefaultHttpRequest(decodeResult: success, version: HTTP/1.1)
POST /session/454e4fcb868bc034347a00f58855a69f/element HTTP/1.1
User-Agent: selenium/4.8.1 (java windows)
Content-Length: 114
Content-Type: application/json; charset=utf-8
host: localhost:39262
accept: */*

Response DefaultHttpResponse(decodeResult: success, version: HTTP/1.1)
HTTP/1.1 200 OK
Content-Length: 95
Content-Type: application/json; charset=utf-8
cache-control: no-cache

14:46:32.014 [AsyncHttpClient-1-2] DEBUG org.asynchttpclient.netty.channel.ChannelManager - Adding key: http://localhost:39262 for channel [id: 0x18cde484, L:/127.0.0.1:53365 - R:localhost/127.0.0.1:39262]
14:46:32.027 [Forwarding isElementDisplayed on session 454e4fcb868bc034347a00f58855a69f to remote] DEBUG org.asynchttpclient.netty.request.NettyRequestSender - Using pooled Channel '[id: 0x18cde484, L:/127.0.0.1:53365 - R:localhost/127.0.0.1:39262]' for 'POST' to 'http://localhost:39262/session/454e4fcb868bc034347a00f58855a69f/execute/sync'
14:46:32.027 [Forwarding isElementDisplayed on session 454e4fcb868bc034347a00f58855a69f to remote] DEBUG org.asynchttpclient.netty.request.NettyRequestSender - Using open Channel [id: 0x18cde484, L:/127.0.0.1:53365 - R:localhost/127.0.0.1:39262] for POST '/session/454e4fcb868bc034347a00f58855a69f/execute/sync'
14:46:32.051 [AsyncHttpClient-1-2] DEBUG org.asynchttpclient.netty.handler.HttpHandler - 

Request DefaultHttpRequest(decodeResult: success, version: HTTP/1.1)
POST /session/454e4fcb868bc034347a00f58855a69f/execute/sync HTTP/1.1
User-Agent: selenium/4.8.1 (java windows)
Content-Length: 48814
Content-Type: application/json; charset=utf-8
host: localhost:39262
accept: */*

Response DefaultHttpResponse(decodeResult: success, version: HTTP/1.1)
HTTP/1.1 200 OK
Content-Length: 14
Content-Type: application/json; charset=utf-8
cache-control: no-cache

14:46:32.052 [AsyncHttpClient-1-2] DEBUG org.asynchttpclient.netty.channel.ChannelManager - Adding key: http://localhost:39262 for channel [id: 0x18cde484, L:/127.0.0.1:53365 - R:localhost/127.0.0.1:39262]
14:46:32.065 [Forwarding isElementDisplayed on session 454e4fcb868bc034347a00f58855a69f to remote] DEBUG org.asynchttpclient.netty.request.NettyRequestSender - Using pooled Channel '[id: 0x18cde484, L:/127.0.0.1:53365 - R:localhost/127.0.0.1:39262]' for 'POST' to 'http://localhost:39262/session/454e4fcb868bc034347a00f58855a69f/execute/sync'
14:46:32.065 [Forwarding isElementDisplayed on session 454e4fcb868bc034347a00f58855a69f to remote] DEBUG org.asynchttpclient.netty.request.NettyRequestSender - Using open Channel [id: 0x18cde484, L:/127.0.0.1:53365 - R:localhost/127.0.0.1:39262] for POST '/session/454e4fcb868bc034347a00f58855a69f/execute/sync'
14:46:32.082 [AsyncHttpClient-1-2] DEBUG org.asynchttpclient.netty.handler.HttpHandler - 

Request DefaultHttpRequest(decodeResult: success, version: HTTP/1.1)
POST /session/454e4fcb868bc034347a00f58855a69f/execute/sync HTTP/1.1
User-Agent: selenium/4.8.1 (java windows)
Content-Length: 48814
Content-Type: application/json; charset=utf-8
host: localhost:39262
accept: */*

Response DefaultHttpResponse(decodeResult: success, version: HTTP/1.1)
HTTP/1.1 200 OK
Content-Length: 14
Content-Type: application/json; charset=utf-8
cache-control: no-cache

14:46:32.083 [AsyncHttpClient-1-2] DEBUG org.asynchttpclient.netty.channel.ChannelManager - Adding key: http://localhost:39262 for channel [id: 0x18cde484, L:/127.0.0.1:53365 - R:localhost/127.0.0.1:39262]
14:46:32.086 [main] DEBUG net.thucydides.core.steps.StepInterceptor - STEP DONE: onDashboardPage
  &amp#27;[32mAnd &amp#27;[0m&amp#27;[32muser on dashboard to see ticket ka&amp#27;[0m              &amp#27;[90m# starter.stepdefinitions.Admin.DaftarTiketKeretaApi.LihatTiketKASteps.userOnDashboard()&amp#27;[0m
14:46:32.119 [main] DEBUG net.thucydides.core.steps.StepInterceptor - STARTING STEP: LihatTiketKASteps.userClickTiketKA - clickTiketKABT
14:46:32.130 [Forwarding findElement on session 454e4fcb868bc034347a00f58855a69f to remote] DEBUG org.asynchttpclient.netty.request.NettyRequestSender - Using pooled Channel '[id: 0x18cde484, L:/127.0.0.1:53365 - R:localhost/127.0.0.1:39262]' for 'POST' to 'http://localhost:39262/session/454e4fcb868bc034347a00f58855a69f/element'
14:46:32.131 [Forwarding findElement on session 454e4fcb868bc034347a00f58855a69f to remote] DEBUG org.asynchttpclient.netty.request.NettyRequestSender - Using open Channel [id: 0x18cde484, L:/127.0.0.1:53365 - R:localhost/127.0.0.1:39262] for POST '/session/454e4fcb868bc034347a00f58855a69f/element'
14:46:32.255 [AsyncHttpClient-1-2] DEBUG org.asynchttpclient.netty.handler.HttpHandler - 

Request DefaultHttpRequest(decodeResult: success, version: HTTP/1.1)
POST /session/454e4fcb868bc034347a00f58855a69f/element HTTP/1.1
User-Agent: selenium/4.8.1 (java windows)
Content-Length: 143
Content-Type: application/json; charset=utf-8
host: localhost:39262
accept: */*

Response DefaultHttpResponse(decodeResult: success, version: HTTP/1.1)
HTTP/1.1 200 OK
Content-Length: 95
Content-Type: application/json; charset=utf-8
cache-control: no-cache

14:46:32.256 [AsyncHttpClient-1-2] DEBUG org.asynchttpclient.netty.channel.ChannelManager - Adding key: http://localhost:39262 for channel [id: 0x18cde484, L:/127.0.0.1:53365 - R:localhost/127.0.0.1:39262]
14:46:32.259 [Forwarding getElementTagName on session 454e4fcb868bc034347a00f58855a69f to remote] DEBUG org.asynchttpclient.netty.request.NettyRequestSender - Using pooled Channel '[id: 0x18cde484, L:/127.0.0.1:53365 - R:localhost/127.0.0.1:39262]' for 'GET' to 'http://localhost:39262/session/454e4fcb868bc034347a00f58855a69f/element/166C93E08C45D996A09688B170296328_element_36/name'
14:46:32.259 [Forwarding getElementTagName on session 454e4fcb868bc034347a00f58855a69f to remote] DEBUG org.asynchttpclient.netty.request.NettyRequestSender - Using open Channel [id: 0x18cde484, L:/127.0.0.1:53365 - R:localhost/127.0.0.1:39262] for GET '/session/454e4fcb868bc034347a00f58855a69f/element/166C93E08C45D996A09688B170296328_element_36/name'
14:46:32.325 [AsyncHttpClient-1-2] DEBUG org.asynchttpclient.netty.handler.HttpHandler - 

Request DefaultFullHttpRequest(decodeResult: success, version: HTTP/1.1, content: EmptyByteBufBE)
GET /session/454e4fcb868bc034347a00f58855a69f/element/166C93E08C45D996A09688B170296328_element_36/name HTTP/1.1
User-Agent: selenium/4.8.1 (java windows)
Cache-Control: no-cache
Content-Type: application/json; charset=utf-8
host: localhost:39262
accept: */*

Response DefaultHttpResponse(decodeResult: success, version: HTTP/1.1)
HTTP/1.1 200 OK
Content-Length: 13
Content-Type: application/json; charset=utf-8
cache-control: no-cache

14:46:32.326 [AsyncHttpClient-1-2] DEBUG org.asynchttpclient.netty.channel.ChannelManager - Adding key: http://localhost:39262 for channel [id: 0x18cde484, L:/127.0.0.1:53365 - R:localhost/127.0.0.1:39262]
14:46:32.329 [Forwarding getElementTagName on session 454e4fcb868bc034347a00f58855a69f to remote] DEBUG org.asynchttpclient.netty.request.NettyRequestSender - Using pooled Channel '[id: 0x18cde484, L:/127.0.0.1:53365 - R:localhost/127.0.0.1:39262]' for 'GET' to 'http://localhost:39262/session/454e4fcb868bc034347a00f58855a69f/element/166C93E08C45D996A09688B170296328_element_36/name'
14:46:32.329 [Forwarding getElementTagName on session 454e4fcb868bc034347a00f58855a69f to remote] DEBUG org.asynchttpclient.netty.request.NettyRequestSender - Using open Channel [id: 0x18cde484, L:/127.0.0.1:53365 - R:localhost/127.0.0.1:39262] for GET '/session/454e4fcb868bc034347a00f58855a69f/element/166C93E08C45D996A09688B170296328_element_36/name'
14:46:32.339 [AsyncHttpClient-1-2] DEBUG org.asynchttpclient.netty.handler.HttpHandler - 

Request DefaultFullHttpRequest(decodeResult: success, version: HTTP/1.1, content: EmptyByteBufBE)
GET /session/454e4fcb868bc034347a00f58855a69f/element/166C93E08C45D996A09688B170296328_element_36/name HTTP/1.1
User-Agent: selenium/4.8.1 (java windows)
Cache-Control: no-cache
Content-Type: application/json; charset=utf-8
host: localhost:39262
accept: */*

Response DefaultHttpResponse(decodeResult: success, version: HTTP/1.1)
HTTP/1.1 200 OK
Content-Length: 13
Content-Type: application/json; charset=utf-8
cache-control: no-cache

14:46:32.339 [AsyncHttpClient-1-2] DEBUG org.asynchttpclient.netty.channel.ChannelManager - Adding key: http://localhost:39262 for channel [id: 0x18cde484, L:/127.0.0.1:53365 - R:localhost/127.0.0.1:39262]
14:46:32.348 [Forwarding findElement on session 454e4fcb868bc034347a00f58855a69f to remote] DEBUG org.asynchttpclient.netty.request.NettyRequestSender - Using pooled Channel '[id: 0x18cde484, L:/127.0.0.1:53365 - R:localhost/127.0.0.1:39262]' for 'POST' to 'http://localhost:39262/session/454e4fcb868bc034347a00f58855a69f/element'
14:46:32.348 [Forwarding findElement on session 454e4fcb868bc034347a00f58855a69f to remote] DEBUG org.asynchttpclient.netty.request.NettyRequestSender - Using open Channel [id: 0x18cde484, L:/127.0.0.1:53365 - R:localhost/127.0.0.1:39262] for POST '/session/454e4fcb868bc034347a00f58855a69f/element'
14:46:32.373 [AsyncHttpClient-1-2] DEBUG org.asynchttpclient.netty.handler.HttpHandler - 

Request DefaultHttpRequest(decodeResult: success, version: HTTP/1.1)
POST /session/454e4fcb868bc034347a00f58855a69f/element HTTP/1.1
User-Agent: selenium/4.8.1 (java windows)
Content-Length: 143
Content-Type: application/json; charset=utf-8
host: localhost:39262
accept: */*

Response DefaultHttpResponse(decodeResult: success, version: HTTP/1.1)
HTTP/1.1 200 OK
Content-Length: 95
Content-Type: application/json; charset=utf-8
cache-control: no-cache

14:46:32.374 [AsyncHttpClient-1-2] DEBUG org.asynchttpclient.netty.channel.ChannelManager - Adding key: http://localhost:39262 for channel [id: 0x18cde484, L:/127.0.0.1:53365 - R:localhost/127.0.0.1:39262]
14:46:32.376 [Forwarding clickElement on session 454e4fcb868bc034347a00f58855a69f to remote] DEBUG org.asynchttpclient.netty.request.NettyRequestSender - Using pooled Channel '[id: 0x18cde484, L:/127.0.0.1:53365 - R:localhost/127.0.0.1:39262]' for 'POST' to 'http://localhost:39262/session/454e4fcb868bc034347a00f58855a69f/element/166C93E08C45D996A09688B170296328_element_36/click'
14:46:32.376 [Forwarding clickElement on session 454e4fcb868bc034347a00f58855a69f to remote] DEBUG org.asynchttpclient.netty.request.NettyRequestSender - Using open Channel [id: 0x18cde484, L:/127.0.0.1:53365 - R:localhost/127.0.0.1:39262] for POST '/session/454e4fcb868bc034347a00f58855a69f/element/166C93E08C45D996A09688B170296328_element_36/click'
14:46:32.848 [AsyncHttpClient-1-1] DEBUG org.asynchttpclient.netty.channel.DefaultChannelPool - Entry count for : http://localhost:53367 : 1
14:46:33.467 [AsyncHttpClient-1-2] DEBUG org.asynchttpclient.netty.handler.HttpHandler - 

Request DefaultHttpRequest(decodeResult: success, version: HTTP/1.1)
POST /session/454e4fcb868bc034347a00f58855a69f/element/166C93E08C45D996A09688B170296328_element_36/click HTTP/1.1
User-Agent: selenium/4.8.1 (java windows)
Content-Length: 57
Content-Type: application/json; charset=utf-8
host: localhost:39262
accept: */*

Response DefaultHttpResponse(decodeResult: success, version: HTTP/1.1)
HTTP/1.1 400 Bad Request
Content-Length: 1306
Content-Type: application/json; charset=utf-8
cache-control: no-cache

14:46:33.469 [AsyncHttpClient-1-2] DEBUG org.asynchttpclient.netty.channel.ChannelManager - Adding key: http://localhost:39262 for channel [id: 0x18cde484, L:/127.0.0.1:53365 - R:localhost/127.0.0.1:39262]
14:46:33.778 [Forwarding clickElement on session 454e4fcb868bc034347a00f58855a69f to remote] DEBUG org.asynchttpclient.netty.request.NettyRequestSender - Using pooled Channel '[id: 0x18cde484, L:/127.0.0.1:53365 - R:localhost/127.0.0.1:39262]' for 'POST' to 'http://localhost:39262/session/454e4fcb868bc034347a00f58855a69f/element/166C93E08C45D996A09688B170296328_element_36/click'
14:46:33.778 [Forwarding clickElement on session 454e4fcb868bc034347a00f58855a69f to remote] DEBUG org.asynchttpclient.netty.request.NettyRequestSender - Using open Channel [id: 0x18cde484, L:/127.0.0.1:53365 - R:localhost/127.0.0.1:39262] for POST '/session/454e4fcb868bc034347a00f58855a69f/element/166C93E08C45D996A09688B170296328_element_36/click'
14:46:33.946 [AsyncHttpClient-1-1] DEBUG org.asynchttpclient.netty.channel.DefaultChannelPool - Entry count for : http://localhost:53367 : 1
14:46:34.213 [AsyncHttpClient-1-2] DEBUG org.asynchttpclient.netty.handler.HttpHandler - 

Request DefaultHttpRequest(decodeResult: success, version: HTTP/1.1)
POST /session/454e4fcb868bc034347a00f58855a69f/element/166C93E08C45D996A09688B170296328_element_36/click HTTP/1.1
User-Agent: selenium/4.8.1 (java windows)
Content-Length: 57
Content-Type: application/json; charset=utf-8
host: localhost:39262
accept: */*

Response DefaultHttpResponse(decodeResult: success, version: HTTP/1.1)
HTTP/1.1 200 OK
Content-Length: 14
Content-Type: application/json; charset=utf-8
cache-control: no-cache

14:46:34.213 [AsyncHttpClient-1-2] DEBUG org.asynchttpclient.netty.channel.ChannelManager - Adding key: http://localhost:39262 for channel [id: 0x18cde484, L:/127.0.0.1:53365 - R:localhost/127.0.0.1:39262]
14:46:34.229 [main] DEBUG net.thucydides.core.steps.StepInterceptor - STEP DONE: clickTiketKABT
  &amp#27;[32mAnd &amp#27;[0m&amp#27;[32muser click tiket kereta api to see ticket ka&amp#27;[0m    &amp#27;[90m# starter.stepdefinitions.Admin.DaftarTiketKeretaApi.LihatTiketKASteps.userClickTiketKA()&amp#27;[0m
14:46:34.260 [main] DEBUG net.thucydides.core.steps.StepInterceptor - STARTING STEP: LihatTiketKASteps.userOnTicketKAPage - onDaftarTiketKA
14:46:34.265 [Forwarding findElement on session 454e4fcb868bc034347a00f58855a69f to remote] DEBUG org.asynchttpclient.netty.request.NettyRequestSender - Using pooled Channel '[id: 0x18cde484, L:/127.0.0.1:53365 - R:localhost/127.0.0.1:39262]' for 'POST' to 'http://localhost:39262/session/454e4fcb868bc034347a00f58855a69f/element'
14:46:34.265 [Forwarding findElement on session 454e4fcb868bc034347a00f58855a69f to remote] DEBUG org.asynchttpclient.netty.request.NettyRequestSender - Using open Channel [id: 0x18cde484, L:/127.0.0.1:53365 - R:localhost/127.0.0.1:39262] for POST '/session/454e4fcb868bc034347a00f58855a69f/element'
14:46:34.282 [AsyncHttpClient-1-2] DEBUG org.asynchttpclient.netty.handler.HttpHandler - 

Request DefaultHttpRequest(decodeResult: success, version: HTTP/1.1)
POST /session/454e4fcb868bc034347a00f58855a69f/element HTTP/1.1
User-Agent: selenium/4.8.1 (java windows)
Content-Length: 135
Content-Type: application/json; charset=utf-8
host: localhost:39262
accept: */*

Response DefaultHttpResponse(decodeResult: success, version: HTTP/1.1)
HTTP/1.1 200 OK
Content-Length: 95
Content-Type: application/json; charset=utf-8
cache-control: no-cache

14:46:34.283 [AsyncHttpClient-1-2] DEBUG org.asynchttpclient.netty.channel.ChannelManager - Adding key: http://localhost:39262 for channel [id: 0x18cde484, L:/127.0.0.1:53365 - R:localhost/127.0.0.1:39262]
14:46:34.291 [Forwarding isElementDisplayed on session 454e4fcb868bc034347a00f58855a69f to remote] DEBUG org.asynchttpclient.netty.request.NettyRequestSender - Using pooled Channel '[id: 0x18cde484, L:/127.0.0.1:53365 - R:localhost/127.0.0.1:39262]' for 'POST' to 'http://localhost:39262/session/454e4fcb868bc034347a00f58855a69f/execute/sync'
14:46:34.291 [Forwarding isElementDisplayed on session 454e4fcb868bc034347a00f58855a69f to remote] DEBUG org.asynchttpclient.netty.request.NettyRequestSender - Using open Channel [id: 0x18cde484, L:/127.0.0.1:53365 - R:localhost/127.0.0.1:39262] for POST '/session/454e4fcb868bc034347a00f58855a69f/execute/sync'
14:46:34.303 [AsyncHttpClient-1-2] DEBUG org.asynchttpclient.netty.handler.HttpHandler - 

Request DefaultHttpRequest(decodeResult: success, version: HTTP/1.1)
POST /session/454e4fcb868bc034347a00f58855a69f/execute/sync HTTP/1.1
User-Agent: selenium/4.8.1 (java windows)
Content-Length: 48814
Content-Type: application/json; charset=utf-8
host: localhost:39262
accept: */*

Response DefaultHttpResponse(decodeResult: success, version: HTTP/1.1)
HTTP/1.1 200 OK
Content-Length: 14
Content-Type: application/json; charset=utf-8
cache-control: no-cache

14:46:34.304 [AsyncHttpClient-1-2] DEBUG org.asynchttpclient.netty.channel.ChannelManager - Adding key: http://localhost:39262 for channel [id: 0x18cde484, L:/127.0.0.1:53365 - R:localhost/127.0.0.1:39262]
14:46:34.309 [Forwarding isElementDisplayed on session 454e4fcb868bc034347a00f58855a69f to remote] DEBUG org.asynchttpclient.netty.request.NettyRequestSender - Using pooled Channel '[id: 0x18cde484, L:/127.0.0.1:53365 - R:localhost/127.0.0.1:39262]' for 'POST' to 'http://localhost:39262/session/454e4fcb868bc034347a00f58855a69f/execute/sync'
14:46:34.309 [Forwarding isElementDisplayed on session 454e4fcb868bc034347a00f58855a69f to remote] DEBUG org.asynchttpclient.netty.request.NettyRequestSender - Using open Channel [id: 0x18cde484, L:/127.0.0.1:53365 - R:localhost/127.0.0.1:39262] for POST '/session/454e4fcb868bc034347a00f58855a69f/execute/sync'
14:46:34.324 [AsyncHttpClient-1-2] DEBUG org.asynchttpclient.netty.handler.HttpHandler - 

Request DefaultHttpRequest(decodeResult: success, version: HTTP/1.1)
POST /session/454e4fcb868bc034347a00f58855a69f/execute/sync HTTP/1.1
User-Agent: selenium/4.8.1 (java windows)
Content-Length: 48814
Content-Type: application/json; charset=utf-8
host: localhost:39262
accept: */*

Response DefaultHttpResponse(decodeResult: success, version: HTTP/1.1)
HTTP/1.1 200 OK
Content-Length: 14
Content-Type: application/json; charset=utf-8
cache-control: no-cache

14:46:34.325 [AsyncHttpClient-1-2] DEBUG org.asynchttpclient.netty.channel.ChannelManager - Adding key: http://localhost:39262 for channel [id: 0x18cde484, L:/127.0.0.1:53365 - R:localhost/127.0.0.1:39262]
14:46:34.327 [main] DEBUG net.thucydides.core.steps.StepInterceptor - STEP DONE: onDaftarTiketKA
  &amp#27;[32mThen &amp#27;[0m&amp#27;[32muser on tiket kereta api page to see ticket ka&amp#27;[0m &amp#27;[90m# starter.stepdefinitions.Admin.DaftarTiketKeretaApi.LihatTiketKASteps.userOnTicketKAPage()&amp#27;[0m
14:46:34.338 [main] INFO  - 
  _____   ___   ___   _____     ___     _     ___   ___   ___   ___  
 |_   _| | __| / __| |_   _|   | _ \   /_\   / __| / __| | __| |   \ 
   | |   | _|  \__ \   | |     |  _/  / _ \  \__ \ \__ \ | _|  | |) |
   |_|   |___| |___/   |_|     |_|   /_/ \_\ |___/ |___/ |___| |___/ 

as admin i want to see list of ticket ka
----------------------------------------------------------------------
14:46:34.424 [Driver Command Executor] DEBUG org.asynchttpclient.netty.request.NettyRequestSender - Using pooled Channel '[id: 0x18cde484, L:/127.0.0.1:53365 - R:localhost/127.0.0.1:39262]' for 'DELETE' to 'http://localhost:39262/session/454e4fcb868bc034347a00f58855a69f'
14:46:34.424 [Driver Command Executor] DEBUG org.asynchttpclient.netty.request.NettyRequestSender - Using open Channel [id: 0x18cde484, L:/127.0.0.1:53365 - R:localhost/127.0.0.1:39262] for DELETE '/session/454e4fcb868bc034347a00f58855a69f'
14:46:34.428 [AsyncHttpClient-1-4] DEBUG org.asynchttpclient.netty.handler.WebSocketHandler - Channel Closed: [id: 0x01653cb0, L:/127.0.0.1:53375 ! R:localhost/127.0.0.1:53367] with attribute NettyResponseFuture{currentRetry=0,
	isDone=1,
	isCancelled=0,
	asyncHandler=org.asynchttpclient.ws.WebSocketUpgradeHandler@517c453f,
	nettyRequest=org.asynchttpclient.netty.request.NettyRequest@6b6e1981,
	future=java.util.concurrent.CompletableFuture@2ff7634c[Completed normally],
	uri=ws://localhost:53367/devtools/browser/1777018a-427e-42dd-9f9c-aa080f579834,
	keepAlive=true,
	redirectCount=0,
	timeoutsHolder=null,
	inAuth=0,
	touch=1687333588760}
14:46:34.428 [AsyncHttpClient-1-4] DEBUG org.asynchttpclient.netty.channel.ChannelManager - Closing Channel [id: 0x01653cb0, L:/127.0.0.1:53375 ! R:localhost/127.0.0.1:53367] 
14:46:34.552 [AsyncHttpClient-1-3] DEBUG org.asynchttpclient.netty.handler.HttpHandler - Unexpected I/O exception on channel [id: 0x92f09059, L:/127.0.0.1:53374 - R:localhost/127.0.0.1:53367]
java.io.IOException: An existing connection was forcibly closed by the remote host
	at sun.nio.ch.SocketDispatcher.read0(Native Method)
	at sun.nio.ch.SocketDispatcher.read(SocketDispatcher.java:43)
	at sun.nio.ch.IOUtil.readIntoNativeBuffer(IOUtil.java:223)
	at sun.nio.ch.IOUtil.read(IOUtil.java:192)
	at sun.nio.ch.SocketChannelImpl.read(SocketChannelImpl.java:380)
	at io.netty.buffer.PooledByteBuf.setBytes(PooledByteBuf.java:259)
	at io.netty.buffer.AbstractByteBuf.writeBytes(AbstractByteBuf.java:1132)
	at io.netty.channel.socket.nio.NioSocketChannel.doReadBytes(NioSocketChannel.java:357)
	at io.netty.channel.nio.AbstractNioByteChannel$NioByteUnsafe.read(AbstractNioByteChannel.java:151)
	at io.netty.channel.nio.NioEventLoop.processSelectedKey(NioEventLoop.java:788)
	at io.netty.channel.nio.NioEventLoop.processSelectedKeysOptimized(NioEventLoop.java:724)
	at io.netty.channel.nio.NioEventLoop.processSelectedKeys(NioEventLoop.java:650)
	at io.netty.channel.nio.NioEventLoop.run(NioEventLoop.java:562)
	at io.netty.util.concurrent.SingleThreadEventExecutor$4.run(SingleThreadEventExecutor.java:997)
	at io.netty.util.internal.ThreadExecutorMap$2.run(ThreadExecutorMap.java:74)
	at io.netty.util.concurrent.FastThreadLocalRunnable.run(FastThreadLocalRunnable.java:30)
	at java.lang.Thread.run(Thread.java:748)
14:46:34.552 [AsyncHttpClient-1-3] DEBUG org.asynchttpclient.netty.channel.ChannelManager - Closing Channel [id: 0x92f09059, L:/127.0.0.1:53374 - R:localhost/127.0.0.1:53367] 
14:46:34.556 [AsyncHttpClient-1-3] DEBUG org.asynchttpclient.netty.handler.HttpHandler - Channel Closed: [id: 0x92f09059, L:/127.0.0.1:53374 ! R:localhost/127.0.0.1:53367] with attribute DISCARD
14:46:34.666 [AsyncHttpClient-1-2] DEBUG org.asynchttpclient.netty.handler.HttpHandler - 

Request DefaultFullHttpRequest(decodeResult: success, version: HTTP/1.1, content: EmptyByteBufBE)
DELETE /session/454e4fcb868bc034347a00f58855a69f HTTP/1.1
User-Agent: selenium/4.8.1 (java windows)
Content-Type: application/json; charset=utf-8
host: localhost:39262
accept: */*

Response DefaultHttpResponse(decodeResult: success, version: HTTP/1.1)
HTTP/1.1 200 OK
Content-Length: 14
Content-Type: application/json; charset=utf-8
cache-control: no-cache

14:46:34.667 [AsyncHttpClient-1-2] DEBUG org.asynchttpclient.netty.channel.ChannelManager - Adding key: http://localhost:39262 for channel [id: 0x18cde484, L:/127.0.0.1:53365 - R:localhost/127.0.0.1:39262]
14:46:34.739 [AsyncHttpClient-1-2] DEBUG org.asynchttpclient.netty.handler.HttpHandler - Channel Closed: [id: 0x18cde484, L:/127.0.0.1:53365 ! R:localhost/127.0.0.1:39262] with attribute DISCARD
14:46:35.049 [AsyncHttpClient-1-1] DEBUG org.asynchttpclient.netty.channel.DefaultChannelPool - Entry count for : http://localhost:39262 : 1
14:46:35.050 [AsyncHttpClient-1-1] DEBUG org.asynchttpclient.netty.channel.DefaultChannelPool - Entry count for : http://localhost:53367 : 1
14:46:35.051 [AsyncHttpClient-1-1] DEBUG org.asynchttpclient.netty.channel.DefaultChannelPool - Adding Candidate expired Channel [id: 0x18cde484, L:/127.0.0.1:53365 ! R:localhost/127.0.0.1:39262] isIdleTimeoutExpired=false isRemotelyClosed=true isTtlExpired=false
14:46:35.051 [AsyncHttpClient-1-1] DEBUG org.asynchttpclient.netty.channel.DefaultChannelPool - Closing Idle Channel [id: 0x18cde484, L:/127.0.0.1:53365 ! R:localhost/127.0.0.1:39262]
14:46:35.051 [AsyncHttpClient-1-1] DEBUG org.asynchttpclient.netty.channel.DefaultChannelPool - Adding Candidate expired Channel [id: 0x92f09059, L:/127.0.0.1:53374 ! R:localhost/127.0.0.1:53367] isIdleTimeoutExpired=false isRemotelyClosed=true isTtlExpired=false
14:46:35.051 [AsyncHttpClient-1-1] DEBUG org.asynchttpclient.netty.channel.DefaultChannelPool - Closing Idle Channel [id: 0x92f09059, L:/127.0.0.1:53374 ! R:localhost/127.0.0.1:53367]
14:46:35.051 [AsyncHttpClient-1-1] DEBUG org.asynchttpclient.netty.channel.DefaultChannelPool - Closed 2 connections out of 2 in 1 ms
]]></system-out>
    <system-err><![CDATA[Starting ChromeDriver 114.0.5735.90 (386bc09e8f4f2e025eddae123f36f6263096ae49-refs/branch-heads/5735@{#1052}) on port 39262
Only local connections are allowed.
Please see https://chromedriver.chromium.org/security-considerations for suggestions on keeping ChromeDriver safe.
ChromeDriver was started successfully.
Jun 21, 2023 2:46:28 PM org.openqa.selenium.devtools.CdpVersionFinder findNearestMatch
WARNING: Unable to find an exact match for CDP version 114, so returning the closest version found: 110
]]></system-err>
  </testcase>
  <testcase name="as admin i want to see list of ticket ka and search ticket" classname="As a admin i want to see ticket of KA" time="12.821">
    <failure type="java.lang.AssertionError"><![CDATA[java.lang.AssertionError: Element should be visible
]]></failure>
    <system-out><![CDATA[
@DaftarKA @seedaftarkaandsearchticket
Scenario: as admin i want to see list of ticket ka and search ticket     &amp#27;[90m# src/test/resources/features/Admin/DaftarTiketKeretaApi/DaftarTiketKA.feature:15&amp#27;[0m
14:46:35.390 [main] DEBUG io.cucumber.core.plugin.SerenityReporter - Running feature from file:///D:/D/QE_Alta/capstone/web-automation-test/src/test/resources/features/Admin/DaftarTiketKeretaApi/DaftarTiketKA.feature
14:46:35.395 [main] INFO  - 
  _____   ___   ___   _____     ___   _____     _     ___   _____   ___   ___  
 |_   _| | __| / __| |_   _|   / __| |_   _|   /_\   | _ \ |_   _| | __| |   \ 
   | |   | _|  \__ \   | |     \__ \   | |    / _ \  |   /   | |   | _|  | |) |
   |_|   |___| |___/   |_|     |___/   |_|   /_/ \_\ |_|_\   |_|   |___| |___/ 

as admin i want to see list of ticket ka and search ticket(as-a-admin-i-want-to-see-ticket-of-ka;as-admin-i-want-to-see-list-of-ticket-ka-and-search-ticket)
--------------------------------------------------------------------------------
14:46:35.441 [main] DEBUG net.thucydides.core.steps.StepInterceptor - STARTING STEP: LihatTiketKASteps.userOnLoginPage2 - onLoginPage
14:46:35.600 [main] INFO net.serenitybdd.core.webdriver.driverproviders.ChromeDriverProvider - Starting Chrome driver instance with capabilities:
14:46:35.600 [main] INFO net.serenitybdd.core.webdriver.driverproviders.ChromeDriverProvider - Capabilities {acceptInsecureCerts: true, browserName: chrome, goog:chromeOptions: {args: [remote-allow-origins=*, test-type, no-sandbox, ignore-certificate-errors, start-maximized, incognito, disable-infobars, disable-gpu, disable-default-apps, disable-popup-blocking, remote-allow-origins=*, test-type, no-sandbox, ignore-certificate-errors, start-maximized, incognito, disable-infobars, disable-gpu, disable-default-apps, disable-popup-blocking, remote-allow-origins=*], extensions: []}}
14:46:36.231 [AsyncHttpClient-1-5] DEBUG org.asynchttpclient.netty.channel.NettyConnectListener - Using new Channel '[id: 0x6ec29587, L:/127.0.0.1:53391 - R:localhost/127.0.0.1:32223]' for 'POST' to '/session'
14:46:37.168 [AsyncHttpClient-1-5] DEBUG org.asynchttpclient.netty.handler.HttpHandler - 

Request DefaultHttpRequest(decodeResult: success, version: HTTP/1.1)
POST /session HTTP/1.1
User-Agent: selenium/4.8.1 (java windows)
Content-Length: 1701
Content-Type: application/json; charset=utf-8
host: localhost:32223
accept: */*

Response DefaultHttpResponse(decodeResult: success, version: HTTP/1.1)
HTTP/1.1 200 OK
Content-Length: 863
Content-Type: application/json; charset=utf-8
cache-control: no-cache

14:46:37.168 [AsyncHttpClient-1-5] DEBUG org.asynchttpclient.netty.channel.ChannelManager - Adding key: http://localhost:32223 for channel [id: 0x6ec29587, L:/127.0.0.1:53391 - R:localhost/127.0.0.1:32223]
14:46:37.181 [AsyncHttpClient-1-6] DEBUG org.asynchttpclient.netty.channel.NettyConnectListener - Using new Channel '[id: 0x1e2cb504, L:/127.0.0.1:53399 - R:localhost/127.0.0.1:53392]' for 'GET' to '/json/version'
14:46:37.183 [AsyncHttpClient-1-6] DEBUG org.asynchttpclient.netty.handler.HttpHandler - 

Request DefaultFullHttpRequest(decodeResult: success, version: HTTP/1.1, content: EmptyByteBufBE)
GET /json/version HTTP/1.1
User-Agent: selenium/4.8.1 (java windows)
host: localhost:53392
accept: */*

Response DefaultHttpResponse(decodeResult: success, version: HTTP/1.1)
HTTP/1.1 200 OK
Content-Security-Policy: frame-ancestors 'none'
Content-Length: 424
Content-Type: application/json; charset=UTF-8

14:46:37.183 [AsyncHttpClient-1-6] DEBUG org.asynchttpclient.netty.channel.ChannelManager - Adding key: http://localhost:53392 for channel [id: 0x1e2cb504, L:/127.0.0.1:53399 - R:localhost/127.0.0.1:53392]
14:46:37.193 [AsyncHttpClient-1-7] DEBUG org.asynchttpclient.netty.channel.NettyConnectListener - Using new Channel '[id: 0x532657ec, L:/127.0.0.1:53400 - R:localhost/127.0.0.1:53392]' for 'GET' to '/devtools/browser/dad7f10b-ba7a-4911-815d-33e89448d22e'
14:46:37.194 [AsyncHttpClient-1-7] DEBUG org.asynchttpclient.netty.handler.WebSocketHandler - 

Request DefaultFullHttpRequest(decodeResult: success, version: HTTP/1.1, content: EmptyByteBufBE)
GET /devtools/browser/dad7f10b-ba7a-4911-815d-33e89448d22e HTTP/1.1
upgrade: websocket
connection: upgrade
sec-websocket-key: 5ZCp60mvysGqd4N+NjatKw==
sec-websocket-version: 13
origin: http://localhost:53392
host: localhost:53392
accept: */*
user-agent: AHC/2.1

Response DefaultHttpResponse(decodeResult: success, version: HTTP/1.1)
HTTP/1.1 101 WebSocket Protocol Handshake
Upgrade: WebSocket
Connection: Upgrade
Sec-WebSocket-Accept: VTaKG4CdgXDt6KoTaPPGK6k0QNQ=

14:46:37.201 [Forwarding get on session ac60a9c55f1644c9eb51cb668a93d693 to remote] DEBUG org.asynchttpclient.netty.request.NettyRequestSender - Using pooled Channel '[id: 0x6ec29587, L:/127.0.0.1:53391 - R:localhost/127.0.0.1:32223]' for 'POST' to 'http://localhost:32223/session/ac60a9c55f1644c9eb51cb668a93d693/url'
14:46:37.202 [Forwarding get on session ac60a9c55f1644c9eb51cb668a93d693 to remote] DEBUG org.asynchttpclient.netty.request.NettyRequestSender - Using open Channel [id: 0x6ec29587, L:/127.0.0.1:53391 - R:localhost/127.0.0.1:32223] for POST '/session/ac60a9c55f1644c9eb51cb668a93d693/url'
14:46:37.248 [AsyncHttpClient-1-1] DEBUG org.asynchttpclient.netty.channel.DefaultChannelPool - Entry count for : http://localhost:53392 : 1
14:46:37.999 [AsyncHttpClient-1-5] DEBUG org.asynchttpclient.netty.handler.HttpHandler - 

Request DefaultHttpRequest(decodeResult: success, version: HTTP/1.1)
POST /session/ac60a9c55f1644c9eb51cb668a93d693/url HTTP/1.1
User-Agent: selenium/4.8.1 (java windows)
Content-Length: 64
Content-Type: application/json; charset=utf-8
host: localhost:32223
accept: */*

Response DefaultHttpResponse(decodeResult: success, version: HTTP/1.1)
HTTP/1.1 200 OK
Content-Length: 14
Content-Type: application/json; charset=utf-8
cache-control: no-cache

14:46:37.999 [AsyncHttpClient-1-5] DEBUG org.asynchttpclient.netty.channel.ChannelManager - Adding key: http://localhost:32223 for channel [id: 0x6ec29587, L:/127.0.0.1:53391 - R:localhost/127.0.0.1:32223]
14:46:38.003 [Forwarding setTimeout on session ac60a9c55f1644c9eb51cb668a93d693 to remote] DEBUG org.asynchttpclient.netty.request.NettyRequestSender - Using pooled Channel '[id: 0x6ec29587, L:/127.0.0.1:53391 - R:localhost/127.0.0.1:32223]' for 'POST' to 'http://localhost:32223/session/ac60a9c55f1644c9eb51cb668a93d693/timeouts'
14:46:38.003 [Forwarding setTimeout on session ac60a9c55f1644c9eb51cb668a93d693 to remote] DEBUG org.asynchttpclient.netty.request.NettyRequestSender - Using open Channel [id: 0x6ec29587, L:/127.0.0.1:53391 - R:localhost/127.0.0.1:32223] for POST '/session/ac60a9c55f1644c9eb51cb668a93d693/timeouts'
14:46:38.006 [AsyncHttpClient-1-5] DEBUG org.asynchttpclient.netty.handler.HttpHandler - 

Request DefaultHttpRequest(decodeResult: success, version: HTTP/1.1)
POST /session/ac60a9c55f1644c9eb51cb668a93d693/timeouts HTTP/1.1
User-Agent: selenium/4.8.1 (java windows)
Content-Length: 22
Content-Type: application/json; charset=utf-8
host: localhost:32223
accept: */*

Response DefaultHttpResponse(decodeResult: success, version: HTTP/1.1)
HTTP/1.1 200 OK
Content-Length: 14
Content-Type: application/json; charset=utf-8
cache-control: no-cache

14:46:38.006 [AsyncHttpClient-1-5] DEBUG org.asynchttpclient.netty.channel.ChannelManager - Adding key: http://localhost:32223 for channel [id: 0x6ec29587, L:/127.0.0.1:53391 - R:localhost/127.0.0.1:32223]
14:46:38.015 [Forwarding findElement on session ac60a9c55f1644c9eb51cb668a93d693 to remote] DEBUG org.asynchttpclient.netty.request.NettyRequestSender - Using pooled Channel '[id: 0x6ec29587, L:/127.0.0.1:53391 - R:localhost/127.0.0.1:32223]' for 'POST' to 'http://localhost:32223/session/ac60a9c55f1644c9eb51cb668a93d693/element'
14:46:38.015 [Forwarding findElement on session ac60a9c55f1644c9eb51cb668a93d693 to remote] DEBUG org.asynchttpclient.netty.request.NettyRequestSender - Using open Channel [id: 0x6ec29587, L:/127.0.0.1:53391 - R:localhost/127.0.0.1:32223] for POST '/session/ac60a9c55f1644c9eb51cb668a93d693/element'
14:46:38.060 [AsyncHttpClient-1-5] DEBUG org.asynchttpclient.netty.handler.HttpHandler - 

Request DefaultHttpRequest(decodeResult: success, version: HTTP/1.1)
POST /session/ac60a9c55f1644c9eb51cb668a93d693/element HTTP/1.1
User-Agent: selenium/4.8.1 (java windows)
Content-Length: 67
Content-Type: application/json; charset=utf-8
host: localhost:32223
accept: */*

Response DefaultHttpResponse(decodeResult: success, version: HTTP/1.1)
HTTP/1.1 200 OK
Content-Length: 95
Content-Type: application/json; charset=utf-8
cache-control: no-cache

14:46:38.061 [AsyncHttpClient-1-5] DEBUG org.asynchttpclient.netty.channel.ChannelManager - Adding key: http://localhost:32223 for channel [id: 0x6ec29587, L:/127.0.0.1:53391 - R:localhost/127.0.0.1:32223]
14:46:38.067 [Forwarding isElementDisplayed on session ac60a9c55f1644c9eb51cb668a93d693 to remote] DEBUG org.asynchttpclient.netty.request.NettyRequestSender - Using pooled Channel '[id: 0x6ec29587, L:/127.0.0.1:53391 - R:localhost/127.0.0.1:32223]' for 'POST' to 'http://localhost:32223/session/ac60a9c55f1644c9eb51cb668a93d693/execute/sync'
14:46:38.068 [Forwarding isElementDisplayed on session ac60a9c55f1644c9eb51cb668a93d693 to remote] DEBUG org.asynchttpclient.netty.request.NettyRequestSender - Using open Channel [id: 0x6ec29587, L:/127.0.0.1:53391 - R:localhost/127.0.0.1:32223] for POST '/session/ac60a9c55f1644c9eb51cb668a93d693/execute/sync'
14:46:38.098 [AsyncHttpClient-1-5] DEBUG org.asynchttpclient.netty.handler.HttpHandler - 

Request DefaultHttpRequest(decodeResult: success, version: HTTP/1.1)
POST /session/ac60a9c55f1644c9eb51cb668a93d693/execute/sync HTTP/1.1
User-Agent: selenium/4.8.1 (java windows)
Content-Length: 48814
Content-Type: application/json; charset=utf-8
host: localhost:32223
accept: */*

Response DefaultHttpResponse(decodeResult: success, version: HTTP/1.1)
HTTP/1.1 200 OK
Content-Length: 14
Content-Type: application/json; charset=utf-8
cache-control: no-cache

14:46:38.098 [AsyncHttpClient-1-5] DEBUG org.asynchttpclient.netty.channel.ChannelManager - Adding key: http://localhost:32223 for channel [id: 0x6ec29587, L:/127.0.0.1:53391 - R:localhost/127.0.0.1:32223]
14:46:38.103 [Forwarding isElementDisplayed on session ac60a9c55f1644c9eb51cb668a93d693 to remote] DEBUG org.asynchttpclient.netty.request.NettyRequestSender - Using pooled Channel '[id: 0x6ec29587, L:/127.0.0.1:53391 - R:localhost/127.0.0.1:32223]' for 'POST' to 'http://localhost:32223/session/ac60a9c55f1644c9eb51cb668a93d693/execute/sync'
14:46:38.103 [Forwarding isElementDisplayed on session ac60a9c55f1644c9eb51cb668a93d693 to remote] DEBUG org.asynchttpclient.netty.request.NettyRequestSender - Using open Channel [id: 0x6ec29587, L:/127.0.0.1:53391 - R:localhost/127.0.0.1:32223] for POST '/session/ac60a9c55f1644c9eb51cb668a93d693/execute/sync'
14:46:38.124 [AsyncHttpClient-1-5] DEBUG org.asynchttpclient.netty.handler.HttpHandler - 

Request DefaultHttpRequest(decodeResult: success, version: HTTP/1.1)
POST /session/ac60a9c55f1644c9eb51cb668a93d693/execute/sync HTTP/1.1
User-Agent: selenium/4.8.1 (java windows)
Content-Length: 48814
Content-Type: application/json; charset=utf-8
host: localhost:32223
accept: */*

Response DefaultHttpResponse(decodeResult: success, version: HTTP/1.1)
HTTP/1.1 200 OK
Content-Length: 14
Content-Type: application/json; charset=utf-8
cache-control: no-cache

14:46:38.125 [AsyncHttpClient-1-5] DEBUG org.asynchttpclient.netty.channel.ChannelManager - Adding key: http://localhost:32223 for channel [id: 0x6ec29587, L:/127.0.0.1:53391 - R:localhost/127.0.0.1:32223]
14:46:38.128 [main] DEBUG net.thucydides.core.steps.StepInterceptor - STEP DONE: onLoginPage
  &amp#27;[32mGiven &amp#27;[0m&amp#27;[32muser on login page to see ticket ka2&amp#27;[0m                             &amp#27;[90m# starter.stepdefinitions.Admin.DaftarTiketKeretaApi.LihatTiketKASteps.userOnLoginPage2()&amp#27;[0m
14:46:38.143 [main] DEBUG net.thucydides.core.steps.StepInterceptor - STARTING STEP: LihatTiketKASteps.userInputEmail2 - inputEmail
14:46:38.147 [Forwarding findElement on session ac60a9c55f1644c9eb51cb668a93d693 to remote] DEBUG org.asynchttpclient.netty.request.NettyRequestSender - Using pooled Channel '[id: 0x6ec29587, L:/127.0.0.1:53391 - R:localhost/127.0.0.1:32223]' for 'POST' to 'http://localhost:32223/session/ac60a9c55f1644c9eb51cb668a93d693/element'
14:46:38.148 [Forwarding findElement on session ac60a9c55f1644c9eb51cb668a93d693 to remote] DEBUG org.asynchttpclient.netty.request.NettyRequestSender - Using open Channel [id: 0x6ec29587, L:/127.0.0.1:53391 - R:localhost/127.0.0.1:32223] for POST '/session/ac60a9c55f1644c9eb51cb668a93d693/element'
14:46:38.167 [AsyncHttpClient-1-5] DEBUG org.asynchttpclient.netty.handler.HttpHandler - 

Request DefaultHttpRequest(decodeResult: success, version: HTTP/1.1)
POST /session/ac60a9c55f1644c9eb51cb668a93d693/element HTTP/1.1
User-Agent: selenium/4.8.1 (java windows)
Content-Length: 59
Content-Type: application/json; charset=utf-8
host: localhost:32223
accept: */*

Response DefaultHttpResponse(decodeResult: success, version: HTTP/1.1)
HTTP/1.1 200 OK
Content-Length: 94
Content-Type: application/json; charset=utf-8
cache-control: no-cache

14:46:38.167 [AsyncHttpClient-1-5] DEBUG org.asynchttpclient.netty.channel.ChannelManager - Adding key: http://localhost:32223 for channel [id: 0x6ec29587, L:/127.0.0.1:53391 - R:localhost/127.0.0.1:32223]
14:46:38.170 [Forwarding clearElement on session ac60a9c55f1644c9eb51cb668a93d693 to remote] DEBUG org.asynchttpclient.netty.request.NettyRequestSender - Using pooled Channel '[id: 0x6ec29587, L:/127.0.0.1:53391 - R:localhost/127.0.0.1:32223]' for 'POST' to 'http://localhost:32223/session/ac60a9c55f1644c9eb51cb668a93d693/element/A92E5CC3B062EC67EFA4878232BEB9D3_element_3/clear'
14:46:38.170 [Forwarding clearElement on session ac60a9c55f1644c9eb51cb668a93d693 to remote] DEBUG org.asynchttpclient.netty.request.NettyRequestSender - Using open Channel [id: 0x6ec29587, L:/127.0.0.1:53391 - R:localhost/127.0.0.1:32223] for POST '/session/ac60a9c55f1644c9eb51cb668a93d693/element/A92E5CC3B062EC67EFA4878232BEB9D3_element_3/clear'
14:46:38.414 [AsyncHttpClient-1-1] DEBUG org.asynchttpclient.netty.channel.DefaultChannelPool - Entry count for : http://localhost:53392 : 1
14:46:38.487 [AsyncHttpClient-1-5] DEBUG org.asynchttpclient.netty.handler.HttpHandler - 

Request DefaultHttpRequest(decodeResult: success, version: HTTP/1.1)
POST /session/ac60a9c55f1644c9eb51cb668a93d693/element/A92E5CC3B062EC67EFA4878232BEB9D3_element_3/clear HTTP/1.1
User-Agent: selenium/4.8.1 (java windows)
Content-Length: 56
Content-Type: application/json; charset=utf-8
host: localhost:32223
accept: */*

Response DefaultHttpResponse(decodeResult: success, version: HTTP/1.1)
HTTP/1.1 200 OK
Content-Length: 14
Content-Type: application/json; charset=utf-8
cache-control: no-cache

14:46:38.487 [AsyncHttpClient-1-5] DEBUG org.asynchttpclient.netty.channel.ChannelManager - Adding key: http://localhost:32223 for channel [id: 0x6ec29587, L:/127.0.0.1:53391 - R:localhost/127.0.0.1:32223]
14:46:38.491 [Forwarding sendKeysToElement on session ac60a9c55f1644c9eb51cb668a93d693 to remote] DEBUG org.asynchttpclient.netty.request.NettyRequestSender - Using pooled Channel '[id: 0x6ec29587, L:/127.0.0.1:53391 - R:localhost/127.0.0.1:32223]' for 'POST' to 'http://localhost:32223/session/ac60a9c55f1644c9eb51cb668a93d693/element/A92E5CC3B062EC67EFA4878232BEB9D3_element_3/value'
14:46:38.492 [Forwarding sendKeysToElement on session ac60a9c55f1644c9eb51cb668a93d693 to remote] DEBUG org.asynchttpclient.netty.request.NettyRequestSender - Using open Channel [id: 0x6ec29587, L:/127.0.0.1:53391 - R:localhost/127.0.0.1:32223] for POST '/session/ac60a9c55f1644c9eb51cb668a93d693/element/A92E5CC3B062EC67EFA4878232BEB9D3_element_3/value'
14:46:38.778 [AsyncHttpClient-1-5] DEBUG org.asynchttpclient.netty.handler.HttpHandler - 

Request DefaultHttpRequest(decodeResult: success, version: HTTP/1.1)
POST /session/ac60a9c55f1644c9eb51cb668a93d693/element/A92E5CC3B062EC67EFA4878232BEB9D3_element_3/value HTTP/1.1
User-Agent: selenium/4.8.1 (java windows)
Content-Length: 237
Content-Type: application/json; charset=utf-8
host: localhost:32223
accept: */*

Response DefaultHttpResponse(decodeResult: success, version: HTTP/1.1)
HTTP/1.1 200 OK
Content-Length: 14
Content-Type: application/json; charset=utf-8
cache-control: no-cache

14:46:38.778 [AsyncHttpClient-1-5] DEBUG org.asynchttpclient.netty.channel.ChannelManager - Adding key: http://localhost:32223 for channel [id: 0x6ec29587, L:/127.0.0.1:53391 - R:localhost/127.0.0.1:32223]
14:46:38.790 [main] DEBUG net.thucydides.core.steps.StepInterceptor - STEP DONE: inputEmail
  &amp#27;[32mWhen &amp#27;[0m&amp#27;[32muser input email to see ticket ka2&amp#27;[0m                                &amp#27;[90m# starter.stepdefinitions.Admin.DaftarTiketKeretaApi.LihatTiketKASteps.userInputEmail2()&amp#27;[0m
14:46:38.808 [main] DEBUG net.thucydides.core.steps.StepInterceptor - STARTING STEP: LihatTiketKASteps.userInputPassword2 - inputPassword
14:46:38.813 [Forwarding findElement on session ac60a9c55f1644c9eb51cb668a93d693 to remote] DEBUG org.asynchttpclient.netty.request.NettyRequestSender - Using pooled Channel '[id: 0x6ec29587, L:/127.0.0.1:53391 - R:localhost/127.0.0.1:32223]' for 'POST' to 'http://localhost:32223/session/ac60a9c55f1644c9eb51cb668a93d693/element'
14:46:38.813 [Forwarding findElement on session ac60a9c55f1644c9eb51cb668a93d693 to remote] DEBUG org.asynchttpclient.netty.request.NettyRequestSender - Using open Channel [id: 0x6ec29587, L:/127.0.0.1:53391 - R:localhost/127.0.0.1:32223] for POST '/session/ac60a9c55f1644c9eb51cb668a93d693/element'
14:46:39.258 [AsyncHttpClient-1-5] DEBUG org.asynchttpclient.netty.handler.HttpHandler - 

Request DefaultHttpRequest(decodeResult: success, version: HTTP/1.1)
POST /session/ac60a9c55f1644c9eb51cb668a93d693/element HTTP/1.1
User-Agent: selenium/4.8.1 (java windows)
Content-Length: 62
Content-Type: application/json; charset=utf-8
host: localhost:32223
accept: */*

Response DefaultHttpResponse(decodeResult: success, version: HTTP/1.1)
HTTP/1.1 200 OK
Content-Length: 94
Content-Type: application/json; charset=utf-8
cache-control: no-cache

14:46:39.259 [AsyncHttpClient-1-5] DEBUG org.asynchttpclient.netty.channel.ChannelManager - Adding key: http://localhost:32223 for channel [id: 0x6ec29587, L:/127.0.0.1:53391 - R:localhost/127.0.0.1:32223]
14:46:39.262 [Forwarding clearElement on session ac60a9c55f1644c9eb51cb668a93d693 to remote] DEBUG org.asynchttpclient.netty.request.NettyRequestSender - Using pooled Channel '[id: 0x6ec29587, L:/127.0.0.1:53391 - R:localhost/127.0.0.1:32223]' for 'POST' to 'http://localhost:32223/session/ac60a9c55f1644c9eb51cb668a93d693/element/A92E5CC3B062EC67EFA4878232BEB9D3_element_5/clear'
14:46:39.262 [Forwarding clearElement on session ac60a9c55f1644c9eb51cb668a93d693 to remote] DEBUG org.asynchttpclient.netty.request.NettyRequestSender - Using open Channel [id: 0x6ec29587, L:/127.0.0.1:53391 - R:localhost/127.0.0.1:32223] for POST '/session/ac60a9c55f1644c9eb51cb668a93d693/element/A92E5CC3B062EC67EFA4878232BEB9D3_element_5/clear'
14:46:39.311 [AsyncHttpClient-1-5] DEBUG org.asynchttpclient.netty.handler.HttpHandler - 

Request DefaultHttpRequest(decodeResult: success, version: HTTP/1.1)
POST /session/ac60a9c55f1644c9eb51cb668a93d693/element/A92E5CC3B062EC67EFA4878232BEB9D3_element_5/clear HTTP/1.1
User-Agent: selenium/4.8.1 (java windows)
Content-Length: 56
Content-Type: application/json; charset=utf-8
host: localhost:32223
accept: */*

Response DefaultHttpResponse(decodeResult: success, version: HTTP/1.1)
HTTP/1.1 200 OK
Content-Length: 14
Content-Type: application/json; charset=utf-8
cache-control: no-cache

14:46:39.311 [AsyncHttpClient-1-5] DEBUG org.asynchttpclient.netty.channel.ChannelManager - Adding key: http://localhost:32223 for channel [id: 0x6ec29587, L:/127.0.0.1:53391 - R:localhost/127.0.0.1:32223]
14:46:39.315 [Forwarding sendKeysToElement on session ac60a9c55f1644c9eb51cb668a93d693 to remote] DEBUG org.asynchttpclient.netty.request.NettyRequestSender - Using pooled Channel '[id: 0x6ec29587, L:/127.0.0.1:53391 - R:localhost/127.0.0.1:32223]' for 'POST' to 'http://localhost:32223/session/ac60a9c55f1644c9eb51cb668a93d693/element/A92E5CC3B062EC67EFA4878232BEB9D3_element_5/value'
14:46:39.315 [Forwarding sendKeysToElement on session ac60a9c55f1644c9eb51cb668a93d693 to remote] DEBUG org.asynchttpclient.netty.request.NettyRequestSender - Using open Channel [id: 0x6ec29587, L:/127.0.0.1:53391 - R:localhost/127.0.0.1:32223] for POST '/session/ac60a9c55f1644c9eb51cb668a93d693/element/A92E5CC3B062EC67EFA4878232BEB9D3_element_5/value'
14:46:39.470 [AsyncHttpClient-1-1] DEBUG org.asynchttpclient.netty.channel.DefaultChannelPool - Entry count for : http://localhost:53392 : 1
14:46:39.597 [AsyncHttpClient-1-5] DEBUG org.asynchttpclient.netty.handler.HttpHandler - 

Request DefaultHttpRequest(decodeResult: success, version: HTTP/1.1)
POST /session/ac60a9c55f1644c9eb51cb668a93d693/element/A92E5CC3B062EC67EFA4878232BEB9D3_element_5/value HTTP/1.1
User-Agent: selenium/4.8.1 (java windows)
Content-Length: 177
Content-Type: application/json; charset=utf-8
host: localhost:32223
accept: */*

Response DefaultHttpResponse(decodeResult: success, version: HTTP/1.1)
HTTP/1.1 200 OK
Content-Length: 14
Content-Type: application/json; charset=utf-8
cache-control: no-cache

14:46:39.597 [AsyncHttpClient-1-5] DEBUG org.asynchttpclient.netty.channel.ChannelManager - Adding key: http://localhost:32223 for channel [id: 0x6ec29587, L:/127.0.0.1:53391 - R:localhost/127.0.0.1:32223]
14:46:39.608 [main] DEBUG net.thucydides.core.steps.StepInterceptor - STEP DONE: inputPassword
  &amp#27;[32mAnd &amp#27;[0m&amp#27;[32muser input password to see ticket ka2&amp#27;[0m                              &amp#27;[90m# starter.stepdefinitions.Admin.DaftarTiketKeretaApi.LihatTiketKASteps.userInputPassword2()&amp#27;[0m
14:46:39.627 [main] DEBUG net.thucydides.core.steps.StepInterceptor - STARTING STEP: LihatTiketKASteps.userClickLogin2 - clickLoginButton
14:46:39.642 [Forwarding findElement on session ac60a9c55f1644c9eb51cb668a93d693 to remote] DEBUG org.asynchttpclient.netty.request.NettyRequestSender - Using pooled Channel '[id: 0x6ec29587, L:/127.0.0.1:53391 - R:localhost/127.0.0.1:32223]' for 'POST' to 'http://localhost:32223/session/ac60a9c55f1644c9eb51cb668a93d693/element'
14:46:39.642 [Forwarding findElement on session ac60a9c55f1644c9eb51cb668a93d693 to remote] DEBUG org.asynchttpclient.netty.request.NettyRequestSender - Using open Channel [id: 0x6ec29587, L:/127.0.0.1:53391 - R:localhost/127.0.0.1:32223] for POST '/session/ac60a9c55f1644c9eb51cb668a93d693/element'
14:46:39.672 [AsyncHttpClient-1-5] DEBUG org.asynchttpclient.netty.handler.HttpHandler - 

Request DefaultHttpRequest(decodeResult: success, version: HTTP/1.1)
POST /session/ac60a9c55f1644c9eb51cb668a93d693/element HTTP/1.1
User-Agent: selenium/4.8.1 (java windows)
Content-Length: 97
Content-Type: application/json; charset=utf-8
host: localhost:32223
accept: */*

Response DefaultHttpResponse(decodeResult: success, version: HTTP/1.1)
HTTP/1.1 200 OK
Content-Length: 94
Content-Type: application/json; charset=utf-8
cache-control: no-cache

14:46:39.672 [AsyncHttpClient-1-5] DEBUG org.asynchttpclient.netty.channel.ChannelManager - Adding key: http://localhost:32223 for channel [id: 0x6ec29587, L:/127.0.0.1:53391 - R:localhost/127.0.0.1:32223]
14:46:39.676 [Forwarding getElementTagName on session ac60a9c55f1644c9eb51cb668a93d693 to remote] DEBUG org.asynchttpclient.netty.request.NettyRequestSender - Using pooled Channel '[id: 0x6ec29587, L:/127.0.0.1:53391 - R:localhost/127.0.0.1:32223]' for 'GET' to 'http://localhost:32223/session/ac60a9c55f1644c9eb51cb668a93d693/element/A92E5CC3B062EC67EFA4878232BEB9D3_element_8/name'
14:46:39.677 [Forwarding getElementTagName on session ac60a9c55f1644c9eb51cb668a93d693 to remote] DEBUG org.asynchttpclient.netty.request.NettyRequestSender - Using open Channel [id: 0x6ec29587, L:/127.0.0.1:53391 - R:localhost/127.0.0.1:32223] for GET '/session/ac60a9c55f1644c9eb51cb668a93d693/element/A92E5CC3B062EC67EFA4878232BEB9D3_element_8/name'
14:46:39.692 [AsyncHttpClient-1-5] DEBUG org.asynchttpclient.netty.handler.HttpHandler - 

Request DefaultFullHttpRequest(decodeResult: success, version: HTTP/1.1, content: EmptyByteBufBE)
GET /session/ac60a9c55f1644c9eb51cb668a93d693/element/A92E5CC3B062EC67EFA4878232BEB9D3_element_8/name HTTP/1.1
User-Agent: selenium/4.8.1 (java windows)
Cache-Control: no-cache
Content-Type: application/json; charset=utf-8
host: localhost:32223
accept: */*

Response DefaultHttpResponse(decodeResult: success, version: HTTP/1.1)
HTTP/1.1 200 OK
Content-Length: 18
Content-Type: application/json; charset=utf-8
cache-control: no-cache

14:46:39.692 [AsyncHttpClient-1-5] DEBUG org.asynchttpclient.netty.channel.ChannelManager - Adding key: http://localhost:32223 for channel [id: 0x6ec29587, L:/127.0.0.1:53391 - R:localhost/127.0.0.1:32223]
14:46:39.696 [Forwarding getElementTagName on session ac60a9c55f1644c9eb51cb668a93d693 to remote] DEBUG org.asynchttpclient.netty.request.NettyRequestSender - Using pooled Channel '[id: 0x6ec29587, L:/127.0.0.1:53391 - R:localhost/127.0.0.1:32223]' for 'GET' to 'http://localhost:32223/session/ac60a9c55f1644c9eb51cb668a93d693/element/A92E5CC3B062EC67EFA4878232BEB9D3_element_8/name'
14:46:39.696 [Forwarding getElementTagName on session ac60a9c55f1644c9eb51cb668a93d693 to remote] DEBUG org.asynchttpclient.netty.request.NettyRequestSender - Using open Channel [id: 0x6ec29587, L:/127.0.0.1:53391 - R:localhost/127.0.0.1:32223] for GET '/session/ac60a9c55f1644c9eb51cb668a93d693/element/A92E5CC3B062EC67EFA4878232BEB9D3_element_8/name'
14:46:39.709 [AsyncHttpClient-1-5] DEBUG org.asynchttpclient.netty.handler.HttpHandler - 

Request DefaultFullHttpRequest(decodeResult: success, version: HTTP/1.1, content: EmptyByteBufBE)
GET /session/ac60a9c55f1644c9eb51cb668a93d693/element/A92E5CC3B062EC67EFA4878232BEB9D3_element_8/name HTTP/1.1
User-Agent: selenium/4.8.1 (java windows)
Cache-Control: no-cache
Content-Type: application/json; charset=utf-8
host: localhost:32223
accept: */*

Response DefaultHttpResponse(decodeResult: success, version: HTTP/1.1)
HTTP/1.1 200 OK
Content-Length: 18
Content-Type: application/json; charset=utf-8
cache-control: no-cache

14:46:39.709 [AsyncHttpClient-1-5] DEBUG org.asynchttpclient.netty.channel.ChannelManager - Adding key: http://localhost:32223 for channel [id: 0x6ec29587, L:/127.0.0.1:53391 - R:localhost/127.0.0.1:32223]
14:46:39.714 [Forwarding isElementEnabled on session ac60a9c55f1644c9eb51cb668a93d693 to remote] DEBUG org.asynchttpclient.netty.request.NettyRequestSender - Using pooled Channel '[id: 0x6ec29587, L:/127.0.0.1:53391 - R:localhost/127.0.0.1:32223]' for 'GET' to 'http://localhost:32223/session/ac60a9c55f1644c9eb51cb668a93d693/element/A92E5CC3B062EC67EFA4878232BEB9D3_element_8/enabled'
14:46:39.714 [Forwarding isElementEnabled on session ac60a9c55f1644c9eb51cb668a93d693 to remote] DEBUG org.asynchttpclient.netty.request.NettyRequestSender - Using open Channel [id: 0x6ec29587, L:/127.0.0.1:53391 - R:localhost/127.0.0.1:32223] for GET '/session/ac60a9c55f1644c9eb51cb668a93d693/element/A92E5CC3B062EC67EFA4878232BEB9D3_element_8/enabled'
14:46:39.737 [AsyncHttpClient-1-5] DEBUG org.asynchttpclient.netty.handler.HttpHandler - 

Request DefaultFullHttpRequest(decodeResult: success, version: HTTP/1.1, content: EmptyByteBufBE)
GET /session/ac60a9c55f1644c9eb51cb668a93d693/element/A92E5CC3B062EC67EFA4878232BEB9D3_element_8/enabled HTTP/1.1
User-Agent: selenium/4.8.1 (java windows)
Cache-Control: no-cache
Content-Type: application/json; charset=utf-8
host: localhost:32223
accept: */*

Response DefaultHttpResponse(decodeResult: success, version: HTTP/1.1)
HTTP/1.1 200 OK
Content-Length: 14
Content-Type: application/json; charset=utf-8
cache-control: no-cache

14:46:39.737 [AsyncHttpClient-1-5] DEBUG org.asynchttpclient.netty.channel.ChannelManager - Adding key: http://localhost:32223 for channel [id: 0x6ec29587, L:/127.0.0.1:53391 - R:localhost/127.0.0.1:32223]
14:46:39.740 [Forwarding isElementEnabled on session ac60a9c55f1644c9eb51cb668a93d693 to remote] DEBUG org.asynchttpclient.netty.request.NettyRequestSender - Using pooled Channel '[id: 0x6ec29587, L:/127.0.0.1:53391 - R:localhost/127.0.0.1:32223]' for 'GET' to 'http://localhost:32223/session/ac60a9c55f1644c9eb51cb668a93d693/element/A92E5CC3B062EC67EFA4878232BEB9D3_element_8/enabled'
14:46:39.740 [Forwarding isElementEnabled on session ac60a9c55f1644c9eb51cb668a93d693 to remote] DEBUG org.asynchttpclient.netty.request.NettyRequestSender - Using open Channel [id: 0x6ec29587, L:/127.0.0.1:53391 - R:localhost/127.0.0.1:32223] for GET '/session/ac60a9c55f1644c9eb51cb668a93d693/element/A92E5CC3B062EC67EFA4878232BEB9D3_element_8/enabled'
14:46:39.756 [AsyncHttpClient-1-5] DEBUG org.asynchttpclient.netty.handler.HttpHandler - 

Request DefaultFullHttpRequest(decodeResult: success, version: HTTP/1.1, content: EmptyByteBufBE)
GET /session/ac60a9c55f1644c9eb51cb668a93d693/element/A92E5CC3B062EC67EFA4878232BEB9D3_element_8/enabled HTTP/1.1
User-Agent: selenium/4.8.1 (java windows)
Cache-Control: no-cache
Content-Type: application/json; charset=utf-8
host: localhost:32223
accept: */*

Response DefaultHttpResponse(decodeResult: success, version: HTTP/1.1)
HTTP/1.1 200 OK
Content-Length: 14
Content-Type: application/json; charset=utf-8
cache-control: no-cache

14:46:39.756 [AsyncHttpClient-1-5] DEBUG org.asynchttpclient.netty.channel.ChannelManager - Adding key: http://localhost:32223 for channel [id: 0x6ec29587, L:/127.0.0.1:53391 - R:localhost/127.0.0.1:32223]
14:46:39.762 [Forwarding findElement on session ac60a9c55f1644c9eb51cb668a93d693 to remote] DEBUG org.asynchttpclient.netty.request.NettyRequestSender - Using pooled Channel '[id: 0x6ec29587, L:/127.0.0.1:53391 - R:localhost/127.0.0.1:32223]' for 'POST' to 'http://localhost:32223/session/ac60a9c55f1644c9eb51cb668a93d693/element'
14:46:39.762 [Forwarding findElement on session ac60a9c55f1644c9eb51cb668a93d693 to remote] DEBUG org.asynchttpclient.netty.request.NettyRequestSender - Using open Channel [id: 0x6ec29587, L:/127.0.0.1:53391 - R:localhost/127.0.0.1:32223] for POST '/session/ac60a9c55f1644c9eb51cb668a93d693/element'
14:46:39.811 [AsyncHttpClient-1-5] DEBUG org.asynchttpclient.netty.handler.HttpHandler - 

Request DefaultHttpRequest(decodeResult: success, version: HTTP/1.1)
POST /session/ac60a9c55f1644c9eb51cb668a93d693/element HTTP/1.1
User-Agent: selenium/4.8.1 (java windows)
Content-Length: 97
Content-Type: application/json; charset=utf-8
host: localhost:32223
accept: */*

Response DefaultHttpResponse(decodeResult: success, version: HTTP/1.1)
HTTP/1.1 200 OK
Content-Length: 94
Content-Type: application/json; charset=utf-8
cache-control: no-cache

14:46:39.811 [AsyncHttpClient-1-5] DEBUG org.asynchttpclient.netty.channel.ChannelManager - Adding key: http://localhost:32223 for channel [id: 0x6ec29587, L:/127.0.0.1:53391 - R:localhost/127.0.0.1:32223]
14:46:39.814 [Forwarding clickElement on session ac60a9c55f1644c9eb51cb668a93d693 to remote] DEBUG org.asynchttpclient.netty.request.NettyRequestSender - Using pooled Channel '[id: 0x6ec29587, L:/127.0.0.1:53391 - R:localhost/127.0.0.1:32223]' for 'POST' to 'http://localhost:32223/session/ac60a9c55f1644c9eb51cb668a93d693/element/A92E5CC3B062EC67EFA4878232BEB9D3_element_8/click'
14:46:39.814 [Forwarding clickElement on session ac60a9c55f1644c9eb51cb668a93d693 to remote] DEBUG org.asynchttpclient.netty.request.NettyRequestSender - Using open Channel [id: 0x6ec29587, L:/127.0.0.1:53391 - R:localhost/127.0.0.1:32223] for POST '/session/ac60a9c55f1644c9eb51cb668a93d693/element/A92E5CC3B062EC67EFA4878232BEB9D3_element_8/click'
14:46:39.956 [AsyncHttpClient-1-5] DEBUG org.asynchttpclient.netty.handler.HttpHandler - 

Request DefaultHttpRequest(decodeResult: success, version: HTTP/1.1)
POST /session/ac60a9c55f1644c9eb51cb668a93d693/element/A92E5CC3B062EC67EFA4878232BEB9D3_element_8/click HTTP/1.1
User-Agent: selenium/4.8.1 (java windows)
Content-Length: 56
Content-Type: application/json; charset=utf-8
host: localhost:32223
accept: */*

Response DefaultHttpResponse(decodeResult: success, version: HTTP/1.1)
HTTP/1.1 200 OK
Content-Length: 14
Content-Type: application/json; charset=utf-8
cache-control: no-cache

14:46:39.956 [AsyncHttpClient-1-5] DEBUG org.asynchttpclient.netty.channel.ChannelManager - Adding key: http://localhost:32223 for channel [id: 0x6ec29587, L:/127.0.0.1:53391 - R:localhost/127.0.0.1:32223]
14:46:39.962 [main] DEBUG net.thucydides.core.steps.StepInterceptor - STEP DONE: clickLoginButton
  &amp#27;[32mAnd &amp#27;[0m&amp#27;[32muser click login to see ticket ka2&amp#27;[0m                                 &amp#27;[90m# starter.stepdefinitions.Admin.DaftarTiketKeretaApi.LihatTiketKASteps.userClickLogin2()&amp#27;[0m
14:46:39.978 [main] DEBUG net.thucydides.core.steps.StepInterceptor - STARTING STEP: LihatTiketKASteps.userOnDashboard2 - onDashboardPage
14:46:39.984 [Forwarding findElement on session ac60a9c55f1644c9eb51cb668a93d693 to remote] DEBUG org.asynchttpclient.netty.request.NettyRequestSender - Using pooled Channel '[id: 0x6ec29587, L:/127.0.0.1:53391 - R:localhost/127.0.0.1:32223]' for 'POST' to 'http://localhost:32223/session/ac60a9c55f1644c9eb51cb668a93d693/element'
14:46:39.985 [Forwarding findElement on session ac60a9c55f1644c9eb51cb668a93d693 to remote] DEBUG org.asynchttpclient.netty.request.NettyRequestSender - Using open Channel [id: 0x6ec29587, L:/127.0.0.1:53391 - R:localhost/127.0.0.1:32223] for POST '/session/ac60a9c55f1644c9eb51cb668a93d693/element'
14:46:40.468 [AsyncHttpClient-1-5] DEBUG org.asynchttpclient.netty.handler.HttpHandler - 

Request DefaultHttpRequest(decodeResult: success, version: HTTP/1.1)
POST /session/ac60a9c55f1644c9eb51cb668a93d693/element HTTP/1.1
User-Agent: selenium/4.8.1 (java windows)
Content-Length: 114
Content-Type: application/json; charset=utf-8
host: localhost:32223
accept: */*

Response DefaultHttpResponse(decodeResult: success, version: HTTP/1.1)
HTTP/1.1 200 OK
Content-Length: 95
Content-Type: application/json; charset=utf-8
cache-control: no-cache

14:46:40.468 [AsyncHttpClient-1-5] DEBUG org.asynchttpclient.netty.channel.ChannelManager - Adding key: http://localhost:32223 for channel [id: 0x6ec29587, L:/127.0.0.1:53391 - R:localhost/127.0.0.1:32223]
14:46:40.476 [Forwarding isElementDisplayed on session ac60a9c55f1644c9eb51cb668a93d693 to remote] DEBUG org.asynchttpclient.netty.request.NettyRequestSender - Using pooled Channel '[id: 0x6ec29587, L:/127.0.0.1:53391 - R:localhost/127.0.0.1:32223]' for 'POST' to 'http://localhost:32223/session/ac60a9c55f1644c9eb51cb668a93d693/execute/sync'
14:46:40.477 [Forwarding isElementDisplayed on session ac60a9c55f1644c9eb51cb668a93d693 to remote] DEBUG org.asynchttpclient.netty.request.NettyRequestSender - Using open Channel [id: 0x6ec29587, L:/127.0.0.1:53391 - R:localhost/127.0.0.1:32223] for POST '/session/ac60a9c55f1644c9eb51cb668a93d693/execute/sync'
14:46:40.529 [AsyncHttpClient-1-5] DEBUG org.asynchttpclient.netty.handler.HttpHandler - 

Request DefaultHttpRequest(decodeResult: success, version: HTTP/1.1)
POST /session/ac60a9c55f1644c9eb51cb668a93d693/execute/sync HTTP/1.1
User-Agent: selenium/4.8.1 (java windows)
Content-Length: 48814
Content-Type: application/json; charset=utf-8
host: localhost:32223
accept: */*

Response DefaultHttpResponse(decodeResult: success, version: HTTP/1.1)
HTTP/1.1 200 OK
Content-Length: 14
Content-Type: application/json; charset=utf-8
cache-control: no-cache

14:46:40.529 [AsyncHttpClient-1-5] DEBUG org.asynchttpclient.netty.channel.ChannelManager - Adding key: http://localhost:32223 for channel [id: 0x6ec29587, L:/127.0.0.1:53391 - R:localhost/127.0.0.1:32223]
14:46:40.534 [Forwarding isElementDisplayed on session ac60a9c55f1644c9eb51cb668a93d693 to remote] DEBUG org.asynchttpclient.netty.request.NettyRequestSender - Using pooled Channel '[id: 0x6ec29587, L:/127.0.0.1:53391 - R:localhost/127.0.0.1:32223]' for 'POST' to 'http://localhost:32223/session/ac60a9c55f1644c9eb51cb668a93d693/execute/sync'
14:46:40.534 [Forwarding isElementDisplayed on session ac60a9c55f1644c9eb51cb668a93d693 to remote] DEBUG org.asynchttpclient.netty.request.NettyRequestSender - Using open Channel [id: 0x6ec29587, L:/127.0.0.1:53391 - R:localhost/127.0.0.1:32223] for POST '/session/ac60a9c55f1644c9eb51cb668a93d693/execute/sync'
14:46:40.547 [AsyncHttpClient-1-1] DEBUG org.asynchttpclient.netty.channel.DefaultChannelPool - Entry count for : http://localhost:53392 : 1
14:46:40.552 [AsyncHttpClient-1-5] DEBUG org.asynchttpclient.netty.handler.HttpHandler - 

Request DefaultHttpRequest(decodeResult: success, version: HTTP/1.1)
POST /session/ac60a9c55f1644c9eb51cb668a93d693/execute/sync HTTP/1.1
User-Agent: selenium/4.8.1 (java windows)
Content-Length: 48814
Content-Type: application/json; charset=utf-8
host: localhost:32223
accept: */*

Response DefaultHttpResponse(decodeResult: success, version: HTTP/1.1)
HTTP/1.1 200 OK
Content-Length: 14
Content-Type: application/json; charset=utf-8
cache-control: no-cache

14:46:40.553 [AsyncHttpClient-1-5] DEBUG org.asynchttpclient.netty.channel.ChannelManager - Adding key: http://localhost:32223 for channel [id: 0x6ec29587, L:/127.0.0.1:53391 - R:localhost/127.0.0.1:32223]
14:46:40.558 [main] DEBUG net.thucydides.core.steps.StepInterceptor - STEP DONE: onDashboardPage
  &amp#27;[32mAnd &amp#27;[0m&amp#27;[32muser on dashboard to see ticket ka2&amp#27;[0m                                &amp#27;[90m# starter.stepdefinitions.Admin.DaftarTiketKeretaApi.LihatTiketKASteps.userOnDashboard2()&amp#27;[0m
14:46:40.574 [main] DEBUG net.thucydides.core.steps.StepInterceptor - STARTING STEP: LihatTiketKASteps.userClickTiketKA2 - clickTiketKABT
14:46:40.580 [Forwarding findElement on session ac60a9c55f1644c9eb51cb668a93d693 to remote] DEBUG org.asynchttpclient.netty.request.NettyRequestSender - Using pooled Channel '[id: 0x6ec29587, L:/127.0.0.1:53391 - R:localhost/127.0.0.1:32223]' for 'POST' to 'http://localhost:32223/session/ac60a9c55f1644c9eb51cb668a93d693/element'
14:46:40.580 [Forwarding findElement on session ac60a9c55f1644c9eb51cb668a93d693 to remote] DEBUG org.asynchttpclient.netty.request.NettyRequestSender - Using open Channel [id: 0x6ec29587, L:/127.0.0.1:53391 - R:localhost/127.0.0.1:32223] for POST '/session/ac60a9c55f1644c9eb51cb668a93d693/element'
14:46:40.599 [AsyncHttpClient-1-5] DEBUG org.asynchttpclient.netty.handler.HttpHandler - 

Request DefaultHttpRequest(decodeResult: success, version: HTTP/1.1)
POST /session/ac60a9c55f1644c9eb51cb668a93d693/element HTTP/1.1
User-Agent: selenium/4.8.1 (java windows)
Content-Length: 143
Content-Type: application/json; charset=utf-8
host: localhost:32223
accept: */*

Response DefaultHttpResponse(decodeResult: success, version: HTTP/1.1)
HTTP/1.1 200 OK
Content-Length: 95
Content-Type: application/json; charset=utf-8
cache-control: no-cache

14:46:40.599 [AsyncHttpClient-1-5] DEBUG org.asynchttpclient.netty.channel.ChannelManager - Adding key: http://localhost:32223 for channel [id: 0x6ec29587, L:/127.0.0.1:53391 - R:localhost/127.0.0.1:32223]
14:46:40.603 [Forwarding getElementTagName on session ac60a9c55f1644c9eb51cb668a93d693 to remote] DEBUG org.asynchttpclient.netty.request.NettyRequestSender - Using pooled Channel '[id: 0x6ec29587, L:/127.0.0.1:53391 - R:localhost/127.0.0.1:32223]' for 'GET' to 'http://localhost:32223/session/ac60a9c55f1644c9eb51cb668a93d693/element/A92E5CC3B062EC67EFA4878232BEB9D3_element_42/name'
14:46:40.604 [Forwarding getElementTagName on session ac60a9c55f1644c9eb51cb668a93d693 to remote] DEBUG org.asynchttpclient.netty.request.NettyRequestSender - Using open Channel [id: 0x6ec29587, L:/127.0.0.1:53391 - R:localhost/127.0.0.1:32223] for GET '/session/ac60a9c55f1644c9eb51cb668a93d693/element/A92E5CC3B062EC67EFA4878232BEB9D3_element_42/name'
14:46:40.745 [AsyncHttpClient-1-5] DEBUG org.asynchttpclient.netty.handler.HttpHandler - 

Request DefaultFullHttpRequest(decodeResult: success, version: HTTP/1.1, content: EmptyByteBufBE)
GET /session/ac60a9c55f1644c9eb51cb668a93d693/element/A92E5CC3B062EC67EFA4878232BEB9D3_element_42/name HTTP/1.1
User-Agent: selenium/4.8.1 (java windows)
Cache-Control: no-cache
Content-Type: application/json; charset=utf-8
host: localhost:32223
accept: */*

Response DefaultHttpResponse(decodeResult: success, version: HTTP/1.1)
HTTP/1.1 200 OK
Content-Length: 13
Content-Type: application/json; charset=utf-8
cache-control: no-cache

14:46:40.746 [AsyncHttpClient-1-5] DEBUG org.asynchttpclient.netty.channel.ChannelManager - Adding key: http://localhost:32223 for channel [id: 0x6ec29587, L:/127.0.0.1:53391 - R:localhost/127.0.0.1:32223]
14:46:40.748 [Forwarding getElementTagName on session ac60a9c55f1644c9eb51cb668a93d693 to remote] DEBUG org.asynchttpclient.netty.request.NettyRequestSender - Using pooled Channel '[id: 0x6ec29587, L:/127.0.0.1:53391 - R:localhost/127.0.0.1:32223]' for 'GET' to 'http://localhost:32223/session/ac60a9c55f1644c9eb51cb668a93d693/element/A92E5CC3B062EC67EFA4878232BEB9D3_element_42/name'
14:46:40.748 [Forwarding getElementTagName on session ac60a9c55f1644c9eb51cb668a93d693 to remote] DEBUG org.asynchttpclient.netty.request.NettyRequestSender - Using open Channel [id: 0x6ec29587, L:/127.0.0.1:53391 - R:localhost/127.0.0.1:32223] for GET '/session/ac60a9c55f1644c9eb51cb668a93d693/element/A92E5CC3B062EC67EFA4878232BEB9D3_element_42/name'
14:46:40.759 [AsyncHttpClient-1-5] DEBUG org.asynchttpclient.netty.handler.HttpHandler - 

Request DefaultFullHttpRequest(decodeResult: success, version: HTTP/1.1, content: EmptyByteBufBE)
GET /session/ac60a9c55f1644c9eb51cb668a93d693/element/A92E5CC3B062EC67EFA4878232BEB9D3_element_42/name HTTP/1.1
User-Agent: selenium/4.8.1 (java windows)
Cache-Control: no-cache
Content-Type: application/json; charset=utf-8
host: localhost:32223
accept: */*

Response DefaultHttpResponse(decodeResult: success, version: HTTP/1.1)
HTTP/1.1 200 OK
Content-Length: 13
Content-Type: application/json; charset=utf-8
cache-control: no-cache

14:46:40.760 [AsyncHttpClient-1-5] DEBUG org.asynchttpclient.netty.channel.ChannelManager - Adding key: http://localhost:32223 for channel [id: 0x6ec29587, L:/127.0.0.1:53391 - R:localhost/127.0.0.1:32223]
14:46:40.764 [Forwarding findElement on session ac60a9c55f1644c9eb51cb668a93d693 to remote] DEBUG org.asynchttpclient.netty.request.NettyRequestSender - Using pooled Channel '[id: 0x6ec29587, L:/127.0.0.1:53391 - R:localhost/127.0.0.1:32223]' for 'POST' to 'http://localhost:32223/session/ac60a9c55f1644c9eb51cb668a93d693/element'
14:46:40.765 [Forwarding findElement on session ac60a9c55f1644c9eb51cb668a93d693 to remote] DEBUG org.asynchttpclient.netty.request.NettyRequestSender - Using open Channel [id: 0x6ec29587, L:/127.0.0.1:53391 - R:localhost/127.0.0.1:32223] for POST '/session/ac60a9c55f1644c9eb51cb668a93d693/element'
14:46:40.782 [AsyncHttpClient-1-5] DEBUG org.asynchttpclient.netty.handler.HttpHandler - 

Request DefaultHttpRequest(decodeResult: success, version: HTTP/1.1)
POST /session/ac60a9c55f1644c9eb51cb668a93d693/element HTTP/1.1
User-Agent: selenium/4.8.1 (java windows)
Content-Length: 143
Content-Type: application/json; charset=utf-8
host: localhost:32223
accept: */*

Response DefaultHttpResponse(decodeResult: success, version: HTTP/1.1)
HTTP/1.1 200 OK
Content-Length: 95
Content-Type: application/json; charset=utf-8
cache-control: no-cache

14:46:40.782 [AsyncHttpClient-1-5] DEBUG org.asynchttpclient.netty.channel.ChannelManager - Adding key: http://localhost:32223 for channel [id: 0x6ec29587, L:/127.0.0.1:53391 - R:localhost/127.0.0.1:32223]
14:46:40.784 [Forwarding clickElement on session ac60a9c55f1644c9eb51cb668a93d693 to remote] DEBUG org.asynchttpclient.netty.request.NettyRequestSender - Using pooled Channel '[id: 0x6ec29587, L:/127.0.0.1:53391 - R:localhost/127.0.0.1:32223]' for 'POST' to 'http://localhost:32223/session/ac60a9c55f1644c9eb51cb668a93d693/element/A92E5CC3B062EC67EFA4878232BEB9D3_element_42/click'
14:46:40.784 [Forwarding clickElement on session ac60a9c55f1644c9eb51cb668a93d693 to remote] DEBUG org.asynchttpclient.netty.request.NettyRequestSender - Using open Channel [id: 0x6ec29587, L:/127.0.0.1:53391 - R:localhost/127.0.0.1:32223] for POST '/session/ac60a9c55f1644c9eb51cb668a93d693/element/A92E5CC3B062EC67EFA4878232BEB9D3_element_42/click'
14:46:41.649 [AsyncHttpClient-1-1] DEBUG org.asynchttpclient.netty.channel.DefaultChannelPool - Entry count for : http://localhost:53392 : 1
14:46:41.868 [AsyncHttpClient-1-5] DEBUG org.asynchttpclient.netty.handler.HttpHandler - 

Request DefaultHttpRequest(decodeResult: success, version: HTTP/1.1)
POST /session/ac60a9c55f1644c9eb51cb668a93d693/element/A92E5CC3B062EC67EFA4878232BEB9D3_element_42/click HTTP/1.1
User-Agent: selenium/4.8.1 (java windows)
Content-Length: 57
Content-Type: application/json; charset=utf-8
host: localhost:32223
accept: */*

Response DefaultHttpResponse(decodeResult: success, version: HTTP/1.1)
HTTP/1.1 400 Bad Request
Content-Length: 1306
Content-Type: application/json; charset=utf-8
cache-control: no-cache

14:46:41.869 [AsyncHttpClient-1-5] DEBUG org.asynchttpclient.netty.channel.ChannelManager - Adding key: http://localhost:32223 for channel [id: 0x6ec29587, L:/127.0.0.1:53391 - R:localhost/127.0.0.1:32223]
14:46:42.134 [Forwarding clickElement on session ac60a9c55f1644c9eb51cb668a93d693 to remote] DEBUG org.asynchttpclient.netty.request.NettyRequestSender - Using pooled Channel '[id: 0x6ec29587, L:/127.0.0.1:53391 - R:localhost/127.0.0.1:32223]' for 'POST' to 'http://localhost:32223/session/ac60a9c55f1644c9eb51cb668a93d693/element/A92E5CC3B062EC67EFA4878232BEB9D3_element_42/click'
14:46:42.134 [Forwarding clickElement on session ac60a9c55f1644c9eb51cb668a93d693 to remote] DEBUG org.asynchttpclient.netty.request.NettyRequestSender - Using open Channel [id: 0x6ec29587, L:/127.0.0.1:53391 - R:localhost/127.0.0.1:32223] for POST '/session/ac60a9c55f1644c9eb51cb668a93d693/element/A92E5CC3B062EC67EFA4878232BEB9D3_element_42/click'
14:46:42.664 [AsyncHttpClient-1-5] DEBUG org.asynchttpclient.netty.handler.HttpHandler - 

Request DefaultHttpRequest(decodeResult: success, version: HTTP/1.1)
POST /session/ac60a9c55f1644c9eb51cb668a93d693/element/A92E5CC3B062EC67EFA4878232BEB9D3_element_42/click HTTP/1.1
User-Agent: selenium/4.8.1 (java windows)
Content-Length: 57
Content-Type: application/json; charset=utf-8
host: localhost:32223
accept: */*

Response DefaultHttpResponse(decodeResult: success, version: HTTP/1.1)
HTTP/1.1 200 OK
Content-Length: 14
Content-Type: application/json; charset=utf-8
cache-control: no-cache

14:46:42.664 [AsyncHttpClient-1-5] DEBUG org.asynchttpclient.netty.channel.ChannelManager - Adding key: http://localhost:32223 for channel [id: 0x6ec29587, L:/127.0.0.1:53391 - R:localhost/127.0.0.1:32223]
14:46:42.674 [main] DEBUG net.thucydides.core.steps.StepInterceptor - STEP DONE: clickTiketKABT
  &amp#27;[32mAnd &amp#27;[0m&amp#27;[32muser click tiket kereta api to see ticket ka2&amp#27;[0m                      &amp#27;[90m# starter.stepdefinitions.Admin.DaftarTiketKeretaApi.LihatTiketKASteps.userClickTiketKA2()&amp#27;[0m
14:46:42.708 [main] DEBUG net.thucydides.core.steps.StepInterceptor - STARTING STEP: LihatTiketKASteps.userOnTicketKAPage2 - onDaftarTiketKA
14:46:42.722 [Forwarding findElement on session ac60a9c55f1644c9eb51cb668a93d693 to remote] DEBUG org.asynchttpclient.netty.request.NettyRequestSender - Using pooled Channel '[id: 0x6ec29587, L:/127.0.0.1:53391 - R:localhost/127.0.0.1:32223]' for 'POST' to 'http://localhost:32223/session/ac60a9c55f1644c9eb51cb668a93d693/element'
14:46:42.722 [Forwarding findElement on session ac60a9c55f1644c9eb51cb668a93d693 to remote] DEBUG org.asynchttpclient.netty.request.NettyRequestSender - Using open Channel [id: 0x6ec29587, L:/127.0.0.1:53391 - R:localhost/127.0.0.1:32223] for POST '/session/ac60a9c55f1644c9eb51cb668a93d693/element'
14:46:42.747 [AsyncHttpClient-1-5] DEBUG org.asynchttpclient.netty.handler.HttpHandler - 

Request DefaultHttpRequest(decodeResult: success, version: HTTP/1.1)
POST /session/ac60a9c55f1644c9eb51cb668a93d693/element HTTP/1.1
User-Agent: selenium/4.8.1 (java windows)
Content-Length: 135
Content-Type: application/json; charset=utf-8
host: localhost:32223
accept: */*

Response DefaultHttpResponse(decodeResult: success, version: HTTP/1.1)
HTTP/1.1 200 OK
Content-Length: 95
Content-Type: application/json; charset=utf-8
cache-control: no-cache

14:46:42.747 [AsyncHttpClient-1-5] DEBUG org.asynchttpclient.netty.channel.ChannelManager - Adding key: http://localhost:32223 for channel [id: 0x6ec29587, L:/127.0.0.1:53391 - R:localhost/127.0.0.1:32223]
14:46:42.749 [AsyncHttpClient-1-1] DEBUG org.asynchttpclient.netty.channel.DefaultChannelPool - Entry count for : http://localhost:53392 : 1
14:46:42.751 [AsyncHttpClient-1-1] DEBUG org.asynchttpclient.netty.channel.DefaultChannelPool - Entry count for : http://localhost:32223 : 1
14:46:42.754 [Forwarding isElementDisplayed on session ac60a9c55f1644c9eb51cb668a93d693 to remote] DEBUG org.asynchttpclient.netty.request.NettyRequestSender - Using pooled Channel '[id: 0x6ec29587, L:/127.0.0.1:53391 - R:localhost/127.0.0.1:32223]' for 'POST' to 'http://localhost:32223/session/ac60a9c55f1644c9eb51cb668a93d693/execute/sync'
14:46:42.755 [Forwarding isElementDisplayed on session ac60a9c55f1644c9eb51cb668a93d693 to remote] DEBUG org.asynchttpclient.netty.request.NettyRequestSender - Using open Channel [id: 0x6ec29587, L:/127.0.0.1:53391 - R:localhost/127.0.0.1:32223] for POST '/session/ac60a9c55f1644c9eb51cb668a93d693/execute/sync'
14:46:42.773 [AsyncHttpClient-1-5] DEBUG org.asynchttpclient.netty.handler.HttpHandler - 

Request DefaultHttpRequest(decodeResult: success, version: HTTP/1.1)
POST /session/ac60a9c55f1644c9eb51cb668a93d693/execute/sync HTTP/1.1
User-Agent: selenium/4.8.1 (java windows)
Content-Length: 48814
Content-Type: application/json; charset=utf-8
host: localhost:32223
accept: */*

Response DefaultHttpResponse(decodeResult: success, version: HTTP/1.1)
HTTP/1.1 200 OK
Content-Length: 14
Content-Type: application/json; charset=utf-8
cache-control: no-cache

14:46:42.773 [AsyncHttpClient-1-5] DEBUG org.asynchttpclient.netty.channel.ChannelManager - Adding key: http://localhost:32223 for channel [id: 0x6ec29587, L:/127.0.0.1:53391 - R:localhost/127.0.0.1:32223]
14:46:42.778 [Forwarding isElementDisplayed on session ac60a9c55f1644c9eb51cb668a93d693 to remote] DEBUG org.asynchttpclient.netty.request.NettyRequestSender - Using pooled Channel '[id: 0x6ec29587, L:/127.0.0.1:53391 - R:localhost/127.0.0.1:32223]' for 'POST' to 'http://localhost:32223/session/ac60a9c55f1644c9eb51cb668a93d693/execute/sync'
14:46:42.778 [Forwarding isElementDisplayed on session ac60a9c55f1644c9eb51cb668a93d693 to remote] DEBUG org.asynchttpclient.netty.request.NettyRequestSender - Using open Channel [id: 0x6ec29587, L:/127.0.0.1:53391 - R:localhost/127.0.0.1:32223] for POST '/session/ac60a9c55f1644c9eb51cb668a93d693/execute/sync'
14:46:42.797 [AsyncHttpClient-1-5] DEBUG org.asynchttpclient.netty.handler.HttpHandler - 

Request DefaultHttpRequest(decodeResult: success, version: HTTP/1.1)
POST /session/ac60a9c55f1644c9eb51cb668a93d693/execute/sync HTTP/1.1
User-Agent: selenium/4.8.1 (java windows)
Content-Length: 48814
Content-Type: application/json; charset=utf-8
host: localhost:32223
accept: */*

Response DefaultHttpResponse(decodeResult: success, version: HTTP/1.1)
HTTP/1.1 200 OK
Content-Length: 14
Content-Type: application/json; charset=utf-8
cache-control: no-cache

14:46:42.797 [AsyncHttpClient-1-5] DEBUG org.asynchttpclient.netty.channel.ChannelManager - Adding key: http://localhost:32223 for channel [id: 0x6ec29587, L:/127.0.0.1:53391 - R:localhost/127.0.0.1:32223]
14:46:42.800 [main] DEBUG net.thucydides.core.steps.StepInterceptor - STEP DONE: onDaftarTiketKA
  &amp#27;[32mAnd &amp#27;[0m&amp#27;[32muser on tiket kereta api page to see ticket ka2&amp#27;[0m                    &amp#27;[90m# starter.stepdefinitions.Admin.DaftarTiketKeretaApi.LihatTiketKASteps.userOnTicketKAPage2()&amp#27;[0m
14:46:42.816 [main] DEBUG net.thucydides.core.steps.StepInterceptor - STARTING STEP: LihatTiketKASteps.userInputTicketOnSearchField - clickSearchFieldKA
14:46:42.824 [Forwarding findElement on session ac60a9c55f1644c9eb51cb668a93d693 to remote] DEBUG org.asynchttpclient.netty.request.NettyRequestSender - Using pooled Channel '[id: 0x6ec29587, L:/127.0.0.1:53391 - R:localhost/127.0.0.1:32223]' for 'POST' to 'http://localhost:32223/session/ac60a9c55f1644c9eb51cb668a93d693/element'
14:46:42.824 [Forwarding findElement on session ac60a9c55f1644c9eb51cb668a93d693 to remote] DEBUG org.asynchttpclient.netty.request.NettyRequestSender - Using open Channel [id: 0x6ec29587, L:/127.0.0.1:53391 - R:localhost/127.0.0.1:32223] for POST '/session/ac60a9c55f1644c9eb51cb668a93d693/element'
14:46:42.844 [AsyncHttpClient-1-5] DEBUG org.asynchttpclient.netty.handler.HttpHandler - 

Request DefaultHttpRequest(decodeResult: success, version: HTTP/1.1)
POST /session/ac60a9c55f1644c9eb51cb668a93d693/element HTTP/1.1
User-Agent: selenium/4.8.1 (java windows)
Content-Length: 141
Content-Type: application/json; charset=utf-8
host: localhost:32223
accept: */*

Response DefaultHttpResponse(decodeResult: success, version: HTTP/1.1)
HTTP/1.1 200 OK
Content-Length: 96
Content-Type: application/json; charset=utf-8
cache-control: no-cache

14:46:42.844 [AsyncHttpClient-1-5] DEBUG org.asynchttpclient.netty.channel.ChannelManager - Adding key: http://localhost:32223 for channel [id: 0x6ec29587, L:/127.0.0.1:53391 - R:localhost/127.0.0.1:32223]
14:46:42.847 [Forwarding getElementTagName on session ac60a9c55f1644c9eb51cb668a93d693 to remote] DEBUG org.asynchttpclient.netty.request.NettyRequestSender - Using pooled Channel '[id: 0x6ec29587, L:/127.0.0.1:53391 - R:localhost/127.0.0.1:32223]' for 'GET' to 'http://localhost:32223/session/ac60a9c55f1644c9eb51cb668a93d693/element/A92E5CC3B062EC67EFA4878232BEB9D3_element_102/name'
14:46:42.847 [Forwarding getElementTagName on session ac60a9c55f1644c9eb51cb668a93d693 to remote] DEBUG org.asynchttpclient.netty.request.NettyRequestSender - Using open Channel [id: 0x6ec29587, L:/127.0.0.1:53391 - R:localhost/127.0.0.1:32223] for GET '/session/ac60a9c55f1644c9eb51cb668a93d693/element/A92E5CC3B062EC67EFA4878232BEB9D3_element_102/name'
14:46:42.868 [AsyncHttpClient-1-5] DEBUG org.asynchttpclient.netty.handler.HttpHandler - 

Request DefaultFullHttpRequest(decodeResult: success, version: HTTP/1.1, content: EmptyByteBufBE)
GET /session/ac60a9c55f1644c9eb51cb668a93d693/element/A92E5CC3B062EC67EFA4878232BEB9D3_element_102/name HTTP/1.1
User-Agent: selenium/4.8.1 (java windows)
Cache-Control: no-cache
Content-Type: application/json; charset=utf-8
host: localhost:32223
accept: */*

Response DefaultHttpResponse(decodeResult: success, version: HTTP/1.1)
HTTP/1.1 200 OK
Content-Length: 17
Content-Type: application/json; charset=utf-8
cache-control: no-cache

14:46:42.868 [AsyncHttpClient-1-5] DEBUG org.asynchttpclient.netty.channel.ChannelManager - Adding key: http://localhost:32223 for channel [id: 0x6ec29587, L:/127.0.0.1:53391 - R:localhost/127.0.0.1:32223]
14:46:42.871 [Forwarding getElementTagName on session ac60a9c55f1644c9eb51cb668a93d693 to remote] DEBUG org.asynchttpclient.netty.request.NettyRequestSender - Using pooled Channel '[id: 0x6ec29587, L:/127.0.0.1:53391 - R:localhost/127.0.0.1:32223]' for 'GET' to 'http://localhost:32223/session/ac60a9c55f1644c9eb51cb668a93d693/element/A92E5CC3B062EC67EFA4878232BEB9D3_element_102/name'
14:46:42.871 [Forwarding getElementTagName on session ac60a9c55f1644c9eb51cb668a93d693 to remote] DEBUG org.asynchttpclient.netty.request.NettyRequestSender - Using open Channel [id: 0x6ec29587, L:/127.0.0.1:53391 - R:localhost/127.0.0.1:32223] for GET '/session/ac60a9c55f1644c9eb51cb668a93d693/element/A92E5CC3B062EC67EFA4878232BEB9D3_element_102/name'
14:46:42.879 [AsyncHttpClient-1-5] DEBUG org.asynchttpclient.netty.handler.HttpHandler - 

Request DefaultFullHttpRequest(decodeResult: success, version: HTTP/1.1, content: EmptyByteBufBE)
GET /session/ac60a9c55f1644c9eb51cb668a93d693/element/A92E5CC3B062EC67EFA4878232BEB9D3_element_102/name HTTP/1.1
User-Agent: selenium/4.8.1 (java windows)
Cache-Control: no-cache
Content-Type: application/json; charset=utf-8
host: localhost:32223
accept: */*

Response DefaultHttpResponse(decodeResult: success, version: HTTP/1.1)
HTTP/1.1 200 OK
Content-Length: 17
Content-Type: application/json; charset=utf-8
cache-control: no-cache

14:46:42.879 [AsyncHttpClient-1-5] DEBUG org.asynchttpclient.netty.channel.ChannelManager - Adding key: http://localhost:32223 for channel [id: 0x6ec29587, L:/127.0.0.1:53391 - R:localhost/127.0.0.1:32223]
14:46:42.884 [Forwarding isElementEnabled on session ac60a9c55f1644c9eb51cb668a93d693 to remote] DEBUG org.asynchttpclient.netty.request.NettyRequestSender - Using pooled Channel '[id: 0x6ec29587, L:/127.0.0.1:53391 - R:localhost/127.0.0.1:32223]' for 'GET' to 'http://localhost:32223/session/ac60a9c55f1644c9eb51cb668a93d693/element/A92E5CC3B062EC67EFA4878232BEB9D3_element_102/enabled'
14:46:42.884 [Forwarding isElementEnabled on session ac60a9c55f1644c9eb51cb668a93d693 to remote] DEBUG org.asynchttpclient.netty.request.NettyRequestSender - Using open Channel [id: 0x6ec29587, L:/127.0.0.1:53391 - R:localhost/127.0.0.1:32223] for GET '/session/ac60a9c55f1644c9eb51cb668a93d693/element/A92E5CC3B062EC67EFA4878232BEB9D3_element_102/enabled'
14:46:42.896 [AsyncHttpClient-1-5] DEBUG org.asynchttpclient.netty.handler.HttpHandler - 

Request DefaultFullHttpRequest(decodeResult: success, version: HTTP/1.1, content: EmptyByteBufBE)
GET /session/ac60a9c55f1644c9eb51cb668a93d693/element/A92E5CC3B062EC67EFA4878232BEB9D3_element_102/enabled HTTP/1.1
User-Agent: selenium/4.8.1 (java windows)
Cache-Control: no-cache
Content-Type: application/json; charset=utf-8
host: localhost:32223
accept: */*

Response DefaultHttpResponse(decodeResult: success, version: HTTP/1.1)
HTTP/1.1 200 OK
Content-Length: 14
Content-Type: application/json; charset=utf-8
cache-control: no-cache

14:46:42.896 [AsyncHttpClient-1-5] DEBUG org.asynchttpclient.netty.channel.ChannelManager - Adding key: http://localhost:32223 for channel [id: 0x6ec29587, L:/127.0.0.1:53391 - R:localhost/127.0.0.1:32223]
14:46:42.898 [Forwarding isElementEnabled on session ac60a9c55f1644c9eb51cb668a93d693 to remote] DEBUG org.asynchttpclient.netty.request.NettyRequestSender - Using pooled Channel '[id: 0x6ec29587, L:/127.0.0.1:53391 - R:localhost/127.0.0.1:32223]' for 'GET' to 'http://localhost:32223/session/ac60a9c55f1644c9eb51cb668a93d693/element/A92E5CC3B062EC67EFA4878232BEB9D3_element_102/enabled'
14:46:42.898 [Forwarding isElementEnabled on session ac60a9c55f1644c9eb51cb668a93d693 to remote] DEBUG org.asynchttpclient.netty.request.NettyRequestSender - Using open Channel [id: 0x6ec29587, L:/127.0.0.1:53391 - R:localhost/127.0.0.1:32223] for GET '/session/ac60a9c55f1644c9eb51cb668a93d693/element/A92E5CC3B062EC67EFA4878232BEB9D3_element_102/enabled'
14:46:42.914 [AsyncHttpClient-1-5] DEBUG org.asynchttpclient.netty.handler.HttpHandler - 

Request DefaultFullHttpRequest(decodeResult: success, version: HTTP/1.1, content: EmptyByteBufBE)
GET /session/ac60a9c55f1644c9eb51cb668a93d693/element/A92E5CC3B062EC67EFA4878232BEB9D3_element_102/enabled HTTP/1.1
User-Agent: selenium/4.8.1 (java windows)
Cache-Control: no-cache
Content-Type: application/json; charset=utf-8
host: localhost:32223
accept: */*

Response DefaultHttpResponse(decodeResult: success, version: HTTP/1.1)
HTTP/1.1 200 OK
Content-Length: 14
Content-Type: application/json; charset=utf-8
cache-control: no-cache

14:46:42.914 [AsyncHttpClient-1-5] DEBUG org.asynchttpclient.netty.channel.ChannelManager - Adding key: http://localhost:32223 for channel [id: 0x6ec29587, L:/127.0.0.1:53391 - R:localhost/127.0.0.1:32223]
14:46:42.917 [Forwarding findElement on session ac60a9c55f1644c9eb51cb668a93d693 to remote] DEBUG org.asynchttpclient.netty.request.NettyRequestSender - Using pooled Channel '[id: 0x6ec29587, L:/127.0.0.1:53391 - R:localhost/127.0.0.1:32223]' for 'POST' to 'http://localhost:32223/session/ac60a9c55f1644c9eb51cb668a93d693/element'
14:46:42.918 [Forwarding findElement on session ac60a9c55f1644c9eb51cb668a93d693 to remote] DEBUG org.asynchttpclient.netty.request.NettyRequestSender - Using open Channel [id: 0x6ec29587, L:/127.0.0.1:53391 - R:localhost/127.0.0.1:32223] for POST '/session/ac60a9c55f1644c9eb51cb668a93d693/element'
14:46:42.932 [AsyncHttpClient-1-5] DEBUG org.asynchttpclient.netty.handler.HttpHandler - 

Request DefaultHttpRequest(decodeResult: success, version: HTTP/1.1)
POST /session/ac60a9c55f1644c9eb51cb668a93d693/element HTTP/1.1
User-Agent: selenium/4.8.1 (java windows)
Content-Length: 141
Content-Type: application/json; charset=utf-8
host: localhost:32223
accept: */*

Response DefaultHttpResponse(decodeResult: success, version: HTTP/1.1)
HTTP/1.1 200 OK
Content-Length: 96
Content-Type: application/json; charset=utf-8
cache-control: no-cache

14:46:42.932 [AsyncHttpClient-1-5] DEBUG org.asynchttpclient.netty.channel.ChannelManager - Adding key: http://localhost:32223 for channel [id: 0x6ec29587, L:/127.0.0.1:53391 - R:localhost/127.0.0.1:32223]
14:46:42.935 [Forwarding clickElement on session ac60a9c55f1644c9eb51cb668a93d693 to remote] DEBUG org.asynchttpclient.netty.request.NettyRequestSender - Using pooled Channel '[id: 0x6ec29587, L:/127.0.0.1:53391 - R:localhost/127.0.0.1:32223]' for 'POST' to 'http://localhost:32223/session/ac60a9c55f1644c9eb51cb668a93d693/element/A92E5CC3B062EC67EFA4878232BEB9D3_element_102/click'
14:46:42.935 [Forwarding clickElement on session ac60a9c55f1644c9eb51cb668a93d693 to remote] DEBUG org.asynchttpclient.netty.request.NettyRequestSender - Using open Channel [id: 0x6ec29587, L:/127.0.0.1:53391 - R:localhost/127.0.0.1:32223] for POST '/session/ac60a9c55f1644c9eb51cb668a93d693/element/A92E5CC3B062EC67EFA4878232BEB9D3_element_102/click'
14:46:43.028 [AsyncHttpClient-1-5] DEBUG org.asynchttpclient.netty.handler.HttpHandler - 

Request DefaultHttpRequest(decodeResult: success, version: HTTP/1.1)
POST /session/ac60a9c55f1644c9eb51cb668a93d693/element/A92E5CC3B062EC67EFA4878232BEB9D3_element_102/click HTTP/1.1
User-Agent: selenium/4.8.1 (java windows)
Content-Length: 58
Content-Type: application/json; charset=utf-8
host: localhost:32223
accept: */*

Response DefaultHttpResponse(decodeResult: success, version: HTTP/1.1)
HTTP/1.1 200 OK
Content-Length: 14
Content-Type: application/json; charset=utf-8
cache-control: no-cache

14:46:43.028 [AsyncHttpClient-1-5] DEBUG org.asynchttpclient.netty.channel.ChannelManager - Adding key: http://localhost:32223 for channel [id: 0x6ec29587, L:/127.0.0.1:53391 - R:localhost/127.0.0.1:32223]
14:46:43.034 [main] DEBUG net.thucydides.core.steps.StepInterceptor - STEP DONE: clickSearchFieldKA
14:46:43.041 [main] DEBUG net.thucydides.core.steps.StepInterceptor - STARTING STEP: LihatTiketKASteps.userInputTicketOnSearchField - inputSearchTiketKA
14:46:43.050 [Forwarding findElement on session ac60a9c55f1644c9eb51cb668a93d693 to remote] DEBUG org.asynchttpclient.netty.request.NettyRequestSender - Using pooled Channel '[id: 0x6ec29587, L:/127.0.0.1:53391 - R:localhost/127.0.0.1:32223]' for 'POST' to 'http://localhost:32223/session/ac60a9c55f1644c9eb51cb668a93d693/element'
14:46:43.050 [Forwarding findElement on session ac60a9c55f1644c9eb51cb668a93d693 to remote] DEBUG org.asynchttpclient.netty.request.NettyRequestSender - Using open Channel [id: 0x6ec29587, L:/127.0.0.1:53391 - R:localhost/127.0.0.1:32223] for POST '/session/ac60a9c55f1644c9eb51cb668a93d693/element'
14:46:43.065 [AsyncHttpClient-1-5] DEBUG org.asynchttpclient.netty.handler.HttpHandler - 

Request DefaultHttpRequest(decodeResult: success, version: HTTP/1.1)
POST /session/ac60a9c55f1644c9eb51cb668a93d693/element HTTP/1.1
User-Agent: selenium/4.8.1 (java windows)
Content-Length: 141
Content-Type: application/json; charset=utf-8
host: localhost:32223
accept: */*

Response DefaultHttpResponse(decodeResult: success, version: HTTP/1.1)
HTTP/1.1 200 OK
Content-Length: 96
Content-Type: application/json; charset=utf-8
cache-control: no-cache

14:46:43.065 [AsyncHttpClient-1-5] DEBUG org.asynchttpclient.netty.channel.ChannelManager - Adding key: http://localhost:32223 for channel [id: 0x6ec29587, L:/127.0.0.1:53391 - R:localhost/127.0.0.1:32223]
14:46:43.067 [Forwarding clearElement on session ac60a9c55f1644c9eb51cb668a93d693 to remote] DEBUG org.asynchttpclient.netty.request.NettyRequestSender - Using pooled Channel '[id: 0x6ec29587, L:/127.0.0.1:53391 - R:localhost/127.0.0.1:32223]' for 'POST' to 'http://localhost:32223/session/ac60a9c55f1644c9eb51cb668a93d693/element/A92E5CC3B062EC67EFA4878232BEB9D3_element_102/clear'
14:46:43.067 [Forwarding clearElement on session ac60a9c55f1644c9eb51cb668a93d693 to remote] DEBUG org.asynchttpclient.netty.request.NettyRequestSender - Using open Channel [id: 0x6ec29587, L:/127.0.0.1:53391 - R:localhost/127.0.0.1:32223] for POST '/session/ac60a9c55f1644c9eb51cb668a93d693/element/A92E5CC3B062EC67EFA4878232BEB9D3_element_102/clear'
14:46:43.115 [AsyncHttpClient-1-5] DEBUG org.asynchttpclient.netty.handler.HttpHandler - 

Request DefaultHttpRequest(decodeResult: success, version: HTTP/1.1)
POST /session/ac60a9c55f1644c9eb51cb668a93d693/element/A92E5CC3B062EC67EFA4878232BEB9D3_element_102/clear HTTP/1.1
User-Agent: selenium/4.8.1 (java windows)
Content-Length: 58
Content-Type: application/json; charset=utf-8
host: localhost:32223
accept: */*

Response DefaultHttpResponse(decodeResult: success, version: HTTP/1.1)
HTTP/1.1 200 OK
Content-Length: 14
Content-Type: application/json; charset=utf-8
cache-control: no-cache

14:46:43.116 [AsyncHttpClient-1-5] DEBUG org.asynchttpclient.netty.channel.ChannelManager - Adding key: http://localhost:32223 for channel [id: 0x6ec29587, L:/127.0.0.1:53391 - R:localhost/127.0.0.1:32223]
14:46:43.120 [Forwarding sendKeysToElement on session ac60a9c55f1644c9eb51cb668a93d693 to remote] DEBUG org.asynchttpclient.netty.request.NettyRequestSender - Using pooled Channel '[id: 0x6ec29587, L:/127.0.0.1:53391 - R:localhost/127.0.0.1:32223]' for 'POST' to 'http://localhost:32223/session/ac60a9c55f1644c9eb51cb668a93d693/element/A92E5CC3B062EC67EFA4878232BEB9D3_element_102/value'
14:46:43.120 [Forwarding sendKeysToElement on session ac60a9c55f1644c9eb51cb668a93d693 to remote] DEBUG org.asynchttpclient.netty.request.NettyRequestSender - Using open Channel [id: 0x6ec29587, L:/127.0.0.1:53391 - R:localhost/127.0.0.1:32223] for POST '/session/ac60a9c55f1644c9eb51cb668a93d693/element/A92E5CC3B062EC67EFA4878232BEB9D3_element_102/value'
14:46:43.238 [AsyncHttpClient-1-5] DEBUG org.asynchttpclient.netty.handler.HttpHandler - 

Request DefaultHttpRequest(decodeResult: success, version: HTTP/1.1)
POST /session/ac60a9c55f1644c9eb51cb668a93d693/element/A92E5CC3B062EC67EFA4878232BEB9D3_element_102/value HTTP/1.1
User-Agent: selenium/4.8.1 (java windows)
Content-Length: 179
Content-Type: application/json; charset=utf-8
host: localhost:32223
accept: */*

Response DefaultHttpResponse(decodeResult: success, version: HTTP/1.1)
HTTP/1.1 200 OK
Content-Length: 14
Content-Type: application/json; charset=utf-8
cache-control: no-cache

14:46:43.238 [AsyncHttpClient-1-5] DEBUG org.asynchttpclient.netty.channel.ChannelManager - Adding key: http://localhost:32223 for channel [id: 0x6ec29587, L:/127.0.0.1:53391 - R:localhost/127.0.0.1:32223]
14:46:43.246 [main] DEBUG net.thucydides.core.steps.StepInterceptor - STEP DONE: inputSearchTiketKA
  &amp#27;[32mAnd &amp#27;[0m&amp#27;[32muser click search field and input name of ticket to see ticket ka2&amp#27;[0m &amp#27;[90m# starter.stepdefinitions.Admin.DaftarTiketKeretaApi.LihatTiketKASteps.userInputTicketOnSearchField()&amp#27;[0m
14:46:43.262 [main] DEBUG net.thucydides.core.steps.StepInterceptor - STARTING STEP: LihatTiketKASteps.userCanSeeTicketKA - seeTicket
14:46:43.267 [Forwarding findElement on session ac60a9c55f1644c9eb51cb668a93d693 to remote] DEBUG org.asynchttpclient.netty.request.NettyRequestSender - Using pooled Channel '[id: 0x6ec29587, L:/127.0.0.1:53391 - R:localhost/127.0.0.1:32223]' for 'POST' to 'http://localhost:32223/session/ac60a9c55f1644c9eb51cb668a93d693/element'
14:46:43.267 [Forwarding findElement on session ac60a9c55f1644c9eb51cb668a93d693 to remote] DEBUG org.asynchttpclient.netty.request.NettyRequestSender - Using open Channel [id: 0x6ec29587, L:/127.0.0.1:53391 - R:localhost/127.0.0.1:32223] for POST '/session/ac60a9c55f1644c9eb51cb668a93d693/element'
14:46:43.844 [AsyncHttpClient-1-1] DEBUG org.asynchttpclient.netty.channel.DefaultChannelPool - Entry count for : http://localhost:53392 : 1
14:46:44.946 [AsyncHttpClient-1-1] DEBUG org.asynchttpclient.netty.channel.DefaultChannelPool - Entry count for : http://localhost:53392 : 1
14:46:45.290 [AsyncHttpClient-1-5] DEBUG org.asynchttpclient.netty.handler.HttpHandler - 

Request DefaultHttpRequest(decodeResult: success, version: HTTP/1.1)
POST /session/ac60a9c55f1644c9eb51cb668a93d693/element HTTP/1.1
User-Agent: selenium/4.8.1 (java windows)
Content-Length: 115
Content-Type: application/json; charset=utf-8
host: localhost:32223
accept: */*

Response DefaultHttpResponse(decodeResult: success, version: HTTP/1.1)
HTTP/1.1 404 Not Found
Content-Length: 991
Content-Type: application/json; charset=utf-8
cache-control: no-cache

14:46:45.291 [AsyncHttpClient-1-5] DEBUG org.asynchttpclient.netty.channel.ChannelManager - Adding key: http://localhost:32223 for channel [id: 0x6ec29587, L:/127.0.0.1:53391 - R:localhost/127.0.0.1:32223]
14:46:45.307 [main] DEBUG net.serenitybdd.core.photography.Darkroom - Opening darkroom
14:46:45.309 [Darkroom Processing Line] DEBUG net.serenitybdd.core.photography.DarkroomProcessingLine - Darkroom processing line starting up
14:46:45.333 [Forwarding getAlertText on session ac60a9c55f1644c9eb51cb668a93d693 to remote] DEBUG org.asynchttpclient.netty.request.NettyRequestSender - Using pooled Channel '[id: 0x6ec29587, L:/127.0.0.1:53391 - R:localhost/127.0.0.1:32223]' for 'GET' to 'http://localhost:32223/session/ac60a9c55f1644c9eb51cb668a93d693/alert/text'
14:46:45.334 [Forwarding getAlertText on session ac60a9c55f1644c9eb51cb668a93d693 to remote] DEBUG org.asynchttpclient.netty.request.NettyRequestSender - Using open Channel [id: 0x6ec29587, L:/127.0.0.1:53391 - R:localhost/127.0.0.1:32223] for GET '/session/ac60a9c55f1644c9eb51cb668a93d693/alert/text'
14:46:45.336 [AsyncHttpClient-1-5] DEBUG org.asynchttpclient.netty.handler.HttpHandler - 

Request DefaultFullHttpRequest(decodeResult: success, version: HTTP/1.1, content: EmptyByteBufBE)
GET /session/ac60a9c55f1644c9eb51cb668a93d693/alert/text HTTP/1.1
User-Agent: selenium/4.8.1 (java windows)
Cache-Control: no-cache
Content-Type: application/json; charset=utf-8
host: localhost:32223
accept: */*

Response DefaultHttpResponse(decodeResult: success, version: HTTP/1.1)
HTTP/1.1 404 Not Found
Content-Length: 848
Content-Type: application/json; charset=utf-8
cache-control: no-cache

14:46:45.336 [AsyncHttpClient-1-5] DEBUG org.asynchttpclient.netty.channel.ChannelManager - Adding key: http://localhost:32223 for channel [id: 0x6ec29587, L:/127.0.0.1:53391 - R:localhost/127.0.0.1:32223]
14:46:45.339 [Forwarding getCurrentUrl on session ac60a9c55f1644c9eb51cb668a93d693 to remote] DEBUG org.asynchttpclient.netty.request.NettyRequestSender - Using pooled Channel '[id: 0x6ec29587, L:/127.0.0.1:53391 - R:localhost/127.0.0.1:32223]' for 'GET' to 'http://localhost:32223/session/ac60a9c55f1644c9eb51cb668a93d693/url'
14:46:45.339 [Forwarding getCurrentUrl on session ac60a9c55f1644c9eb51cb668a93d693 to remote] DEBUG org.asynchttpclient.netty.request.NettyRequestSender - Using open Channel [id: 0x6ec29587, L:/127.0.0.1:53391 - R:localhost/127.0.0.1:32223] for GET '/session/ac60a9c55f1644c9eb51cb668a93d693/url'
14:46:45.345 [AsyncHttpClient-1-5] DEBUG org.asynchttpclient.netty.handler.HttpHandler - 

Request DefaultFullHttpRequest(decodeResult: success, version: HTTP/1.1, content: EmptyByteBufBE)
GET /session/ac60a9c55f1644c9eb51cb668a93d693/url HTTP/1.1
User-Agent: selenium/4.8.1 (java windows)
Cache-Control: no-cache
Content-Type: application/json; charset=utf-8
host: localhost:32223
accept: */*

Response DefaultHttpResponse(decodeResult: success, version: HTTP/1.1)
HTTP/1.1 200 OK
Content-Length: 58
Content-Type: application/json; charset=utf-8
cache-control: no-cache

14:46:45.345 [AsyncHttpClient-1-5] DEBUG org.asynchttpclient.netty.channel.ChannelManager - Adding key: http://localhost:32223 for channel [id: 0x6ec29587, L:/127.0.0.1:53391 - R:localhost/127.0.0.1:32223]
14:46:45.349 [Forwarding screenshot on session ac60a9c55f1644c9eb51cb668a93d693 to remote] DEBUG org.asynchttpclient.netty.request.NettyRequestSender - Using pooled Channel '[id: 0x6ec29587, L:/127.0.0.1:53391 - R:localhost/127.0.0.1:32223]' for 'GET' to 'http://localhost:32223/session/ac60a9c55f1644c9eb51cb668a93d693/screenshot'
14:46:45.350 [Forwarding screenshot on session ac60a9c55f1644c9eb51cb668a93d693 to remote] DEBUG org.asynchttpclient.netty.request.NettyRequestSender - Using open Channel [id: 0x6ec29587, L:/127.0.0.1:53391 - R:localhost/127.0.0.1:32223] for GET '/session/ac60a9c55f1644c9eb51cb668a93d693/screenshot'
14:46:45.508 [AsyncHttpClient-1-5] DEBUG org.asynchttpclient.netty.handler.HttpHandler - 

Request DefaultFullHttpRequest(decodeResult: success, version: HTTP/1.1, content: EmptyByteBufBE)
GET /session/ac60a9c55f1644c9eb51cb668a93d693/screenshot HTTP/1.1
User-Agent: selenium/4.8.1 (java windows)
Cache-Control: no-cache
Content-Type: application/json; charset=utf-8
host: localhost:32223
accept: */*

Response DefaultHttpResponse(decodeResult: success, version: HTTP/1.1)
HTTP/1.1 200 OK
Content-Length: 68300
Content-Type: application/json; charset=utf-8
cache-control: no-cache

14:46:45.509 [AsyncHttpClient-1-5] DEBUG org.asynchttpclient.netty.channel.ChannelManager - Adding key: http://localhost:32223 for channel [id: 0x6ec29587, L:/127.0.0.1:53391 - R:localhost/127.0.0.1:32223]
14:46:45.691 [main] DEBUG net.serenitybdd.core.photography.Darkroom - Send negative for processing for target\site\serenity\41f11f491389f2592fa53dc4380d6b65e7c9c143dab38fbe77db23cc3348b2aa.png
14:46:45.692 [Darkroom Processing Line] DEBUG net.serenitybdd.core.photography.DarkroomProcessingLine - Processing screenshot image in /var/screenshots/screenshot-4285263625418002047
14:46:45.692 [Darkroom Processing Line] DEBUG net.serenitybdd.core.photography.DarkroomProcessingLine - Saving screenshot to target\site\serenity\41f11f491389f2592fa53dc4380d6b65e7c9c143dab38fbe77db23cc3348b2aa.png
14:46:45.695 [Forwarding getPageSource on session ac60a9c55f1644c9eb51cb668a93d693 to remote] DEBUG org.asynchttpclient.netty.request.NettyRequestSender - Using pooled Channel '[id: 0x6ec29587, L:/127.0.0.1:53391 - R:localhost/127.0.0.1:32223]' for 'POST' to 'http://localhost:32223/session/ac60a9c55f1644c9eb51cb668a93d693/execute/sync'
14:46:45.695 [Forwarding getPageSource on session ac60a9c55f1644c9eb51cb668a93d693 to remote] DEBUG org.asynchttpclient.netty.request.NettyRequestSender - Using open Channel [id: 0x6ec29587, L:/127.0.0.1:53391 - R:localhost/127.0.0.1:32223] for POST '/session/ac60a9c55f1644c9eb51cb668a93d693/execute/sync'
14:46:45.709 [AsyncHttpClient-1-5] DEBUG org.asynchttpclient.netty.handler.HttpHandler - 

Request DefaultHttpRequest(decodeResult: success, version: HTTP/1.1)
POST /session/ac60a9c55f1644c9eb51cb668a93d693/execute/sync HTTP/1.1
User-Agent: selenium/4.8.1 (java windows)
Content-Length: 176
Content-Type: application/json; charset=utf-8
host: localhost:32223
accept: */*

Response DefaultHttpResponse(decodeResult: success, version: HTTP/1.1)
HTTP/1.1 200 OK
Content-Length: 32284
Content-Type: application/json; charset=utf-8
cache-control: no-cache

14:46:45.710 [AsyncHttpClient-1-5] DEBUG org.asynchttpclient.netty.channel.ChannelManager - Adding key: http://localhost:32223 for channel [id: 0x6ec29587, L:/127.0.0.1:53391 - R:localhost/127.0.0.1:32223]
14:46:45.866 [Forwarding getCurrentUrl on session ac60a9c55f1644c9eb51cb668a93d693 to remote] DEBUG org.asynchttpclient.netty.request.NettyRequestSender - Using pooled Channel '[id: 0x6ec29587, L:/127.0.0.1:53391 - R:localhost/127.0.0.1:32223]' for 'GET' to 'http://localhost:32223/session/ac60a9c55f1644c9eb51cb668a93d693/url'
14:46:45.866 [Forwarding getCurrentUrl on session ac60a9c55f1644c9eb51cb668a93d693 to remote] DEBUG org.asynchttpclient.netty.request.NettyRequestSender - Using open Channel [id: 0x6ec29587, L:/127.0.0.1:53391 - R:localhost/127.0.0.1:32223] for GET '/session/ac60a9c55f1644c9eb51cb668a93d693/url'
14:46:45.875 [AsyncHttpClient-1-5] DEBUG org.asynchttpclient.netty.handler.HttpHandler - 

Request DefaultFullHttpRequest(decodeResult: success, version: HTTP/1.1, content: EmptyByteBufBE)
GET /session/ac60a9c55f1644c9eb51cb668a93d693/url HTTP/1.1
User-Agent: selenium/4.8.1 (java windows)
Cache-Control: no-cache
Content-Type: application/json; charset=utf-8
host: localhost:32223
accept: */*

Response DefaultHttpResponse(decodeResult: success, version: HTTP/1.1)
HTTP/1.1 200 OK
Content-Length: 58
Content-Type: application/json; charset=utf-8
cache-control: no-cache

14:46:45.876 [AsyncHttpClient-1-5] DEBUG org.asynchttpclient.netty.channel.ChannelManager - Adding key: http://localhost:32223 for channel [id: 0x6ec29587, L:/127.0.0.1:53391 - R:localhost/127.0.0.1:32223]
  &amp#27;[31mThen &amp#27;[0m&amp#27;[31muser can see ticket ka2&amp#27;[0m                                           &amp#27;[90m# starter.stepdefinitions.Admin.DaftarTiketKeretaApi.LihatTiketKASteps.userCanSeeTicketKA()&amp#27;[0m
      &amp#27;[31mjava.lang.AssertionError: Element should be visible
	at net.serenitybdd.core.pages.WebElementFacadeImpl.failWithMessage(WebElementFacadeImpl.java:980)
	at net.serenitybdd.core.pages.WebElementFacadeImpl.shouldBeVisible(WebElementFacadeImpl.java:433)
	at starter.pages.Admin.DaftarTiketKeretaApi.LihatTiketKAPage.seeTicket(LihatTiketKAPage.java:158)
	at starter.pages.Admin.DaftarTiketKeretaApi.LihatTiketKAPage$ByteBuddy$zohZJU5l.seeTicket$accessor$WWNIli0R(Unknown Source)
	at sun.reflect.NativeMethodAccessorImpl.invoke0(Native Method)
	at sun.reflect.NativeMethodAccessorImpl.invoke(NativeMethodAccessorImpl.java:62)
	at sun.reflect.DelegatingMethodAccessorImpl.invoke(DelegatingMethodAccessorImpl.java:43)
	at java.lang.reflect.Method.invoke(Method.java:498)
	at net.thucydides.core.steps.StepInterceptor.invokeMethod(StepInterceptor.java:518)
	at net.thucydides.core.steps.StepInterceptor.executeTestStepMethod(StepInterceptor.java:498)
	at net.thucydides.core.steps.StepInterceptor.runTestStep(StepInterceptor.java:472)
	at net.thucydides.core.steps.StepInterceptor.runOrSkipMethod(StepInterceptor.java:211)
	at net.thucydides.core.steps.StepInterceptor.testStepResult(StepInterceptor.java:198)
	at net.thucydides.core.steps.StepInterceptor.intercept(StepInterceptor.java:86)
	at net.thucydides.core.steps.ProxyConfiguration$InterceptorDispatcher.intercept(ProxyConfiguration.java:51)
	at starter.pages.Admin.DaftarTiketKeretaApi.LihatTiketKAPage$ByteBuddy$zohZJU5l.seeTicket(Unknown Source)
	at starter.stepdefinitions.Admin.DaftarTiketKeretaApi.LihatTiketKASteps.userCanSeeTicketKA(LihatTiketKASteps.java:89)
	at âœ½.user can see ticket ka2(file:///D:/D/QE_Alta/capstone/web-automation-test/src/test/resources/features/Admin/DaftarTiketKeretaApi/DaftarTiketKA.feature:24)
&amp#27;[0m
14:46:45.928 [main] ERROR  - 
  _____   ___   ___   _____     ___     _     ___   _      ___   ___  
 |_   _| | __| / __| |_   _|   | __|   /_\   |_ _| | |    | __| |   \ 
   | |   | _|  \__ \   | |     | _|   / _ \   | |  | |__  | _|  | |) |
   |_|   |___| |___/   |_|     |_|   /_/ \_\ |___| |____| |___| |___/ 

as admin i want to see list of ticket ka and search ticket
-----------------------------------------------------------------------
14:46:45.931 [main] DEBUG  - RELATED ISSUES: 
14:46:45.934 [main] ERROR  -     Test failed at step: See ticket
14:46:45.934 [main] ERROR  -     Element should be visible
14:46:45.940 [AsyncHttpClient-1-7] DEBUG org.asynchttpclient.netty.handler.WebSocketHandler - Channel Closed: [id: 0x532657ec, L:/127.0.0.1:53400 ! R:localhost/127.0.0.1:53392] with attribute NettyResponseFuture{currentRetry=0,
	isDone=1,
	isCancelled=0,
	asyncHandler=org.asynchttpclient.ws.WebSocketUpgradeHandler@64a5914e,
	nettyRequest=org.asynchttpclient.netty.request.NettyRequest@21a703be,
	future=java.util.concurrent.CompletableFuture@20aa91be[Completed normally],
	uri=ws://localhost:53392/devtools/browser/dad7f10b-ba7a-4911-815d-33e89448d22e,
	keepAlive=true,
	redirectCount=0,
	timeoutsHolder=null,
	inAuth=0,
	touch=1687333597195}
14:46:45.940 [AsyncHttpClient-1-7] DEBUG org.asynchttpclient.netty.channel.ChannelManager - Closing Channel [id: 0x532657ec, L:/127.0.0.1:53400 ! R:localhost/127.0.0.1:53392] 
14:46:45.960 [Driver Command Executor] DEBUG org.asynchttpclient.netty.request.NettyRequestSender - Using pooled Channel '[id: 0x6ec29587, L:/127.0.0.1:53391 - R:localhost/127.0.0.1:32223]' for 'DELETE' to 'http://localhost:32223/session/ac60a9c55f1644c9eb51cb668a93d693'
14:46:45.960 [Driver Command Executor] DEBUG org.asynchttpclient.netty.request.NettyRequestSender - Using open Channel [id: 0x6ec29587, L:/127.0.0.1:53391 - R:localhost/127.0.0.1:32223] for DELETE '/session/ac60a9c55f1644c9eb51cb668a93d693'
14:46:46.060 [AsyncHttpClient-1-1] DEBUG org.asynchttpclient.netty.channel.DefaultChannelPool - Entry count for : http://localhost:53392 : 1
14:46:46.130 [AsyncHttpClient-1-6] DEBUG org.asynchttpclient.netty.handler.HttpHandler - Unexpected I/O exception on channel [id: 0x1e2cb504, L:/127.0.0.1:53399 - R:localhost/127.0.0.1:53392]
java.io.IOException: An existing connection was forcibly closed by the remote host
	at sun.nio.ch.SocketDispatcher.read0(Native Method)
	at sun.nio.ch.SocketDispatcher.read(SocketDispatcher.java:43)
	at sun.nio.ch.IOUtil.readIntoNativeBuffer(IOUtil.java:223)
	at sun.nio.ch.IOUtil.read(IOUtil.java:192)
	at sun.nio.ch.SocketChannelImpl.read(SocketChannelImpl.java:380)
	at io.netty.buffer.PooledByteBuf.setBytes(PooledByteBuf.java:259)
	at io.netty.buffer.AbstractByteBuf.writeBytes(AbstractByteBuf.java:1132)
	at io.netty.channel.socket.nio.NioSocketChannel.doReadBytes(NioSocketChannel.java:357)
	at io.netty.channel.nio.AbstractNioByteChannel$NioByteUnsafe.read(AbstractNioByteChannel.java:151)
	at io.netty.channel.nio.NioEventLoop.processSelectedKey(NioEventLoop.java:788)
	at io.netty.channel.nio.NioEventLoop.processSelectedKeysOptimized(NioEventLoop.java:724)
	at io.netty.channel.nio.NioEventLoop.processSelectedKeys(NioEventLoop.java:650)
	at io.netty.channel.nio.NioEventLoop.run(NioEventLoop.java:562)
	at io.netty.util.concurrent.SingleThreadEventExecutor$4.run(SingleThreadEventExecutor.java:997)
	at io.netty.util.internal.ThreadExecutorMap$2.run(ThreadExecutorMap.java:74)
	at io.netty.util.concurrent.FastThreadLocalRunnable.run(FastThreadLocalRunnable.java:30)
	at java.lang.Thread.run(Thread.java:748)
14:46:46.130 [AsyncHttpClient-1-6] DEBUG org.asynchttpclient.netty.channel.ChannelManager - Closing Channel [id: 0x1e2cb504, L:/127.0.0.1:53399 - R:localhost/127.0.0.1:53392] 
14:46:46.131 [AsyncHttpClient-1-6] DEBUG org.asynchttpclient.netty.handler.HttpHandler - Channel Closed: [id: 0x1e2cb504, L:/127.0.0.1:53399 ! R:localhost/127.0.0.1:53392] with attribute DISCARD
14:46:46.173 [AsyncHttpClient-1-5] DEBUG org.asynchttpclient.netty.handler.HttpHandler - 

Request DefaultFullHttpRequest(decodeResult: success, version: HTTP/1.1, content: EmptyByteBufBE)
DELETE /session/ac60a9c55f1644c9eb51cb668a93d693 HTTP/1.1
User-Agent: selenium/4.8.1 (java windows)
Content-Type: application/json; charset=utf-8
host: localhost:32223
accept: */*

Response DefaultHttpResponse(decodeResult: success, version: HTTP/1.1)
HTTP/1.1 200 OK
Content-Length: 14
Content-Type: application/json; charset=utf-8
cache-control: no-cache

14:46:46.173 [AsyncHttpClient-1-5] DEBUG org.asynchttpclient.netty.channel.ChannelManager - Adding key: http://localhost:32223 for channel [id: 0x6ec29587, L:/127.0.0.1:53391 - R:localhost/127.0.0.1:32223]
14:46:47.281 [AsyncHttpClient-1-1] DEBUG org.asynchttpclient.netty.channel.DefaultChannelPool - Entry count for : http://localhost:53392 : 1
14:46:47.283 [AsyncHttpClient-1-1] DEBUG org.asynchttpclient.netty.channel.DefaultChannelPool - Entry count for : http://localhost:32223 : 1
14:46:47.283 [AsyncHttpClient-1-1] DEBUG org.asynchttpclient.netty.channel.DefaultChannelPool - Adding Candidate expired Channel [id: 0x1e2cb504, L:/127.0.0.1:53399 ! R:localhost/127.0.0.1:53392] isIdleTimeoutExpired=false isRemotelyClosed=true isTtlExpired=false
14:46:47.283 [AsyncHttpClient-1-1] DEBUG org.asynchttpclient.netty.channel.DefaultChannelPool - Closing Idle Channel [id: 0x1e2cb504, L:/127.0.0.1:53399 ! R:localhost/127.0.0.1:53392]
14:46:47.283 [AsyncHttpClient-1-1] DEBUG org.asynchttpclient.netty.channel.DefaultChannelPool - Closed 1 connections out of 2 in 0 ms
14:46:48.047 [AsyncHttpClient-1-5] DEBUG org.asynchttpclient.netty.handler.HttpHandler - Unexpected I/O exception on channel [id: 0x6ec29587, L:/127.0.0.1:53391 - R:localhost/127.0.0.1:32223]
java.io.IOException: An existing connection was forcibly closed by the remote host
	at sun.nio.ch.SocketDispatcher.read0(Native Method)
	at sun.nio.ch.SocketDispatcher.read(SocketDispatcher.java:43)
	at sun.nio.ch.IOUtil.readIntoNativeBuffer(IOUtil.java:223)
	at sun.nio.ch.IOUtil.read(IOUtil.java:192)
	at sun.nio.ch.SocketChannelImpl.read(SocketChannelImpl.java:380)
	at io.netty.buffer.PooledByteBuf.setBytes(PooledByteBuf.java:259)
	at io.netty.buffer.AbstractByteBuf.writeBytes(AbstractByteBuf.java:1132)
	at io.netty.channel.socket.nio.NioSocketChannel.doReadBytes(NioSocketChannel.java:357)
	at io.netty.channel.nio.AbstractNioByteChannel$NioByteUnsafe.read(AbstractNioByteChannel.java:151)
	at io.netty.channel.nio.NioEventLoop.processSelectedKey(NioEventLoop.java:788)
	at io.netty.channel.nio.NioEventLoop.processSelectedKeysOptimized(NioEventLoop.java:724)
	at io.netty.channel.nio.NioEventLoop.processSelectedKeys(NioEventLoop.java:650)
	at io.netty.channel.nio.NioEventLoop.run(NioEventLoop.java:562)
	at io.netty.util.concurrent.SingleThreadEventExecutor$4.run(SingleThreadEventExecutor.java:997)
	at io.netty.util.internal.ThreadExecutorMap$2.run(ThreadExecutorMap.java:74)
	at io.netty.util.concurrent.FastThreadLocalRunnable.run(FastThreadLocalRunnable.java:30)
	at java.lang.Thread.run(Thread.java:748)
14:46:48.048 [AsyncHttpClient-1-5] DEBUG org.asynchttpclient.netty.channel.ChannelManager - Closing Channel [id: 0x6ec29587, L:/127.0.0.1:53391 - R:localhost/127.0.0.1:32223] 
14:46:48.048 [AsyncHttpClient-1-5] DEBUG org.asynchttpclient.netty.handler.HttpHandler - Channel Closed: [id: 0x6ec29587, L:/127.0.0.1:53391 ! R:localhost/127.0.0.1:32223] with attribute DISCARD
]]></system-out>
    <system-err><![CDATA[Starting ChromeDriver 114.0.5735.90 (386bc09e8f4f2e025eddae123f36f6263096ae49-refs/branch-heads/5735@{#1052}) on port 32223
Only local connections are allowed.
Please see https://chromedriver.chromium.org/security-considerations for suggestions on keeping ChromeDriver safe.
ChromeDriver was started successfully.
Jun 21, 2023 2:46:37 PM org.openqa.selenium.devtools.CdpVersionFinder findNearestMatch
WARNING: Unable to find an exact match for CDP version 114, so returning the closest version found: 110
]]></system-err>
  </testcase>
  <testcase name="as admin i want to see list of ticket ka with date filter #1" classname="As a admin i want to see ticket of KA" time="10.131">
    <system-out><![CDATA[
@DaftarKA @seeticketwithtanggaldarihinggaka
Scenario: as admin i want to see list of ticket ka with date filter            &amp#27;[90m# src/test/resources/features/Admin/DaftarTiketKeretaApi/DaftarTiketKA.feature:27&amp#27;[0m
14:46:48.254 [main] DEBUG io.cucumber.core.plugin.SerenityReporter - Running feature from file:///D:/D/QE_Alta/capstone/web-automation-test/src/test/resources/features/Admin/DaftarTiketKeretaApi/DaftarTiketKA.feature
14:46:48.257 [main] INFO  - 
  _____   ___   ___   _____     ___   _____     _     ___   _____   ___   ___  
 |_   _| | __| / __| |_   _|   / __| |_   _|   /_\   | _ \ |_   _| | __| |   \ 
   | |   | _|  \__ \   | |     \__ \   | |    / _ \  |   /   | |   | _|  | |) |
   |_|   |___| |___/   |_|     |___/   |_|   /_/ \_\ |_|_\   |_|   |___| |___/ 

as admin i want to see list of ticket ka with date filter(as-a-admin-i-want-to-see-ticket-of-ka;as-admin-i-want-to-see-list-of-ticket-ka-with-date-filter)
--------------------------------------------------------------------------------
14:46:48.349 [AsyncHttpClient-1-1] DEBUG org.asynchttpclient.netty.channel.DefaultChannelPool - Entry count for : http://localhost:32223 : 1
14:46:48.350 [AsyncHttpClient-1-1] DEBUG org.asynchttpclient.netty.channel.DefaultChannelPool - Adding Candidate expired Channel [id: 0x6ec29587, L:/127.0.0.1:53391 ! R:localhost/127.0.0.1:32223] isIdleTimeoutExpired=false isRemotelyClosed=true isTtlExpired=false
14:46:48.355 [main] DEBUG net.thucydides.core.steps.StepInterceptor - STARTING STEP: LihatTiketKASteps.userOnLoginPage3 - onLoginPage
14:46:48.357 [AsyncHttpClient-1-1] DEBUG org.asynchttpclient.netty.channel.DefaultChannelPool - Closing Idle Channel [id: 0x6ec29587, L:/127.0.0.1:53391 ! R:localhost/127.0.0.1:32223]
14:46:48.357 [AsyncHttpClient-1-1] DEBUG org.asynchttpclient.netty.channel.DefaultChannelPool - Closed 1 connections out of 1 in 8 ms
14:46:48.646 [main] INFO net.serenitybdd.core.webdriver.driverproviders.ChromeDriverProvider - Starting Chrome driver instance with capabilities:
14:46:48.647 [main] INFO net.serenitybdd.core.webdriver.driverproviders.ChromeDriverProvider - Capabilities {acceptInsecureCerts: true, browserName: chrome, goog:chromeOptions: {args: [remote-allow-origins=*, test-type, no-sandbox, ignore-certificate-errors, start-maximized, incognito, disable-infobars, disable-gpu, disable-default-apps, disable-popup-blocking, remote-allow-origins=*, test-type, no-sandbox, ignore-certificate-errors, start-maximized, incognito, disable-infobars, disable-gpu, disable-default-apps, disable-popup-blocking, remote-allow-origins=*], extensions: []}}
14:46:49.274 [AsyncHttpClient-1-8] DEBUG org.asynchttpclient.netty.channel.NettyConnectListener - Using new Channel '[id: 0x8c5f9a79, L:/127.0.0.1:53433 - R:localhost/127.0.0.1:31188]' for 'POST' to '/session'
14:46:50.300 [AsyncHttpClient-1-8] DEBUG org.asynchttpclient.netty.handler.HttpHandler - 

Request DefaultHttpRequest(decodeResult: success, version: HTTP/1.1)
POST /session HTTP/1.1
User-Agent: selenium/4.8.1 (java windows)
Content-Length: 1701
Content-Type: application/json; charset=utf-8
host: localhost:31188
accept: */*

Response DefaultHttpResponse(decodeResult: success, version: HTTP/1.1)
HTTP/1.1 200 OK
Content-Length: 862
Content-Type: application/json; charset=utf-8
cache-control: no-cache

14:46:50.301 [AsyncHttpClient-1-8] DEBUG org.asynchttpclient.netty.channel.ChannelManager - Adding key: http://localhost:31188 for channel [id: 0x8c5f9a79, L:/127.0.0.1:53433 - R:localhost/127.0.0.1:31188]
14:46:50.311 [AsyncHttpClient-1-9] DEBUG org.asynchttpclient.netty.channel.NettyConnectListener - Using new Channel '[id: 0x7343fbe6, L:/127.0.0.1:53439 - R:localhost/127.0.0.1:53434]' for 'GET' to '/json/version'
14:46:50.313 [AsyncHttpClient-1-9] DEBUG org.asynchttpclient.netty.handler.HttpHandler - 

Request DefaultFullHttpRequest(decodeResult: success, version: HTTP/1.1, content: EmptyByteBufBE)
GET /json/version HTTP/1.1
User-Agent: selenium/4.8.1 (java windows)
host: localhost:53434
accept: */*

Response DefaultHttpResponse(decodeResult: success, version: HTTP/1.1)
HTTP/1.1 200 OK
Content-Security-Policy: frame-ancestors 'none'
Content-Length: 424
Content-Type: application/json; charset=UTF-8

14:46:50.313 [AsyncHttpClient-1-9] DEBUG org.asynchttpclient.netty.channel.ChannelManager - Adding key: http://localhost:53434 for channel [id: 0x7343fbe6, L:/127.0.0.1:53439 - R:localhost/127.0.0.1:53434]
14:46:50.317 [AsyncHttpClient-1-2] DEBUG org.asynchttpclient.netty.channel.NettyConnectListener - Using new Channel '[id: 0x870ffa06, L:/127.0.0.1:53440 - R:localhost/127.0.0.1:53434]' for 'GET' to '/devtools/browser/e72a89ff-cec7-48c2-821c-4954ad1fdc7b'
14:46:50.318 [AsyncHttpClient-1-2] DEBUG org.asynchttpclient.netty.handler.WebSocketHandler - 

Request DefaultFullHttpRequest(decodeResult: success, version: HTTP/1.1, content: EmptyByteBufBE)
GET /devtools/browser/e72a89ff-cec7-48c2-821c-4954ad1fdc7b HTTP/1.1
upgrade: websocket
connection: upgrade
sec-websocket-key: Hdz72ZE1TM1oaJWKQeo86Q==
sec-websocket-version: 13
origin: http://localhost:53434
host: localhost:53434
accept: */*
user-agent: AHC/2.1

Response DefaultHttpResponse(decodeResult: success, version: HTTP/1.1)
HTTP/1.1 101 WebSocket Protocol Handshake
Upgrade: WebSocket
Connection: Upgrade
Sec-WebSocket-Accept: DvIkPbwFUqT3mVhyh3PpOkKUFuk=

14:46:50.324 [Forwarding get on session 604a09ecd1e6284c1c9aae80697ca863 to remote] DEBUG org.asynchttpclient.netty.request.NettyRequestSender - Using pooled Channel '[id: 0x8c5f9a79, L:/127.0.0.1:53433 - R:localhost/127.0.0.1:31188]' for 'POST' to 'http://localhost:31188/session/604a09ecd1e6284c1c9aae80697ca863/url'
14:46:50.324 [Forwarding get on session 604a09ecd1e6284c1c9aae80697ca863 to remote] DEBUG org.asynchttpclient.netty.request.NettyRequestSender - Using open Channel [id: 0x8c5f9a79, L:/127.0.0.1:53433 - R:localhost/127.0.0.1:31188] for POST '/session/604a09ecd1e6284c1c9aae80697ca863/url'
14:46:50.544 [AsyncHttpClient-1-1] DEBUG org.asynchttpclient.netty.channel.DefaultChannelPool - Entry count for : http://localhost:53434 : 1
14:46:51.021 [AsyncHttpClient-1-8] DEBUG org.asynchttpclient.netty.handler.HttpHandler - 

Request DefaultHttpRequest(decodeResult: success, version: HTTP/1.1)
POST /session/604a09ecd1e6284c1c9aae80697ca863/url HTTP/1.1
User-Agent: selenium/4.8.1 (java windows)
Content-Length: 64
Content-Type: application/json; charset=utf-8
host: localhost:31188
accept: */*

Response DefaultHttpResponse(decodeResult: success, version: HTTP/1.1)
HTTP/1.1 200 OK
Content-Length: 14
Content-Type: application/json; charset=utf-8
cache-control: no-cache

14:46:51.021 [AsyncHttpClient-1-8] DEBUG org.asynchttpclient.netty.channel.ChannelManager - Adding key: http://localhost:31188 for channel [id: 0x8c5f9a79, L:/127.0.0.1:53433 - R:localhost/127.0.0.1:31188]
14:46:51.025 [Forwarding setTimeout on session 604a09ecd1e6284c1c9aae80697ca863 to remote] DEBUG org.asynchttpclient.netty.request.NettyRequestSender - Using pooled Channel '[id: 0x8c5f9a79, L:/127.0.0.1:53433 - R:localhost/127.0.0.1:31188]' for 'POST' to 'http://localhost:31188/session/604a09ecd1e6284c1c9aae80697ca863/timeouts'
14:46:51.026 [Forwarding setTimeout on session 604a09ecd1e6284c1c9aae80697ca863 to remote] DEBUG org.asynchttpclient.netty.request.NettyRequestSender - Using open Channel [id: 0x8c5f9a79, L:/127.0.0.1:53433 - R:localhost/127.0.0.1:31188] for POST '/session/604a09ecd1e6284c1c9aae80697ca863/timeouts'
14:46:51.036 [AsyncHttpClient-1-8] DEBUG org.asynchttpclient.netty.handler.HttpHandler - 

Request DefaultHttpRequest(decodeResult: success, version: HTTP/1.1)
POST /session/604a09ecd1e6284c1c9aae80697ca863/timeouts HTTP/1.1
User-Agent: selenium/4.8.1 (java windows)
Content-Length: 22
Content-Type: application/json; charset=utf-8
host: localhost:31188
accept: */*

Response DefaultHttpResponse(decodeResult: success, version: HTTP/1.1)
HTTP/1.1 200 OK
Content-Length: 14
Content-Type: application/json; charset=utf-8
cache-control: no-cache

14:46:51.037 [AsyncHttpClient-1-8] DEBUG org.asynchttpclient.netty.channel.ChannelManager - Adding key: http://localhost:31188 for channel [id: 0x8c5f9a79, L:/127.0.0.1:53433 - R:localhost/127.0.0.1:31188]
14:46:51.047 [Forwarding findElement on session 604a09ecd1e6284c1c9aae80697ca863 to remote] DEBUG org.asynchttpclient.netty.request.NettyRequestSender - Using pooled Channel '[id: 0x8c5f9a79, L:/127.0.0.1:53433 - R:localhost/127.0.0.1:31188]' for 'POST' to 'http://localhost:31188/session/604a09ecd1e6284c1c9aae80697ca863/element'
14:46:51.047 [Forwarding findElement on session 604a09ecd1e6284c1c9aae80697ca863 to remote] DEBUG org.asynchttpclient.netty.request.NettyRequestSender - Using open Channel [id: 0x8c5f9a79, L:/127.0.0.1:53433 - R:localhost/127.0.0.1:31188] for POST '/session/604a09ecd1e6284c1c9aae80697ca863/element'
14:46:51.078 [AsyncHttpClient-1-8] DEBUG org.asynchttpclient.netty.handler.HttpHandler - 

Request DefaultHttpRequest(decodeResult: success, version: HTTP/1.1)
POST /session/604a09ecd1e6284c1c9aae80697ca863/element HTTP/1.1
User-Agent: selenium/4.8.1 (java windows)
Content-Length: 67
Content-Type: application/json; charset=utf-8
host: localhost:31188
accept: */*

Response DefaultHttpResponse(decodeResult: success, version: HTTP/1.1)
HTTP/1.1 200 OK
Content-Length: 95
Content-Type: application/json; charset=utf-8
cache-control: no-cache

14:46:51.078 [AsyncHttpClient-1-8] DEBUG org.asynchttpclient.netty.channel.ChannelManager - Adding key: http://localhost:31188 for channel [id: 0x8c5f9a79, L:/127.0.0.1:53433 - R:localhost/127.0.0.1:31188]
14:46:51.086 [Forwarding isElementDisplayed on session 604a09ecd1e6284c1c9aae80697ca863 to remote] DEBUG org.asynchttpclient.netty.request.NettyRequestSender - Using pooled Channel '[id: 0x8c5f9a79, L:/127.0.0.1:53433 - R:localhost/127.0.0.1:31188]' for 'POST' to 'http://localhost:31188/session/604a09ecd1e6284c1c9aae80697ca863/execute/sync'
14:46:51.086 [Forwarding isElementDisplayed on session 604a09ecd1e6284c1c9aae80697ca863 to remote] DEBUG org.asynchttpclient.netty.request.NettyRequestSender - Using open Channel [id: 0x8c5f9a79, L:/127.0.0.1:53433 - R:localhost/127.0.0.1:31188] for POST '/session/604a09ecd1e6284c1c9aae80697ca863/execute/sync'
14:46:51.137 [AsyncHttpClient-1-8] DEBUG org.asynchttpclient.netty.handler.HttpHandler - 

Request DefaultHttpRequest(decodeResult: success, version: HTTP/1.1)
POST /session/604a09ecd1e6284c1c9aae80697ca863/execute/sync HTTP/1.1
User-Agent: selenium/4.8.1 (java windows)
Content-Length: 48814
Content-Type: application/json; charset=utf-8
host: localhost:31188
accept: */*

Response DefaultHttpResponse(decodeResult: success, version: HTTP/1.1)
HTTP/1.1 200 OK
Content-Length: 14
Content-Type: application/json; charset=utf-8
cache-control: no-cache

14:46:51.138 [AsyncHttpClient-1-8] DEBUG org.asynchttpclient.netty.channel.ChannelManager - Adding key: http://localhost:31188 for channel [id: 0x8c5f9a79, L:/127.0.0.1:53433 - R:localhost/127.0.0.1:31188]
14:46:51.143 [Forwarding isElementDisplayed on session 604a09ecd1e6284c1c9aae80697ca863 to remote] DEBUG org.asynchttpclient.netty.request.NettyRequestSender - Using pooled Channel '[id: 0x8c5f9a79, L:/127.0.0.1:53433 - R:localhost/127.0.0.1:31188]' for 'POST' to 'http://localhost:31188/session/604a09ecd1e6284c1c9aae80697ca863/execute/sync'
14:46:51.143 [Forwarding isElementDisplayed on session 604a09ecd1e6284c1c9aae80697ca863 to remote] DEBUG org.asynchttpclient.netty.request.NettyRequestSender - Using open Channel [id: 0x8c5f9a79, L:/127.0.0.1:53433 - R:localhost/127.0.0.1:31188] for POST '/session/604a09ecd1e6284c1c9aae80697ca863/execute/sync'
14:46:51.165 [AsyncHttpClient-1-8] DEBUG org.asynchttpclient.netty.handler.HttpHandler - 

Request DefaultHttpRequest(decodeResult: success, version: HTTP/1.1)
POST /session/604a09ecd1e6284c1c9aae80697ca863/execute/sync HTTP/1.1
User-Agent: selenium/4.8.1 (java windows)
Content-Length: 48814
Content-Type: application/json; charset=utf-8
host: localhost:31188
accept: */*

Response DefaultHttpResponse(decodeResult: success, version: HTTP/1.1)
HTTP/1.1 200 OK
Content-Length: 14
Content-Type: application/json; charset=utf-8
cache-control: no-cache

14:46:51.165 [AsyncHttpClient-1-8] DEBUG org.asynchttpclient.netty.channel.ChannelManager - Adding key: http://localhost:31188 for channel [id: 0x8c5f9a79, L:/127.0.0.1:53433 - R:localhost/127.0.0.1:31188]
14:46:51.169 [main] DEBUG net.thucydides.core.steps.StepInterceptor - STEP DONE: onLoginPage
  &amp#27;[32mGiven &amp#27;[0m&amp#27;[32muser on login page to see ticket ka3&amp#27;[0m                                   &amp#27;[90m# starter.stepdefinitions.Admin.DaftarTiketKeretaApi.LihatTiketKASteps.userOnLoginPage3()&amp#27;[0m
14:46:51.185 [main] DEBUG net.thucydides.core.steps.StepInterceptor - STARTING STEP: LihatTiketKASteps.userInputEmail3 - inputEmail
14:46:51.189 [Forwarding findElement on session 604a09ecd1e6284c1c9aae80697ca863 to remote] DEBUG org.asynchttpclient.netty.request.NettyRequestSender - Using pooled Channel '[id: 0x8c5f9a79, L:/127.0.0.1:53433 - R:localhost/127.0.0.1:31188]' for 'POST' to 'http://localhost:31188/session/604a09ecd1e6284c1c9aae80697ca863/element'
14:46:51.190 [Forwarding findElement on session 604a09ecd1e6284c1c9aae80697ca863 to remote] DEBUG org.asynchttpclient.netty.request.NettyRequestSender - Using open Channel [id: 0x8c5f9a79, L:/127.0.0.1:53433 - R:localhost/127.0.0.1:31188] for POST '/session/604a09ecd1e6284c1c9aae80697ca863/element'
14:46:51.263 [AsyncHttpClient-1-8] DEBUG org.asynchttpclient.netty.handler.HttpHandler - 

Request DefaultHttpRequest(decodeResult: success, version: HTTP/1.1)
POST /session/604a09ecd1e6284c1c9aae80697ca863/element HTTP/1.1
User-Agent: selenium/4.8.1 (java windows)
Content-Length: 59
Content-Type: application/json; charset=utf-8
host: localhost:31188
accept: */*

Response DefaultHttpResponse(decodeResult: success, version: HTTP/1.1)
HTTP/1.1 200 OK
Content-Length: 94
Content-Type: application/json; charset=utf-8
cache-control: no-cache

14:46:51.264 [AsyncHttpClient-1-8] DEBUG org.asynchttpclient.netty.channel.ChannelManager - Adding key: http://localhost:31188 for channel [id: 0x8c5f9a79, L:/127.0.0.1:53433 - R:localhost/127.0.0.1:31188]
14:46:51.266 [Forwarding clearElement on session 604a09ecd1e6284c1c9aae80697ca863 to remote] DEBUG org.asynchttpclient.netty.request.NettyRequestSender - Using pooled Channel '[id: 0x8c5f9a79, L:/127.0.0.1:53433 - R:localhost/127.0.0.1:31188]' for 'POST' to 'http://localhost:31188/session/604a09ecd1e6284c1c9aae80697ca863/element/B8471BF25A2DD7F24C3336D9FDA42E55_element_3/clear'
14:46:51.266 [Forwarding clearElement on session 604a09ecd1e6284c1c9aae80697ca863 to remote] DEBUG org.asynchttpclient.netty.request.NettyRequestSender - Using open Channel [id: 0x8c5f9a79, L:/127.0.0.1:53433 - R:localhost/127.0.0.1:31188] for POST '/session/604a09ecd1e6284c1c9aae80697ca863/element/B8471BF25A2DD7F24C3336D9FDA42E55_element_3/clear'
14:46:51.330 [AsyncHttpClient-1-8] DEBUG org.asynchttpclient.netty.handler.HttpHandler - 

Request DefaultHttpRequest(decodeResult: success, version: HTTP/1.1)
POST /session/604a09ecd1e6284c1c9aae80697ca863/element/B8471BF25A2DD7F24C3336D9FDA42E55_element_3/clear HTTP/1.1
User-Agent: selenium/4.8.1 (java windows)
Content-Length: 56
Content-Type: application/json; charset=utf-8
host: localhost:31188
accept: */*

Response DefaultHttpResponse(decodeResult: success, version: HTTP/1.1)
HTTP/1.1 200 OK
Content-Length: 14
Content-Type: application/json; charset=utf-8
cache-control: no-cache

14:46:51.330 [AsyncHttpClient-1-8] DEBUG org.asynchttpclient.netty.channel.ChannelManager - Adding key: http://localhost:31188 for channel [id: 0x8c5f9a79, L:/127.0.0.1:53433 - R:localhost/127.0.0.1:31188]
14:46:51.334 [Forwarding sendKeysToElement on session 604a09ecd1e6284c1c9aae80697ca863 to remote] DEBUG org.asynchttpclient.netty.request.NettyRequestSender - Using pooled Channel '[id: 0x8c5f9a79, L:/127.0.0.1:53433 - R:localhost/127.0.0.1:31188]' for 'POST' to 'http://localhost:31188/session/604a09ecd1e6284c1c9aae80697ca863/element/B8471BF25A2DD7F24C3336D9FDA42E55_element_3/value'
14:46:51.334 [Forwarding sendKeysToElement on session 604a09ecd1e6284c1c9aae80697ca863 to remote] DEBUG org.asynchttpclient.netty.request.NettyRequestSender - Using open Channel [id: 0x8c5f9a79, L:/127.0.0.1:53433 - R:localhost/127.0.0.1:31188] for POST '/session/604a09ecd1e6284c1c9aae80697ca863/element/B8471BF25A2DD7F24C3336D9FDA42E55_element_3/value'
14:46:51.529 [AsyncHttpClient-1-8] DEBUG org.asynchttpclient.netty.handler.HttpHandler - 

Request DefaultHttpRequest(decodeResult: success, version: HTTP/1.1)
POST /session/604a09ecd1e6284c1c9aae80697ca863/element/B8471BF25A2DD7F24C3336D9FDA42E55_element_3/value HTTP/1.1
User-Agent: selenium/4.8.1 (java windows)
Content-Length: 237
Content-Type: application/json; charset=utf-8
host: localhost:31188
accept: */*

Response DefaultHttpResponse(decodeResult: success, version: HTTP/1.1)
HTTP/1.1 200 OK
Content-Length: 14
Content-Type: application/json; charset=utf-8
cache-control: no-cache

14:46:51.530 [AsyncHttpClient-1-8] DEBUG org.asynchttpclient.netty.channel.ChannelManager - Adding key: http://localhost:31188 for channel [id: 0x8c5f9a79, L:/127.0.0.1:53433 - R:localhost/127.0.0.1:31188]
14:46:51.536 [main] DEBUG net.thucydides.core.steps.StepInterceptor - STEP DONE: inputEmail
  &amp#27;[32mWhen &amp#27;[0m&amp#27;[32muser input email to see ticket ka3&amp#27;[0m                                      &amp#27;[90m# starter.stepdefinitions.Admin.DaftarTiketKeretaApi.LihatTiketKASteps.userInputEmail3()&amp#27;[0m
14:46:51.551 [main] DEBUG net.thucydides.core.steps.StepInterceptor - STARTING STEP: LihatTiketKASteps.userInputPassword3 - inputPassword
14:46:51.556 [Forwarding findElement on session 604a09ecd1e6284c1c9aae80697ca863 to remote] DEBUG org.asynchttpclient.netty.request.NettyRequestSender - Using pooled Channel '[id: 0x8c5f9a79, L:/127.0.0.1:53433 - R:localhost/127.0.0.1:31188]' for 'POST' to 'http://localhost:31188/session/604a09ecd1e6284c1c9aae80697ca863/element'
14:46:51.556 [Forwarding findElement on session 604a09ecd1e6284c1c9aae80697ca863 to remote] DEBUG org.asynchttpclient.netty.request.NettyRequestSender - Using open Channel [id: 0x8c5f9a79, L:/127.0.0.1:53433 - R:localhost/127.0.0.1:31188] for POST '/session/604a09ecd1e6284c1c9aae80697ca863/element'
14:46:51.644 [AsyncHttpClient-1-1] DEBUG org.asynchttpclient.netty.channel.DefaultChannelPool - Entry count for : http://localhost:53434 : 1
14:46:51.818 [AsyncHttpClient-1-8] DEBUG org.asynchttpclient.netty.handler.HttpHandler - 

Request DefaultHttpRequest(decodeResult: success, version: HTTP/1.1)
POST /session/604a09ecd1e6284c1c9aae80697ca863/element HTTP/1.1
User-Agent: selenium/4.8.1 (java windows)
Content-Length: 62
Content-Type: application/json; charset=utf-8
host: localhost:31188
accept: */*

Response DefaultHttpResponse(decodeResult: success, version: HTTP/1.1)
HTTP/1.1 200 OK
Content-Length: 94
Content-Type: application/json; charset=utf-8
cache-control: no-cache

14:46:51.819 [AsyncHttpClient-1-8] DEBUG org.asynchttpclient.netty.channel.ChannelManager - Adding key: http://localhost:31188 for channel [id: 0x8c5f9a79, L:/127.0.0.1:53433 - R:localhost/127.0.0.1:31188]
14:46:51.821 [Forwarding clearElement on session 604a09ecd1e6284c1c9aae80697ca863 to remote] DEBUG org.asynchttpclient.netty.request.NettyRequestSender - Using pooled Channel '[id: 0x8c5f9a79, L:/127.0.0.1:53433 - R:localhost/127.0.0.1:31188]' for 'POST' to 'http://localhost:31188/session/604a09ecd1e6284c1c9aae80697ca863/element/B8471BF25A2DD7F24C3336D9FDA42E55_element_5/clear'
14:46:51.821 [Forwarding clearElement on session 604a09ecd1e6284c1c9aae80697ca863 to remote] DEBUG org.asynchttpclient.netty.request.NettyRequestSender - Using open Channel [id: 0x8c5f9a79, L:/127.0.0.1:53433 - R:localhost/127.0.0.1:31188] for POST '/session/604a09ecd1e6284c1c9aae80697ca863/element/B8471BF25A2DD7F24C3336D9FDA42E55_element_5/clear'
14:46:51.864 [AsyncHttpClient-1-8] DEBUG org.asynchttpclient.netty.handler.HttpHandler - 

Request DefaultHttpRequest(decodeResult: success, version: HTTP/1.1)
POST /session/604a09ecd1e6284c1c9aae80697ca863/element/B8471BF25A2DD7F24C3336D9FDA42E55_element_5/clear HTTP/1.1
User-Agent: selenium/4.8.1 (java windows)
Content-Length: 56
Content-Type: application/json; charset=utf-8
host: localhost:31188
accept: */*

Response DefaultHttpResponse(decodeResult: success, version: HTTP/1.1)
HTTP/1.1 200 OK
Content-Length: 14
Content-Type: application/json; charset=utf-8
cache-control: no-cache

14:46:51.865 [AsyncHttpClient-1-8] DEBUG org.asynchttpclient.netty.channel.ChannelManager - Adding key: http://localhost:31188 for channel [id: 0x8c5f9a79, L:/127.0.0.1:53433 - R:localhost/127.0.0.1:31188]
14:46:51.869 [Forwarding sendKeysToElement on session 604a09ecd1e6284c1c9aae80697ca863 to remote] DEBUG org.asynchttpclient.netty.request.NettyRequestSender - Using pooled Channel '[id: 0x8c5f9a79, L:/127.0.0.1:53433 - R:localhost/127.0.0.1:31188]' for 'POST' to 'http://localhost:31188/session/604a09ecd1e6284c1c9aae80697ca863/element/B8471BF25A2DD7F24C3336D9FDA42E55_element_5/value'
14:46:51.869 [Forwarding sendKeysToElement on session 604a09ecd1e6284c1c9aae80697ca863 to remote] DEBUG org.asynchttpclient.netty.request.NettyRequestSender - Using open Channel [id: 0x8c5f9a79, L:/127.0.0.1:53433 - R:localhost/127.0.0.1:31188] for POST '/session/604a09ecd1e6284c1c9aae80697ca863/element/B8471BF25A2DD7F24C3336D9FDA42E55_element_5/value'
14:46:51.968 [AsyncHttpClient-1-8] DEBUG org.asynchttpclient.netty.handler.HttpHandler - 

Request DefaultHttpRequest(decodeResult: success, version: HTTP/1.1)
POST /session/604a09ecd1e6284c1c9aae80697ca863/element/B8471BF25A2DD7F24C3336D9FDA42E55_element_5/value HTTP/1.1
User-Agent: selenium/4.8.1 (java windows)
Content-Length: 177
Content-Type: application/json; charset=utf-8
host: localhost:31188
accept: */*

Response DefaultHttpResponse(decodeResult: success, version: HTTP/1.1)
HTTP/1.1 200 OK
Content-Length: 14
Content-Type: application/json; charset=utf-8
cache-control: no-cache

14:46:51.968 [AsyncHttpClient-1-8] DEBUG org.asynchttpclient.netty.channel.ChannelManager - Adding key: http://localhost:31188 for channel [id: 0x8c5f9a79, L:/127.0.0.1:53433 - R:localhost/127.0.0.1:31188]
14:46:51.974 [main] DEBUG net.thucydides.core.steps.StepInterceptor - STEP DONE: inputPassword
  &amp#27;[32mAnd &amp#27;[0m&amp#27;[32muser input password to see ticket ka3&amp#27;[0m                                    &amp#27;[90m# starter.stepdefinitions.Admin.DaftarTiketKeretaApi.LihatTiketKASteps.userInputPassword3()&amp#27;[0m
14:46:51.986 [main] DEBUG net.thucydides.core.steps.StepInterceptor - STARTING STEP: LihatTiketKASteps.userClickLogin3 - clickLoginButton
14:46:52.014 [Forwarding findElement on session 604a09ecd1e6284c1c9aae80697ca863 to remote] DEBUG org.asynchttpclient.netty.request.NettyRequestSender - Using pooled Channel '[id: 0x8c5f9a79, L:/127.0.0.1:53433 - R:localhost/127.0.0.1:31188]' for 'POST' to 'http://localhost:31188/session/604a09ecd1e6284c1c9aae80697ca863/element'
14:46:52.014 [Forwarding findElement on session 604a09ecd1e6284c1c9aae80697ca863 to remote] DEBUG org.asynchttpclient.netty.request.NettyRequestSender - Using open Channel [id: 0x8c5f9a79, L:/127.0.0.1:53433 - R:localhost/127.0.0.1:31188] for POST '/session/604a09ecd1e6284c1c9aae80697ca863/element'
14:46:52.035 [AsyncHttpClient-1-8] DEBUG org.asynchttpclient.netty.handler.HttpHandler - 

Request DefaultHttpRequest(decodeResult: success, version: HTTP/1.1)
POST /session/604a09ecd1e6284c1c9aae80697ca863/element HTTP/1.1
User-Agent: selenium/4.8.1 (java windows)
Content-Length: 97
Content-Type: application/json; charset=utf-8
host: localhost:31188
accept: */*

Response DefaultHttpResponse(decodeResult: success, version: HTTP/1.1)
HTTP/1.1 200 OK
Content-Length: 94
Content-Type: application/json; charset=utf-8
cache-control: no-cache

14:46:52.035 [AsyncHttpClient-1-8] DEBUG org.asynchttpclient.netty.channel.ChannelManager - Adding key: http://localhost:31188 for channel [id: 0x8c5f9a79, L:/127.0.0.1:53433 - R:localhost/127.0.0.1:31188]
14:46:52.038 [Forwarding getElementTagName on session 604a09ecd1e6284c1c9aae80697ca863 to remote] DEBUG org.asynchttpclient.netty.request.NettyRequestSender - Using pooled Channel '[id: 0x8c5f9a79, L:/127.0.0.1:53433 - R:localhost/127.0.0.1:31188]' for 'GET' to 'http://localhost:31188/session/604a09ecd1e6284c1c9aae80697ca863/element/B8471BF25A2DD7F24C3336D9FDA42E55_element_8/name'
14:46:52.038 [Forwarding getElementTagName on session 604a09ecd1e6284c1c9aae80697ca863 to remote] DEBUG org.asynchttpclient.netty.request.NettyRequestSender - Using open Channel [id: 0x8c5f9a79, L:/127.0.0.1:53433 - R:localhost/127.0.0.1:31188] for GET '/session/604a09ecd1e6284c1c9aae80697ca863/element/B8471BF25A2DD7F24C3336D9FDA42E55_element_8/name'
14:46:52.046 [AsyncHttpClient-1-8] DEBUG org.asynchttpclient.netty.handler.HttpHandler - 

Request DefaultFullHttpRequest(decodeResult: success, version: HTTP/1.1, content: EmptyByteBufBE)
GET /session/604a09ecd1e6284c1c9aae80697ca863/element/B8471BF25A2DD7F24C3336D9FDA42E55_element_8/name HTTP/1.1
User-Agent: selenium/4.8.1 (java windows)
Cache-Control: no-cache
Content-Type: application/json; charset=utf-8
host: localhost:31188
accept: */*

Response DefaultHttpResponse(decodeResult: success, version: HTTP/1.1)
HTTP/1.1 200 OK
Content-Length: 18
Content-Type: application/json; charset=utf-8
cache-control: no-cache

14:46:52.046 [AsyncHttpClient-1-8] DEBUG org.asynchttpclient.netty.channel.ChannelManager - Adding key: http://localhost:31188 for channel [id: 0x8c5f9a79, L:/127.0.0.1:53433 - R:localhost/127.0.0.1:31188]
14:46:52.049 [Forwarding getElementTagName on session 604a09ecd1e6284c1c9aae80697ca863 to remote] DEBUG org.asynchttpclient.netty.request.NettyRequestSender - Using pooled Channel '[id: 0x8c5f9a79, L:/127.0.0.1:53433 - R:localhost/127.0.0.1:31188]' for 'GET' to 'http://localhost:31188/session/604a09ecd1e6284c1c9aae80697ca863/element/B8471BF25A2DD7F24C3336D9FDA42E55_element_8/name'
14:46:52.049 [Forwarding getElementTagName on session 604a09ecd1e6284c1c9aae80697ca863 to remote] DEBUG org.asynchttpclient.netty.request.NettyRequestSender - Using open Channel [id: 0x8c5f9a79, L:/127.0.0.1:53433 - R:localhost/127.0.0.1:31188] for GET '/session/604a09ecd1e6284c1c9aae80697ca863/element/B8471BF25A2DD7F24C3336D9FDA42E55_element_8/name'
14:46:52.056 [AsyncHttpClient-1-8] DEBUG org.asynchttpclient.netty.handler.HttpHandler - 

Request DefaultFullHttpRequest(decodeResult: success, version: HTTP/1.1, content: EmptyByteBufBE)
GET /session/604a09ecd1e6284c1c9aae80697ca863/element/B8471BF25A2DD7F24C3336D9FDA42E55_element_8/name HTTP/1.1
User-Agent: selenium/4.8.1 (java windows)
Cache-Control: no-cache
Content-Type: application/json; charset=utf-8
host: localhost:31188
accept: */*

Response DefaultHttpResponse(decodeResult: success, version: HTTP/1.1)
HTTP/1.1 200 OK
Content-Length: 18
Content-Type: application/json; charset=utf-8
cache-control: no-cache

14:46:52.056 [AsyncHttpClient-1-8] DEBUG org.asynchttpclient.netty.channel.ChannelManager - Adding key: http://localhost:31188 for channel [id: 0x8c5f9a79, L:/127.0.0.1:53433 - R:localhost/127.0.0.1:31188]
14:46:52.060 [Forwarding isElementEnabled on session 604a09ecd1e6284c1c9aae80697ca863 to remote] DEBUG org.asynchttpclient.netty.request.NettyRequestSender - Using pooled Channel '[id: 0x8c5f9a79, L:/127.0.0.1:53433 - R:localhost/127.0.0.1:31188]' for 'GET' to 'http://localhost:31188/session/604a09ecd1e6284c1c9aae80697ca863/element/B8471BF25A2DD7F24C3336D9FDA42E55_element_8/enabled'
14:46:52.060 [Forwarding isElementEnabled on session 604a09ecd1e6284c1c9aae80697ca863 to remote] DEBUG org.asynchttpclient.netty.request.NettyRequestSender - Using open Channel [id: 0x8c5f9a79, L:/127.0.0.1:53433 - R:localhost/127.0.0.1:31188] for GET '/session/604a09ecd1e6284c1c9aae80697ca863/element/B8471BF25A2DD7F24C3336D9FDA42E55_element_8/enabled'
14:46:52.073 [AsyncHttpClient-1-8] DEBUG org.asynchttpclient.netty.handler.HttpHandler - 

Request DefaultFullHttpRequest(decodeResult: success, version: HTTP/1.1, content: EmptyByteBufBE)
GET /session/604a09ecd1e6284c1c9aae80697ca863/element/B8471BF25A2DD7F24C3336D9FDA42E55_element_8/enabled HTTP/1.1
User-Agent: selenium/4.8.1 (java windows)
Cache-Control: no-cache
Content-Type: application/json; charset=utf-8
host: localhost:31188
accept: */*

Response DefaultHttpResponse(decodeResult: success, version: HTTP/1.1)
HTTP/1.1 200 OK
Content-Length: 14
Content-Type: application/json; charset=utf-8
cache-control: no-cache

14:46:52.073 [AsyncHttpClient-1-8] DEBUG org.asynchttpclient.netty.channel.ChannelManager - Adding key: http://localhost:31188 for channel [id: 0x8c5f9a79, L:/127.0.0.1:53433 - R:localhost/127.0.0.1:31188]
14:46:52.076 [Forwarding isElementEnabled on session 604a09ecd1e6284c1c9aae80697ca863 to remote] DEBUG org.asynchttpclient.netty.request.NettyRequestSender - Using pooled Channel '[id: 0x8c5f9a79, L:/127.0.0.1:53433 - R:localhost/127.0.0.1:31188]' for 'GET' to 'http://localhost:31188/session/604a09ecd1e6284c1c9aae80697ca863/element/B8471BF25A2DD7F24C3336D9FDA42E55_element_8/enabled'
14:46:52.076 [Forwarding isElementEnabled on session 604a09ecd1e6284c1c9aae80697ca863 to remote] DEBUG org.asynchttpclient.netty.request.NettyRequestSender - Using open Channel [id: 0x8c5f9a79, L:/127.0.0.1:53433 - R:localhost/127.0.0.1:31188] for GET '/session/604a09ecd1e6284c1c9aae80697ca863/element/B8471BF25A2DD7F24C3336D9FDA42E55_element_8/enabled'
14:46:52.086 [AsyncHttpClient-1-8] DEBUG org.asynchttpclient.netty.handler.HttpHandler - 

Request DefaultFullHttpRequest(decodeResult: success, version: HTTP/1.1, content: EmptyByteBufBE)
GET /session/604a09ecd1e6284c1c9aae80697ca863/element/B8471BF25A2DD7F24C3336D9FDA42E55_element_8/enabled HTTP/1.1
User-Agent: selenium/4.8.1 (java windows)
Cache-Control: no-cache
Content-Type: application/json; charset=utf-8
host: localhost:31188
accept: */*

Response DefaultHttpResponse(decodeResult: success, version: HTTP/1.1)
HTTP/1.1 200 OK
Content-Length: 14
Content-Type: application/json; charset=utf-8
cache-control: no-cache

14:46:52.086 [AsyncHttpClient-1-8] DEBUG org.asynchttpclient.netty.channel.ChannelManager - Adding key: http://localhost:31188 for channel [id: 0x8c5f9a79, L:/127.0.0.1:53433 - R:localhost/127.0.0.1:31188]
14:46:52.091 [Forwarding findElement on session 604a09ecd1e6284c1c9aae80697ca863 to remote] DEBUG org.asynchttpclient.netty.request.NettyRequestSender - Using pooled Channel '[id: 0x8c5f9a79, L:/127.0.0.1:53433 - R:localhost/127.0.0.1:31188]' for 'POST' to 'http://localhost:31188/session/604a09ecd1e6284c1c9aae80697ca863/element'
14:46:52.091 [Forwarding findElement on session 604a09ecd1e6284c1c9aae80697ca863 to remote] DEBUG org.asynchttpclient.netty.request.NettyRequestSender - Using open Channel [id: 0x8c5f9a79, L:/127.0.0.1:53433 - R:localhost/127.0.0.1:31188] for POST '/session/604a09ecd1e6284c1c9aae80697ca863/element'
14:46:52.167 [AsyncHttpClient-1-8] DEBUG org.asynchttpclient.netty.handler.HttpHandler - 

Request DefaultHttpRequest(decodeResult: success, version: HTTP/1.1)
POST /session/604a09ecd1e6284c1c9aae80697ca863/element HTTP/1.1
User-Agent: selenium/4.8.1 (java windows)
Content-Length: 97
Content-Type: application/json; charset=utf-8
host: localhost:31188
accept: */*

Response DefaultHttpResponse(decodeResult: success, version: HTTP/1.1)
HTTP/1.1 200 OK
Content-Length: 94
Content-Type: application/json; charset=utf-8
cache-control: no-cache

14:46:52.168 [AsyncHttpClient-1-8] DEBUG org.asynchttpclient.netty.channel.ChannelManager - Adding key: http://localhost:31188 for channel [id: 0x8c5f9a79, L:/127.0.0.1:53433 - R:localhost/127.0.0.1:31188]
14:46:52.171 [Forwarding clickElement on session 604a09ecd1e6284c1c9aae80697ca863 to remote] DEBUG org.asynchttpclient.netty.request.NettyRequestSender - Using pooled Channel '[id: 0x8c5f9a79, L:/127.0.0.1:53433 - R:localhost/127.0.0.1:31188]' for 'POST' to 'http://localhost:31188/session/604a09ecd1e6284c1c9aae80697ca863/element/B8471BF25A2DD7F24C3336D9FDA42E55_element_8/click'
14:46:52.171 [Forwarding clickElement on session 604a09ecd1e6284c1c9aae80697ca863 to remote] DEBUG org.asynchttpclient.netty.request.NettyRequestSender - Using open Channel [id: 0x8c5f9a79, L:/127.0.0.1:53433 - R:localhost/127.0.0.1:31188] for POST '/session/604a09ecd1e6284c1c9aae80697ca863/element/B8471BF25A2DD7F24C3336D9FDA42E55_element_8/click'
14:46:52.260 [AsyncHttpClient-1-8] DEBUG org.asynchttpclient.netty.handler.HttpHandler - 

Request DefaultHttpRequest(decodeResult: success, version: HTTP/1.1)
POST /session/604a09ecd1e6284c1c9aae80697ca863/element/B8471BF25A2DD7F24C3336D9FDA42E55_element_8/click HTTP/1.1
User-Agent: selenium/4.8.1 (java windows)
Content-Length: 56
Content-Type: application/json; charset=utf-8
host: localhost:31188
accept: */*

Response DefaultHttpResponse(decodeResult: success, version: HTTP/1.1)
HTTP/1.1 200 OK
Content-Length: 14
Content-Type: application/json; charset=utf-8
cache-control: no-cache

14:46:52.260 [AsyncHttpClient-1-8] DEBUG org.asynchttpclient.netty.channel.ChannelManager - Adding key: http://localhost:31188 for channel [id: 0x8c5f9a79, L:/127.0.0.1:53433 - R:localhost/127.0.0.1:31188]
14:46:52.269 [main] DEBUG net.thucydides.core.steps.StepInterceptor - STEP DONE: clickLoginButton
  &amp#27;[32mAnd &amp#27;[0m&amp#27;[32muser click login to see ticket ka3&amp#27;[0m                                       &amp#27;[90m# starter.stepdefinitions.Admin.DaftarTiketKeretaApi.LihatTiketKASteps.userClickLogin3()&amp#27;[0m
14:46:52.285 [main] DEBUG net.thucydides.core.steps.StepInterceptor - STARTING STEP: LihatTiketKASteps.userOnDashboard3 - onDashboardPage
14:46:52.292 [Forwarding findElement on session 604a09ecd1e6284c1c9aae80697ca863 to remote] DEBUG org.asynchttpclient.netty.request.NettyRequestSender - Using pooled Channel '[id: 0x8c5f9a79, L:/127.0.0.1:53433 - R:localhost/127.0.0.1:31188]' for 'POST' to 'http://localhost:31188/session/604a09ecd1e6284c1c9aae80697ca863/element'
14:46:52.295 [Forwarding findElement on session 604a09ecd1e6284c1c9aae80697ca863 to remote] DEBUG org.asynchttpclient.netty.request.NettyRequestSender - Using open Channel [id: 0x8c5f9a79, L:/127.0.0.1:53433 - R:localhost/127.0.0.1:31188] for POST '/session/604a09ecd1e6284c1c9aae80697ca863/element'
14:46:52.700 [AsyncHttpClient-1-8] DEBUG org.asynchttpclient.netty.handler.HttpHandler - 

Request DefaultHttpRequest(decodeResult: success, version: HTTP/1.1)
POST /session/604a09ecd1e6284c1c9aae80697ca863/element HTTP/1.1
User-Agent: selenium/4.8.1 (java windows)
Content-Length: 114
Content-Type: application/json; charset=utf-8
host: localhost:31188
accept: */*

Response DefaultHttpResponse(decodeResult: success, version: HTTP/1.1)
HTTP/1.1 200 OK
Content-Length: 95
Content-Type: application/json; charset=utf-8
cache-control: no-cache

14:46:52.701 [AsyncHttpClient-1-8] DEBUG org.asynchttpclient.netty.channel.ChannelManager - Adding key: http://localhost:31188 for channel [id: 0x8c5f9a79, L:/127.0.0.1:53433 - R:localhost/127.0.0.1:31188]
14:46:52.705 [Forwarding isElementDisplayed on session 604a09ecd1e6284c1c9aae80697ca863 to remote] DEBUG org.asynchttpclient.netty.request.NettyRequestSender - Using pooled Channel '[id: 0x8c5f9a79, L:/127.0.0.1:53433 - R:localhost/127.0.0.1:31188]' for 'POST' to 'http://localhost:31188/session/604a09ecd1e6284c1c9aae80697ca863/execute/sync'
14:46:52.705 [Forwarding isElementDisplayed on session 604a09ecd1e6284c1c9aae80697ca863 to remote] DEBUG org.asynchttpclient.netty.request.NettyRequestSender - Using open Channel [id: 0x8c5f9a79, L:/127.0.0.1:53433 - R:localhost/127.0.0.1:31188] for POST '/session/604a09ecd1e6284c1c9aae80697ca863/execute/sync'
14:46:52.718 [AsyncHttpClient-1-8] DEBUG org.asynchttpclient.netty.handler.HttpHandler - 

Request DefaultHttpRequest(decodeResult: success, version: HTTP/1.1)
POST /session/604a09ecd1e6284c1c9aae80697ca863/execute/sync HTTP/1.1
User-Agent: selenium/4.8.1 (java windows)
Content-Length: 48814
Content-Type: application/json; charset=utf-8
host: localhost:31188
accept: */*

Response DefaultHttpResponse(decodeResult: success, version: HTTP/1.1)
HTTP/1.1 200 OK
Content-Length: 14
Content-Type: application/json; charset=utf-8
cache-control: no-cache

14:46:52.718 [AsyncHttpClient-1-8] DEBUG org.asynchttpclient.netty.channel.ChannelManager - Adding key: http://localhost:31188 for channel [id: 0x8c5f9a79, L:/127.0.0.1:53433 - R:localhost/127.0.0.1:31188]
14:46:52.724 [Forwarding isElementDisplayed on session 604a09ecd1e6284c1c9aae80697ca863 to remote] DEBUG org.asynchttpclient.netty.request.NettyRequestSender - Using pooled Channel '[id: 0x8c5f9a79, L:/127.0.0.1:53433 - R:localhost/127.0.0.1:31188]' for 'POST' to 'http://localhost:31188/session/604a09ecd1e6284c1c9aae80697ca863/execute/sync'
14:46:52.724 [Forwarding isElementDisplayed on session 604a09ecd1e6284c1c9aae80697ca863 to remote] DEBUG org.asynchttpclient.netty.request.NettyRequestSender - Using open Channel [id: 0x8c5f9a79, L:/127.0.0.1:53433 - R:localhost/127.0.0.1:31188] for POST '/session/604a09ecd1e6284c1c9aae80697ca863/execute/sync'
14:46:52.743 [AsyncHttpClient-1-8] DEBUG org.asynchttpclient.netty.handler.HttpHandler - 

Request DefaultHttpRequest(decodeResult: success, version: HTTP/1.1)
POST /session/604a09ecd1e6284c1c9aae80697ca863/execute/sync HTTP/1.1
User-Agent: selenium/4.8.1 (java windows)
Content-Length: 48814
Content-Type: application/json; charset=utf-8
host: localhost:31188
accept: */*

Response DefaultHttpResponse(decodeResult: success, version: HTTP/1.1)
HTTP/1.1 200 OK
Content-Length: 14
Content-Type: application/json; charset=utf-8
cache-control: no-cache

14:46:52.743 [AsyncHttpClient-1-8] DEBUG org.asynchttpclient.netty.channel.ChannelManager - Adding key: http://localhost:31188 for channel [id: 0x8c5f9a79, L:/127.0.0.1:53433 - R:localhost/127.0.0.1:31188]
14:46:52.746 [main] DEBUG net.thucydides.core.steps.StepInterceptor - STEP DONE: onDashboardPage
  &amp#27;[32mAnd &amp#27;[0m&amp#27;[32muser on dashboard to see ticket ka3&amp#27;[0m                                      &amp#27;[90m# starter.stepdefinitions.Admin.DaftarTiketKeretaApi.LihatTiketKASteps.userOnDashboard3()&amp#27;[0m
14:46:52.752 [AsyncHttpClient-1-1] DEBUG org.asynchttpclient.netty.channel.DefaultChannelPool - Entry count for : http://localhost:31188 : 1
14:46:52.752 [AsyncHttpClient-1-1] DEBUG org.asynchttpclient.netty.channel.DefaultChannelPool - Entry count for : http://localhost:53434 : 1
14:46:52.759 [main] DEBUG net.thucydides.core.steps.StepInterceptor - STARTING STEP: LihatTiketKASteps.userClickTiketKA3 - clickTiketKABT
14:46:52.764 [Forwarding findElement on session 604a09ecd1e6284c1c9aae80697ca863 to remote] DEBUG org.asynchttpclient.netty.request.NettyRequestSender - Using pooled Channel '[id: 0x8c5f9a79, L:/127.0.0.1:53433 - R:localhost/127.0.0.1:31188]' for 'POST' to 'http://localhost:31188/session/604a09ecd1e6284c1c9aae80697ca863/element'
14:46:52.764 [Forwarding findElement on session 604a09ecd1e6284c1c9aae80697ca863 to remote] DEBUG org.asynchttpclient.netty.request.NettyRequestSender - Using open Channel [id: 0x8c5f9a79, L:/127.0.0.1:53433 - R:localhost/127.0.0.1:31188] for POST '/session/604a09ecd1e6284c1c9aae80697ca863/element'
14:46:52.787 [AsyncHttpClient-1-8] DEBUG org.asynchttpclient.netty.handler.HttpHandler - 

Request DefaultHttpRequest(decodeResult: success, version: HTTP/1.1)
POST /session/604a09ecd1e6284c1c9aae80697ca863/element HTTP/1.1
User-Agent: selenium/4.8.1 (java windows)
Content-Length: 143
Content-Type: application/json; charset=utf-8
host: localhost:31188
accept: */*

Response DefaultHttpResponse(decodeResult: success, version: HTTP/1.1)
HTTP/1.1 200 OK
Content-Length: 95
Content-Type: application/json; charset=utf-8
cache-control: no-cache

14:46:52.787 [AsyncHttpClient-1-8] DEBUG org.asynchttpclient.netty.channel.ChannelManager - Adding key: http://localhost:31188 for channel [id: 0x8c5f9a79, L:/127.0.0.1:53433 - R:localhost/127.0.0.1:31188]
14:46:52.790 [Forwarding getElementTagName on session 604a09ecd1e6284c1c9aae80697ca863 to remote] DEBUG org.asynchttpclient.netty.request.NettyRequestSender - Using pooled Channel '[id: 0x8c5f9a79, L:/127.0.0.1:53433 - R:localhost/127.0.0.1:31188]' for 'GET' to 'http://localhost:31188/session/604a09ecd1e6284c1c9aae80697ca863/element/B8471BF25A2DD7F24C3336D9FDA42E55_element_46/name'
14:46:52.790 [Forwarding getElementTagName on session 604a09ecd1e6284c1c9aae80697ca863 to remote] DEBUG org.asynchttpclient.netty.request.NettyRequestSender - Using open Channel [id: 0x8c5f9a79, L:/127.0.0.1:53433 - R:localhost/127.0.0.1:31188] for GET '/session/604a09ecd1e6284c1c9aae80697ca863/element/B8471BF25A2DD7F24C3336D9FDA42E55_element_46/name'
14:46:52.803 [AsyncHttpClient-1-8] DEBUG org.asynchttpclient.netty.handler.HttpHandler - 

Request DefaultFullHttpRequest(decodeResult: success, version: HTTP/1.1, content: EmptyByteBufBE)
GET /session/604a09ecd1e6284c1c9aae80697ca863/element/B8471BF25A2DD7F24C3336D9FDA42E55_element_46/name HTTP/1.1
User-Agent: selenium/4.8.1 (java windows)
Cache-Control: no-cache
Content-Type: application/json; charset=utf-8
host: localhost:31188
accept: */*

Response DefaultHttpResponse(decodeResult: success, version: HTTP/1.1)
HTTP/1.1 200 OK
Content-Length: 13
Content-Type: application/json; charset=utf-8
cache-control: no-cache

14:46:52.803 [AsyncHttpClient-1-8] DEBUG org.asynchttpclient.netty.channel.ChannelManager - Adding key: http://localhost:31188 for channel [id: 0x8c5f9a79, L:/127.0.0.1:53433 - R:localhost/127.0.0.1:31188]
14:46:52.805 [Forwarding getElementTagName on session 604a09ecd1e6284c1c9aae80697ca863 to remote] DEBUG org.asynchttpclient.netty.request.NettyRequestSender - Using pooled Channel '[id: 0x8c5f9a79, L:/127.0.0.1:53433 - R:localhost/127.0.0.1:31188]' for 'GET' to 'http://localhost:31188/session/604a09ecd1e6284c1c9aae80697ca863/element/B8471BF25A2DD7F24C3336D9FDA42E55_element_46/name'
14:46:52.805 [Forwarding getElementTagName on session 604a09ecd1e6284c1c9aae80697ca863 to remote] DEBUG org.asynchttpclient.netty.request.NettyRequestSender - Using open Channel [id: 0x8c5f9a79, L:/127.0.0.1:53433 - R:localhost/127.0.0.1:31188] for GET '/session/604a09ecd1e6284c1c9aae80697ca863/element/B8471BF25A2DD7F24C3336D9FDA42E55_element_46/name'
14:46:52.810 [AsyncHttpClient-1-8] DEBUG org.asynchttpclient.netty.handler.HttpHandler - 

Request DefaultFullHttpRequest(decodeResult: success, version: HTTP/1.1, content: EmptyByteBufBE)
GET /session/604a09ecd1e6284c1c9aae80697ca863/element/B8471BF25A2DD7F24C3336D9FDA42E55_element_46/name HTTP/1.1
User-Agent: selenium/4.8.1 (java windows)
Cache-Control: no-cache
Content-Type: application/json; charset=utf-8
host: localhost:31188
accept: */*

Response DefaultHttpResponse(decodeResult: success, version: HTTP/1.1)
HTTP/1.1 200 OK
Content-Length: 13
Content-Type: application/json; charset=utf-8
cache-control: no-cache

14:46:52.810 [AsyncHttpClient-1-8] DEBUG org.asynchttpclient.netty.channel.ChannelManager - Adding key: http://localhost:31188 for channel [id: 0x8c5f9a79, L:/127.0.0.1:53433 - R:localhost/127.0.0.1:31188]
14:46:52.813 [Forwarding findElement on session 604a09ecd1e6284c1c9aae80697ca863 to remote] DEBUG org.asynchttpclient.netty.request.NettyRequestSender - Using pooled Channel '[id: 0x8c5f9a79, L:/127.0.0.1:53433 - R:localhost/127.0.0.1:31188]' for 'POST' to 'http://localhost:31188/session/604a09ecd1e6284c1c9aae80697ca863/element'
14:46:52.813 [Forwarding findElement on session 604a09ecd1e6284c1c9aae80697ca863 to remote] DEBUG org.asynchttpclient.netty.request.NettyRequestSender - Using open Channel [id: 0x8c5f9a79, L:/127.0.0.1:53433 - R:localhost/127.0.0.1:31188] for POST '/session/604a09ecd1e6284c1c9aae80697ca863/element'
14:46:52.823 [AsyncHttpClient-1-8] DEBUG org.asynchttpclient.netty.handler.HttpHandler - 

Request DefaultHttpRequest(decodeResult: success, version: HTTP/1.1)
POST /session/604a09ecd1e6284c1c9aae80697ca863/element HTTP/1.1
User-Agent: selenium/4.8.1 (java windows)
Content-Length: 143
Content-Type: application/json; charset=utf-8
host: localhost:31188
accept: */*

Response DefaultHttpResponse(decodeResult: success, version: HTTP/1.1)
HTTP/1.1 200 OK
Content-Length: 95
Content-Type: application/json; charset=utf-8
cache-control: no-cache

14:46:52.823 [AsyncHttpClient-1-8] DEBUG org.asynchttpclient.netty.channel.ChannelManager - Adding key: http://localhost:31188 for channel [id: 0x8c5f9a79, L:/127.0.0.1:53433 - R:localhost/127.0.0.1:31188]
14:46:52.824 [Forwarding clickElement on session 604a09ecd1e6284c1c9aae80697ca863 to remote] DEBUG org.asynchttpclient.netty.request.NettyRequestSender - Using pooled Channel '[id: 0x8c5f9a79, L:/127.0.0.1:53433 - R:localhost/127.0.0.1:31188]' for 'POST' to 'http://localhost:31188/session/604a09ecd1e6284c1c9aae80697ca863/element/B8471BF25A2DD7F24C3336D9FDA42E55_element_46/click'
14:46:52.824 [Forwarding clickElement on session 604a09ecd1e6284c1c9aae80697ca863 to remote] DEBUG org.asynchttpclient.netty.request.NettyRequestSender - Using open Channel [id: 0x8c5f9a79, L:/127.0.0.1:53433 - R:localhost/127.0.0.1:31188] for POST '/session/604a09ecd1e6284c1c9aae80697ca863/element/B8471BF25A2DD7F24C3336D9FDA42E55_element_46/click'
14:46:53.853 [AsyncHttpClient-1-1] DEBUG org.asynchttpclient.netty.channel.DefaultChannelPool - Entry count for : http://localhost:53434 : 1
14:46:53.951 [AsyncHttpClient-1-8] DEBUG org.asynchttpclient.netty.handler.HttpHandler - 

Request DefaultHttpRequest(decodeResult: success, version: HTTP/1.1)
POST /session/604a09ecd1e6284c1c9aae80697ca863/element/B8471BF25A2DD7F24C3336D9FDA42E55_element_46/click HTTP/1.1
User-Agent: selenium/4.8.1 (java windows)
Content-Length: 57
Content-Type: application/json; charset=utf-8
host: localhost:31188
accept: */*

Response DefaultHttpResponse(decodeResult: success, version: HTTP/1.1)
HTTP/1.1 400 Bad Request
Content-Length: 1306
Content-Type: application/json; charset=utf-8
cache-control: no-cache

14:46:53.952 [AsyncHttpClient-1-8] DEBUG org.asynchttpclient.netty.channel.ChannelManager - Adding key: http://localhost:31188 for channel [id: 0x8c5f9a79, L:/127.0.0.1:53433 - R:localhost/127.0.0.1:31188]
14:46:54.214 [Forwarding clickElement on session 604a09ecd1e6284c1c9aae80697ca863 to remote] DEBUG org.asynchttpclient.netty.request.NettyRequestSender - Using pooled Channel '[id: 0x8c5f9a79, L:/127.0.0.1:53433 - R:localhost/127.0.0.1:31188]' for 'POST' to 'http://localhost:31188/session/604a09ecd1e6284c1c9aae80697ca863/element/B8471BF25A2DD7F24C3336D9FDA42E55_element_46/click'
14:46:54.214 [Forwarding clickElement on session 604a09ecd1e6284c1c9aae80697ca863 to remote] DEBUG org.asynchttpclient.netty.request.NettyRequestSender - Using open Channel [id: 0x8c5f9a79, L:/127.0.0.1:53433 - R:localhost/127.0.0.1:31188] for POST '/session/604a09ecd1e6284c1c9aae80697ca863/element/B8471BF25A2DD7F24C3336D9FDA42E55_element_46/click'
14:46:54.878 [AsyncHttpClient-1-8] DEBUG org.asynchttpclient.netty.handler.HttpHandler - 

Request DefaultHttpRequest(decodeResult: success, version: HTTP/1.1)
POST /session/604a09ecd1e6284c1c9aae80697ca863/element/B8471BF25A2DD7F24C3336D9FDA42E55_element_46/click HTTP/1.1
User-Agent: selenium/4.8.1 (java windows)
Content-Length: 57
Content-Type: application/json; charset=utf-8
host: localhost:31188
accept: */*

Response DefaultHttpResponse(decodeResult: success, version: HTTP/1.1)
HTTP/1.1 200 OK
Content-Length: 14
Content-Type: application/json; charset=utf-8
cache-control: no-cache

14:46:54.879 [AsyncHttpClient-1-8] DEBUG org.asynchttpclient.netty.channel.ChannelManager - Adding key: http://localhost:31188 for channel [id: 0x8c5f9a79, L:/127.0.0.1:53433 - R:localhost/127.0.0.1:31188]
14:46:54.886 [main] DEBUG net.thucydides.core.steps.StepInterceptor - STEP DONE: clickTiketKABT
  &amp#27;[32mAnd &amp#27;[0m&amp#27;[32muser click tiket kereta api to see ticket ka3&amp#27;[0m                            &amp#27;[90m# starter.stepdefinitions.Admin.DaftarTiketKeretaApi.LihatTiketKASteps.userClickTiketKA3()&amp#27;[0m
14:46:54.895 [main] DEBUG net.thucydides.core.steps.StepInterceptor - STARTING STEP: LihatTiketKASteps.userOnTicketKAPage3 - onDaftarTiketKA
14:46:54.898 [Forwarding findElement on session 604a09ecd1e6284c1c9aae80697ca863 to remote] DEBUG org.asynchttpclient.netty.request.NettyRequestSender - Using pooled Channel '[id: 0x8c5f9a79, L:/127.0.0.1:53433 - R:localhost/127.0.0.1:31188]' for 'POST' to 'http://localhost:31188/session/604a09ecd1e6284c1c9aae80697ca863/element'
14:46:54.898 [Forwarding findElement on session 604a09ecd1e6284c1c9aae80697ca863 to remote] DEBUG org.asynchttpclient.netty.request.NettyRequestSender - Using open Channel [id: 0x8c5f9a79, L:/127.0.0.1:53433 - R:localhost/127.0.0.1:31188] for POST '/session/604a09ecd1e6284c1c9aae80697ca863/element'
14:46:54.918 [AsyncHttpClient-1-8] DEBUG org.asynchttpclient.netty.handler.HttpHandler - 

Request DefaultHttpRequest(decodeResult: success, version: HTTP/1.1)
POST /session/604a09ecd1e6284c1c9aae80697ca863/element HTTP/1.1
User-Agent: selenium/4.8.1 (java windows)
Content-Length: 135
Content-Type: application/json; charset=utf-8
host: localhost:31188
accept: */*

Response DefaultHttpResponse(decodeResult: success, version: HTTP/1.1)
HTTP/1.1 200 OK
Content-Length: 95
Content-Type: application/json; charset=utf-8
cache-control: no-cache

14:46:54.918 [AsyncHttpClient-1-8] DEBUG org.asynchttpclient.netty.channel.ChannelManager - Adding key: http://localhost:31188 for channel [id: 0x8c5f9a79, L:/127.0.0.1:53433 - R:localhost/127.0.0.1:31188]
14:46:54.924 [Forwarding isElementDisplayed on session 604a09ecd1e6284c1c9aae80697ca863 to remote] DEBUG org.asynchttpclient.netty.request.NettyRequestSender - Using pooled Channel '[id: 0x8c5f9a79, L:/127.0.0.1:53433 - R:localhost/127.0.0.1:31188]' for 'POST' to 'http://localhost:31188/session/604a09ecd1e6284c1c9aae80697ca863/execute/sync'
14:46:54.925 [Forwarding isElementDisplayed on session 604a09ecd1e6284c1c9aae80697ca863 to remote] DEBUG org.asynchttpclient.netty.request.NettyRequestSender - Using open Channel [id: 0x8c5f9a79, L:/127.0.0.1:53433 - R:localhost/127.0.0.1:31188] for POST '/session/604a09ecd1e6284c1c9aae80697ca863/execute/sync'
14:46:54.939 [AsyncHttpClient-1-8] DEBUG org.asynchttpclient.netty.handler.HttpHandler - 

Request DefaultHttpRequest(decodeResult: success, version: HTTP/1.1)
POST /session/604a09ecd1e6284c1c9aae80697ca863/execute/sync HTTP/1.1
User-Agent: selenium/4.8.1 (java windows)
Content-Length: 48814
Content-Type: application/json; charset=utf-8
host: localhost:31188
accept: */*

Response DefaultHttpResponse(decodeResult: success, version: HTTP/1.1)
HTTP/1.1 200 OK
Content-Length: 14
Content-Type: application/json; charset=utf-8
cache-control: no-cache

14:46:54.939 [AsyncHttpClient-1-8] DEBUG org.asynchttpclient.netty.channel.ChannelManager - Adding key: http://localhost:31188 for channel [id: 0x8c5f9a79, L:/127.0.0.1:53433 - R:localhost/127.0.0.1:31188]
14:46:54.942 [Forwarding isElementDisplayed on session 604a09ecd1e6284c1c9aae80697ca863 to remote] DEBUG org.asynchttpclient.netty.request.NettyRequestSender - Using pooled Channel '[id: 0x8c5f9a79, L:/127.0.0.1:53433 - R:localhost/127.0.0.1:31188]' for 'POST' to 'http://localhost:31188/session/604a09ecd1e6284c1c9aae80697ca863/execute/sync'
14:46:54.942 [Forwarding isElementDisplayed on session 604a09ecd1e6284c1c9aae80697ca863 to remote] DEBUG org.asynchttpclient.netty.request.NettyRequestSender - Using open Channel [id: 0x8c5f9a79, L:/127.0.0.1:53433 - R:localhost/127.0.0.1:31188] for POST '/session/604a09ecd1e6284c1c9aae80697ca863/execute/sync'
14:46:54.945 [AsyncHttpClient-1-1] DEBUG org.asynchttpclient.netty.channel.DefaultChannelPool - Entry count for : http://localhost:53434 : 1
14:46:54.954 [AsyncHttpClient-1-8] DEBUG org.asynchttpclient.netty.handler.HttpHandler - 

Request DefaultHttpRequest(decodeResult: success, version: HTTP/1.1)
POST /session/604a09ecd1e6284c1c9aae80697ca863/execute/sync HTTP/1.1
User-Agent: selenium/4.8.1 (java windows)
Content-Length: 48814
Content-Type: application/json; charset=utf-8
host: localhost:31188
accept: */*

Response DefaultHttpResponse(decodeResult: success, version: HTTP/1.1)
HTTP/1.1 200 OK
Content-Length: 14
Content-Type: application/json; charset=utf-8
cache-control: no-cache

14:46:54.954 [AsyncHttpClient-1-8] DEBUG org.asynchttpclient.netty.channel.ChannelManager - Adding key: http://localhost:31188 for channel [id: 0x8c5f9a79, L:/127.0.0.1:53433 - R:localhost/127.0.0.1:31188]
14:46:54.956 [main] DEBUG net.thucydides.core.steps.StepInterceptor - STEP DONE: onDaftarTiketKA
  &amp#27;[32mAnd &amp#27;[0m&amp#27;[32muser on tiket kereta api page to see ticket ka3&amp#27;[0m                          &amp#27;[90m# starter.stepdefinitions.Admin.DaftarTiketKeretaApi.LihatTiketKASteps.userOnTicketKAPage3()&amp#27;[0m
14:46:54.964 [main] DEBUG net.thucydides.core.steps.StepInterceptor - STARTING STEP: LihatTiketKASteps.userInputTanggalDariTicketKAPage3 - clickTanggalDariKA
14:46:54.968 [Forwarding findElement on session 604a09ecd1e6284c1c9aae80697ca863 to remote] DEBUG org.asynchttpclient.netty.request.NettyRequestSender - Using pooled Channel '[id: 0x8c5f9a79, L:/127.0.0.1:53433 - R:localhost/127.0.0.1:31188]' for 'POST' to 'http://localhost:31188/session/604a09ecd1e6284c1c9aae80697ca863/element'
14:46:54.968 [Forwarding findElement on session 604a09ecd1e6284c1c9aae80697ca863 to remote] DEBUG org.asynchttpclient.netty.request.NettyRequestSender - Using open Channel [id: 0x8c5f9a79, L:/127.0.0.1:53433 - R:localhost/127.0.0.1:31188] for POST '/session/604a09ecd1e6284c1c9aae80697ca863/element'
14:46:54.981 [AsyncHttpClient-1-8] DEBUG org.asynchttpclient.netty.handler.HttpHandler - 

Request DefaultHttpRequest(decodeResult: success, version: HTTP/1.1)
POST /session/604a09ecd1e6284c1c9aae80697ca863/element HTTP/1.1
User-Agent: selenium/4.8.1 (java windows)
Content-Length: 64
Content-Type: application/json; charset=utf-8
host: localhost:31188
accept: */*

Response DefaultHttpResponse(decodeResult: success, version: HTTP/1.1)
HTTP/1.1 200 OK
Content-Length: 95
Content-Type: application/json; charset=utf-8
cache-control: no-cache

14:46:54.982 [AsyncHttpClient-1-8] DEBUG org.asynchttpclient.netty.channel.ChannelManager - Adding key: http://localhost:31188 for channel [id: 0x8c5f9a79, L:/127.0.0.1:53433 - R:localhost/127.0.0.1:31188]
14:46:54.984 [Forwarding getElementTagName on session 604a09ecd1e6284c1c9aae80697ca863 to remote] DEBUG org.asynchttpclient.netty.request.NettyRequestSender - Using pooled Channel '[id: 0x8c5f9a79, L:/127.0.0.1:53433 - R:localhost/127.0.0.1:31188]' for 'GET' to 'http://localhost:31188/session/604a09ecd1e6284c1c9aae80697ca863/element/B8471BF25A2DD7F24C3336D9FDA42E55_element_89/name'
14:46:54.984 [Forwarding getElementTagName on session 604a09ecd1e6284c1c9aae80697ca863 to remote] DEBUG org.asynchttpclient.netty.request.NettyRequestSender - Using open Channel [id: 0x8c5f9a79, L:/127.0.0.1:53433 - R:localhost/127.0.0.1:31188] for GET '/session/604a09ecd1e6284c1c9aae80697ca863/element/B8471BF25A2DD7F24C3336D9FDA42E55_element_89/name'
14:46:54.990 [AsyncHttpClient-1-8] DEBUG org.asynchttpclient.netty.handler.HttpHandler - 

Request DefaultFullHttpRequest(decodeResult: success, version: HTTP/1.1, content: EmptyByteBufBE)
GET /session/604a09ecd1e6284c1c9aae80697ca863/element/B8471BF25A2DD7F24C3336D9FDA42E55_element_89/name HTTP/1.1
User-Agent: selenium/4.8.1 (java windows)
Cache-Control: no-cache
Content-Type: application/json; charset=utf-8
host: localhost:31188
accept: */*

Response DefaultHttpResponse(decodeResult: success, version: HTTP/1.1)
HTTP/1.1 200 OK
Content-Length: 17
Content-Type: application/json; charset=utf-8
cache-control: no-cache

14:46:54.990 [AsyncHttpClient-1-8] DEBUG org.asynchttpclient.netty.channel.ChannelManager - Adding key: http://localhost:31188 for channel [id: 0x8c5f9a79, L:/127.0.0.1:53433 - R:localhost/127.0.0.1:31188]
14:46:54.991 [Forwarding getElementTagName on session 604a09ecd1e6284c1c9aae80697ca863 to remote] DEBUG org.asynchttpclient.netty.request.NettyRequestSender - Using pooled Channel '[id: 0x8c5f9a79, L:/127.0.0.1:53433 - R:localhost/127.0.0.1:31188]' for 'GET' to 'http://localhost:31188/session/604a09ecd1e6284c1c9aae80697ca863/element/B8471BF25A2DD7F24C3336D9FDA42E55_element_89/name'
14:46:54.991 [Forwarding getElementTagName on session 604a09ecd1e6284c1c9aae80697ca863 to remote] DEBUG org.asynchttpclient.netty.request.NettyRequestSender - Using open Channel [id: 0x8c5f9a79, L:/127.0.0.1:53433 - R:localhost/127.0.0.1:31188] for GET '/session/604a09ecd1e6284c1c9aae80697ca863/element/B8471BF25A2DD7F24C3336D9FDA42E55_element_89/name'
14:46:54.997 [AsyncHttpClient-1-8] DEBUG org.asynchttpclient.netty.handler.HttpHandler - 

Request DefaultFullHttpRequest(decodeResult: success, version: HTTP/1.1, content: EmptyByteBufBE)
GET /session/604a09ecd1e6284c1c9aae80697ca863/element/B8471BF25A2DD7F24C3336D9FDA42E55_element_89/name HTTP/1.1
User-Agent: selenium/4.8.1 (java windows)
Cache-Control: no-cache
Content-Type: application/json; charset=utf-8
host: localhost:31188
accept: */*

Response DefaultHttpResponse(decodeResult: success, version: HTTP/1.1)
HTTP/1.1 200 OK
Content-Length: 17
Content-Type: application/json; charset=utf-8
cache-control: no-cache

14:46:54.998 [AsyncHttpClient-1-8] DEBUG org.asynchttpclient.netty.channel.ChannelManager - Adding key: http://localhost:31188 for channel [id: 0x8c5f9a79, L:/127.0.0.1:53433 - R:localhost/127.0.0.1:31188]
14:46:55.002 [Forwarding isElementEnabled on session 604a09ecd1e6284c1c9aae80697ca863 to remote] DEBUG org.asynchttpclient.netty.request.NettyRequestSender - Using pooled Channel '[id: 0x8c5f9a79, L:/127.0.0.1:53433 - R:localhost/127.0.0.1:31188]' for 'GET' to 'http://localhost:31188/session/604a09ecd1e6284c1c9aae80697ca863/element/B8471BF25A2DD7F24C3336D9FDA42E55_element_89/enabled'
14:46:55.002 [Forwarding isElementEnabled on session 604a09ecd1e6284c1c9aae80697ca863 to remote] DEBUG org.asynchttpclient.netty.request.NettyRequestSender - Using open Channel [id: 0x8c5f9a79, L:/127.0.0.1:53433 - R:localhost/127.0.0.1:31188] for GET '/session/604a09ecd1e6284c1c9aae80697ca863/element/B8471BF25A2DD7F24C3336D9FDA42E55_element_89/enabled'
14:46:55.015 [AsyncHttpClient-1-8] DEBUG org.asynchttpclient.netty.handler.HttpHandler - 

Request DefaultFullHttpRequest(decodeResult: success, version: HTTP/1.1, content: EmptyByteBufBE)
GET /session/604a09ecd1e6284c1c9aae80697ca863/element/B8471BF25A2DD7F24C3336D9FDA42E55_element_89/enabled HTTP/1.1
User-Agent: selenium/4.8.1 (java windows)
Cache-Control: no-cache
Content-Type: application/json; charset=utf-8
host: localhost:31188
accept: */*

Response DefaultHttpResponse(decodeResult: success, version: HTTP/1.1)
HTTP/1.1 200 OK
Content-Length: 14
Content-Type: application/json; charset=utf-8
cache-control: no-cache

14:46:55.016 [AsyncHttpClient-1-8] DEBUG org.asynchttpclient.netty.channel.ChannelManager - Adding key: http://localhost:31188 for channel [id: 0x8c5f9a79, L:/127.0.0.1:53433 - R:localhost/127.0.0.1:31188]
14:46:55.018 [Forwarding isElementEnabled on session 604a09ecd1e6284c1c9aae80697ca863 to remote] DEBUG org.asynchttpclient.netty.request.NettyRequestSender - Using pooled Channel '[id: 0x8c5f9a79, L:/127.0.0.1:53433 - R:localhost/127.0.0.1:31188]' for 'GET' to 'http://localhost:31188/session/604a09ecd1e6284c1c9aae80697ca863/element/B8471BF25A2DD7F24C3336D9FDA42E55_element_89/enabled'
14:46:55.018 [Forwarding isElementEnabled on session 604a09ecd1e6284c1c9aae80697ca863 to remote] DEBUG org.asynchttpclient.netty.request.NettyRequestSender - Using open Channel [id: 0x8c5f9a79, L:/127.0.0.1:53433 - R:localhost/127.0.0.1:31188] for GET '/session/604a09ecd1e6284c1c9aae80697ca863/element/B8471BF25A2DD7F24C3336D9FDA42E55_element_89/enabled'
14:46:55.026 [AsyncHttpClient-1-8] DEBUG org.asynchttpclient.netty.handler.HttpHandler - 

Request DefaultFullHttpRequest(decodeResult: success, version: HTTP/1.1, content: EmptyByteBufBE)
GET /session/604a09ecd1e6284c1c9aae80697ca863/element/B8471BF25A2DD7F24C3336D9FDA42E55_element_89/enabled HTTP/1.1
User-Agent: selenium/4.8.1 (java windows)
Cache-Control: no-cache
Content-Type: application/json; charset=utf-8
host: localhost:31188
accept: */*

Response DefaultHttpResponse(decodeResult: success, version: HTTP/1.1)
HTTP/1.1 200 OK
Content-Length: 14
Content-Type: application/json; charset=utf-8
cache-control: no-cache

14:46:55.026 [AsyncHttpClient-1-8] DEBUG org.asynchttpclient.netty.channel.ChannelManager - Adding key: http://localhost:31188 for channel [id: 0x8c5f9a79, L:/127.0.0.1:53433 - R:localhost/127.0.0.1:31188]
14:46:55.028 [Forwarding findElement on session 604a09ecd1e6284c1c9aae80697ca863 to remote] DEBUG org.asynchttpclient.netty.request.NettyRequestSender - Using pooled Channel '[id: 0x8c5f9a79, L:/127.0.0.1:53433 - R:localhost/127.0.0.1:31188]' for 'POST' to 'http://localhost:31188/session/604a09ecd1e6284c1c9aae80697ca863/element'
14:46:55.028 [Forwarding findElement on session 604a09ecd1e6284c1c9aae80697ca863 to remote] DEBUG org.asynchttpclient.netty.request.NettyRequestSender - Using open Channel [id: 0x8c5f9a79, L:/127.0.0.1:53433 - R:localhost/127.0.0.1:31188] for POST '/session/604a09ecd1e6284c1c9aae80697ca863/element'
14:46:55.042 [AsyncHttpClient-1-8] DEBUG org.asynchttpclient.netty.handler.HttpHandler - 

Request DefaultHttpRequest(decodeResult: success, version: HTTP/1.1)
POST /session/604a09ecd1e6284c1c9aae80697ca863/element HTTP/1.1
User-Agent: selenium/4.8.1 (java windows)
Content-Length: 64
Content-Type: application/json; charset=utf-8
host: localhost:31188
accept: */*

Response DefaultHttpResponse(decodeResult: success, version: HTTP/1.1)
HTTP/1.1 200 OK
Content-Length: 95
Content-Type: application/json; charset=utf-8
cache-control: no-cache

14:46:55.043 [AsyncHttpClient-1-8] DEBUG org.asynchttpclient.netty.channel.ChannelManager - Adding key: http://localhost:31188 for channel [id: 0x8c5f9a79, L:/127.0.0.1:53433 - R:localhost/127.0.0.1:31188]
14:46:55.044 [Forwarding clickElement on session 604a09ecd1e6284c1c9aae80697ca863 to remote] DEBUG org.asynchttpclient.netty.request.NettyRequestSender - Using pooled Channel '[id: 0x8c5f9a79, L:/127.0.0.1:53433 - R:localhost/127.0.0.1:31188]' for 'POST' to 'http://localhost:31188/session/604a09ecd1e6284c1c9aae80697ca863/element/B8471BF25A2DD7F24C3336D9FDA42E55_element_89/click'
14:46:55.044 [Forwarding clickElement on session 604a09ecd1e6284c1c9aae80697ca863 to remote] DEBUG org.asynchttpclient.netty.request.NettyRequestSender - Using open Channel [id: 0x8c5f9a79, L:/127.0.0.1:53433 - R:localhost/127.0.0.1:31188] for POST '/session/604a09ecd1e6284c1c9aae80697ca863/element/B8471BF25A2DD7F24C3336D9FDA42E55_element_89/click'
14:46:55.129 [AsyncHttpClient-1-8] DEBUG org.asynchttpclient.netty.handler.HttpHandler - 

Request DefaultHttpRequest(decodeResult: success, version: HTTP/1.1)
POST /session/604a09ecd1e6284c1c9aae80697ca863/element/B8471BF25A2DD7F24C3336D9FDA42E55_element_89/click HTTP/1.1
User-Agent: selenium/4.8.1 (java windows)
Content-Length: 57
Content-Type: application/json; charset=utf-8
host: localhost:31188
accept: */*

Response DefaultHttpResponse(decodeResult: success, version: HTTP/1.1)
HTTP/1.1 200 OK
Content-Length: 14
Content-Type: application/json; charset=utf-8
cache-control: no-cache

14:46:55.129 [AsyncHttpClient-1-8] DEBUG org.asynchttpclient.netty.channel.ChannelManager - Adding key: http://localhost:31188 for channel [id: 0x8c5f9a79, L:/127.0.0.1:53433 - R:localhost/127.0.0.1:31188]
14:46:55.133 [main] DEBUG net.thucydides.core.steps.StepInterceptor - STEP DONE: clickTanggalDariKA
14:46:55.138 [main] DEBUG net.thucydides.core.steps.StepInterceptor - STARTING STEP: LihatTiketKASteps.userInputTanggalDariTicketKAPage3 - inputTanggalDariTiketKA
14:46:55.140 [Forwarding findElement on session 604a09ecd1e6284c1c9aae80697ca863 to remote] DEBUG org.asynchttpclient.netty.request.NettyRequestSender - Using pooled Channel '[id: 0x8c5f9a79, L:/127.0.0.1:53433 - R:localhost/127.0.0.1:31188]' for 'POST' to 'http://localhost:31188/session/604a09ecd1e6284c1c9aae80697ca863/element'
14:46:55.141 [Forwarding findElement on session 604a09ecd1e6284c1c9aae80697ca863 to remote] DEBUG org.asynchttpclient.netty.request.NettyRequestSender - Using open Channel [id: 0x8c5f9a79, L:/127.0.0.1:53433 - R:localhost/127.0.0.1:31188] for POST '/session/604a09ecd1e6284c1c9aae80697ca863/element'
14:46:55.152 [AsyncHttpClient-1-8] DEBUG org.asynchttpclient.netty.handler.HttpHandler - 

Request DefaultHttpRequest(decodeResult: success, version: HTTP/1.1)
POST /session/604a09ecd1e6284c1c9aae80697ca863/element HTTP/1.1
User-Agent: selenium/4.8.1 (java windows)
Content-Length: 64
Content-Type: application/json; charset=utf-8
host: localhost:31188
accept: */*

Response DefaultHttpResponse(decodeResult: success, version: HTTP/1.1)
HTTP/1.1 200 OK
Content-Length: 95
Content-Type: application/json; charset=utf-8
cache-control: no-cache

14:46:55.152 [AsyncHttpClient-1-8] DEBUG org.asynchttpclient.netty.channel.ChannelManager - Adding key: http://localhost:31188 for channel [id: 0x8c5f9a79, L:/127.0.0.1:53433 - R:localhost/127.0.0.1:31188]
14:46:55.154 [Forwarding clearElement on session 604a09ecd1e6284c1c9aae80697ca863 to remote] DEBUG org.asynchttpclient.netty.request.NettyRequestSender - Using pooled Channel '[id: 0x8c5f9a79, L:/127.0.0.1:53433 - R:localhost/127.0.0.1:31188]' for 'POST' to 'http://localhost:31188/session/604a09ecd1e6284c1c9aae80697ca863/element/B8471BF25A2DD7F24C3336D9FDA42E55_element_89/clear'
14:46:55.155 [Forwarding clearElement on session 604a09ecd1e6284c1c9aae80697ca863 to remote] DEBUG org.asynchttpclient.netty.request.NettyRequestSender - Using open Channel [id: 0x8c5f9a79, L:/127.0.0.1:53433 - R:localhost/127.0.0.1:31188] for POST '/session/604a09ecd1e6284c1c9aae80697ca863/element/B8471BF25A2DD7F24C3336D9FDA42E55_element_89/clear'
14:46:55.187 [AsyncHttpClient-1-8] DEBUG org.asynchttpclient.netty.handler.HttpHandler - 

Request DefaultHttpRequest(decodeResult: success, version: HTTP/1.1)
POST /session/604a09ecd1e6284c1c9aae80697ca863/element/B8471BF25A2DD7F24C3336D9FDA42E55_element_89/clear HTTP/1.1
User-Agent: selenium/4.8.1 (java windows)
Content-Length: 57
Content-Type: application/json; charset=utf-8
host: localhost:31188
accept: */*

Response DefaultHttpResponse(decodeResult: success, version: HTTP/1.1)
HTTP/1.1 200 OK
Content-Length: 14
Content-Type: application/json; charset=utf-8
cache-control: no-cache

14:46:55.187 [AsyncHttpClient-1-8] DEBUG org.asynchttpclient.netty.channel.ChannelManager - Adding key: http://localhost:31188 for channel [id: 0x8c5f9a79, L:/127.0.0.1:53433 - R:localhost/127.0.0.1:31188]
14:46:55.189 [Forwarding sendKeysToElement on session 604a09ecd1e6284c1c9aae80697ca863 to remote] DEBUG org.asynchttpclient.netty.request.NettyRequestSender - Using pooled Channel '[id: 0x8c5f9a79, L:/127.0.0.1:53433 - R:localhost/127.0.0.1:31188]' for 'POST' to 'http://localhost:31188/session/604a09ecd1e6284c1c9aae80697ca863/element/B8471BF25A2DD7F24C3336D9FDA42E55_element_89/value'
14:46:55.189 [Forwarding sendKeysToElement on session 604a09ecd1e6284c1c9aae80697ca863 to remote] DEBUG org.asynchttpclient.netty.request.NettyRequestSender - Using open Channel [id: 0x8c5f9a79, L:/127.0.0.1:53433 - R:localhost/127.0.0.1:31188] for POST '/session/604a09ecd1e6284c1c9aae80697ca863/element/B8471BF25A2DD7F24C3336D9FDA42E55_element_89/value'
14:46:55.243 [AsyncHttpClient-1-8] DEBUG org.asynchttpclient.netty.handler.HttpHandler - 

Request DefaultHttpRequest(decodeResult: success, version: HTTP/1.1)
POST /session/604a09ecd1e6284c1c9aae80697ca863/element/B8471BF25A2DD7F24C3336D9FDA42E55_element_89/value HTTP/1.1
User-Agent: selenium/4.8.1 (java windows)
Content-Length: 168
Content-Type: application/json; charset=utf-8
host: localhost:31188
accept: */*

Response DefaultHttpResponse(decodeResult: success, version: HTTP/1.1)
HTTP/1.1 200 OK
Content-Length: 14
Content-Type: application/json; charset=utf-8
cache-control: no-cache

14:46:55.243 [AsyncHttpClient-1-8] DEBUG org.asynchttpclient.netty.channel.ChannelManager - Adding key: http://localhost:31188 for channel [id: 0x8c5f9a79, L:/127.0.0.1:53433 - R:localhost/127.0.0.1:31188]
14:46:55.250 [main] DEBUG net.thucydides.core.steps.StepInterceptor - STEP DONE: inputTanggalDariTiketKA
  &amp#27;[32mAnd &amp#27;[0m&amp#27;[32muser input date from filter to see ticket ka3&amp#27;[0m                            &amp#27;[90m# starter.stepdefinitions.Admin.DaftarTiketKeretaApi.LihatTiketKASteps.userInputTanggalDariTicketKAPage3()&amp#27;[0m
14:46:55.259 [main] DEBUG net.thucydides.core.steps.StepInterceptor - STARTING STEP: LihatTiketKASteps.userInputTanggalHinggaTicketKAPage3 - clickTanggalHinggaKA
14:46:55.264 [Forwarding findElement on session 604a09ecd1e6284c1c9aae80697ca863 to remote] DEBUG org.asynchttpclient.netty.request.NettyRequestSender - Using pooled Channel '[id: 0x8c5f9a79, L:/127.0.0.1:53433 - R:localhost/127.0.0.1:31188]' for 'POST' to 'http://localhost:31188/session/604a09ecd1e6284c1c9aae80697ca863/element'
14:46:55.264 [Forwarding findElement on session 604a09ecd1e6284c1c9aae80697ca863 to remote] DEBUG org.asynchttpclient.netty.request.NettyRequestSender - Using open Channel [id: 0x8c5f9a79, L:/127.0.0.1:53433 - R:localhost/127.0.0.1:31188] for POST '/session/604a09ecd1e6284c1c9aae80697ca863/element'
14:46:55.279 [AsyncHttpClient-1-8] DEBUG org.asynchttpclient.netty.handler.HttpHandler - 

Request DefaultHttpRequest(decodeResult: success, version: HTTP/1.1)
POST /session/604a09ecd1e6284c1c9aae80697ca863/element HTTP/1.1
User-Agent: selenium/4.8.1 (java windows)
Content-Length: 64
Content-Type: application/json; charset=utf-8
host: localhost:31188
accept: */*

Response DefaultHttpResponse(decodeResult: success, version: HTTP/1.1)
HTTP/1.1 200 OK
Content-Length: 95
Content-Type: application/json; charset=utf-8
cache-control: no-cache

14:46:55.280 [AsyncHttpClient-1-8] DEBUG org.asynchttpclient.netty.channel.ChannelManager - Adding key: http://localhost:31188 for channel [id: 0x8c5f9a79, L:/127.0.0.1:53433 - R:localhost/127.0.0.1:31188]
14:46:55.283 [Forwarding getElementTagName on session 604a09ecd1e6284c1c9aae80697ca863 to remote] DEBUG org.asynchttpclient.netty.request.NettyRequestSender - Using pooled Channel '[id: 0x8c5f9a79, L:/127.0.0.1:53433 - R:localhost/127.0.0.1:31188]' for 'GET' to 'http://localhost:31188/session/604a09ecd1e6284c1c9aae80697ca863/element/B8471BF25A2DD7F24C3336D9FDA42E55_element_89/name'
14:46:55.283 [Forwarding getElementTagName on session 604a09ecd1e6284c1c9aae80697ca863 to remote] DEBUG org.asynchttpclient.netty.request.NettyRequestSender - Using open Channel [id: 0x8c5f9a79, L:/127.0.0.1:53433 - R:localhost/127.0.0.1:31188] for GET '/session/604a09ecd1e6284c1c9aae80697ca863/element/B8471BF25A2DD7F24C3336D9FDA42E55_element_89/name'
14:46:55.290 [AsyncHttpClient-1-8] DEBUG org.asynchttpclient.netty.handler.HttpHandler - 

Request DefaultFullHttpRequest(decodeResult: success, version: HTTP/1.1, content: EmptyByteBufBE)
GET /session/604a09ecd1e6284c1c9aae80697ca863/element/B8471BF25A2DD7F24C3336D9FDA42E55_element_89/name HTTP/1.1
User-Agent: selenium/4.8.1 (java windows)
Cache-Control: no-cache
Content-Type: application/json; charset=utf-8
host: localhost:31188
accept: */*

Response DefaultHttpResponse(decodeResult: success, version: HTTP/1.1)
HTTP/1.1 200 OK
Content-Length: 17
Content-Type: application/json; charset=utf-8
cache-control: no-cache

14:46:55.291 [AsyncHttpClient-1-8] DEBUG org.asynchttpclient.netty.channel.ChannelManager - Adding key: http://localhost:31188 for channel [id: 0x8c5f9a79, L:/127.0.0.1:53433 - R:localhost/127.0.0.1:31188]
14:46:55.293 [Forwarding getElementTagName on session 604a09ecd1e6284c1c9aae80697ca863 to remote] DEBUG org.asynchttpclient.netty.request.NettyRequestSender - Using pooled Channel '[id: 0x8c5f9a79, L:/127.0.0.1:53433 - R:localhost/127.0.0.1:31188]' for 'GET' to 'http://localhost:31188/session/604a09ecd1e6284c1c9aae80697ca863/element/B8471BF25A2DD7F24C3336D9FDA42E55_element_89/name'
14:46:55.293 [Forwarding getElementTagName on session 604a09ecd1e6284c1c9aae80697ca863 to remote] DEBUG org.asynchttpclient.netty.request.NettyRequestSender - Using open Channel [id: 0x8c5f9a79, L:/127.0.0.1:53433 - R:localhost/127.0.0.1:31188] for GET '/session/604a09ecd1e6284c1c9aae80697ca863/element/B8471BF25A2DD7F24C3336D9FDA42E55_element_89/name'
14:46:55.302 [AsyncHttpClient-1-8] DEBUG org.asynchttpclient.netty.handler.HttpHandler - 

Request DefaultFullHttpRequest(decodeResult: success, version: HTTP/1.1, content: EmptyByteBufBE)
GET /session/604a09ecd1e6284c1c9aae80697ca863/element/B8471BF25A2DD7F24C3336D9FDA42E55_element_89/name HTTP/1.1
User-Agent: selenium/4.8.1 (java windows)
Cache-Control: no-cache
Content-Type: application/json; charset=utf-8
host: localhost:31188
accept: */*

Response DefaultHttpResponse(decodeResult: success, version: HTTP/1.1)
HTTP/1.1 200 OK
Content-Length: 17
Content-Type: application/json; charset=utf-8
cache-control: no-cache

14:46:55.302 [AsyncHttpClient-1-8] DEBUG org.asynchttpclient.netty.channel.ChannelManager - Adding key: http://localhost:31188 for channel [id: 0x8c5f9a79, L:/127.0.0.1:53433 - R:localhost/127.0.0.1:31188]
14:46:55.306 [Forwarding isElementEnabled on session 604a09ecd1e6284c1c9aae80697ca863 to remote] DEBUG org.asynchttpclient.netty.request.NettyRequestSender - Using pooled Channel '[id: 0x8c5f9a79, L:/127.0.0.1:53433 - R:localhost/127.0.0.1:31188]' for 'GET' to 'http://localhost:31188/session/604a09ecd1e6284c1c9aae80697ca863/element/B8471BF25A2DD7F24C3336D9FDA42E55_element_89/enabled'
14:46:55.306 [Forwarding isElementEnabled on session 604a09ecd1e6284c1c9aae80697ca863 to remote] DEBUG org.asynchttpclient.netty.request.NettyRequestSender - Using open Channel [id: 0x8c5f9a79, L:/127.0.0.1:53433 - R:localhost/127.0.0.1:31188] for GET '/session/604a09ecd1e6284c1c9aae80697ca863/element/B8471BF25A2DD7F24C3336D9FDA42E55_element_89/enabled'
14:46:55.355 [AsyncHttpClient-1-8] DEBUG org.asynchttpclient.netty.handler.HttpHandler - 

Request DefaultFullHttpRequest(decodeResult: success, version: HTTP/1.1, content: EmptyByteBufBE)
GET /session/604a09ecd1e6284c1c9aae80697ca863/element/B8471BF25A2DD7F24C3336D9FDA42E55_element_89/enabled HTTP/1.1
User-Agent: selenium/4.8.1 (java windows)
Cache-Control: no-cache
Content-Type: application/json; charset=utf-8
host: localhost:31188
accept: */*

Response DefaultHttpResponse(decodeResult: success, version: HTTP/1.1)
HTTP/1.1 200 OK
Content-Length: 14
Content-Type: application/json; charset=utf-8
cache-control: no-cache

14:46:55.356 [AsyncHttpClient-1-8] DEBUG org.asynchttpclient.netty.channel.ChannelManager - Adding key: http://localhost:31188 for channel [id: 0x8c5f9a79, L:/127.0.0.1:53433 - R:localhost/127.0.0.1:31188]
14:46:55.358 [Forwarding isElementEnabled on session 604a09ecd1e6284c1c9aae80697ca863 to remote] DEBUG org.asynchttpclient.netty.request.NettyRequestSender - Using pooled Channel '[id: 0x8c5f9a79, L:/127.0.0.1:53433 - R:localhost/127.0.0.1:31188]' for 'GET' to 'http://localhost:31188/session/604a09ecd1e6284c1c9aae80697ca863/element/B8471BF25A2DD7F24C3336D9FDA42E55_element_89/enabled'
14:46:55.358 [Forwarding isElementEnabled on session 604a09ecd1e6284c1c9aae80697ca863 to remote] DEBUG org.asynchttpclient.netty.request.NettyRequestSender - Using open Channel [id: 0x8c5f9a79, L:/127.0.0.1:53433 - R:localhost/127.0.0.1:31188] for GET '/session/604a09ecd1e6284c1c9aae80697ca863/element/B8471BF25A2DD7F24C3336D9FDA42E55_element_89/enabled'
14:46:55.371 [AsyncHttpClient-1-8] DEBUG org.asynchttpclient.netty.handler.HttpHandler - 

Request DefaultFullHttpRequest(decodeResult: success, version: HTTP/1.1, content: EmptyByteBufBE)
GET /session/604a09ecd1e6284c1c9aae80697ca863/element/B8471BF25A2DD7F24C3336D9FDA42E55_element_89/enabled HTTP/1.1
User-Agent: selenium/4.8.1 (java windows)
Cache-Control: no-cache
Content-Type: application/json; charset=utf-8
host: localhost:31188
accept: */*

Response DefaultHttpResponse(decodeResult: success, version: HTTP/1.1)
HTTP/1.1 200 OK
Content-Length: 14
Content-Type: application/json; charset=utf-8
cache-control: no-cache

14:46:55.371 [AsyncHttpClient-1-8] DEBUG org.asynchttpclient.netty.channel.ChannelManager - Adding key: http://localhost:31188 for channel [id: 0x8c5f9a79, L:/127.0.0.1:53433 - R:localhost/127.0.0.1:31188]
14:46:55.375 [Forwarding findElement on session 604a09ecd1e6284c1c9aae80697ca863 to remote] DEBUG org.asynchttpclient.netty.request.NettyRequestSender - Using pooled Channel '[id: 0x8c5f9a79, L:/127.0.0.1:53433 - R:localhost/127.0.0.1:31188]' for 'POST' to 'http://localhost:31188/session/604a09ecd1e6284c1c9aae80697ca863/element'
14:46:55.375 [Forwarding findElement on session 604a09ecd1e6284c1c9aae80697ca863 to remote] DEBUG org.asynchttpclient.netty.request.NettyRequestSender - Using open Channel [id: 0x8c5f9a79, L:/127.0.0.1:53433 - R:localhost/127.0.0.1:31188] for POST '/session/604a09ecd1e6284c1c9aae80697ca863/element'
14:46:55.392 [AsyncHttpClient-1-8] DEBUG org.asynchttpclient.netty.handler.HttpHandler - 

Request DefaultHttpRequest(decodeResult: success, version: HTTP/1.1)
POST /session/604a09ecd1e6284c1c9aae80697ca863/element HTTP/1.1
User-Agent: selenium/4.8.1 (java windows)
Content-Length: 64
Content-Type: application/json; charset=utf-8
host: localhost:31188
accept: */*

Response DefaultHttpResponse(decodeResult: success, version: HTTP/1.1)
HTTP/1.1 200 OK
Content-Length: 95
Content-Type: application/json; charset=utf-8
cache-control: no-cache

14:46:55.392 [AsyncHttpClient-1-8] DEBUG org.asynchttpclient.netty.channel.ChannelManager - Adding key: http://localhost:31188 for channel [id: 0x8c5f9a79, L:/127.0.0.1:53433 - R:localhost/127.0.0.1:31188]
14:46:55.394 [Forwarding clickElement on session 604a09ecd1e6284c1c9aae80697ca863 to remote] DEBUG org.asynchttpclient.netty.request.NettyRequestSender - Using pooled Channel '[id: 0x8c5f9a79, L:/127.0.0.1:53433 - R:localhost/127.0.0.1:31188]' for 'POST' to 'http://localhost:31188/session/604a09ecd1e6284c1c9aae80697ca863/element/B8471BF25A2DD7F24C3336D9FDA42E55_element_89/click'
14:46:55.394 [Forwarding clickElement on session 604a09ecd1e6284c1c9aae80697ca863 to remote] DEBUG org.asynchttpclient.netty.request.NettyRequestSender - Using open Channel [id: 0x8c5f9a79, L:/127.0.0.1:53433 - R:localhost/127.0.0.1:31188] for POST '/session/604a09ecd1e6284c1c9aae80697ca863/element/B8471BF25A2DD7F24C3336D9FDA42E55_element_89/click'
14:46:55.580 [AsyncHttpClient-1-8] DEBUG org.asynchttpclient.netty.handler.HttpHandler - 

Request DefaultHttpRequest(decodeResult: success, version: HTTP/1.1)
POST /session/604a09ecd1e6284c1c9aae80697ca863/element/B8471BF25A2DD7F24C3336D9FDA42E55_element_89/click HTTP/1.1
User-Agent: selenium/4.8.1 (java windows)
Content-Length: 57
Content-Type: application/json; charset=utf-8
host: localhost:31188
accept: */*

Response DefaultHttpResponse(decodeResult: success, version: HTTP/1.1)
HTTP/1.1 200 OK
Content-Length: 14
Content-Type: application/json; charset=utf-8
cache-control: no-cache

14:46:55.580 [AsyncHttpClient-1-8] DEBUG org.asynchttpclient.netty.channel.ChannelManager - Adding key: http://localhost:31188 for channel [id: 0x8c5f9a79, L:/127.0.0.1:53433 - R:localhost/127.0.0.1:31188]
14:46:55.590 [main] DEBUG net.thucydides.core.steps.StepInterceptor - STEP DONE: clickTanggalHinggaKA
14:46:55.595 [main] DEBUG net.thucydides.core.steps.StepInterceptor - STARTING STEP: LihatTiketKASteps.userInputTanggalHinggaTicketKAPage3 - inputTanggalHinggaTiketKA
14:46:55.603 [Forwarding findElement on session 604a09ecd1e6284c1c9aae80697ca863 to remote] DEBUG org.asynchttpclient.netty.request.NettyRequestSender - Using pooled Channel '[id: 0x8c5f9a79, L:/127.0.0.1:53433 - R:localhost/127.0.0.1:31188]' for 'POST' to 'http://localhost:31188/session/604a09ecd1e6284c1c9aae80697ca863/element'
14:46:55.603 [Forwarding findElement on session 604a09ecd1e6284c1c9aae80697ca863 to remote] DEBUG org.asynchttpclient.netty.request.NettyRequestSender - Using open Channel [id: 0x8c5f9a79, L:/127.0.0.1:53433 - R:localhost/127.0.0.1:31188] for POST '/session/604a09ecd1e6284c1c9aae80697ca863/element'
14:46:55.619 [AsyncHttpClient-1-8] DEBUG org.asynchttpclient.netty.handler.HttpHandler - 

Request DefaultHttpRequest(decodeResult: success, version: HTTP/1.1)
POST /session/604a09ecd1e6284c1c9aae80697ca863/element HTTP/1.1
User-Agent: selenium/4.8.1 (java windows)
Content-Length: 64
Content-Type: application/json; charset=utf-8
host: localhost:31188
accept: */*

Response DefaultHttpResponse(decodeResult: success, version: HTTP/1.1)
HTTP/1.1 200 OK
Content-Length: 95
Content-Type: application/json; charset=utf-8
cache-control: no-cache

14:46:55.619 [AsyncHttpClient-1-8] DEBUG org.asynchttpclient.netty.channel.ChannelManager - Adding key: http://localhost:31188 for channel [id: 0x8c5f9a79, L:/127.0.0.1:53433 - R:localhost/127.0.0.1:31188]
14:46:55.621 [Forwarding clearElement on session 604a09ecd1e6284c1c9aae80697ca863 to remote] DEBUG org.asynchttpclient.netty.request.NettyRequestSender - Using pooled Channel '[id: 0x8c5f9a79, L:/127.0.0.1:53433 - R:localhost/127.0.0.1:31188]' for 'POST' to 'http://localhost:31188/session/604a09ecd1e6284c1c9aae80697ca863/element/B8471BF25A2DD7F24C3336D9FDA42E55_element_89/clear'
14:46:55.621 [Forwarding clearElement on session 604a09ecd1e6284c1c9aae80697ca863 to remote] DEBUG org.asynchttpclient.netty.request.NettyRequestSender - Using open Channel [id: 0x8c5f9a79, L:/127.0.0.1:53433 - R:localhost/127.0.0.1:31188] for POST '/session/604a09ecd1e6284c1c9aae80697ca863/element/B8471BF25A2DD7F24C3336D9FDA42E55_element_89/clear'
14:46:55.665 [AsyncHttpClient-1-8] DEBUG org.asynchttpclient.netty.handler.HttpHandler - 

Request DefaultHttpRequest(decodeResult: success, version: HTTP/1.1)
POST /session/604a09ecd1e6284c1c9aae80697ca863/element/B8471BF25A2DD7F24C3336D9FDA42E55_element_89/clear HTTP/1.1
User-Agent: selenium/4.8.1 (java windows)
Content-Length: 57
Content-Type: application/json; charset=utf-8
host: localhost:31188
accept: */*

Response DefaultHttpResponse(decodeResult: success, version: HTTP/1.1)
HTTP/1.1 200 OK
Content-Length: 14
Content-Type: application/json; charset=utf-8
cache-control: no-cache

14:46:55.665 [AsyncHttpClient-1-8] DEBUG org.asynchttpclient.netty.channel.ChannelManager - Adding key: http://localhost:31188 for channel [id: 0x8c5f9a79, L:/127.0.0.1:53433 - R:localhost/127.0.0.1:31188]
14:46:55.669 [Forwarding sendKeysToElement on session 604a09ecd1e6284c1c9aae80697ca863 to remote] DEBUG org.asynchttpclient.netty.request.NettyRequestSender - Using pooled Channel '[id: 0x8c5f9a79, L:/127.0.0.1:53433 - R:localhost/127.0.0.1:31188]' for 'POST' to 'http://localhost:31188/session/604a09ecd1e6284c1c9aae80697ca863/element/B8471BF25A2DD7F24C3336D9FDA42E55_element_89/value'
14:46:55.669 [Forwarding sendKeysToElement on session 604a09ecd1e6284c1c9aae80697ca863 to remote] DEBUG org.asynchttpclient.netty.request.NettyRequestSender - Using open Channel [id: 0x8c5f9a79, L:/127.0.0.1:53433 - R:localhost/127.0.0.1:31188] for POST '/session/604a09ecd1e6284c1c9aae80697ca863/element/B8471BF25A2DD7F24C3336D9FDA42E55_element_89/value'
14:46:55.748 [AsyncHttpClient-1-8] DEBUG org.asynchttpclient.netty.handler.HttpHandler - 

Request DefaultHttpRequest(decodeResult: success, version: HTTP/1.1)
POST /session/604a09ecd1e6284c1c9aae80697ca863/element/B8471BF25A2DD7F24C3336D9FDA42E55_element_89/value HTTP/1.1
User-Agent: selenium/4.8.1 (java windows)
Content-Length: 168
Content-Type: application/json; charset=utf-8
host: localhost:31188
accept: */*

Response DefaultHttpResponse(decodeResult: success, version: HTTP/1.1)
HTTP/1.1 200 OK
Content-Length: 14
Content-Type: application/json; charset=utf-8
cache-control: no-cache

14:46:55.749 [AsyncHttpClient-1-8] DEBUG org.asynchttpclient.netty.channel.ChannelManager - Adding key: http://localhost:31188 for channel [id: 0x8c5f9a79, L:/127.0.0.1:53433 - R:localhost/127.0.0.1:31188]
14:46:55.756 [main] DEBUG net.thucydides.core.steps.StepInterceptor - STEP DONE: inputTanggalHinggaTiketKA
  &amp#27;[32mAnd &amp#27;[0m&amp#27;[32muser input up to date filter to see ticket ka3&amp#27;[0m                           &amp#27;[90m# starter.stepdefinitions.Admin.DaftarTiketKeretaApi.LihatTiketKASteps.userInputTanggalHinggaTicketKAPage3()&amp#27;[0m
14:46:55.763 [main] DEBUG net.thucydides.core.steps.StepInterceptor - STARTING STEP: LihatTiketKASteps.userCanSeeTicketOfTanggalDariHinggaKA - seeTicket
14:46:55.768 [Forwarding findElement on session 604a09ecd1e6284c1c9aae80697ca863 to remote] DEBUG org.asynchttpclient.netty.request.NettyRequestSender - Using pooled Channel '[id: 0x8c5f9a79, L:/127.0.0.1:53433 - R:localhost/127.0.0.1:31188]' for 'POST' to 'http://localhost:31188/session/604a09ecd1e6284c1c9aae80697ca863/element'
14:46:55.768 [Forwarding findElement on session 604a09ecd1e6284c1c9aae80697ca863 to remote] DEBUG org.asynchttpclient.netty.request.NettyRequestSender - Using open Channel [id: 0x8c5f9a79, L:/127.0.0.1:53433 - R:localhost/127.0.0.1:31188] for POST '/session/604a09ecd1e6284c1c9aae80697ca863/element'
14:46:56.047 [AsyncHttpClient-1-1] DEBUG org.asynchttpclient.netty.channel.DefaultChannelPool - Entry count for : http://localhost:53434 : 1
14:46:57.147 [AsyncHttpClient-1-1] DEBUG org.asynchttpclient.netty.channel.DefaultChannelPool - Entry count for : http://localhost:53434 : 1
14:46:57.541 [AsyncHttpClient-1-8] DEBUG org.asynchttpclient.netty.handler.HttpHandler - 

Request DefaultHttpRequest(decodeResult: success, version: HTTP/1.1)
POST /session/604a09ecd1e6284c1c9aae80697ca863/element HTTP/1.1
User-Agent: selenium/4.8.1 (java windows)
Content-Length: 115
Content-Type: application/json; charset=utf-8
host: localhost:31188
accept: */*

Response DefaultHttpResponse(decodeResult: success, version: HTTP/1.1)
HTTP/1.1 200 OK
Content-Length: 96
Content-Type: application/json; charset=utf-8
cache-control: no-cache

14:46:57.541 [AsyncHttpClient-1-8] DEBUG org.asynchttpclient.netty.channel.ChannelManager - Adding key: http://localhost:31188 for channel [id: 0x8c5f9a79, L:/127.0.0.1:53433 - R:localhost/127.0.0.1:31188]
14:46:57.546 [Forwarding isElementDisplayed on session 604a09ecd1e6284c1c9aae80697ca863 to remote] DEBUG org.asynchttpclient.netty.request.NettyRequestSender - Using pooled Channel '[id: 0x8c5f9a79, L:/127.0.0.1:53433 - R:localhost/127.0.0.1:31188]' for 'POST' to 'http://localhost:31188/session/604a09ecd1e6284c1c9aae80697ca863/execute/sync'
14:46:57.546 [Forwarding isElementDisplayed on session 604a09ecd1e6284c1c9aae80697ca863 to remote] DEBUG org.asynchttpclient.netty.request.NettyRequestSender - Using open Channel [id: 0x8c5f9a79, L:/127.0.0.1:53433 - R:localhost/127.0.0.1:31188] for POST '/session/604a09ecd1e6284c1c9aae80697ca863/execute/sync'
14:46:57.558 [AsyncHttpClient-1-8] DEBUG org.asynchttpclient.netty.handler.HttpHandler - 

Request DefaultHttpRequest(decodeResult: success, version: HTTP/1.1)
POST /session/604a09ecd1e6284c1c9aae80697ca863/execute/sync HTTP/1.1
User-Agent: selenium/4.8.1 (java windows)
Content-Length: 48815
Content-Type: application/json; charset=utf-8
host: localhost:31188
accept: */*

Response DefaultHttpResponse(decodeResult: success, version: HTTP/1.1)
HTTP/1.1 200 OK
Content-Length: 14
Content-Type: application/json; charset=utf-8
cache-control: no-cache

14:46:57.558 [AsyncHttpClient-1-8] DEBUG org.asynchttpclient.netty.channel.ChannelManager - Adding key: http://localhost:31188 for channel [id: 0x8c5f9a79, L:/127.0.0.1:53433 - R:localhost/127.0.0.1:31188]
14:46:57.560 [Forwarding isElementDisplayed on session 604a09ecd1e6284c1c9aae80697ca863 to remote] DEBUG org.asynchttpclient.netty.request.NettyRequestSender - Using pooled Channel '[id: 0x8c5f9a79, L:/127.0.0.1:53433 - R:localhost/127.0.0.1:31188]' for 'POST' to 'http://localhost:31188/session/604a09ecd1e6284c1c9aae80697ca863/execute/sync'
14:46:57.561 [Forwarding isElementDisplayed on session 604a09ecd1e6284c1c9aae80697ca863 to remote] DEBUG org.asynchttpclient.netty.request.NettyRequestSender - Using open Channel [id: 0x8c5f9a79, L:/127.0.0.1:53433 - R:localhost/127.0.0.1:31188] for POST '/session/604a09ecd1e6284c1c9aae80697ca863/execute/sync'
14:46:57.572 [AsyncHttpClient-1-8] DEBUG org.asynchttpclient.netty.handler.HttpHandler - 

Request DefaultHttpRequest(decodeResult: success, version: HTTP/1.1)
POST /session/604a09ecd1e6284c1c9aae80697ca863/execute/sync HTTP/1.1
User-Agent: selenium/4.8.1 (java windows)
Content-Length: 48815
Content-Type: application/json; charset=utf-8
host: localhost:31188
accept: */*

Response DefaultHttpResponse(decodeResult: success, version: HTTP/1.1)
HTTP/1.1 200 OK
Content-Length: 14
Content-Type: application/json; charset=utf-8
cache-control: no-cache

14:46:57.573 [AsyncHttpClient-1-8] DEBUG org.asynchttpclient.netty.channel.ChannelManager - Adding key: http://localhost:31188 for channel [id: 0x8c5f9a79, L:/127.0.0.1:53433 - R:localhost/127.0.0.1:31188]
14:46:57.574 [main] DEBUG net.thucydides.core.steps.StepInterceptor - STEP DONE: seeTicket
  &amp#27;[32mThen &amp#27;[0m&amp#27;[32musers can see the tickets they are looking for based on the date filter&amp#27;[0m &amp#27;[90m# starter.stepdefinitions.Admin.DaftarTiketKeretaApi.LihatTiketKASteps.userCanSeeTicketOfTanggalDariHinggaKA()&amp#27;[0m
14:46:57.578 [main] INFO  - 
  _____   ___   ___   _____     ___     _     ___   ___   ___   ___  
 |_   _| | __| / __| |_   _|   | _ \   /_\   / __| / __| | __| |   \ 
   | |   | _|  \__ \   | |     |  _/  / _ \  \__ \ \__ \ | _|  | |) |
   |_|   |___| |___/   |_|     |_|   /_/ \_\ |___/ |___/ |___| |___/ 

as admin i want to see list of ticket ka with date filter
----------------------------------------------------------------------
14:46:57.579 [AsyncHttpClient-1-2] DEBUG org.asynchttpclient.netty.handler.WebSocketHandler - Channel Closed: [id: 0x870ffa06, L:/127.0.0.1:53440 ! R:localhost/127.0.0.1:53434] with attribute NettyResponseFuture{currentRetry=0,
	isDone=1,
	isCancelled=0,
	asyncHandler=org.asynchttpclient.ws.WebSocketUpgradeHandler@2eae9eff,
	nettyRequest=org.asynchttpclient.netty.request.NettyRequest@2d8af34f,
	future=java.util.concurrent.CompletableFuture@109b83e9[Completed normally],
	uri=ws://localhost:53434/devtools/browser/e72a89ff-cec7-48c2-821c-4954ad1fdc7b,
	keepAlive=true,
	redirectCount=0,
	timeoutsHolder=null,
	inAuth=0,
	touch=1687333610319}
14:46:57.579 [AsyncHttpClient-1-2] DEBUG org.asynchttpclient.netty.channel.ChannelManager - Closing Channel [id: 0x870ffa06, L:/127.0.0.1:53440 ! R:localhost/127.0.0.1:53434] 
14:46:57.579 [Driver Command Executor] DEBUG org.asynchttpclient.netty.request.NettyRequestSender - Using pooled Channel '[id: 0x8c5f9a79, L:/127.0.0.1:53433 - R:localhost/127.0.0.1:31188]' for 'DELETE' to 'http://localhost:31188/session/604a09ecd1e6284c1c9aae80697ca863'
14:46:57.580 [Driver Command Executor] DEBUG org.asynchttpclient.netty.request.NettyRequestSender - Using open Channel [id: 0x8c5f9a79, L:/127.0.0.1:53433 - R:localhost/127.0.0.1:31188] for DELETE '/session/604a09ecd1e6284c1c9aae80697ca863'
14:46:57.662 [AsyncHttpClient-1-9] DEBUG org.asynchttpclient.netty.handler.HttpHandler - Unexpected I/O exception on channel [id: 0x7343fbe6, L:/127.0.0.1:53439 - R:localhost/127.0.0.1:53434]
java.io.IOException: An existing connection was forcibly closed by the remote host
	at sun.nio.ch.SocketDispatcher.read0(Native Method)
	at sun.nio.ch.SocketDispatcher.read(SocketDispatcher.java:43)
	at sun.nio.ch.IOUtil.readIntoNativeBuffer(IOUtil.java:223)
	at sun.nio.ch.IOUtil.read(IOUtil.java:192)
	at sun.nio.ch.SocketChannelImpl.read(SocketChannelImpl.java:380)
	at io.netty.buffer.PooledByteBuf.setBytes(PooledByteBuf.java:259)
	at io.netty.buffer.AbstractByteBuf.writeBytes(AbstractByteBuf.java:1132)
	at io.netty.channel.socket.nio.NioSocketChannel.doReadBytes(NioSocketChannel.java:357)
	at io.netty.channel.nio.AbstractNioByteChannel$NioByteUnsafe.read(AbstractNioByteChannel.java:151)
	at io.netty.channel.nio.NioEventLoop.processSelectedKey(NioEventLoop.java:788)
	at io.netty.channel.nio.NioEventLoop.processSelectedKeysOptimized(NioEventLoop.java:724)
	at io.netty.channel.nio.NioEventLoop.processSelectedKeys(NioEventLoop.java:650)
	at io.netty.channel.nio.NioEventLoop.run(NioEventLoop.java:562)
	at io.netty.util.concurrent.SingleThreadEventExecutor$4.run(SingleThreadEventExecutor.java:997)
	at io.netty.util.internal.ThreadExecutorMap$2.run(ThreadExecutorMap.java:74)
	at io.netty.util.concurrent.FastThreadLocalRunnable.run(FastThreadLocalRunnable.java:30)
	at java.lang.Thread.run(Thread.java:748)
14:46:57.662 [AsyncHttpClient-1-9] DEBUG org.asynchttpclient.netty.channel.ChannelManager - Closing Channel [id: 0x7343fbe6, L:/127.0.0.1:53439 - R:localhost/127.0.0.1:53434] 
14:46:57.662 [AsyncHttpClient-1-9] DEBUG org.asynchttpclient.netty.handler.HttpHandler - Channel Closed: [id: 0x7343fbe6, L:/127.0.0.1:53439 ! R:localhost/127.0.0.1:53434] with attribute DISCARD
14:46:57.692 [AsyncHttpClient-1-8] DEBUG org.asynchttpclient.netty.handler.HttpHandler - 

Request DefaultFullHttpRequest(decodeResult: success, version: HTTP/1.1, content: EmptyByteBufBE)
DELETE /session/604a09ecd1e6284c1c9aae80697ca863 HTTP/1.1
User-Agent: selenium/4.8.1 (java windows)
Content-Type: application/json; charset=utf-8
host: localhost:31188
accept: */*

Response DefaultHttpResponse(decodeResult: success, version: HTTP/1.1)
HTTP/1.1 200 OK
Content-Length: 14
Content-Type: application/json; charset=utf-8
cache-control: no-cache

14:46:57.692 [AsyncHttpClient-1-8] DEBUG org.asynchttpclient.netty.channel.ChannelManager - Adding key: http://localhost:31188 for channel [id: 0x8c5f9a79, L:/127.0.0.1:53433 - R:localhost/127.0.0.1:31188]
14:46:57.771 [AsyncHttpClient-1-8] DEBUG org.asynchttpclient.netty.handler.HttpHandler - Channel Closed: [id: 0x8c5f9a79, L:/127.0.0.1:53433 ! R:localhost/127.0.0.1:31188] with attribute DISCARD
14:46:58.247 [AsyncHttpClient-1-1] DEBUG org.asynchttpclient.netty.channel.DefaultChannelPool - Entry count for : http://localhost:31188 : 1
14:46:58.247 [AsyncHttpClient-1-1] DEBUG org.asynchttpclient.netty.channel.DefaultChannelPool - Entry count for : http://localhost:53434 : 1
14:46:58.247 [AsyncHttpClient-1-1] DEBUG org.asynchttpclient.netty.channel.DefaultChannelPool - Adding Candidate expired Channel [id: 0x8c5f9a79, L:/127.0.0.1:53433 ! R:localhost/127.0.0.1:31188] isIdleTimeoutExpired=false isRemotelyClosed=true isTtlExpired=false
14:46:58.247 [AsyncHttpClient-1-1] DEBUG org.asynchttpclient.netty.channel.DefaultChannelPool - Closing Idle Channel [id: 0x8c5f9a79, L:/127.0.0.1:53433 ! R:localhost/127.0.0.1:31188]
14:46:58.247 [AsyncHttpClient-1-1] DEBUG org.asynchttpclient.netty.channel.DefaultChannelPool - Adding Candidate expired Channel [id: 0x7343fbe6, L:/127.0.0.1:53439 ! R:localhost/127.0.0.1:53434] isIdleTimeoutExpired=false isRemotelyClosed=true isTtlExpired=false
14:46:58.247 [AsyncHttpClient-1-1] DEBUG org.asynchttpclient.netty.channel.DefaultChannelPool - Closing Idle Channel [id: 0x7343fbe6, L:/127.0.0.1:53439 ! R:localhost/127.0.0.1:53434]
14:46:58.248 [AsyncHttpClient-1-1] DEBUG org.asynchttpclient.netty.channel.DefaultChannelPool - Closed 2 connections out of 2 in 1 ms
]]></system-out>
    <system-err><![CDATA[Starting ChromeDriver 114.0.5735.90 (386bc09e8f4f2e025eddae123f36f6263096ae49-refs/branch-heads/5735@{#1052}) on port 31188
Only local connections are allowed.
Please see https://chromedriver.chromium.org/security-considerations for suggestions on keeping ChromeDriver safe.
ChromeDriver was started successfully.
Jun 21, 2023 2:46:50 PM org.openqa.selenium.devtools.CdpVersionFinder findNearestMatch
WARNING: Unable to find an exact match for CDP version 114, so returning the closest version found: 110
]]></system-err>
  </testcase>
  <testcase name="as admin i want to see list of ticket ka with date filter #2" classname="As a admin i want to see ticket of KA" time="10.438">
    <failure type="java.lang.AssertionError"><![CDATA[java.lang.AssertionError: Element should be visible
]]></failure>
    <system-out><![CDATA[
@DaftarKA @seeticketwithfiltersortabjadka
Scenario: as admin i want to see list of ticket ka with date filter &amp#27;[90m# src/test/resources/features/Admin/DaftarTiketKeretaApi/DaftarTiketKA.feature:40&amp#27;[0m
14:46:58.376 [main] DEBUG io.cucumber.core.plugin.SerenityReporter - Running feature from file:///D:/D/QE_Alta/capstone/web-automation-test/src/test/resources/features/Admin/DaftarTiketKeretaApi/DaftarTiketKA.feature
14:46:58.399 [main] DEBUG net.thucydides.core.steps.StepInterceptor - STARTING STEP: LihatTiketKASteps.userOnLoginPage4 - onLoginPage
14:46:58.491 [main] INFO net.serenitybdd.core.webdriver.driverproviders.ChromeDriverProvider - Starting Chrome driver instance with capabilities:
14:46:58.491 [main] INFO net.serenitybdd.core.webdriver.driverproviders.ChromeDriverProvider - Capabilities {acceptInsecureCerts: true, browserName: chrome, goog:chromeOptions: {args: [remote-allow-origins=*, test-type, no-sandbox, ignore-certificate-errors, start-maximized, incognito, disable-infobars, disable-gpu, disable-default-apps, disable-popup-blocking, remote-allow-origins=*, test-type, no-sandbox, ignore-certificate-errors, start-maximized, incognito, disable-infobars, disable-gpu, disable-default-apps, disable-popup-blocking, remote-allow-origins=*], extensions: []}}
14:46:59.091 [AsyncHttpClient-1-3] DEBUG org.asynchttpclient.netty.channel.NettyConnectListener - Using new Channel '[id: 0x9bc0c1e9, L:/127.0.0.1:53472 - R:localhost/127.0.0.1:45123]' for 'POST' to '/session'
14:47:00.277 [AsyncHttpClient-1-3] DEBUG org.asynchttpclient.netty.handler.HttpHandler - 

Request DefaultHttpRequest(decodeResult: success, version: HTTP/1.1)
POST /session HTTP/1.1
User-Agent: selenium/4.8.1 (java windows)
Content-Length: 1701
Content-Type: application/json; charset=utf-8
host: localhost:45123
accept: */*

Response DefaultHttpResponse(decodeResult: success, version: HTTP/1.1)
HTTP/1.1 200 OK
Content-Length: 861
Content-Type: application/json; charset=utf-8
cache-control: no-cache

14:47:00.277 [AsyncHttpClient-1-3] DEBUG org.asynchttpclient.netty.channel.ChannelManager - Adding key: http://localhost:45123 for channel [id: 0x9bc0c1e9, L:/127.0.0.1:53472 - R:localhost/127.0.0.1:45123]
14:47:00.304 [AsyncHttpClient-1-4] DEBUG org.asynchttpclient.netty.channel.NettyConnectListener - Using new Channel '[id: 0x0b1bc816, L:/127.0.0.1:53479 - R:localhost/127.0.0.1:53473]' for 'GET' to '/json/version'
14:47:00.305 [AsyncHttpClient-1-4] DEBUG org.asynchttpclient.netty.handler.HttpHandler - 

Request DefaultFullHttpRequest(decodeResult: success, version: HTTP/1.1, content: EmptyByteBufBE)
GET /json/version HTTP/1.1
User-Agent: selenium/4.8.1 (java windows)
host: localhost:53473
accept: */*

Response DefaultHttpResponse(decodeResult: success, version: HTTP/1.1)
HTTP/1.1 200 OK
Content-Security-Policy: frame-ancestors 'none'
Content-Length: 424
Content-Type: application/json; charset=UTF-8

14:47:00.305 [AsyncHttpClient-1-4] DEBUG org.asynchttpclient.netty.channel.ChannelManager - Adding key: http://localhost:53473 for channel [id: 0x0b1bc816, L:/127.0.0.1:53479 - R:localhost/127.0.0.1:53473]
14:47:00.308 [AsyncHttpClient-1-5] DEBUG org.asynchttpclient.netty.channel.NettyConnectListener - Using new Channel '[id: 0xb3b8aeea, L:/127.0.0.1:53480 - R:localhost/127.0.0.1:53473]' for 'GET' to '/devtools/browser/5a9578c8-f3b3-4ba5-8d68-162f61dbb0db'
14:47:00.309 [AsyncHttpClient-1-5] DEBUG org.asynchttpclient.netty.handler.WebSocketHandler - 

Request DefaultFullHttpRequest(decodeResult: success, version: HTTP/1.1, content: EmptyByteBufBE)
GET /devtools/browser/5a9578c8-f3b3-4ba5-8d68-162f61dbb0db HTTP/1.1
upgrade: websocket
connection: upgrade
sec-websocket-key: RpdXCaSG51DkziHBuv8XGw==
sec-websocket-version: 13
origin: http://localhost:53473
host: localhost:53473
accept: */*
user-agent: AHC/2.1

Response DefaultHttpResponse(decodeResult: success, version: HTTP/1.1)
HTTP/1.1 101 WebSocket Protocol Handshake
Upgrade: WebSocket
Connection: Upgrade
Sec-WebSocket-Accept: 3Q+MLyBXa4bXoV5PrxTXJMySNMg=

14:47:00.322 [Forwarding get on session b27964e259bb038ecc602fa6b72242a4 to remote] DEBUG org.asynchttpclient.netty.request.NettyRequestSender - Using pooled Channel '[id: 0x9bc0c1e9, L:/127.0.0.1:53472 - R:localhost/127.0.0.1:45123]' for 'POST' to 'http://localhost:45123/session/b27964e259bb038ecc602fa6b72242a4/url'
14:47:00.322 [Forwarding get on session b27964e259bb038ecc602fa6b72242a4 to remote] DEBUG org.asynchttpclient.netty.request.NettyRequestSender - Using open Channel [id: 0x9bc0c1e9, L:/127.0.0.1:53472 - R:localhost/127.0.0.1:45123] for POST '/session/b27964e259bb038ecc602fa6b72242a4/url'
14:47:00.456 [AsyncHttpClient-1-1] DEBUG org.asynchttpclient.netty.channel.DefaultChannelPool - Entry count for : http://localhost:53473 : 1
14:47:01.099 [AsyncHttpClient-1-3] DEBUG org.asynchttpclient.netty.handler.HttpHandler - 

Request DefaultHttpRequest(decodeResult: success, version: HTTP/1.1)
POST /session/b27964e259bb038ecc602fa6b72242a4/url HTTP/1.1
User-Agent: selenium/4.8.1 (java windows)
Content-Length: 64
Content-Type: application/json; charset=utf-8
host: localhost:45123
accept: */*

Response DefaultHttpResponse(decodeResult: success, version: HTTP/1.1)
HTTP/1.1 200 OK
Content-Length: 14
Content-Type: application/json; charset=utf-8
cache-control: no-cache

14:47:01.100 [AsyncHttpClient-1-3] DEBUG org.asynchttpclient.netty.channel.ChannelManager - Adding key: http://localhost:45123 for channel [id: 0x9bc0c1e9, L:/127.0.0.1:53472 - R:localhost/127.0.0.1:45123]
14:47:01.103 [Forwarding setTimeout on session b27964e259bb038ecc602fa6b72242a4 to remote] DEBUG org.asynchttpclient.netty.request.NettyRequestSender - Using pooled Channel '[id: 0x9bc0c1e9, L:/127.0.0.1:53472 - R:localhost/127.0.0.1:45123]' for 'POST' to 'http://localhost:45123/session/b27964e259bb038ecc602fa6b72242a4/timeouts'
14:47:01.103 [Forwarding setTimeout on session b27964e259bb038ecc602fa6b72242a4 to remote] DEBUG org.asynchttpclient.netty.request.NettyRequestSender - Using open Channel [id: 0x9bc0c1e9, L:/127.0.0.1:53472 - R:localhost/127.0.0.1:45123] for POST '/session/b27964e259bb038ecc602fa6b72242a4/timeouts'
14:47:01.107 [AsyncHttpClient-1-3] DEBUG org.asynchttpclient.netty.handler.HttpHandler - 

Request DefaultHttpRequest(decodeResult: success, version: HTTP/1.1)
POST /session/b27964e259bb038ecc602fa6b72242a4/timeouts HTTP/1.1
User-Agent: selenium/4.8.1 (java windows)
Content-Length: 22
Content-Type: application/json; charset=utf-8
host: localhost:45123
accept: */*

Response DefaultHttpResponse(decodeResult: success, version: HTTP/1.1)
HTTP/1.1 200 OK
Content-Length: 14
Content-Type: application/json; charset=utf-8
cache-control: no-cache

14:47:01.107 [AsyncHttpClient-1-3] DEBUG org.asynchttpclient.netty.channel.ChannelManager - Adding key: http://localhost:45123 for channel [id: 0x9bc0c1e9, L:/127.0.0.1:53472 - R:localhost/127.0.0.1:45123]
14:47:01.122 [Forwarding findElement on session b27964e259bb038ecc602fa6b72242a4 to remote] DEBUG org.asynchttpclient.netty.request.NettyRequestSender - Using pooled Channel '[id: 0x9bc0c1e9, L:/127.0.0.1:53472 - R:localhost/127.0.0.1:45123]' for 'POST' to 'http://localhost:45123/session/b27964e259bb038ecc602fa6b72242a4/element'
14:47:01.122 [Forwarding findElement on session b27964e259bb038ecc602fa6b72242a4 to remote] DEBUG org.asynchttpclient.netty.request.NettyRequestSender - Using open Channel [id: 0x9bc0c1e9, L:/127.0.0.1:53472 - R:localhost/127.0.0.1:45123] for POST '/session/b27964e259bb038ecc602fa6b72242a4/element'
14:47:01.148 [AsyncHttpClient-1-3] DEBUG org.asynchttpclient.netty.handler.HttpHandler - 

Request DefaultHttpRequest(decodeResult: success, version: HTTP/1.1)
POST /session/b27964e259bb038ecc602fa6b72242a4/element HTTP/1.1
User-Agent: selenium/4.8.1 (java windows)
Content-Length: 67
Content-Type: application/json; charset=utf-8
host: localhost:45123
accept: */*

Response DefaultHttpResponse(decodeResult: success, version: HTTP/1.1)
HTTP/1.1 200 OK
Content-Length: 95
Content-Type: application/json; charset=utf-8
cache-control: no-cache

14:47:01.149 [AsyncHttpClient-1-3] DEBUG org.asynchttpclient.netty.channel.ChannelManager - Adding key: http://localhost:45123 for channel [id: 0x9bc0c1e9, L:/127.0.0.1:53472 - R:localhost/127.0.0.1:45123]
14:47:01.154 [Forwarding isElementDisplayed on session b27964e259bb038ecc602fa6b72242a4 to remote] DEBUG org.asynchttpclient.netty.request.NettyRequestSender - Using pooled Channel '[id: 0x9bc0c1e9, L:/127.0.0.1:53472 - R:localhost/127.0.0.1:45123]' for 'POST' to 'http://localhost:45123/session/b27964e259bb038ecc602fa6b72242a4/execute/sync'
14:47:01.154 [Forwarding isElementDisplayed on session b27964e259bb038ecc602fa6b72242a4 to remote] DEBUG org.asynchttpclient.netty.request.NettyRequestSender - Using open Channel [id: 0x9bc0c1e9, L:/127.0.0.1:53472 - R:localhost/127.0.0.1:45123] for POST '/session/b27964e259bb038ecc602fa6b72242a4/execute/sync'
14:47:01.178 [AsyncHttpClient-1-3] DEBUG org.asynchttpclient.netty.handler.HttpHandler - 

Request DefaultHttpRequest(decodeResult: success, version: HTTP/1.1)
POST /session/b27964e259bb038ecc602fa6b72242a4/execute/sync HTTP/1.1
User-Agent: selenium/4.8.1 (java windows)
Content-Length: 48814
Content-Type: application/json; charset=utf-8
host: localhost:45123
accept: */*

Response DefaultHttpResponse(decodeResult: success, version: HTTP/1.1)
HTTP/1.1 200 OK
Content-Length: 14
Content-Type: application/json; charset=utf-8
cache-control: no-cache

14:47:01.179 [AsyncHttpClient-1-3] DEBUG org.asynchttpclient.netty.channel.ChannelManager - Adding key: http://localhost:45123 for channel [id: 0x9bc0c1e9, L:/127.0.0.1:53472 - R:localhost/127.0.0.1:45123]
14:47:01.185 [Forwarding isElementDisplayed on session b27964e259bb038ecc602fa6b72242a4 to remote] DEBUG org.asynchttpclient.netty.request.NettyRequestSender - Using pooled Channel '[id: 0x9bc0c1e9, L:/127.0.0.1:53472 - R:localhost/127.0.0.1:45123]' for 'POST' to 'http://localhost:45123/session/b27964e259bb038ecc602fa6b72242a4/execute/sync'
14:47:01.185 [Forwarding isElementDisplayed on session b27964e259bb038ecc602fa6b72242a4 to remote] DEBUG org.asynchttpclient.netty.request.NettyRequestSender - Using open Channel [id: 0x9bc0c1e9, L:/127.0.0.1:53472 - R:localhost/127.0.0.1:45123] for POST '/session/b27964e259bb038ecc602fa6b72242a4/execute/sync'
14:47:01.207 [AsyncHttpClient-1-3] DEBUG org.asynchttpclient.netty.handler.HttpHandler - 

Request DefaultHttpRequest(decodeResult: success, version: HTTP/1.1)
POST /session/b27964e259bb038ecc602fa6b72242a4/execute/sync HTTP/1.1
User-Agent: selenium/4.8.1 (java windows)
Content-Length: 48814
Content-Type: application/json; charset=utf-8
host: localhost:45123
accept: */*

Response DefaultHttpResponse(decodeResult: success, version: HTTP/1.1)
HTTP/1.1 200 OK
Content-Length: 14
Content-Type: application/json; charset=utf-8
cache-control: no-cache

14:47:01.207 [AsyncHttpClient-1-3] DEBUG org.asynchttpclient.netty.channel.ChannelManager - Adding key: http://localhost:45123 for channel [id: 0x9bc0c1e9, L:/127.0.0.1:53472 - R:localhost/127.0.0.1:45123]
14:47:01.210 [main] DEBUG net.thucydides.core.steps.StepInterceptor - STEP DONE: onLoginPage
  &amp#27;[32mGiven &amp#27;[0m&amp#27;[32muser on login page to see ticket ka4&amp#27;[0m                        &amp#27;[90m# starter.stepdefinitions.Admin.DaftarTiketKeretaApi.LihatTiketKASteps.userOnLoginPage4()&amp#27;[0m
14:47:01.224 [main] DEBUG net.thucydides.core.steps.StepInterceptor - STARTING STEP: LihatTiketKASteps.userInputEmail4 - inputEmail
14:47:01.229 [Forwarding findElement on session b27964e259bb038ecc602fa6b72242a4 to remote] DEBUG org.asynchttpclient.netty.request.NettyRequestSender - Using pooled Channel '[id: 0x9bc0c1e9, L:/127.0.0.1:53472 - R:localhost/127.0.0.1:45123]' for 'POST' to 'http://localhost:45123/session/b27964e259bb038ecc602fa6b72242a4/element'
14:47:01.229 [Forwarding findElement on session b27964e259bb038ecc602fa6b72242a4 to remote] DEBUG org.asynchttpclient.netty.request.NettyRequestSender - Using open Channel [id: 0x9bc0c1e9, L:/127.0.0.1:53472 - R:localhost/127.0.0.1:45123] for POST '/session/b27964e259bb038ecc602fa6b72242a4/element'
14:47:01.250 [AsyncHttpClient-1-3] DEBUG org.asynchttpclient.netty.handler.HttpHandler - 

Request DefaultHttpRequest(decodeResult: success, version: HTTP/1.1)
POST /session/b27964e259bb038ecc602fa6b72242a4/element HTTP/1.1
User-Agent: selenium/4.8.1 (java windows)
Content-Length: 59
Content-Type: application/json; charset=utf-8
host: localhost:45123
accept: */*

Response DefaultHttpResponse(decodeResult: success, version: HTTP/1.1)
HTTP/1.1 200 OK
Content-Length: 94
Content-Type: application/json; charset=utf-8
cache-control: no-cache

14:47:01.250 [AsyncHttpClient-1-3] DEBUG org.asynchttpclient.netty.channel.ChannelManager - Adding key: http://localhost:45123 for channel [id: 0x9bc0c1e9, L:/127.0.0.1:53472 - R:localhost/127.0.0.1:45123]
14:47:01.251 [Forwarding clearElement on session b27964e259bb038ecc602fa6b72242a4 to remote] DEBUG org.asynchttpclient.netty.request.NettyRequestSender - Using pooled Channel '[id: 0x9bc0c1e9, L:/127.0.0.1:53472 - R:localhost/127.0.0.1:45123]' for 'POST' to 'http://localhost:45123/session/b27964e259bb038ecc602fa6b72242a4/element/1BB816F392A90E177D4417BA23F1CF25_element_3/clear'
14:47:01.252 [Forwarding clearElement on session b27964e259bb038ecc602fa6b72242a4 to remote] DEBUG org.asynchttpclient.netty.request.NettyRequestSender - Using open Channel [id: 0x9bc0c1e9, L:/127.0.0.1:53472 - R:localhost/127.0.0.1:45123] for POST '/session/b27964e259bb038ecc602fa6b72242a4/element/1BB816F392A90E177D4417BA23F1CF25_element_3/clear'
14:47:01.320 [AsyncHttpClient-1-3] DEBUG org.asynchttpclient.netty.handler.HttpHandler - 

Request DefaultHttpRequest(decodeResult: success, version: HTTP/1.1)
POST /session/b27964e259bb038ecc602fa6b72242a4/element/1BB816F392A90E177D4417BA23F1CF25_element_3/clear HTTP/1.1
User-Agent: selenium/4.8.1 (java windows)
Content-Length: 56
Content-Type: application/json; charset=utf-8
host: localhost:45123
accept: */*

Response DefaultHttpResponse(decodeResult: success, version: HTTP/1.1)
HTTP/1.1 200 OK
Content-Length: 14
Content-Type: application/json; charset=utf-8
cache-control: no-cache

14:47:01.320 [AsyncHttpClient-1-3] DEBUG org.asynchttpclient.netty.channel.ChannelManager - Adding key: http://localhost:45123 for channel [id: 0x9bc0c1e9, L:/127.0.0.1:53472 - R:localhost/127.0.0.1:45123]
14:47:01.324 [Forwarding sendKeysToElement on session b27964e259bb038ecc602fa6b72242a4 to remote] DEBUG org.asynchttpclient.netty.request.NettyRequestSender - Using pooled Channel '[id: 0x9bc0c1e9, L:/127.0.0.1:53472 - R:localhost/127.0.0.1:45123]' for 'POST' to 'http://localhost:45123/session/b27964e259bb038ecc602fa6b72242a4/element/1BB816F392A90E177D4417BA23F1CF25_element_3/value'
14:47:01.324 [Forwarding sendKeysToElement on session b27964e259bb038ecc602fa6b72242a4 to remote] DEBUG org.asynchttpclient.netty.request.NettyRequestSender - Using open Channel [id: 0x9bc0c1e9, L:/127.0.0.1:53472 - R:localhost/127.0.0.1:45123] for POST '/session/b27964e259bb038ecc602fa6b72242a4/element/1BB816F392A90E177D4417BA23F1CF25_element_3/value'
14:47:01.553 [AsyncHttpClient-1-1] DEBUG org.asynchttpclient.netty.channel.DefaultChannelPool - Entry count for : http://localhost:53473 : 1
14:47:01.936 [AsyncHttpClient-1-3] DEBUG org.asynchttpclient.netty.handler.HttpHandler - 

Request DefaultHttpRequest(decodeResult: success, version: HTTP/1.1)
POST /session/b27964e259bb038ecc602fa6b72242a4/element/1BB816F392A90E177D4417BA23F1CF25_element_3/value HTTP/1.1
User-Agent: selenium/4.8.1 (java windows)
Content-Length: 237
Content-Type: application/json; charset=utf-8
host: localhost:45123
accept: */*

Response DefaultHttpResponse(decodeResult: success, version: HTTP/1.1)
HTTP/1.1 200 OK
Content-Length: 14
Content-Type: application/json; charset=utf-8
cache-control: no-cache

14:47:01.937 [AsyncHttpClient-1-3] DEBUG org.asynchttpclient.netty.channel.ChannelManager - Adding key: http://localhost:45123 for channel [id: 0x9bc0c1e9, L:/127.0.0.1:53472 - R:localhost/127.0.0.1:45123]
14:47:01.942 [main] DEBUG net.thucydides.core.steps.StepInterceptor - STEP DONE: inputEmail
  &amp#27;[32mWhen &amp#27;[0m&amp#27;[32muser input email to see ticket ka4&amp#27;[0m                           &amp#27;[90m# starter.stepdefinitions.Admin.DaftarTiketKeretaApi.LihatTiketKASteps.userInputEmail4()&amp#27;[0m
14:47:01.955 [main] DEBUG net.thucydides.core.steps.StepInterceptor - STARTING STEP: LihatTiketKASteps.userInputPassword4 - inputPassword
14:47:01.959 [Forwarding findElement on session b27964e259bb038ecc602fa6b72242a4 to remote] DEBUG org.asynchttpclient.netty.request.NettyRequestSender - Using pooled Channel '[id: 0x9bc0c1e9, L:/127.0.0.1:53472 - R:localhost/127.0.0.1:45123]' for 'POST' to 'http://localhost:45123/session/b27964e259bb038ecc602fa6b72242a4/element'
14:47:01.960 [Forwarding findElement on session b27964e259bb038ecc602fa6b72242a4 to remote] DEBUG org.asynchttpclient.netty.request.NettyRequestSender - Using open Channel [id: 0x9bc0c1e9, L:/127.0.0.1:53472 - R:localhost/127.0.0.1:45123] for POST '/session/b27964e259bb038ecc602fa6b72242a4/element'
14:47:01.981 [AsyncHttpClient-1-3] DEBUG org.asynchttpclient.netty.handler.HttpHandler - 

Request DefaultHttpRequest(decodeResult: success, version: HTTP/1.1)
POST /session/b27964e259bb038ecc602fa6b72242a4/element HTTP/1.1
User-Agent: selenium/4.8.1 (java windows)
Content-Length: 62
Content-Type: application/json; charset=utf-8
host: localhost:45123
accept: */*

Response DefaultHttpResponse(decodeResult: success, version: HTTP/1.1)
HTTP/1.1 200 OK
Content-Length: 94
Content-Type: application/json; charset=utf-8
cache-control: no-cache

14:47:01.982 [AsyncHttpClient-1-3] DEBUG org.asynchttpclient.netty.channel.ChannelManager - Adding key: http://localhost:45123 for channel [id: 0x9bc0c1e9, L:/127.0.0.1:53472 - R:localhost/127.0.0.1:45123]
14:47:01.983 [Forwarding clearElement on session b27964e259bb038ecc602fa6b72242a4 to remote] DEBUG org.asynchttpclient.netty.request.NettyRequestSender - Using pooled Channel '[id: 0x9bc0c1e9, L:/127.0.0.1:53472 - R:localhost/127.0.0.1:45123]' for 'POST' to 'http://localhost:45123/session/b27964e259bb038ecc602fa6b72242a4/element/1BB816F392A90E177D4417BA23F1CF25_element_5/clear'
14:47:01.983 [Forwarding clearElement on session b27964e259bb038ecc602fa6b72242a4 to remote] DEBUG org.asynchttpclient.netty.request.NettyRequestSender - Using open Channel [id: 0x9bc0c1e9, L:/127.0.0.1:53472 - R:localhost/127.0.0.1:45123] for POST '/session/b27964e259bb038ecc602fa6b72242a4/element/1BB816F392A90E177D4417BA23F1CF25_element_5/clear'
14:47:02.023 [AsyncHttpClient-1-3] DEBUG org.asynchttpclient.netty.handler.HttpHandler - 

Request DefaultHttpRequest(decodeResult: success, version: HTTP/1.1)
POST /session/b27964e259bb038ecc602fa6b72242a4/element/1BB816F392A90E177D4417BA23F1CF25_element_5/clear HTTP/1.1
User-Agent: selenium/4.8.1 (java windows)
Content-Length: 56
Content-Type: application/json; charset=utf-8
host: localhost:45123
accept: */*

Response DefaultHttpResponse(decodeResult: success, version: HTTP/1.1)
HTTP/1.1 200 OK
Content-Length: 14
Content-Type: application/json; charset=utf-8
cache-control: no-cache

14:47:02.023 [AsyncHttpClient-1-3] DEBUG org.asynchttpclient.netty.channel.ChannelManager - Adding key: http://localhost:45123 for channel [id: 0x9bc0c1e9, L:/127.0.0.1:53472 - R:localhost/127.0.0.1:45123]
14:47:02.026 [Forwarding sendKeysToElement on session b27964e259bb038ecc602fa6b72242a4 to remote] DEBUG org.asynchttpclient.netty.request.NettyRequestSender - Using pooled Channel '[id: 0x9bc0c1e9, L:/127.0.0.1:53472 - R:localhost/127.0.0.1:45123]' for 'POST' to 'http://localhost:45123/session/b27964e259bb038ecc602fa6b72242a4/element/1BB816F392A90E177D4417BA23F1CF25_element_5/value'
14:47:02.026 [Forwarding sendKeysToElement on session b27964e259bb038ecc602fa6b72242a4 to remote] DEBUG org.asynchttpclient.netty.request.NettyRequestSender - Using open Channel [id: 0x9bc0c1e9, L:/127.0.0.1:53472 - R:localhost/127.0.0.1:45123] for POST '/session/b27964e259bb038ecc602fa6b72242a4/element/1BB816F392A90E177D4417BA23F1CF25_element_5/value'
14:47:02.153 [AsyncHttpClient-1-3] DEBUG org.asynchttpclient.netty.handler.HttpHandler - 

Request DefaultHttpRequest(decodeResult: success, version: HTTP/1.1)
POST /session/b27964e259bb038ecc602fa6b72242a4/element/1BB816F392A90E177D4417BA23F1CF25_element_5/value HTTP/1.1
User-Agent: selenium/4.8.1 (java windows)
Content-Length: 177
Content-Type: application/json; charset=utf-8
host: localhost:45123
accept: */*

Response DefaultHttpResponse(decodeResult: success, version: HTTP/1.1)
HTTP/1.1 200 OK
Content-Length: 14
Content-Type: application/json; charset=utf-8
cache-control: no-cache

14:47:02.153 [AsyncHttpClient-1-3] DEBUG org.asynchttpclient.netty.channel.ChannelManager - Adding key: http://localhost:45123 for channel [id: 0x9bc0c1e9, L:/127.0.0.1:53472 - R:localhost/127.0.0.1:45123]
14:47:02.159 [main] DEBUG net.thucydides.core.steps.StepInterceptor - STEP DONE: inputPassword
  &amp#27;[32mAnd &amp#27;[0m&amp#27;[32muser input password to see ticket ka4&amp#27;[0m                         &amp#27;[90m# starter.stepdefinitions.Admin.DaftarTiketKeretaApi.LihatTiketKASteps.userInputPassword4()&amp#27;[0m
14:47:02.173 [main] DEBUG net.thucydides.core.steps.StepInterceptor - STARTING STEP: LihatTiketKASteps.userClickLogin4 - clickLoginButton
14:47:02.179 [Forwarding findElement on session b27964e259bb038ecc602fa6b72242a4 to remote] DEBUG org.asynchttpclient.netty.request.NettyRequestSender - Using pooled Channel '[id: 0x9bc0c1e9, L:/127.0.0.1:53472 - R:localhost/127.0.0.1:45123]' for 'POST' to 'http://localhost:45123/session/b27964e259bb038ecc602fa6b72242a4/element'
14:47:02.179 [Forwarding findElement on session b27964e259bb038ecc602fa6b72242a4 to remote] DEBUG org.asynchttpclient.netty.request.NettyRequestSender - Using open Channel [id: 0x9bc0c1e9, L:/127.0.0.1:53472 - R:localhost/127.0.0.1:45123] for POST '/session/b27964e259bb038ecc602fa6b72242a4/element'
14:47:02.200 [AsyncHttpClient-1-3] DEBUG org.asynchttpclient.netty.handler.HttpHandler - 

Request DefaultHttpRequest(decodeResult: success, version: HTTP/1.1)
POST /session/b27964e259bb038ecc602fa6b72242a4/element HTTP/1.1
User-Agent: selenium/4.8.1 (java windows)
Content-Length: 97
Content-Type: application/json; charset=utf-8
host: localhost:45123
accept: */*

Response DefaultHttpResponse(decodeResult: success, version: HTTP/1.1)
HTTP/1.1 200 OK
Content-Length: 94
Content-Type: application/json; charset=utf-8
cache-control: no-cache

14:47:02.200 [AsyncHttpClient-1-3] DEBUG org.asynchttpclient.netty.channel.ChannelManager - Adding key: http://localhost:45123 for channel [id: 0x9bc0c1e9, L:/127.0.0.1:53472 - R:localhost/127.0.0.1:45123]
14:47:02.202 [Forwarding getElementTagName on session b27964e259bb038ecc602fa6b72242a4 to remote] DEBUG org.asynchttpclient.netty.request.NettyRequestSender - Using pooled Channel '[id: 0x9bc0c1e9, L:/127.0.0.1:53472 - R:localhost/127.0.0.1:45123]' for 'GET' to 'http://localhost:45123/session/b27964e259bb038ecc602fa6b72242a4/element/1BB816F392A90E177D4417BA23F1CF25_element_8/name'
14:47:02.202 [Forwarding getElementTagName on session b27964e259bb038ecc602fa6b72242a4 to remote] DEBUG org.asynchttpclient.netty.request.NettyRequestSender - Using open Channel [id: 0x9bc0c1e9, L:/127.0.0.1:53472 - R:localhost/127.0.0.1:45123] for GET '/session/b27964e259bb038ecc602fa6b72242a4/element/1BB816F392A90E177D4417BA23F1CF25_element_8/name'
14:47:02.210 [AsyncHttpClient-1-3] DEBUG org.asynchttpclient.netty.handler.HttpHandler - 

Request DefaultFullHttpRequest(decodeResult: success, version: HTTP/1.1, content: EmptyByteBufBE)
GET /session/b27964e259bb038ecc602fa6b72242a4/element/1BB816F392A90E177D4417BA23F1CF25_element_8/name HTTP/1.1
User-Agent: selenium/4.8.1 (java windows)
Cache-Control: no-cache
Content-Type: application/json; charset=utf-8
host: localhost:45123
accept: */*

Response DefaultHttpResponse(decodeResult: success, version: HTTP/1.1)
HTTP/1.1 200 OK
Content-Length: 18
Content-Type: application/json; charset=utf-8
cache-control: no-cache

14:47:02.210 [AsyncHttpClient-1-3] DEBUG org.asynchttpclient.netty.channel.ChannelManager - Adding key: http://localhost:45123 for channel [id: 0x9bc0c1e9, L:/127.0.0.1:53472 - R:localhost/127.0.0.1:45123]
14:47:02.212 [Forwarding getElementTagName on session b27964e259bb038ecc602fa6b72242a4 to remote] DEBUG org.asynchttpclient.netty.request.NettyRequestSender - Using pooled Channel '[id: 0x9bc0c1e9, L:/127.0.0.1:53472 - R:localhost/127.0.0.1:45123]' for 'GET' to 'http://localhost:45123/session/b27964e259bb038ecc602fa6b72242a4/element/1BB816F392A90E177D4417BA23F1CF25_element_8/name'
14:47:02.212 [Forwarding getElementTagName on session b27964e259bb038ecc602fa6b72242a4 to remote] DEBUG org.asynchttpclient.netty.request.NettyRequestSender - Using open Channel [id: 0x9bc0c1e9, L:/127.0.0.1:53472 - R:localhost/127.0.0.1:45123] for GET '/session/b27964e259bb038ecc602fa6b72242a4/element/1BB816F392A90E177D4417BA23F1CF25_element_8/name'
14:47:02.218 [AsyncHttpClient-1-3] DEBUG org.asynchttpclient.netty.handler.HttpHandler - 

Request DefaultFullHttpRequest(decodeResult: success, version: HTTP/1.1, content: EmptyByteBufBE)
GET /session/b27964e259bb038ecc602fa6b72242a4/element/1BB816F392A90E177D4417BA23F1CF25_element_8/name HTTP/1.1
User-Agent: selenium/4.8.1 (java windows)
Cache-Control: no-cache
Content-Type: application/json; charset=utf-8
host: localhost:45123
accept: */*

Response DefaultHttpResponse(decodeResult: success, version: HTTP/1.1)
HTTP/1.1 200 OK
Content-Length: 18
Content-Type: application/json; charset=utf-8
cache-control: no-cache

14:47:02.219 [AsyncHttpClient-1-3] DEBUG org.asynchttpclient.netty.channel.ChannelManager - Adding key: http://localhost:45123 for channel [id: 0x9bc0c1e9, L:/127.0.0.1:53472 - R:localhost/127.0.0.1:45123]
14:47:02.222 [Forwarding isElementEnabled on session b27964e259bb038ecc602fa6b72242a4 to remote] DEBUG org.asynchttpclient.netty.request.NettyRequestSender - Using pooled Channel '[id: 0x9bc0c1e9, L:/127.0.0.1:53472 - R:localhost/127.0.0.1:45123]' for 'GET' to 'http://localhost:45123/session/b27964e259bb038ecc602fa6b72242a4/element/1BB816F392A90E177D4417BA23F1CF25_element_8/enabled'
14:47:02.222 [Forwarding isElementEnabled on session b27964e259bb038ecc602fa6b72242a4 to remote] DEBUG org.asynchttpclient.netty.request.NettyRequestSender - Using open Channel [id: 0x9bc0c1e9, L:/127.0.0.1:53472 - R:localhost/127.0.0.1:45123] for GET '/session/b27964e259bb038ecc602fa6b72242a4/element/1BB816F392A90E177D4417BA23F1CF25_element_8/enabled'
14:47:02.232 [AsyncHttpClient-1-3] DEBUG org.asynchttpclient.netty.handler.HttpHandler - 

Request DefaultFullHttpRequest(decodeResult: success, version: HTTP/1.1, content: EmptyByteBufBE)
GET /session/b27964e259bb038ecc602fa6b72242a4/element/1BB816F392A90E177D4417BA23F1CF25_element_8/enabled HTTP/1.1
User-Agent: selenium/4.8.1 (java windows)
Cache-Control: no-cache
Content-Type: application/json; charset=utf-8
host: localhost:45123
accept: */*

Response DefaultHttpResponse(decodeResult: success, version: HTTP/1.1)
HTTP/1.1 200 OK
Content-Length: 14
Content-Type: application/json; charset=utf-8
cache-control: no-cache

14:47:02.233 [AsyncHttpClient-1-3] DEBUG org.asynchttpclient.netty.channel.ChannelManager - Adding key: http://localhost:45123 for channel [id: 0x9bc0c1e9, L:/127.0.0.1:53472 - R:localhost/127.0.0.1:45123]
14:47:02.234 [Forwarding isElementEnabled on session b27964e259bb038ecc602fa6b72242a4 to remote] DEBUG org.asynchttpclient.netty.request.NettyRequestSender - Using pooled Channel '[id: 0x9bc0c1e9, L:/127.0.0.1:53472 - R:localhost/127.0.0.1:45123]' for 'GET' to 'http://localhost:45123/session/b27964e259bb038ecc602fa6b72242a4/element/1BB816F392A90E177D4417BA23F1CF25_element_8/enabled'
14:47:02.235 [Forwarding isElementEnabled on session b27964e259bb038ecc602fa6b72242a4 to remote] DEBUG org.asynchttpclient.netty.request.NettyRequestSender - Using open Channel [id: 0x9bc0c1e9, L:/127.0.0.1:53472 - R:localhost/127.0.0.1:45123] for GET '/session/b27964e259bb038ecc602fa6b72242a4/element/1BB816F392A90E177D4417BA23F1CF25_element_8/enabled'
14:47:02.244 [AsyncHttpClient-1-3] DEBUG org.asynchttpclient.netty.handler.HttpHandler - 

Request DefaultFullHttpRequest(decodeResult: success, version: HTTP/1.1, content: EmptyByteBufBE)
GET /session/b27964e259bb038ecc602fa6b72242a4/element/1BB816F392A90E177D4417BA23F1CF25_element_8/enabled HTTP/1.1
User-Agent: selenium/4.8.1 (java windows)
Cache-Control: no-cache
Content-Type: application/json; charset=utf-8
host: localhost:45123
accept: */*

Response DefaultHttpResponse(decodeResult: success, version: HTTP/1.1)
HTTP/1.1 200 OK
Content-Length: 14
Content-Type: application/json; charset=utf-8
cache-control: no-cache

14:47:02.244 [AsyncHttpClient-1-3] DEBUG org.asynchttpclient.netty.channel.ChannelManager - Adding key: http://localhost:45123 for channel [id: 0x9bc0c1e9, L:/127.0.0.1:53472 - R:localhost/127.0.0.1:45123]
14:47:02.247 [Forwarding findElement on session b27964e259bb038ecc602fa6b72242a4 to remote] DEBUG org.asynchttpclient.netty.request.NettyRequestSender - Using pooled Channel '[id: 0x9bc0c1e9, L:/127.0.0.1:53472 - R:localhost/127.0.0.1:45123]' for 'POST' to 'http://localhost:45123/session/b27964e259bb038ecc602fa6b72242a4/element'
14:47:02.248 [Forwarding findElement on session b27964e259bb038ecc602fa6b72242a4 to remote] DEBUG org.asynchttpclient.netty.request.NettyRequestSender - Using open Channel [id: 0x9bc0c1e9, L:/127.0.0.1:53472 - R:localhost/127.0.0.1:45123] for POST '/session/b27964e259bb038ecc602fa6b72242a4/element'
14:47:02.259 [AsyncHttpClient-1-3] DEBUG org.asynchttpclient.netty.handler.HttpHandler - 

Request DefaultHttpRequest(decodeResult: success, version: HTTP/1.1)
POST /session/b27964e259bb038ecc602fa6b72242a4/element HTTP/1.1
User-Agent: selenium/4.8.1 (java windows)
Content-Length: 97
Content-Type: application/json; charset=utf-8
host: localhost:45123
accept: */*

Response DefaultHttpResponse(decodeResult: success, version: HTTP/1.1)
HTTP/1.1 200 OK
Content-Length: 94
Content-Type: application/json; charset=utf-8
cache-control: no-cache

14:47:02.259 [AsyncHttpClient-1-3] DEBUG org.asynchttpclient.netty.channel.ChannelManager - Adding key: http://localhost:45123 for channel [id: 0x9bc0c1e9, L:/127.0.0.1:53472 - R:localhost/127.0.0.1:45123]
14:47:02.261 [Forwarding clickElement on session b27964e259bb038ecc602fa6b72242a4 to remote] DEBUG org.asynchttpclient.netty.request.NettyRequestSender - Using pooled Channel '[id: 0x9bc0c1e9, L:/127.0.0.1:53472 - R:localhost/127.0.0.1:45123]' for 'POST' to 'http://localhost:45123/session/b27964e259bb038ecc602fa6b72242a4/element/1BB816F392A90E177D4417BA23F1CF25_element_8/click'
14:47:02.261 [Forwarding clickElement on session b27964e259bb038ecc602fa6b72242a4 to remote] DEBUG org.asynchttpclient.netty.request.NettyRequestSender - Using open Channel [id: 0x9bc0c1e9, L:/127.0.0.1:53472 - R:localhost/127.0.0.1:45123] for POST '/session/b27964e259bb038ecc602fa6b72242a4/element/1BB816F392A90E177D4417BA23F1CF25_element_8/click'
14:47:02.334 [AsyncHttpClient-1-3] DEBUG org.asynchttpclient.netty.handler.HttpHandler - 

Request DefaultHttpRequest(decodeResult: success, version: HTTP/1.1)
POST /session/b27964e259bb038ecc602fa6b72242a4/element/1BB816F392A90E177D4417BA23F1CF25_element_8/click HTTP/1.1
User-Agent: selenium/4.8.1 (java windows)
Content-Length: 56
Content-Type: application/json; charset=utf-8
host: localhost:45123
accept: */*

Response DefaultHttpResponse(decodeResult: success, version: HTTP/1.1)
HTTP/1.1 200 OK
Content-Length: 14
Content-Type: application/json; charset=utf-8
cache-control: no-cache

14:47:02.334 [AsyncHttpClient-1-3] DEBUG org.asynchttpclient.netty.channel.ChannelManager - Adding key: http://localhost:45123 for channel [id: 0x9bc0c1e9, L:/127.0.0.1:53472 - R:localhost/127.0.0.1:45123]
14:47:02.340 [main] DEBUG net.thucydides.core.steps.StepInterceptor - STEP DONE: clickLoginButton
  &amp#27;[32mAnd &amp#27;[0m&amp#27;[32muser click login to see ticket ka4&amp#27;[0m                            &amp#27;[90m# starter.stepdefinitions.Admin.DaftarTiketKeretaApi.LihatTiketKASteps.userClickLogin4()&amp#27;[0m
14:47:02.354 [main] DEBUG net.thucydides.core.steps.StepInterceptor - STARTING STEP: LihatTiketKASteps.userOnDashboard4 - onDashboardPage
14:47:02.358 [Forwarding findElement on session b27964e259bb038ecc602fa6b72242a4 to remote] DEBUG org.asynchttpclient.netty.request.NettyRequestSender - Using pooled Channel '[id: 0x9bc0c1e9, L:/127.0.0.1:53472 - R:localhost/127.0.0.1:45123]' for 'POST' to 'http://localhost:45123/session/b27964e259bb038ecc602fa6b72242a4/element'
14:47:02.358 [Forwarding findElement on session b27964e259bb038ecc602fa6b72242a4 to remote] DEBUG org.asynchttpclient.netty.request.NettyRequestSender - Using open Channel [id: 0x9bc0c1e9, L:/127.0.0.1:53472 - R:localhost/127.0.0.1:45123] for POST '/session/b27964e259bb038ecc602fa6b72242a4/element'
14:47:02.645 [AsyncHttpClient-1-1] DEBUG org.asynchttpclient.netty.channel.DefaultChannelPool - Entry count for : http://localhost:53473 : 1
14:47:02.844 [AsyncHttpClient-1-3] DEBUG org.asynchttpclient.netty.handler.HttpHandler - 

Request DefaultHttpRequest(decodeResult: success, version: HTTP/1.1)
POST /session/b27964e259bb038ecc602fa6b72242a4/element HTTP/1.1
User-Agent: selenium/4.8.1 (java windows)
Content-Length: 114
Content-Type: application/json; charset=utf-8
host: localhost:45123
accept: */*

Response DefaultHttpResponse(decodeResult: success, version: HTTP/1.1)
HTTP/1.1 200 OK
Content-Length: 95
Content-Type: application/json; charset=utf-8
cache-control: no-cache

14:47:02.844 [AsyncHttpClient-1-3] DEBUG org.asynchttpclient.netty.channel.ChannelManager - Adding key: http://localhost:45123 for channel [id: 0x9bc0c1e9, L:/127.0.0.1:53472 - R:localhost/127.0.0.1:45123]
14:47:02.850 [Forwarding isElementDisplayed on session b27964e259bb038ecc602fa6b72242a4 to remote] DEBUG org.asynchttpclient.netty.request.NettyRequestSender - Using pooled Channel '[id: 0x9bc0c1e9, L:/127.0.0.1:53472 - R:localhost/127.0.0.1:45123]' for 'POST' to 'http://localhost:45123/session/b27964e259bb038ecc602fa6b72242a4/execute/sync'
14:47:02.850 [Forwarding isElementDisplayed on session b27964e259bb038ecc602fa6b72242a4 to remote] DEBUG org.asynchttpclient.netty.request.NettyRequestSender - Using open Channel [id: 0x9bc0c1e9, L:/127.0.0.1:53472 - R:localhost/127.0.0.1:45123] for POST '/session/b27964e259bb038ecc602fa6b72242a4/execute/sync'
14:47:02.868 [AsyncHttpClient-1-3] DEBUG org.asynchttpclient.netty.handler.HttpHandler - 

Request DefaultHttpRequest(decodeResult: success, version: HTTP/1.1)
POST /session/b27964e259bb038ecc602fa6b72242a4/execute/sync HTTP/1.1
User-Agent: selenium/4.8.1 (java windows)
Content-Length: 48814
Content-Type: application/json; charset=utf-8
host: localhost:45123
accept: */*

Response DefaultHttpResponse(decodeResult: success, version: HTTP/1.1)
HTTP/1.1 200 OK
Content-Length: 14
Content-Type: application/json; charset=utf-8
cache-control: no-cache

14:47:02.868 [AsyncHttpClient-1-3] DEBUG org.asynchttpclient.netty.channel.ChannelManager - Adding key: http://localhost:45123 for channel [id: 0x9bc0c1e9, L:/127.0.0.1:53472 - R:localhost/127.0.0.1:45123]
14:47:02.872 [Forwarding isElementDisplayed on session b27964e259bb038ecc602fa6b72242a4 to remote] DEBUG org.asynchttpclient.netty.request.NettyRequestSender - Using pooled Channel '[id: 0x9bc0c1e9, L:/127.0.0.1:53472 - R:localhost/127.0.0.1:45123]' for 'POST' to 'http://localhost:45123/session/b27964e259bb038ecc602fa6b72242a4/execute/sync'
14:47:02.873 [Forwarding isElementDisplayed on session b27964e259bb038ecc602fa6b72242a4 to remote] DEBUG org.asynchttpclient.netty.request.NettyRequestSender - Using open Channel [id: 0x9bc0c1e9, L:/127.0.0.1:53472 - R:localhost/127.0.0.1:45123] for POST '/session/b27964e259bb038ecc602fa6b72242a4/execute/sync'
14:47:02.926 [AsyncHttpClient-1-3] DEBUG org.asynchttpclient.netty.handler.HttpHandler - 

Request DefaultHttpRequest(decodeResult: success, version: HTTP/1.1)
POST /session/b27964e259bb038ecc602fa6b72242a4/execute/sync HTTP/1.1
User-Agent: selenium/4.8.1 (java windows)
Content-Length: 48814
Content-Type: application/json; charset=utf-8
host: localhost:45123
accept: */*

Response DefaultHttpResponse(decodeResult: success, version: HTTP/1.1)
HTTP/1.1 200 OK
Content-Length: 14
Content-Type: application/json; charset=utf-8
cache-control: no-cache

14:47:02.926 [AsyncHttpClient-1-3] DEBUG org.asynchttpclient.netty.channel.ChannelManager - Adding key: http://localhost:45123 for channel [id: 0x9bc0c1e9, L:/127.0.0.1:53472 - R:localhost/127.0.0.1:45123]
14:47:02.929 [main] DEBUG net.thucydides.core.steps.StepInterceptor - STEP DONE: onDashboardPage
  &amp#27;[32mAnd &amp#27;[0m&amp#27;[32muser on dashboard to see ticket ka4&amp#27;[0m                           &amp#27;[90m# starter.stepdefinitions.Admin.DaftarTiketKeretaApi.LihatTiketKASteps.userOnDashboard4()&amp#27;[0m
14:47:02.944 [main] DEBUG net.thucydides.core.steps.StepInterceptor - STARTING STEP: LihatTiketKASteps.userClickTiketKA4 - clickTiketKABT
14:47:02.955 [Forwarding findElement on session b27964e259bb038ecc602fa6b72242a4 to remote] DEBUG org.asynchttpclient.netty.request.NettyRequestSender - Using pooled Channel '[id: 0x9bc0c1e9, L:/127.0.0.1:53472 - R:localhost/127.0.0.1:45123]' for 'POST' to 'http://localhost:45123/session/b27964e259bb038ecc602fa6b72242a4/element'
14:47:02.956 [Forwarding findElement on session b27964e259bb038ecc602fa6b72242a4 to remote] DEBUG org.asynchttpclient.netty.request.NettyRequestSender - Using open Channel [id: 0x9bc0c1e9, L:/127.0.0.1:53472 - R:localhost/127.0.0.1:45123] for POST '/session/b27964e259bb038ecc602fa6b72242a4/element'
14:47:02.991 [AsyncHttpClient-1-3] DEBUG org.asynchttpclient.netty.handler.HttpHandler - 

Request DefaultHttpRequest(decodeResult: success, version: HTTP/1.1)
POST /session/b27964e259bb038ecc602fa6b72242a4/element HTTP/1.1
User-Agent: selenium/4.8.1 (java windows)
Content-Length: 143
Content-Type: application/json; charset=utf-8
host: localhost:45123
accept: */*

Response DefaultHttpResponse(decodeResult: success, version: HTTP/1.1)
HTTP/1.1 200 OK
Content-Length: 95
Content-Type: application/json; charset=utf-8
cache-control: no-cache

14:47:02.991 [AsyncHttpClient-1-3] DEBUG org.asynchttpclient.netty.channel.ChannelManager - Adding key: http://localhost:45123 for channel [id: 0x9bc0c1e9, L:/127.0.0.1:53472 - R:localhost/127.0.0.1:45123]
14:47:02.993 [Forwarding getElementTagName on session b27964e259bb038ecc602fa6b72242a4 to remote] DEBUG org.asynchttpclient.netty.request.NettyRequestSender - Using pooled Channel '[id: 0x9bc0c1e9, L:/127.0.0.1:53472 - R:localhost/127.0.0.1:45123]' for 'GET' to 'http://localhost:45123/session/b27964e259bb038ecc602fa6b72242a4/element/1BB816F392A90E177D4417BA23F1CF25_element_52/name'
14:47:02.993 [Forwarding getElementTagName on session b27964e259bb038ecc602fa6b72242a4 to remote] DEBUG org.asynchttpclient.netty.request.NettyRequestSender - Using open Channel [id: 0x9bc0c1e9, L:/127.0.0.1:53472 - R:localhost/127.0.0.1:45123] for GET '/session/b27964e259bb038ecc602fa6b72242a4/element/1BB816F392A90E177D4417BA23F1CF25_element_52/name'
14:47:03.003 [AsyncHttpClient-1-3] DEBUG org.asynchttpclient.netty.handler.HttpHandler - 

Request DefaultFullHttpRequest(decodeResult: success, version: HTTP/1.1, content: EmptyByteBufBE)
GET /session/b27964e259bb038ecc602fa6b72242a4/element/1BB816F392A90E177D4417BA23F1CF25_element_52/name HTTP/1.1
User-Agent: selenium/4.8.1 (java windows)
Cache-Control: no-cache
Content-Type: application/json; charset=utf-8
host: localhost:45123
accept: */*

Response DefaultHttpResponse(decodeResult: success, version: HTTP/1.1)
HTTP/1.1 200 OK
Content-Length: 13
Content-Type: application/json; charset=utf-8
cache-control: no-cache

14:47:03.003 [AsyncHttpClient-1-3] DEBUG org.asynchttpclient.netty.channel.ChannelManager - Adding key: http://localhost:45123 for channel [id: 0x9bc0c1e9, L:/127.0.0.1:53472 - R:localhost/127.0.0.1:45123]
14:47:03.005 [Forwarding getElementTagName on session b27964e259bb038ecc602fa6b72242a4 to remote] DEBUG org.asynchttpclient.netty.request.NettyRequestSender - Using pooled Channel '[id: 0x9bc0c1e9, L:/127.0.0.1:53472 - R:localhost/127.0.0.1:45123]' for 'GET' to 'http://localhost:45123/session/b27964e259bb038ecc602fa6b72242a4/element/1BB816F392A90E177D4417BA23F1CF25_element_52/name'
14:47:03.006 [Forwarding getElementTagName on session b27964e259bb038ecc602fa6b72242a4 to remote] DEBUG org.asynchttpclient.netty.request.NettyRequestSender - Using open Channel [id: 0x9bc0c1e9, L:/127.0.0.1:53472 - R:localhost/127.0.0.1:45123] for GET '/session/b27964e259bb038ecc602fa6b72242a4/element/1BB816F392A90E177D4417BA23F1CF25_element_52/name'
14:47:03.019 [AsyncHttpClient-1-3] DEBUG org.asynchttpclient.netty.handler.HttpHandler - 

Request DefaultFullHttpRequest(decodeResult: success, version: HTTP/1.1, content: EmptyByteBufBE)
GET /session/b27964e259bb038ecc602fa6b72242a4/element/1BB816F392A90E177D4417BA23F1CF25_element_52/name HTTP/1.1
User-Agent: selenium/4.8.1 (java windows)
Cache-Control: no-cache
Content-Type: application/json; charset=utf-8
host: localhost:45123
accept: */*

Response DefaultHttpResponse(decodeResult: success, version: HTTP/1.1)
HTTP/1.1 200 OK
Content-Length: 13
Content-Type: application/json; charset=utf-8
cache-control: no-cache

14:47:03.019 [AsyncHttpClient-1-3] DEBUG org.asynchttpclient.netty.channel.ChannelManager - Adding key: http://localhost:45123 for channel [id: 0x9bc0c1e9, L:/127.0.0.1:53472 - R:localhost/127.0.0.1:45123]
14:47:03.022 [Forwarding findElement on session b27964e259bb038ecc602fa6b72242a4 to remote] DEBUG org.asynchttpclient.netty.request.NettyRequestSender - Using pooled Channel '[id: 0x9bc0c1e9, L:/127.0.0.1:53472 - R:localhost/127.0.0.1:45123]' for 'POST' to 'http://localhost:45123/session/b27964e259bb038ecc602fa6b72242a4/element'
14:47:03.022 [Forwarding findElement on session b27964e259bb038ecc602fa6b72242a4 to remote] DEBUG org.asynchttpclient.netty.request.NettyRequestSender - Using open Channel [id: 0x9bc0c1e9, L:/127.0.0.1:53472 - R:localhost/127.0.0.1:45123] for POST '/session/b27964e259bb038ecc602fa6b72242a4/element'
14:47:03.104 [AsyncHttpClient-1-3] DEBUG org.asynchttpclient.netty.handler.HttpHandler - 

Request DefaultHttpRequest(decodeResult: success, version: HTTP/1.1)
POST /session/b27964e259bb038ecc602fa6b72242a4/element HTTP/1.1
User-Agent: selenium/4.8.1 (java windows)
Content-Length: 143
Content-Type: application/json; charset=utf-8
host: localhost:45123
accept: */*

Response DefaultHttpResponse(decodeResult: success, version: HTTP/1.1)
HTTP/1.1 200 OK
Content-Length: 95
Content-Type: application/json; charset=utf-8
cache-control: no-cache

14:47:03.105 [AsyncHttpClient-1-3] DEBUG org.asynchttpclient.netty.channel.ChannelManager - Adding key: http://localhost:45123 for channel [id: 0x9bc0c1e9, L:/127.0.0.1:53472 - R:localhost/127.0.0.1:45123]
14:47:03.107 [Forwarding clickElement on session b27964e259bb038ecc602fa6b72242a4 to remote] DEBUG org.asynchttpclient.netty.request.NettyRequestSender - Using pooled Channel '[id: 0x9bc0c1e9, L:/127.0.0.1:53472 - R:localhost/127.0.0.1:45123]' for 'POST' to 'http://localhost:45123/session/b27964e259bb038ecc602fa6b72242a4/element/1BB816F392A90E177D4417BA23F1CF25_element_52/click'
14:47:03.107 [Forwarding clickElement on session b27964e259bb038ecc602fa6b72242a4 to remote] DEBUG org.asynchttpclient.netty.request.NettyRequestSender - Using open Channel [id: 0x9bc0c1e9, L:/127.0.0.1:53472 - R:localhost/127.0.0.1:45123] for POST '/session/b27964e259bb038ecc602fa6b72242a4/element/1BB816F392A90E177D4417BA23F1CF25_element_52/click'
14:47:03.745 [AsyncHttpClient-1-1] DEBUG org.asynchttpclient.netty.channel.DefaultChannelPool - Entry count for : http://localhost:53473 : 1
14:47:04.202 [AsyncHttpClient-1-3] DEBUG org.asynchttpclient.netty.handler.HttpHandler - 

Request DefaultHttpRequest(decodeResult: success, version: HTTP/1.1)
POST /session/b27964e259bb038ecc602fa6b72242a4/element/1BB816F392A90E177D4417BA23F1CF25_element_52/click HTTP/1.1
User-Agent: selenium/4.8.1 (java windows)
Content-Length: 57
Content-Type: application/json; charset=utf-8
host: localhost:45123
accept: */*

Response DefaultHttpResponse(decodeResult: success, version: HTTP/1.1)
HTTP/1.1 400 Bad Request
Content-Length: 1306
Content-Type: application/json; charset=utf-8
cache-control: no-cache

14:47:04.204 [AsyncHttpClient-1-3] DEBUG org.asynchttpclient.netty.channel.ChannelManager - Adding key: http://localhost:45123 for channel [id: 0x9bc0c1e9, L:/127.0.0.1:53472 - R:localhost/127.0.0.1:45123]
14:47:04.462 [Forwarding clickElement on session b27964e259bb038ecc602fa6b72242a4 to remote] DEBUG org.asynchttpclient.netty.request.NettyRequestSender - Using pooled Channel '[id: 0x9bc0c1e9, L:/127.0.0.1:53472 - R:localhost/127.0.0.1:45123]' for 'POST' to 'http://localhost:45123/session/b27964e259bb038ecc602fa6b72242a4/element/1BB816F392A90E177D4417BA23F1CF25_element_52/click'
14:47:04.463 [Forwarding clickElement on session b27964e259bb038ecc602fa6b72242a4 to remote] DEBUG org.asynchttpclient.netty.request.NettyRequestSender - Using open Channel [id: 0x9bc0c1e9, L:/127.0.0.1:53472 - R:localhost/127.0.0.1:45123] for POST '/session/b27964e259bb038ecc602fa6b72242a4/element/1BB816F392A90E177D4417BA23F1CF25_element_52/click'
14:47:04.851 [AsyncHttpClient-1-1] DEBUG org.asynchttpclient.netty.channel.DefaultChannelPool - Entry count for : http://localhost:53473 : 1
14:47:05.004 [AsyncHttpClient-1-3] DEBUG org.asynchttpclient.netty.handler.HttpHandler - 

Request DefaultHttpRequest(decodeResult: success, version: HTTP/1.1)
POST /session/b27964e259bb038ecc602fa6b72242a4/element/1BB816F392A90E177D4417BA23F1CF25_element_52/click HTTP/1.1
User-Agent: selenium/4.8.1 (java windows)
Content-Length: 57
Content-Type: application/json; charset=utf-8
host: localhost:45123
accept: */*

Response DefaultHttpResponse(decodeResult: success, version: HTTP/1.1)
HTTP/1.1 200 OK
Content-Length: 14
Content-Type: application/json; charset=utf-8
cache-control: no-cache

14:47:05.004 [AsyncHttpClient-1-3] DEBUG org.asynchttpclient.netty.channel.ChannelManager - Adding key: http://localhost:45123 for channel [id: 0x9bc0c1e9, L:/127.0.0.1:53472 - R:localhost/127.0.0.1:45123]
14:47:05.010 [main] DEBUG net.thucydides.core.steps.StepInterceptor - STEP DONE: clickTiketKABT
  &amp#27;[32mAnd &amp#27;[0m&amp#27;[32muser click tiket kereta api to see ticket ka4&amp#27;[0m                 &amp#27;[90m# starter.stepdefinitions.Admin.DaftarTiketKeretaApi.LihatTiketKASteps.userClickTiketKA4()&amp#27;[0m
14:47:05.023 [main] DEBUG net.thucydides.core.steps.StepInterceptor - STARTING STEP: LihatTiketKASteps.userOnTicketKAPage4 - onDaftarTiketKA
14:47:05.027 [Forwarding findElement on session b27964e259bb038ecc602fa6b72242a4 to remote] DEBUG org.asynchttpclient.netty.request.NettyRequestSender - Using pooled Channel '[id: 0x9bc0c1e9, L:/127.0.0.1:53472 - R:localhost/127.0.0.1:45123]' for 'POST' to 'http://localhost:45123/session/b27964e259bb038ecc602fa6b72242a4/element'
14:47:05.028 [Forwarding findElement on session b27964e259bb038ecc602fa6b72242a4 to remote] DEBUG org.asynchttpclient.netty.request.NettyRequestSender - Using open Channel [id: 0x9bc0c1e9, L:/127.0.0.1:53472 - R:localhost/127.0.0.1:45123] for POST '/session/b27964e259bb038ecc602fa6b72242a4/element'
14:47:05.062 [AsyncHttpClient-1-3] DEBUG org.asynchttpclient.netty.handler.HttpHandler - 

Request DefaultHttpRequest(decodeResult: success, version: HTTP/1.1)
POST /session/b27964e259bb038ecc602fa6b72242a4/element HTTP/1.1
User-Agent: selenium/4.8.1 (java windows)
Content-Length: 135
Content-Type: application/json; charset=utf-8
host: localhost:45123
accept: */*

Response DefaultHttpResponse(decodeResult: success, version: HTTP/1.1)
HTTP/1.1 200 OK
Content-Length: 95
Content-Type: application/json; charset=utf-8
cache-control: no-cache

14:47:05.062 [AsyncHttpClient-1-3] DEBUG org.asynchttpclient.netty.channel.ChannelManager - Adding key: http://localhost:45123 for channel [id: 0x9bc0c1e9, L:/127.0.0.1:53472 - R:localhost/127.0.0.1:45123]
14:47:05.068 [Forwarding isElementDisplayed on session b27964e259bb038ecc602fa6b72242a4 to remote] DEBUG org.asynchttpclient.netty.request.NettyRequestSender - Using pooled Channel '[id: 0x9bc0c1e9, L:/127.0.0.1:53472 - R:localhost/127.0.0.1:45123]' for 'POST' to 'http://localhost:45123/session/b27964e259bb038ecc602fa6b72242a4/execute/sync'
14:47:05.068 [Forwarding isElementDisplayed on session b27964e259bb038ecc602fa6b72242a4 to remote] DEBUG org.asynchttpclient.netty.request.NettyRequestSender - Using open Channel [id: 0x9bc0c1e9, L:/127.0.0.1:53472 - R:localhost/127.0.0.1:45123] for POST '/session/b27964e259bb038ecc602fa6b72242a4/execute/sync'
14:47:05.083 [AsyncHttpClient-1-3] DEBUG org.asynchttpclient.netty.handler.HttpHandler - 

Request DefaultHttpRequest(decodeResult: success, version: HTTP/1.1)
POST /session/b27964e259bb038ecc602fa6b72242a4/execute/sync HTTP/1.1
User-Agent: selenium/4.8.1 (java windows)
Content-Length: 48814
Content-Type: application/json; charset=utf-8
host: localhost:45123
accept: */*

Response DefaultHttpResponse(decodeResult: success, version: HTTP/1.1)
HTTP/1.1 200 OK
Content-Length: 14
Content-Type: application/json; charset=utf-8
cache-control: no-cache

14:47:05.084 [AsyncHttpClient-1-3] DEBUG org.asynchttpclient.netty.channel.ChannelManager - Adding key: http://localhost:45123 for channel [id: 0x9bc0c1e9, L:/127.0.0.1:53472 - R:localhost/127.0.0.1:45123]
14:47:05.089 [Forwarding isElementDisplayed on session b27964e259bb038ecc602fa6b72242a4 to remote] DEBUG org.asynchttpclient.netty.request.NettyRequestSender - Using pooled Channel '[id: 0x9bc0c1e9, L:/127.0.0.1:53472 - R:localhost/127.0.0.1:45123]' for 'POST' to 'http://localhost:45123/session/b27964e259bb038ecc602fa6b72242a4/execute/sync'
14:47:05.089 [Forwarding isElementDisplayed on session b27964e259bb038ecc602fa6b72242a4 to remote] DEBUG org.asynchttpclient.netty.request.NettyRequestSender - Using open Channel [id: 0x9bc0c1e9, L:/127.0.0.1:53472 - R:localhost/127.0.0.1:45123] for POST '/session/b27964e259bb038ecc602fa6b72242a4/execute/sync'
14:47:05.107 [AsyncHttpClient-1-3] DEBUG org.asynchttpclient.netty.handler.HttpHandler - 

Request DefaultHttpRequest(decodeResult: success, version: HTTP/1.1)
POST /session/b27964e259bb038ecc602fa6b72242a4/execute/sync HTTP/1.1
User-Agent: selenium/4.8.1 (java windows)
Content-Length: 48814
Content-Type: application/json; charset=utf-8
host: localhost:45123
accept: */*

Response DefaultHttpResponse(decodeResult: success, version: HTTP/1.1)
HTTP/1.1 200 OK
Content-Length: 14
Content-Type: application/json; charset=utf-8
cache-control: no-cache

14:47:05.107 [AsyncHttpClient-1-3] DEBUG org.asynchttpclient.netty.channel.ChannelManager - Adding key: http://localhost:45123 for channel [id: 0x9bc0c1e9, L:/127.0.0.1:53472 - R:localhost/127.0.0.1:45123]
14:47:05.110 [main] DEBUG net.thucydides.core.steps.StepInterceptor - STEP DONE: onDaftarTiketKA
  &amp#27;[32mAnd &amp#27;[0m&amp#27;[32muser on tiket kereta api page to see ticket ka4&amp#27;[0m               &amp#27;[90m# starter.stepdefinitions.Admin.DaftarTiketKeretaApi.LihatTiketKASteps.userOnTicketKAPage4()&amp#27;[0m
14:47:05.126 [main] DEBUG net.thucydides.core.steps.StepInterceptor - STARTING STEP: LihatTiketKASteps.userChooseFilterAbjadA_ZTicketKAPage4 - clickFilterSortAbjad
14:47:05.136 [Forwarding findElement on session b27964e259bb038ecc602fa6b72242a4 to remote] DEBUG org.asynchttpclient.netty.request.NettyRequestSender - Using pooled Channel '[id: 0x9bc0c1e9, L:/127.0.0.1:53472 - R:localhost/127.0.0.1:45123]' for 'POST' to 'http://localhost:45123/session/b27964e259bb038ecc602fa6b72242a4/element'
14:47:05.136 [Forwarding findElement on session b27964e259bb038ecc602fa6b72242a4 to remote] DEBUG org.asynchttpclient.netty.request.NettyRequestSender - Using open Channel [id: 0x9bc0c1e9, L:/127.0.0.1:53472 - R:localhost/127.0.0.1:45123] for POST '/session/b27964e259bb038ecc602fa6b72242a4/element'
14:47:05.156 [AsyncHttpClient-1-3] DEBUG org.asynchttpclient.netty.handler.HttpHandler - 

Request DefaultHttpRequest(decodeResult: success, version: HTTP/1.1)
POST /session/b27964e259bb038ecc602fa6b72242a4/element HTTP/1.1
User-Agent: selenium/4.8.1 (java windows)
Content-Length: 151
Content-Type: application/json; charset=utf-8
host: localhost:45123
accept: */*

Response DefaultHttpResponse(decodeResult: success, version: HTTP/1.1)
HTTP/1.1 200 OK
Content-Length: 95
Content-Type: application/json; charset=utf-8
cache-control: no-cache

14:47:05.157 [AsyncHttpClient-1-3] DEBUG org.asynchttpclient.netty.channel.ChannelManager - Adding key: http://localhost:45123 for channel [id: 0x9bc0c1e9, L:/127.0.0.1:53472 - R:localhost/127.0.0.1:45123]
14:47:05.159 [Forwarding getElementTagName on session b27964e259bb038ecc602fa6b72242a4 to remote] DEBUG org.asynchttpclient.netty.request.NettyRequestSender - Using pooled Channel '[id: 0x9bc0c1e9, L:/127.0.0.1:53472 - R:localhost/127.0.0.1:45123]' for 'GET' to 'http://localhost:45123/session/b27964e259bb038ecc602fa6b72242a4/element/1BB816F392A90E177D4417BA23F1CF25_element_89/name'
14:47:05.159 [Forwarding getElementTagName on session b27964e259bb038ecc602fa6b72242a4 to remote] DEBUG org.asynchttpclient.netty.request.NettyRequestSender - Using open Channel [id: 0x9bc0c1e9, L:/127.0.0.1:53472 - R:localhost/127.0.0.1:45123] for GET '/session/b27964e259bb038ecc602fa6b72242a4/element/1BB816F392A90E177D4417BA23F1CF25_element_89/name'
14:47:05.175 [AsyncHttpClient-1-3] DEBUG org.asynchttpclient.netty.handler.HttpHandler - 

Request DefaultFullHttpRequest(decodeResult: success, version: HTTP/1.1, content: EmptyByteBufBE)
GET /session/b27964e259bb038ecc602fa6b72242a4/element/1BB816F392A90E177D4417BA23F1CF25_element_89/name HTTP/1.1
User-Agent: selenium/4.8.1 (java windows)
Cache-Control: no-cache
Content-Type: application/json; charset=utf-8
host: localhost:45123
accept: */*

Response DefaultHttpResponse(decodeResult: success, version: HTTP/1.1)
HTTP/1.1 200 OK
Content-Length: 15
Content-Type: application/json; charset=utf-8
cache-control: no-cache

14:47:05.175 [AsyncHttpClient-1-3] DEBUG org.asynchttpclient.netty.channel.ChannelManager - Adding key: http://localhost:45123 for channel [id: 0x9bc0c1e9, L:/127.0.0.1:53472 - R:localhost/127.0.0.1:45123]
14:47:05.178 [Forwarding getElementTagName on session b27964e259bb038ecc602fa6b72242a4 to remote] DEBUG org.asynchttpclient.netty.request.NettyRequestSender - Using pooled Channel '[id: 0x9bc0c1e9, L:/127.0.0.1:53472 - R:localhost/127.0.0.1:45123]' for 'GET' to 'http://localhost:45123/session/b27964e259bb038ecc602fa6b72242a4/element/1BB816F392A90E177D4417BA23F1CF25_element_89/name'
14:47:05.178 [Forwarding getElementTagName on session b27964e259bb038ecc602fa6b72242a4 to remote] DEBUG org.asynchttpclient.netty.request.NettyRequestSender - Using open Channel [id: 0x9bc0c1e9, L:/127.0.0.1:53472 - R:localhost/127.0.0.1:45123] for GET '/session/b27964e259bb038ecc602fa6b72242a4/element/1BB816F392A90E177D4417BA23F1CF25_element_89/name'
14:47:05.196 [AsyncHttpClient-1-3] DEBUG org.asynchttpclient.netty.handler.HttpHandler - 

Request DefaultFullHttpRequest(decodeResult: success, version: HTTP/1.1, content: EmptyByteBufBE)
GET /session/b27964e259bb038ecc602fa6b72242a4/element/1BB816F392A90E177D4417BA23F1CF25_element_89/name HTTP/1.1
User-Agent: selenium/4.8.1 (java windows)
Cache-Control: no-cache
Content-Type: application/json; charset=utf-8
host: localhost:45123
accept: */*

Response DefaultHttpResponse(decodeResult: success, version: HTTP/1.1)
HTTP/1.1 200 OK
Content-Length: 15
Content-Type: application/json; charset=utf-8
cache-control: no-cache

14:47:05.197 [AsyncHttpClient-1-3] DEBUG org.asynchttpclient.netty.channel.ChannelManager - Adding key: http://localhost:45123 for channel [id: 0x9bc0c1e9, L:/127.0.0.1:53472 - R:localhost/127.0.0.1:45123]
14:47:05.202 [Forwarding findElement on session b27964e259bb038ecc602fa6b72242a4 to remote] DEBUG org.asynchttpclient.netty.request.NettyRequestSender - Using pooled Channel '[id: 0x9bc0c1e9, L:/127.0.0.1:53472 - R:localhost/127.0.0.1:45123]' for 'POST' to 'http://localhost:45123/session/b27964e259bb038ecc602fa6b72242a4/element'
14:47:05.203 [Forwarding findElement on session b27964e259bb038ecc602fa6b72242a4 to remote] DEBUG org.asynchttpclient.netty.request.NettyRequestSender - Using open Channel [id: 0x9bc0c1e9, L:/127.0.0.1:53472 - R:localhost/127.0.0.1:45123] for POST '/session/b27964e259bb038ecc602fa6b72242a4/element'
14:47:05.212 [AsyncHttpClient-1-3] DEBUG org.asynchttpclient.netty.handler.HttpHandler - 

Request DefaultHttpRequest(decodeResult: success, version: HTTP/1.1)
POST /session/b27964e259bb038ecc602fa6b72242a4/element HTTP/1.1
User-Agent: selenium/4.8.1 (java windows)
Content-Length: 151
Content-Type: application/json; charset=utf-8
host: localhost:45123
accept: */*

Response DefaultHttpResponse(decodeResult: success, version: HTTP/1.1)
HTTP/1.1 200 OK
Content-Length: 95
Content-Type: application/json; charset=utf-8
cache-control: no-cache

14:47:05.212 [AsyncHttpClient-1-3] DEBUG org.asynchttpclient.netty.channel.ChannelManager - Adding key: http://localhost:45123 for channel [id: 0x9bc0c1e9, L:/127.0.0.1:53472 - R:localhost/127.0.0.1:45123]
14:47:05.215 [Forwarding clickElement on session b27964e259bb038ecc602fa6b72242a4 to remote] DEBUG org.asynchttpclient.netty.request.NettyRequestSender - Using pooled Channel '[id: 0x9bc0c1e9, L:/127.0.0.1:53472 - R:localhost/127.0.0.1:45123]' for 'POST' to 'http://localhost:45123/session/b27964e259bb038ecc602fa6b72242a4/element/1BB816F392A90E177D4417BA23F1CF25_element_89/click'
14:47:05.216 [Forwarding clickElement on session b27964e259bb038ecc602fa6b72242a4 to remote] DEBUG org.asynchttpclient.netty.request.NettyRequestSender - Using open Channel [id: 0x9bc0c1e9, L:/127.0.0.1:53472 - R:localhost/127.0.0.1:45123] for POST '/session/b27964e259bb038ecc602fa6b72242a4/element/1BB816F392A90E177D4417BA23F1CF25_element_89/click'
14:47:05.294 [AsyncHttpClient-1-3] DEBUG org.asynchttpclient.netty.handler.HttpHandler - 

Request DefaultHttpRequest(decodeResult: success, version: HTTP/1.1)
POST /session/b27964e259bb038ecc602fa6b72242a4/element/1BB816F392A90E177D4417BA23F1CF25_element_89/click HTTP/1.1
User-Agent: selenium/4.8.1 (java windows)
Content-Length: 57
Content-Type: application/json; charset=utf-8
host: localhost:45123
accept: */*

Response DefaultHttpResponse(decodeResult: success, version: HTTP/1.1)
HTTP/1.1 200 OK
Content-Length: 14
Content-Type: application/json; charset=utf-8
cache-control: no-cache

14:47:05.294 [AsyncHttpClient-1-3] DEBUG org.asynchttpclient.netty.channel.ChannelManager - Adding key: http://localhost:45123 for channel [id: 0x9bc0c1e9, L:/127.0.0.1:53472 - R:localhost/127.0.0.1:45123]
14:47:05.299 [main] DEBUG net.thucydides.core.steps.StepInterceptor - STEP DONE: clickFilterSortAbjad
14:47:05.304 [main] DEBUG net.thucydides.core.steps.StepInterceptor - STARTING STEP: LihatTiketKASteps.userChooseFilterAbjadA_ZTicketKAPage4 - chooseFilterSortAbjadA_ZTiketKA
14:47:05.309 [Forwarding findElement on session b27964e259bb038ecc602fa6b72242a4 to remote] DEBUG org.asynchttpclient.netty.request.NettyRequestSender - Using pooled Channel '[id: 0x9bc0c1e9, L:/127.0.0.1:53472 - R:localhost/127.0.0.1:45123]' for 'POST' to 'http://localhost:45123/session/b27964e259bb038ecc602fa6b72242a4/element'
14:47:05.309 [Forwarding findElement on session b27964e259bb038ecc602fa6b72242a4 to remote] DEBUG org.asynchttpclient.netty.request.NettyRequestSender - Using open Channel [id: 0x9bc0c1e9, L:/127.0.0.1:53472 - R:localhost/127.0.0.1:45123] for POST '/session/b27964e259bb038ecc602fa6b72242a4/element'
14:47:05.326 [AsyncHttpClient-1-3] DEBUG org.asynchttpclient.netty.handler.HttpHandler - 

Request DefaultHttpRequest(decodeResult: success, version: HTTP/1.1)
POST /session/b27964e259bb038ecc602fa6b72242a4/element HTTP/1.1
User-Agent: selenium/4.8.1 (java windows)
Content-Length: 177
Content-Type: application/json; charset=utf-8
host: localhost:45123
accept: */*

Response DefaultHttpResponse(decodeResult: success, version: HTTP/1.1)
HTTP/1.1 200 OK
Content-Length: 96
Content-Type: application/json; charset=utf-8
cache-control: no-cache

14:47:05.326 [AsyncHttpClient-1-3] DEBUG org.asynchttpclient.netty.channel.ChannelManager - Adding key: http://localhost:45123 for channel [id: 0x9bc0c1e9, L:/127.0.0.1:53472 - R:localhost/127.0.0.1:45123]
14:47:05.328 [Forwarding getElementTagName on session b27964e259bb038ecc602fa6b72242a4 to remote] DEBUG org.asynchttpclient.netty.request.NettyRequestSender - Using pooled Channel '[id: 0x9bc0c1e9, L:/127.0.0.1:53472 - R:localhost/127.0.0.1:45123]' for 'GET' to 'http://localhost:45123/session/b27964e259bb038ecc602fa6b72242a4/element/1BB816F392A90E177D4417BA23F1CF25_element_105/name'
14:47:05.328 [Forwarding getElementTagName on session b27964e259bb038ecc602fa6b72242a4 to remote] DEBUG org.asynchttpclient.netty.request.NettyRequestSender - Using open Channel [id: 0x9bc0c1e9, L:/127.0.0.1:53472 - R:localhost/127.0.0.1:45123] for GET '/session/b27964e259bb038ecc602fa6b72242a4/element/1BB816F392A90E177D4417BA23F1CF25_element_105/name'
14:47:05.337 [AsyncHttpClient-1-3] DEBUG org.asynchttpclient.netty.handler.HttpHandler - 

Request DefaultFullHttpRequest(decodeResult: success, version: HTTP/1.1, content: EmptyByteBufBE)
GET /session/b27964e259bb038ecc602fa6b72242a4/element/1BB816F392A90E177D4417BA23F1CF25_element_105/name HTTP/1.1
User-Agent: selenium/4.8.1 (java windows)
Cache-Control: no-cache
Content-Type: application/json; charset=utf-8
host: localhost:45123
accept: */*

Response DefaultHttpResponse(decodeResult: success, version: HTTP/1.1)
HTTP/1.1 200 OK
Content-Length: 17
Content-Type: application/json; charset=utf-8
cache-control: no-cache

14:47:05.337 [AsyncHttpClient-1-3] DEBUG org.asynchttpclient.netty.channel.ChannelManager - Adding key: http://localhost:45123 for channel [id: 0x9bc0c1e9, L:/127.0.0.1:53472 - R:localhost/127.0.0.1:45123]
14:47:05.339 [Forwarding getElementTagName on session b27964e259bb038ecc602fa6b72242a4 to remote] DEBUG org.asynchttpclient.netty.request.NettyRequestSender - Using pooled Channel '[id: 0x9bc0c1e9, L:/127.0.0.1:53472 - R:localhost/127.0.0.1:45123]' for 'GET' to 'http://localhost:45123/session/b27964e259bb038ecc602fa6b72242a4/element/1BB816F392A90E177D4417BA23F1CF25_element_105/name'
14:47:05.339 [Forwarding getElementTagName on session b27964e259bb038ecc602fa6b72242a4 to remote] DEBUG org.asynchttpclient.netty.request.NettyRequestSender - Using open Channel [id: 0x9bc0c1e9, L:/127.0.0.1:53472 - R:localhost/127.0.0.1:45123] for GET '/session/b27964e259bb038ecc602fa6b72242a4/element/1BB816F392A90E177D4417BA23F1CF25_element_105/name'
14:47:05.345 [AsyncHttpClient-1-3] DEBUG org.asynchttpclient.netty.handler.HttpHandler - 

Request DefaultFullHttpRequest(decodeResult: success, version: HTTP/1.1, content: EmptyByteBufBE)
GET /session/b27964e259bb038ecc602fa6b72242a4/element/1BB816F392A90E177D4417BA23F1CF25_element_105/name HTTP/1.1
User-Agent: selenium/4.8.1 (java windows)
Cache-Control: no-cache
Content-Type: application/json; charset=utf-8
host: localhost:45123
accept: */*

Response DefaultHttpResponse(decodeResult: success, version: HTTP/1.1)
HTTP/1.1 200 OK
Content-Length: 17
Content-Type: application/json; charset=utf-8
cache-control: no-cache

14:47:05.345 [AsyncHttpClient-1-3] DEBUG org.asynchttpclient.netty.channel.ChannelManager - Adding key: http://localhost:45123 for channel [id: 0x9bc0c1e9, L:/127.0.0.1:53472 - R:localhost/127.0.0.1:45123]
14:47:05.350 [Forwarding isElementEnabled on session b27964e259bb038ecc602fa6b72242a4 to remote] DEBUG org.asynchttpclient.netty.request.NettyRequestSender - Using pooled Channel '[id: 0x9bc0c1e9, L:/127.0.0.1:53472 - R:localhost/127.0.0.1:45123]' for 'GET' to 'http://localhost:45123/session/b27964e259bb038ecc602fa6b72242a4/element/1BB816F392A90E177D4417BA23F1CF25_element_105/enabled'
14:47:05.350 [Forwarding isElementEnabled on session b27964e259bb038ecc602fa6b72242a4 to remote] DEBUG org.asynchttpclient.netty.request.NettyRequestSender - Using open Channel [id: 0x9bc0c1e9, L:/127.0.0.1:53472 - R:localhost/127.0.0.1:45123] for GET '/session/b27964e259bb038ecc602fa6b72242a4/element/1BB816F392A90E177D4417BA23F1CF25_element_105/enabled'
14:47:05.360 [AsyncHttpClient-1-3] DEBUG org.asynchttpclient.netty.handler.HttpHandler - 

Request DefaultFullHttpRequest(decodeResult: success, version: HTTP/1.1, content: EmptyByteBufBE)
GET /session/b27964e259bb038ecc602fa6b72242a4/element/1BB816F392A90E177D4417BA23F1CF25_element_105/enabled HTTP/1.1
User-Agent: selenium/4.8.1 (java windows)
Cache-Control: no-cache
Content-Type: application/json; charset=utf-8
host: localhost:45123
accept: */*

Response DefaultHttpResponse(decodeResult: success, version: HTTP/1.1)
HTTP/1.1 200 OK
Content-Length: 14
Content-Type: application/json; charset=utf-8
cache-control: no-cache

14:47:05.360 [AsyncHttpClient-1-3] DEBUG org.asynchttpclient.netty.channel.ChannelManager - Adding key: http://localhost:45123 for channel [id: 0x9bc0c1e9, L:/127.0.0.1:53472 - R:localhost/127.0.0.1:45123]
14:47:05.362 [Forwarding isElementEnabled on session b27964e259bb038ecc602fa6b72242a4 to remote] DEBUG org.asynchttpclient.netty.request.NettyRequestSender - Using pooled Channel '[id: 0x9bc0c1e9, L:/127.0.0.1:53472 - R:localhost/127.0.0.1:45123]' for 'GET' to 'http://localhost:45123/session/b27964e259bb038ecc602fa6b72242a4/element/1BB816F392A90E177D4417BA23F1CF25_element_105/enabled'
14:47:05.362 [Forwarding isElementEnabled on session b27964e259bb038ecc602fa6b72242a4 to remote] DEBUG org.asynchttpclient.netty.request.NettyRequestSender - Using open Channel [id: 0x9bc0c1e9, L:/127.0.0.1:53472 - R:localhost/127.0.0.1:45123] for GET '/session/b27964e259bb038ecc602fa6b72242a4/element/1BB816F392A90E177D4417BA23F1CF25_element_105/enabled'
14:47:05.376 [AsyncHttpClient-1-3] DEBUG org.asynchttpclient.netty.handler.HttpHandler - 

Request DefaultFullHttpRequest(decodeResult: success, version: HTTP/1.1, content: EmptyByteBufBE)
GET /session/b27964e259bb038ecc602fa6b72242a4/element/1BB816F392A90E177D4417BA23F1CF25_element_105/enabled HTTP/1.1
User-Agent: selenium/4.8.1 (java windows)
Cache-Control: no-cache
Content-Type: application/json; charset=utf-8
host: localhost:45123
accept: */*

Response DefaultHttpResponse(decodeResult: success, version: HTTP/1.1)
HTTP/1.1 200 OK
Content-Length: 14
Content-Type: application/json; charset=utf-8
cache-control: no-cache

14:47:05.376 [AsyncHttpClient-1-3] DEBUG org.asynchttpclient.netty.channel.ChannelManager - Adding key: http://localhost:45123 for channel [id: 0x9bc0c1e9, L:/127.0.0.1:53472 - R:localhost/127.0.0.1:45123]
14:47:05.379 [Forwarding findElement on session b27964e259bb038ecc602fa6b72242a4 to remote] DEBUG org.asynchttpclient.netty.request.NettyRequestSender - Using pooled Channel '[id: 0x9bc0c1e9, L:/127.0.0.1:53472 - R:localhost/127.0.0.1:45123]' for 'POST' to 'http://localhost:45123/session/b27964e259bb038ecc602fa6b72242a4/element'
14:47:05.379 [Forwarding findElement on session b27964e259bb038ecc602fa6b72242a4 to remote] DEBUG org.asynchttpclient.netty.request.NettyRequestSender - Using open Channel [id: 0x9bc0c1e9, L:/127.0.0.1:53472 - R:localhost/127.0.0.1:45123] for POST '/session/b27964e259bb038ecc602fa6b72242a4/element'
14:47:05.394 [AsyncHttpClient-1-3] DEBUG org.asynchttpclient.netty.handler.HttpHandler - 

Request DefaultHttpRequest(decodeResult: success, version: HTTP/1.1)
POST /session/b27964e259bb038ecc602fa6b72242a4/element HTTP/1.1
User-Agent: selenium/4.8.1 (java windows)
Content-Length: 177
Content-Type: application/json; charset=utf-8
host: localhost:45123
accept: */*

Response DefaultHttpResponse(decodeResult: success, version: HTTP/1.1)
HTTP/1.1 200 OK
Content-Length: 96
Content-Type: application/json; charset=utf-8
cache-control: no-cache

14:47:05.394 [AsyncHttpClient-1-3] DEBUG org.asynchttpclient.netty.channel.ChannelManager - Adding key: http://localhost:45123 for channel [id: 0x9bc0c1e9, L:/127.0.0.1:53472 - R:localhost/127.0.0.1:45123]
14:47:05.395 [Forwarding clickElement on session b27964e259bb038ecc602fa6b72242a4 to remote] DEBUG org.asynchttpclient.netty.request.NettyRequestSender - Using pooled Channel '[id: 0x9bc0c1e9, L:/127.0.0.1:53472 - R:localhost/127.0.0.1:45123]' for 'POST' to 'http://localhost:45123/session/b27964e259bb038ecc602fa6b72242a4/element/1BB816F392A90E177D4417BA23F1CF25_element_105/click'
14:47:05.395 [Forwarding clickElement on session b27964e259bb038ecc602fa6b72242a4 to remote] DEBUG org.asynchttpclient.netty.request.NettyRequestSender - Using open Channel [id: 0x9bc0c1e9, L:/127.0.0.1:53472 - R:localhost/127.0.0.1:45123] for POST '/session/b27964e259bb038ecc602fa6b72242a4/element/1BB816F392A90E177D4417BA23F1CF25_element_105/click'
14:47:05.457 [AsyncHttpClient-1-3] DEBUG org.asynchttpclient.netty.handler.HttpHandler - 

Request DefaultHttpRequest(decodeResult: success, version: HTTP/1.1)
POST /session/b27964e259bb038ecc602fa6b72242a4/element/1BB816F392A90E177D4417BA23F1CF25_element_105/click HTTP/1.1
User-Agent: selenium/4.8.1 (java windows)
Content-Length: 58
Content-Type: application/json; charset=utf-8
host: localhost:45123
accept: */*

Response DefaultHttpResponse(decodeResult: success, version: HTTP/1.1)
HTTP/1.1 200 OK
Content-Length: 14
Content-Type: application/json; charset=utf-8
cache-control: no-cache

14:47:05.457 [AsyncHttpClient-1-3] DEBUG org.asynchttpclient.netty.channel.ChannelManager - Adding key: http://localhost:45123 for channel [id: 0x9bc0c1e9, L:/127.0.0.1:53472 - R:localhost/127.0.0.1:45123]
14:47:05.460 [main] DEBUG net.thucydides.core.steps.StepInterceptor - STEP DONE: chooseFilterSortAbjadA_ZTiketKA
  &amp#27;[32mWhen &amp#27;[0m&amp#27;[32muser choose filter sort A - Z to see ticket ka4&amp#27;[0m              &amp#27;[90m# starter.stepdefinitions.Admin.DaftarTiketKeretaApi.LihatTiketKASteps.userChooseFilterAbjadA_ZTicketKAPage4()&amp#27;[0m
14:47:05.471 [main] DEBUG net.thucydides.core.steps.StepInterceptor - STARTING STEP: LihatTiketKASteps.userCanSeeTicketOfFilterAbjadA_ZKA4 - seeTicket
14:47:05.474 [Forwarding findElement on session b27964e259bb038ecc602fa6b72242a4 to remote] DEBUG org.asynchttpclient.netty.request.NettyRequestSender - Using pooled Channel '[id: 0x9bc0c1e9, L:/127.0.0.1:53472 - R:localhost/127.0.0.1:45123]' for 'POST' to 'http://localhost:45123/session/b27964e259bb038ecc602fa6b72242a4/element'
14:47:05.474 [Forwarding findElement on session b27964e259bb038ecc602fa6b72242a4 to remote] DEBUG org.asynchttpclient.netty.request.NettyRequestSender - Using open Channel [id: 0x9bc0c1e9, L:/127.0.0.1:53472 - R:localhost/127.0.0.1:45123] for POST '/session/b27964e259bb038ecc602fa6b72242a4/element'
14:47:05.945 [AsyncHttpClient-1-1] DEBUG org.asynchttpclient.netty.channel.DefaultChannelPool - Entry count for : http://localhost:53473 : 1
14:47:07.045 [AsyncHttpClient-1-1] DEBUG org.asynchttpclient.netty.channel.DefaultChannelPool - Entry count for : http://localhost:53473 : 1
14:47:07.545 [AsyncHttpClient-1-3] DEBUG org.asynchttpclient.netty.handler.HttpHandler - 

Request DefaultHttpRequest(decodeResult: success, version: HTTP/1.1)
POST /session/b27964e259bb038ecc602fa6b72242a4/element HTTP/1.1
User-Agent: selenium/4.8.1 (java windows)
Content-Length: 115
Content-Type: application/json; charset=utf-8
host: localhost:45123
accept: */*

Response DefaultHttpResponse(decodeResult: success, version: HTTP/1.1)
HTTP/1.1 404 Not Found
Content-Length: 991
Content-Type: application/json; charset=utf-8
cache-control: no-cache

14:47:07.547 [AsyncHttpClient-1-3] DEBUG org.asynchttpclient.netty.channel.ChannelManager - Adding key: http://localhost:45123 for channel [id: 0x9bc0c1e9, L:/127.0.0.1:53472 - R:localhost/127.0.0.1:45123]
14:47:07.565 [Forwarding getAlertText on session b27964e259bb038ecc602fa6b72242a4 to remote] DEBUG org.asynchttpclient.netty.request.NettyRequestSender - Using pooled Channel '[id: 0x9bc0c1e9, L:/127.0.0.1:53472 - R:localhost/127.0.0.1:45123]' for 'GET' to 'http://localhost:45123/session/b27964e259bb038ecc602fa6b72242a4/alert/text'
14:47:07.565 [Forwarding getAlertText on session b27964e259bb038ecc602fa6b72242a4 to remote] DEBUG org.asynchttpclient.netty.request.NettyRequestSender - Using open Channel [id: 0x9bc0c1e9, L:/127.0.0.1:53472 - R:localhost/127.0.0.1:45123] for GET '/session/b27964e259bb038ecc602fa6b72242a4/alert/text'
14:47:07.568 [AsyncHttpClient-1-3] DEBUG org.asynchttpclient.netty.handler.HttpHandler - 

Request DefaultFullHttpRequest(decodeResult: success, version: HTTP/1.1, content: EmptyByteBufBE)
GET /session/b27964e259bb038ecc602fa6b72242a4/alert/text HTTP/1.1
User-Agent: selenium/4.8.1 (java windows)
Cache-Control: no-cache
Content-Type: application/json; charset=utf-8
host: localhost:45123
accept: */*

Response DefaultHttpResponse(decodeResult: success, version: HTTP/1.1)
HTTP/1.1 404 Not Found
Content-Length: 848
Content-Type: application/json; charset=utf-8
cache-control: no-cache

14:47:07.569 [AsyncHttpClient-1-3] DEBUG org.asynchttpclient.netty.channel.ChannelManager - Adding key: http://localhost:45123 for channel [id: 0x9bc0c1e9, L:/127.0.0.1:53472 - R:localhost/127.0.0.1:45123]
14:47:07.572 [Forwarding getCurrentUrl on session b27964e259bb038ecc602fa6b72242a4 to remote] DEBUG org.asynchttpclient.netty.request.NettyRequestSender - Using pooled Channel '[id: 0x9bc0c1e9, L:/127.0.0.1:53472 - R:localhost/127.0.0.1:45123]' for 'GET' to 'http://localhost:45123/session/b27964e259bb038ecc602fa6b72242a4/url'
14:47:07.573 [Forwarding getCurrentUrl on session b27964e259bb038ecc602fa6b72242a4 to remote] DEBUG org.asynchttpclient.netty.request.NettyRequestSender - Using open Channel [id: 0x9bc0c1e9, L:/127.0.0.1:53472 - R:localhost/127.0.0.1:45123] for GET '/session/b27964e259bb038ecc602fa6b72242a4/url'
14:47:07.584 [AsyncHttpClient-1-3] DEBUG org.asynchttpclient.netty.handler.HttpHandler - 

Request DefaultFullHttpRequest(decodeResult: success, version: HTTP/1.1, content: EmptyByteBufBE)
GET /session/b27964e259bb038ecc602fa6b72242a4/url HTTP/1.1
User-Agent: selenium/4.8.1 (java windows)
Cache-Control: no-cache
Content-Type: application/json; charset=utf-8
host: localhost:45123
accept: */*

Response DefaultHttpResponse(decodeResult: success, version: HTTP/1.1)
HTTP/1.1 200 OK
Content-Length: 58
Content-Type: application/json; charset=utf-8
cache-control: no-cache

14:47:07.584 [AsyncHttpClient-1-3] DEBUG org.asynchttpclient.netty.channel.ChannelManager - Adding key: http://localhost:45123 for channel [id: 0x9bc0c1e9, L:/127.0.0.1:53472 - R:localhost/127.0.0.1:45123]
14:47:07.586 [Forwarding screenshot on session b27964e259bb038ecc602fa6b72242a4 to remote] DEBUG org.asynchttpclient.netty.request.NettyRequestSender - Using pooled Channel '[id: 0x9bc0c1e9, L:/127.0.0.1:53472 - R:localhost/127.0.0.1:45123]' for 'GET' to 'http://localhost:45123/session/b27964e259bb038ecc602fa6b72242a4/screenshot'
14:47:07.586 [Forwarding screenshot on session b27964e259bb038ecc602fa6b72242a4 to remote] DEBUG org.asynchttpclient.netty.request.NettyRequestSender - Using open Channel [id: 0x9bc0c1e9, L:/127.0.0.1:53472 - R:localhost/127.0.0.1:45123] for GET '/session/b27964e259bb038ecc602fa6b72242a4/screenshot'
14:47:07.727 [AsyncHttpClient-1-3] DEBUG org.asynchttpclient.netty.handler.HttpHandler - 

Request DefaultFullHttpRequest(decodeResult: success, version: HTTP/1.1, content: EmptyByteBufBE)
GET /session/b27964e259bb038ecc602fa6b72242a4/screenshot HTTP/1.1
User-Agent: selenium/4.8.1 (java windows)
Cache-Control: no-cache
Content-Type: application/json; charset=utf-8
host: localhost:45123
accept: */*

Response DefaultHttpResponse(decodeResult: success, version: HTTP/1.1)
HTTP/1.1 200 OK
Content-Length: 77356
Content-Type: application/json; charset=utf-8
cache-control: no-cache

14:47:07.727 [AsyncHttpClient-1-3] DEBUG org.asynchttpclient.netty.channel.ChannelManager - Adding key: http://localhost:45123 for channel [id: 0x9bc0c1e9, L:/127.0.0.1:53472 - R:localhost/127.0.0.1:45123]
14:47:07.734 [main] DEBUG net.serenitybdd.core.photography.Darkroom - Send negative for processing for target\site\serenity\b53be49e28dbe212612fbf7c1c273ef83229e94616624eb342736cc66d7a2081.png
14:47:07.735 [Darkroom Processing Line] DEBUG net.serenitybdd.core.photography.DarkroomProcessingLine - Processing screenshot image in /var/screenshots/screenshot-7941933281942469003
14:47:07.735 [Darkroom Processing Line] DEBUG net.serenitybdd.core.photography.DarkroomProcessingLine - Saving screenshot to target\site\serenity\b53be49e28dbe212612fbf7c1c273ef83229e94616624eb342736cc66d7a2081.png
14:47:07.737 [Forwarding getPageSource on session b27964e259bb038ecc602fa6b72242a4 to remote] DEBUG org.asynchttpclient.netty.request.NettyRequestSender - Using pooled Channel '[id: 0x9bc0c1e9, L:/127.0.0.1:53472 - R:localhost/127.0.0.1:45123]' for 'POST' to 'http://localhost:45123/session/b27964e259bb038ecc602fa6b72242a4/execute/sync'
14:47:07.737 [Forwarding getPageSource on session b27964e259bb038ecc602fa6b72242a4 to remote] DEBUG org.asynchttpclient.netty.request.NettyRequestSender - Using open Channel [id: 0x9bc0c1e9, L:/127.0.0.1:53472 - R:localhost/127.0.0.1:45123] for POST '/session/b27964e259bb038ecc602fa6b72242a4/execute/sync'
14:47:07.747 [AsyncHttpClient-1-3] DEBUG org.asynchttpclient.netty.handler.HttpHandler - 

Request DefaultHttpRequest(decodeResult: success, version: HTTP/1.1)
POST /session/b27964e259bb038ecc602fa6b72242a4/execute/sync HTTP/1.1
User-Agent: selenium/4.8.1 (java windows)
Content-Length: 176
Content-Type: application/json; charset=utf-8
host: localhost:45123
accept: */*

Response DefaultHttpResponse(decodeResult: success, version: HTTP/1.1)
HTTP/1.1 200 OK
Content-Length: 32848
Content-Type: application/json; charset=utf-8
cache-control: no-cache

14:47:07.748 [AsyncHttpClient-1-3] DEBUG org.asynchttpclient.netty.channel.ChannelManager - Adding key: http://localhost:45123 for channel [id: 0x9bc0c1e9, L:/127.0.0.1:53472 - R:localhost/127.0.0.1:45123]
14:47:07.758 [Forwarding getCurrentUrl on session b27964e259bb038ecc602fa6b72242a4 to remote] DEBUG org.asynchttpclient.netty.request.NettyRequestSender - Using pooled Channel '[id: 0x9bc0c1e9, L:/127.0.0.1:53472 - R:localhost/127.0.0.1:45123]' for 'GET' to 'http://localhost:45123/session/b27964e259bb038ecc602fa6b72242a4/url'
14:47:07.758 [Forwarding getCurrentUrl on session b27964e259bb038ecc602fa6b72242a4 to remote] DEBUG org.asynchttpclient.netty.request.NettyRequestSender - Using open Channel [id: 0x9bc0c1e9, L:/127.0.0.1:53472 - R:localhost/127.0.0.1:45123] for GET '/session/b27964e259bb038ecc602fa6b72242a4/url'
14:47:07.763 [AsyncHttpClient-1-3] DEBUG org.asynchttpclient.netty.handler.HttpHandler - 

Request DefaultFullHttpRequest(decodeResult: success, version: HTTP/1.1, content: EmptyByteBufBE)
GET /session/b27964e259bb038ecc602fa6b72242a4/url HTTP/1.1
User-Agent: selenium/4.8.1 (java windows)
Cache-Control: no-cache
Content-Type: application/json; charset=utf-8
host: localhost:45123
accept: */*

Response DefaultHttpResponse(decodeResult: success, version: HTTP/1.1)
HTTP/1.1 200 OK
Content-Length: 58
Content-Type: application/json; charset=utf-8
cache-control: no-cache

14:47:07.763 [AsyncHttpClient-1-3] DEBUG org.asynchttpclient.netty.channel.ChannelManager - Adding key: http://localhost:45123 for channel [id: 0x9bc0c1e9, L:/127.0.0.1:53472 - R:localhost/127.0.0.1:45123]
  &amp#27;[31mThen &amp#27;[0m&amp#27;[31muser can see the result of filter sort A -Z&amp#27;[0m                  &amp#27;[90m# starter.stepdefinitions.Admin.DaftarTiketKeretaApi.LihatTiketKASteps.userCanSeeTicketOfFilterAbjadA_ZKA4()&amp#27;[0m
      &amp#27;[31mjava.lang.AssertionError: Element should be visible
	at net.serenitybdd.core.pages.WebElementFacadeImpl.failWithMessage(WebElementFacadeImpl.java:980)
	at net.serenitybdd.core.pages.WebElementFacadeImpl.shouldBeVisible(WebElementFacadeImpl.java:433)
	at starter.pages.Admin.DaftarTiketKeretaApi.LihatTiketKAPage.seeTicket(LihatTiketKAPage.java:158)
	at starter.pages.Admin.DaftarTiketKeretaApi.LihatTiketKAPage$ByteBuddy$zohZJU5l.seeTicket$accessor$WWNIli0R(Unknown Source)
	at sun.reflect.NativeMethodAccessorImpl.invoke0(Native Method)
	at sun.reflect.NativeMethodAccessorImpl.invoke(NativeMethodAccessorImpl.java:62)
	at sun.reflect.DelegatingMethodAccessorImpl.invoke(DelegatingMethodAccessorImpl.java:43)
	at java.lang.reflect.Method.invoke(Method.java:498)
	at net.thucydides.core.steps.StepInterceptor.invokeMethod(StepInterceptor.java:518)
	at net.thucydides.core.steps.StepInterceptor.executeTestStepMethod(StepInterceptor.java:498)
	at net.thucydides.core.steps.StepInterceptor.runTestStep(StepInterceptor.java:472)
	at net.thucydides.core.steps.StepInterceptor.runOrSkipMethod(StepInterceptor.java:211)
	at net.thucydides.core.steps.StepInterceptor.testStepResult(StepInterceptor.java:198)
	at net.thucydides.core.steps.StepInterceptor.intercept(StepInterceptor.java:86)
	at net.thucydides.core.steps.ProxyConfiguration$InterceptorDispatcher.intercept(ProxyConfiguration.java:51)
	at starter.pages.Admin.DaftarTiketKeretaApi.LihatTiketKAPage$ByteBuddy$zohZJU5l.seeTicket(Unknown Source)
	at starter.stepdefinitions.Admin.DaftarTiketKeretaApi.LihatTiketKASteps.userCanSeeTicketOfFilterAbjadA_ZKA4(LihatTiketKASteps.java:180)
	at âœ½.user can see the result of filter sort A -Z(file:///D:/D/QE_Alta/capstone/web-automation-test/src/test/resources/features/Admin/DaftarTiketKeretaApi/DaftarTiketKA.feature:49)
&amp#27;[0m
  &amp#27;[36mWhen &amp#27;[0m&amp#27;[36muser choose filter sort Z - A to see ticket ka4&amp#27;[0m              &amp#27;[90m# starter.stepdefinitions.Admin.DaftarTiketKeretaApi.LihatTiketKASteps.userChooseFilterAbjadZ_AKAPage4()&amp#27;[0m
  &amp#27;[36mThen &amp#27;[0m&amp#27;[36muser can see the result of filter sort Z - A&amp#27;[0m                 &amp#27;[90m# starter.stepdefinitions.Admin.DaftarTiketKeretaApi.LihatTiketKASteps.userCanSeeTicketOfFilterAbjadZ_AKA4()&amp#27;[0m
14:47:07.801 [main] ERROR  - 
  _____   ___   ___   _____     ___     _     ___   _      ___   ___  
 |_   _| | __| / __| |_   _|   | __|   /_\   |_ _| | |    | __| |   \ 
   | |   | _|  \__ \   | |     | _|   / _ \   | |  | |__  | _|  | |) |
   |_|   |___| |___/   |_|     |_|   /_/ \_\ |___| |____| |___| |___/ 

as admin i want to see list of ticket ka with date filter
-----------------------------------------------------------------------
14:47:07.801 [main] DEBUG  - RELATED ISSUES: 
14:47:07.802 [main] ERROR  -     Test failed at step: See ticket
14:47:07.802 [main] ERROR  -     Element should be visible
14:47:07.806 [AsyncHttpClient-1-5] DEBUG org.asynchttpclient.netty.handler.WebSocketHandler - Channel Closed: [id: 0xb3b8aeea, L:/127.0.0.1:53480 ! R:localhost/127.0.0.1:53473] with attribute NettyResponseFuture{currentRetry=0,
	isDone=1,
	isCancelled=0,
	asyncHandler=org.asynchttpclient.ws.WebSocketUpgradeHandler@643e790c,
	nettyRequest=org.asynchttpclient.netty.request.NettyRequest@4a47bc3c,
	future=java.util.concurrent.CompletableFuture@2475bd81[Completed normally],
	uri=ws://localhost:53473/devtools/browser/5a9578c8-f3b3-4ba5-8d68-162f61dbb0db,
	keepAlive=true,
	redirectCount=0,
	timeoutsHolder=null,
	inAuth=0,
	touch=1687333620310}
14:47:07.807 [AsyncHttpClient-1-5] DEBUG org.asynchttpclient.netty.channel.ChannelManager - Closing Channel [id: 0xb3b8aeea, L:/127.0.0.1:53480 ! R:localhost/127.0.0.1:53473] 
14:47:07.810 [Driver Command Executor] DEBUG org.asynchttpclient.netty.request.NettyRequestSender - Using pooled Channel '[id: 0x9bc0c1e9, L:/127.0.0.1:53472 - R:localhost/127.0.0.1:45123]' for 'DELETE' to 'http://localhost:45123/session/b27964e259bb038ecc602fa6b72242a4'
14:47:07.810 [Driver Command Executor] DEBUG org.asynchttpclient.netty.request.NettyRequestSender - Using open Channel [id: 0x9bc0c1e9, L:/127.0.0.1:53472 - R:localhost/127.0.0.1:45123] for DELETE '/session/b27964e259bb038ecc602fa6b72242a4'
14:47:07.889 [AsyncHttpClient-1-4] DEBUG org.asynchttpclient.netty.handler.HttpHandler - Unexpected I/O exception on channel [id: 0x0b1bc816, L:/127.0.0.1:53479 - R:localhost/127.0.0.1:53473]
java.io.IOException: An existing connection was forcibly closed by the remote host
	at sun.nio.ch.SocketDispatcher.read0(Native Method)
	at sun.nio.ch.SocketDispatcher.read(SocketDispatcher.java:43)
	at sun.nio.ch.IOUtil.readIntoNativeBuffer(IOUtil.java:223)
	at sun.nio.ch.IOUtil.read(IOUtil.java:192)
	at sun.nio.ch.SocketChannelImpl.read(SocketChannelImpl.java:380)
	at io.netty.buffer.PooledByteBuf.setBytes(PooledByteBuf.java:259)
	at io.netty.buffer.AbstractByteBuf.writeBytes(AbstractByteBuf.java:1132)
	at io.netty.channel.socket.nio.NioSocketChannel.doReadBytes(NioSocketChannel.java:357)
	at io.netty.channel.nio.AbstractNioByteChannel$NioByteUnsafe.read(AbstractNioByteChannel.java:151)
	at io.netty.channel.nio.NioEventLoop.processSelectedKey(NioEventLoop.java:788)
	at io.netty.channel.nio.NioEventLoop.processSelectedKeysOptimized(NioEventLoop.java:724)
	at io.netty.channel.nio.NioEventLoop.processSelectedKeys(NioEventLoop.java:650)
	at io.netty.channel.nio.NioEventLoop.run(NioEventLoop.java:562)
	at io.netty.util.concurrent.SingleThreadEventExecutor$4.run(SingleThreadEventExecutor.java:997)
	at io.netty.util.internal.ThreadExecutorMap$2.run(ThreadExecutorMap.java:74)
	at io.netty.util.concurrent.FastThreadLocalRunnable.run(FastThreadLocalRunnable.java:30)
	at java.lang.Thread.run(Thread.java:748)
14:47:07.890 [AsyncHttpClient-1-4] DEBUG org.asynchttpclient.netty.channel.ChannelManager - Closing Channel [id: 0x0b1bc816, L:/127.0.0.1:53479 - R:localhost/127.0.0.1:53473] 
14:47:07.890 [AsyncHttpClient-1-4] DEBUG org.asynchttpclient.netty.handler.HttpHandler - Channel Closed: [id: 0x0b1bc816, L:/127.0.0.1:53479 ! R:localhost/127.0.0.1:53473] with attribute DISCARD
14:47:07.918 [AsyncHttpClient-1-3] DEBUG org.asynchttpclient.netty.handler.HttpHandler - 

Request DefaultFullHttpRequest(decodeResult: success, version: HTTP/1.1, content: EmptyByteBufBE)
DELETE /session/b27964e259bb038ecc602fa6b72242a4 HTTP/1.1
User-Agent: selenium/4.8.1 (java windows)
Content-Type: application/json; charset=utf-8
host: localhost:45123
accept: */*

Response DefaultHttpResponse(decodeResult: success, version: HTTP/1.1)
HTTP/1.1 200 OK
Content-Length: 14
Content-Type: application/json; charset=utf-8
cache-control: no-cache

14:47:07.918 [AsyncHttpClient-1-3] DEBUG org.asynchttpclient.netty.channel.ChannelManager - Adding key: http://localhost:45123 for channel [id: 0x9bc0c1e9, L:/127.0.0.1:53472 - R:localhost/127.0.0.1:45123]
14:47:08.012 [AsyncHttpClient-1-3] DEBUG org.asynchttpclient.netty.handler.HttpHandler - Channel Closed: [id: 0x9bc0c1e9, L:/127.0.0.1:53472 ! R:localhost/127.0.0.1:45123] with attribute DISCARD
14:47:08.149 [AsyncHttpClient-1-1] DEBUG org.asynchttpclient.netty.channel.DefaultChannelPool - Entry count for : http://localhost:53473 : 1
14:47:08.150 [AsyncHttpClient-1-1] DEBUG org.asynchttpclient.netty.channel.DefaultChannelPool - Entry count for : http://localhost:45123 : 1
14:47:08.150 [AsyncHttpClient-1-1] DEBUG org.asynchttpclient.netty.channel.DefaultChannelPool - Adding Candidate expired Channel [id: 0x0b1bc816, L:/127.0.0.1:53479 ! R:localhost/127.0.0.1:53473] isIdleTimeoutExpired=false isRemotelyClosed=true isTtlExpired=false
14:47:08.151 [AsyncHttpClient-1-1] DEBUG org.asynchttpclient.netty.channel.DefaultChannelPool - Closing Idle Channel [id: 0x0b1bc816, L:/127.0.0.1:53479 ! R:localhost/127.0.0.1:53473]
14:47:08.151 [AsyncHttpClient-1-1] DEBUG org.asynchttpclient.netty.channel.DefaultChannelPool - Adding Candidate expired Channel [id: 0x9bc0c1e9, L:/127.0.0.1:53472 ! R:localhost/127.0.0.1:45123] isIdleTimeoutExpired=false isRemotelyClosed=true isTtlExpired=false
14:47:08.151 [AsyncHttpClient-1-1] DEBUG org.asynchttpclient.netty.channel.DefaultChannelPool - Closing Idle Channel [id: 0x9bc0c1e9, L:/127.0.0.1:53472 ! R:localhost/127.0.0.1:45123]
14:47:08.151 [AsyncHttpClient-1-1] DEBUG org.asynchttpclient.netty.channel.DefaultChannelPool - Closed 2 connections out of 2 in 1 ms
]]></system-out>
    <system-err><![CDATA[Starting ChromeDriver 114.0.5735.90 (386bc09e8f4f2e025eddae123f36f6263096ae49-refs/branch-heads/5735@{#1052}) on port 45123
Only local connections are allowed.
Please see https://chromedriver.chromium.org/security-considerations for suggestions on keeping ChromeDriver safe.
ChromeDriver was started successfully.
Jun 21, 2023 2:47:00 PM org.openqa.selenium.devtools.CdpVersionFinder findNearestMatch
WARNING: Unable to find an exact match for CDP version 114, so returning the closest version found: 110
]]></system-err>
  </testcase>
  <testcase name="as admin i want to see ticket with unpaid filter" classname="As a admin i want to see ticket of KA" time="15.346">
    <error type="net.thucydides.core.webdriver.exceptions.ElementShouldBeEnabledException"><![CDATA[net.thucydides.core.webdriver.exceptions.ElementShouldBeEnabledException: Expected enabled element was not enabled
Caused by: org.openqa.selenium.TimeoutException: Expected condition failed: waiting for By.xpath: //*[@id="root"]/div/div[2]/div/div[6]/div/div[2]/div/div[1]/div[2]/input to be enabled (tried for 5 second(s) with 100 milliseconds interval)
Caused by: org.openqa.selenium.NoSuchElementException: 
no such element: Unable to locate element: {"method":"xpath","selector":"//*[@id="root"]/div/div[2]/div/div[6]/div/div[2]/div/div[1]/div[2]/input"}
  (Session info: chrome=114.0.5735.134)
For documentation on this error, please visit: https://selenium.dev/exceptions/#no_such_element
Build info: version: '4.8.1', revision: '8ebccac989'
System info: os.name: 'Windows 10', os.arch: 'amd64', os.version: '10.0', java.version: '1.8.0_202'
Driver info: org.openqa.selenium.chrome.ChromeDriver
Command: [bec2ccdcda26fd83d509651fce62f431, findElement {using=xpath, value=//*[@id="root"]/div/div[2]/div/div[6]/div/div[2]/div/div[1]/div[2]/input}]
Capabilities {acceptInsecureCerts: true, browserName: chrome, browserVersion: 114.0.5735.134, chrome: {chromedriverVersion: 114.0.5735.90 (386bc09e8f4f..., userDataDir: C:\Users\ADWUSE~1\AppData\L...}, goog:chromeOptions: {debuggerAddress: localhost:53503}, networkConnectionEnabled: false, pageLoadStrategy: normal, platformName: WINDOWS, proxy: Proxy(), se:cdp: ws://localhost:53503/devtoo..., se:cdpVersion: 114.0.5735.134, setWindowRect: true, strictFileInteractability: false, timeouts: {implicit: 0, pageLoad: 300000, script: 30000}, unhandledPromptBehavior: dismiss and notify, webauthn:extension:credBlob: true, webauthn:extension:largeBlob: true, webauthn:extension:minPinLength: true, webauthn:extension:prf: true, webauthn:virtualAuthenticators: true}
Session ID: bec2ccdcda26fd83d509651fce62f431
]]></error>
    <system-out><![CDATA[
@DaftarKA @seeticketwithfilterunpaid
Scenario: as admin i want to see ticket with unpaid filter &amp#27;[90m# src/test/resources/features/Admin/DaftarTiketKeretaApi/DaftarTiketKA.feature:54&amp#27;[0m
14:47:08.915 [main] DEBUG io.cucumber.core.plugin.SerenityReporter - Running feature from file:///D:/D/QE_Alta/capstone/web-automation-test/src/test/resources/features/Admin/DaftarTiketKeretaApi/DaftarTiketKA.feature
14:47:08.919 [main] INFO  - 
  _____   ___   ___   _____     ___   _____     _     ___   _____   ___   ___  
 |_   _| | __| / __| |_   _|   / __| |_   _|   /_\   | _ \ |_   _| | __| |   \ 
   | |   | _|  \__ \   | |     \__ \   | |    / _ \  |   /   | |   | _|  | |) |
   |_|   |___| |___/   |_|     |___/   |_|   /_/ \_\ |_|_\   |_|   |___| |___/ 

as admin i want to see ticket with unpaid filter(as-a-admin-i-want-to-see-ticket-of-ka;as-admin-i-want-to-see-ticket-with-unpaid-filter)
--------------------------------------------------------------------------------
14:47:09.331 [main] DEBUG net.thucydides.core.steps.StepInterceptor - STARTING STEP: LihatTiketKASteps.userOnLoginPage5 - onLoginPage
14:47:09.509 [main] INFO net.serenitybdd.core.webdriver.driverproviders.ChromeDriverProvider - Starting Chrome driver instance with capabilities:
14:47:09.511 [main] INFO net.serenitybdd.core.webdriver.driverproviders.ChromeDriverProvider - Capabilities {acceptInsecureCerts: true, browserName: chrome, goog:chromeOptions: {args: [remote-allow-origins=*, test-type, no-sandbox, ignore-certificate-errors, start-maximized, incognito, disable-infobars, disable-gpu, disable-default-apps, disable-popup-blocking, remote-allow-origins=*, test-type, no-sandbox, ignore-certificate-errors, start-maximized, incognito, disable-infobars, disable-gpu, disable-default-apps, disable-popup-blocking, remote-allow-origins=*], extensions: []}}
14:47:10.125 [AsyncHttpClient-1-6] DEBUG org.asynchttpclient.netty.channel.NettyConnectListener - Using new Channel '[id: 0xb719b748, L:/127.0.0.1:53502 - R:localhost/127.0.0.1:1920]' for 'POST' to '/session'
14:47:10.960 [AsyncHttpClient-1-6] DEBUG org.asynchttpclient.netty.handler.HttpHandler - 

Request DefaultHttpRequest(decodeResult: success, version: HTTP/1.1)
POST /session HTTP/1.1
User-Agent: selenium/4.8.1 (java windows)
Content-Length: 1701
Content-Type: application/json; charset=utf-8
host: localhost:1920
accept: */*

Response DefaultHttpResponse(decodeResult: success, version: HTTP/1.1)
HTTP/1.1 200 OK
Content-Length: 863
Content-Type: application/json; charset=utf-8
cache-control: no-cache

14:47:10.961 [AsyncHttpClient-1-6] DEBUG org.asynchttpclient.netty.channel.ChannelManager - Adding key: http://localhost:1920 for channel [id: 0xb719b748, L:/127.0.0.1:53502 - R:localhost/127.0.0.1:1920]
14:47:10.978 [AsyncHttpClient-1-7] DEBUG org.asynchttpclient.netty.channel.NettyConnectListener - Using new Channel '[id: 0xe13878b9, L:/127.0.0.1:53509 - R:localhost/127.0.0.1:53503]' for 'GET' to '/json/version'
14:47:10.981 [AsyncHttpClient-1-7] DEBUG org.asynchttpclient.netty.handler.HttpHandler - 

Request DefaultFullHttpRequest(decodeResult: success, version: HTTP/1.1, content: EmptyByteBufBE)
GET /json/version HTTP/1.1
User-Agent: selenium/4.8.1 (java windows)
host: localhost:53503
accept: */*

Response DefaultHttpResponse(decodeResult: success, version: HTTP/1.1)
HTTP/1.1 200 OK
Content-Security-Policy: frame-ancestors 'none'
Content-Length: 424
Content-Type: application/json; charset=UTF-8

14:47:10.981 [AsyncHttpClient-1-7] DEBUG org.asynchttpclient.netty.channel.ChannelManager - Adding key: http://localhost:53503 for channel [id: 0xe13878b9, L:/127.0.0.1:53509 - R:localhost/127.0.0.1:53503]
14:47:10.985 [AsyncHttpClient-1-8] DEBUG org.asynchttpclient.netty.channel.NettyConnectListener - Using new Channel '[id: 0x9e952e13, L:/127.0.0.1:53510 - R:localhost/127.0.0.1:53503]' for 'GET' to '/devtools/browser/dbaa52b6-2d6f-4035-af65-4a40786a5a4d'
14:47:10.986 [AsyncHttpClient-1-8] DEBUG org.asynchttpclient.netty.handler.WebSocketHandler - 

Request DefaultFullHttpRequest(decodeResult: success, version: HTTP/1.1, content: EmptyByteBufBE)
GET /devtools/browser/dbaa52b6-2d6f-4035-af65-4a40786a5a4d HTTP/1.1
upgrade: websocket
connection: upgrade
sec-websocket-key: w541sD1CN6Q2XZhLuUKGtg==
sec-websocket-version: 13
origin: http://localhost:53503
host: localhost:53503
accept: */*
user-agent: AHC/2.1

Response DefaultHttpResponse(decodeResult: success, version: HTTP/1.1)
HTTP/1.1 101 WebSocket Protocol Handshake
Upgrade: WebSocket
Connection: Upgrade
Sec-WebSocket-Accept: aNRcTFX9UD97xbUrRtoh8k4hdNo=

14:47:10.993 [Forwarding get on session bec2ccdcda26fd83d509651fce62f431 to remote] DEBUG org.asynchttpclient.netty.request.NettyRequestSender - Using pooled Channel '[id: 0xb719b748, L:/127.0.0.1:53502 - R:localhost/127.0.0.1:1920]' for 'POST' to 'http://localhost:1920/session/bec2ccdcda26fd83d509651fce62f431/url'
14:47:10.993 [Forwarding get on session bec2ccdcda26fd83d509651fce62f431 to remote] DEBUG org.asynchttpclient.netty.request.NettyRequestSender - Using open Channel [id: 0xb719b748, L:/127.0.0.1:53502 - R:localhost/127.0.0.1:1920] for POST '/session/bec2ccdcda26fd83d509651fce62f431/url'
14:47:11.445 [AsyncHttpClient-1-1] DEBUG org.asynchttpclient.netty.channel.DefaultChannelPool - Entry count for : http://localhost:53503 : 1
14:47:11.777 [AsyncHttpClient-1-6] DEBUG org.asynchttpclient.netty.handler.HttpHandler - 

Request DefaultHttpRequest(decodeResult: success, version: HTTP/1.1)
POST /session/bec2ccdcda26fd83d509651fce62f431/url HTTP/1.1
User-Agent: selenium/4.8.1 (java windows)
Content-Length: 64
Content-Type: application/json; charset=utf-8
host: localhost:1920
accept: */*

Response DefaultHttpResponse(decodeResult: success, version: HTTP/1.1)
HTTP/1.1 200 OK
Content-Length: 14
Content-Type: application/json; charset=utf-8
cache-control: no-cache

14:47:11.778 [AsyncHttpClient-1-6] DEBUG org.asynchttpclient.netty.channel.ChannelManager - Adding key: http://localhost:1920 for channel [id: 0xb719b748, L:/127.0.0.1:53502 - R:localhost/127.0.0.1:1920]
14:47:11.786 [Forwarding setTimeout on session bec2ccdcda26fd83d509651fce62f431 to remote] DEBUG org.asynchttpclient.netty.request.NettyRequestSender - Using pooled Channel '[id: 0xb719b748, L:/127.0.0.1:53502 - R:localhost/127.0.0.1:1920]' for 'POST' to 'http://localhost:1920/session/bec2ccdcda26fd83d509651fce62f431/timeouts'
14:47:11.786 [Forwarding setTimeout on session bec2ccdcda26fd83d509651fce62f431 to remote] DEBUG org.asynchttpclient.netty.request.NettyRequestSender - Using open Channel [id: 0xb719b748, L:/127.0.0.1:53502 - R:localhost/127.0.0.1:1920] for POST '/session/bec2ccdcda26fd83d509651fce62f431/timeouts'
14:47:11.789 [AsyncHttpClient-1-6] DEBUG org.asynchttpclient.netty.handler.HttpHandler - 

Request DefaultHttpRequest(decodeResult: success, version: HTTP/1.1)
POST /session/bec2ccdcda26fd83d509651fce62f431/timeouts HTTP/1.1
User-Agent: selenium/4.8.1 (java windows)
Content-Length: 22
Content-Type: application/json; charset=utf-8
host: localhost:1920
accept: */*

Response DefaultHttpResponse(decodeResult: success, version: HTTP/1.1)
HTTP/1.1 200 OK
Content-Length: 14
Content-Type: application/json; charset=utf-8
cache-control: no-cache

14:47:11.789 [AsyncHttpClient-1-6] DEBUG org.asynchttpclient.netty.channel.ChannelManager - Adding key: http://localhost:1920 for channel [id: 0xb719b748, L:/127.0.0.1:53502 - R:localhost/127.0.0.1:1920]
14:47:11.803 [Forwarding findElement on session bec2ccdcda26fd83d509651fce62f431 to remote] DEBUG org.asynchttpclient.netty.request.NettyRequestSender - Using pooled Channel '[id: 0xb719b748, L:/127.0.0.1:53502 - R:localhost/127.0.0.1:1920]' for 'POST' to 'http://localhost:1920/session/bec2ccdcda26fd83d509651fce62f431/element'
14:47:11.803 [Forwarding findElement on session bec2ccdcda26fd83d509651fce62f431 to remote] DEBUG org.asynchttpclient.netty.request.NettyRequestSender - Using open Channel [id: 0xb719b748, L:/127.0.0.1:53502 - R:localhost/127.0.0.1:1920] for POST '/session/bec2ccdcda26fd83d509651fce62f431/element'
14:47:11.862 [AsyncHttpClient-1-6] DEBUG org.asynchttpclient.netty.handler.HttpHandler - 

Request DefaultHttpRequest(decodeResult: success, version: HTTP/1.1)
POST /session/bec2ccdcda26fd83d509651fce62f431/element HTTP/1.1
User-Agent: selenium/4.8.1 (java windows)
Content-Length: 67
Content-Type: application/json; charset=utf-8
host: localhost:1920
accept: */*

Response DefaultHttpResponse(decodeResult: success, version: HTTP/1.1)
HTTP/1.1 200 OK
Content-Length: 95
Content-Type: application/json; charset=utf-8
cache-control: no-cache

14:47:11.863 [AsyncHttpClient-1-6] DEBUG org.asynchttpclient.netty.channel.ChannelManager - Adding key: http://localhost:1920 for channel [id: 0xb719b748, L:/127.0.0.1:53502 - R:localhost/127.0.0.1:1920]
14:47:11.869 [Forwarding isElementDisplayed on session bec2ccdcda26fd83d509651fce62f431 to remote] DEBUG org.asynchttpclient.netty.request.NettyRequestSender - Using pooled Channel '[id: 0xb719b748, L:/127.0.0.1:53502 - R:localhost/127.0.0.1:1920]' for 'POST' to 'http://localhost:1920/session/bec2ccdcda26fd83d509651fce62f431/execute/sync'
14:47:11.869 [Forwarding isElementDisplayed on session bec2ccdcda26fd83d509651fce62f431 to remote] DEBUG org.asynchttpclient.netty.request.NettyRequestSender - Using open Channel [id: 0xb719b748, L:/127.0.0.1:53502 - R:localhost/127.0.0.1:1920] for POST '/session/bec2ccdcda26fd83d509651fce62f431/execute/sync'
14:47:11.920 [AsyncHttpClient-1-6] DEBUG org.asynchttpclient.netty.handler.HttpHandler - 

Request DefaultHttpRequest(decodeResult: success, version: HTTP/1.1)
POST /session/bec2ccdcda26fd83d509651fce62f431/execute/sync HTTP/1.1
User-Agent: selenium/4.8.1 (java windows)
Content-Length: 48814
Content-Type: application/json; charset=utf-8
host: localhost:1920
accept: */*

Response DefaultHttpResponse(decodeResult: success, version: HTTP/1.1)
HTTP/1.1 200 OK
Content-Length: 14
Content-Type: application/json; charset=utf-8
cache-control: no-cache

14:47:11.921 [AsyncHttpClient-1-6] DEBUG org.asynchttpclient.netty.channel.ChannelManager - Adding key: http://localhost:1920 for channel [id: 0xb719b748, L:/127.0.0.1:53502 - R:localhost/127.0.0.1:1920]
14:47:11.940 [Forwarding isElementDisplayed on session bec2ccdcda26fd83d509651fce62f431 to remote] DEBUG org.asynchttpclient.netty.request.NettyRequestSender - Using pooled Channel '[id: 0xb719b748, L:/127.0.0.1:53502 - R:localhost/127.0.0.1:1920]' for 'POST' to 'http://localhost:1920/session/bec2ccdcda26fd83d509651fce62f431/execute/sync'
14:47:11.940 [Forwarding isElementDisplayed on session bec2ccdcda26fd83d509651fce62f431 to remote] DEBUG org.asynchttpclient.netty.request.NettyRequestSender - Using open Channel [id: 0xb719b748, L:/127.0.0.1:53502 - R:localhost/127.0.0.1:1920] for POST '/session/bec2ccdcda26fd83d509651fce62f431/execute/sync'
14:47:11.961 [AsyncHttpClient-1-6] DEBUG org.asynchttpclient.netty.handler.HttpHandler - 

Request DefaultHttpRequest(decodeResult: success, version: HTTP/1.1)
POST /session/bec2ccdcda26fd83d509651fce62f431/execute/sync HTTP/1.1
User-Agent: selenium/4.8.1 (java windows)
Content-Length: 48814
Content-Type: application/json; charset=utf-8
host: localhost:1920
accept: */*

Response DefaultHttpResponse(decodeResult: success, version: HTTP/1.1)
HTTP/1.1 200 OK
Content-Length: 14
Content-Type: application/json; charset=utf-8
cache-control: no-cache

14:47:11.961 [AsyncHttpClient-1-6] DEBUG org.asynchttpclient.netty.channel.ChannelManager - Adding key: http://localhost:1920 for channel [id: 0xb719b748, L:/127.0.0.1:53502 - R:localhost/127.0.0.1:1920]
14:47:11.964 [main] DEBUG net.thucydides.core.steps.StepInterceptor - STEP DONE: onLoginPage
  &amp#27;[32mGiven &amp#27;[0m&amp#27;[32muser on login page to see ticket ka5&amp#27;[0m               &amp#27;[90m# starter.stepdefinitions.Admin.DaftarTiketKeretaApi.LihatTiketKASteps.userOnLoginPage5()&amp#27;[0m
14:47:11.977 [main] DEBUG net.thucydides.core.steps.StepInterceptor - STARTING STEP: LihatTiketKASteps.userInputEmail5 - inputEmail
14:47:11.982 [Forwarding findElement on session bec2ccdcda26fd83d509651fce62f431 to remote] DEBUG org.asynchttpclient.netty.request.NettyRequestSender - Using pooled Channel '[id: 0xb719b748, L:/127.0.0.1:53502 - R:localhost/127.0.0.1:1920]' for 'POST' to 'http://localhost:1920/session/bec2ccdcda26fd83d509651fce62f431/element'
14:47:11.982 [Forwarding findElement on session bec2ccdcda26fd83d509651fce62f431 to remote] DEBUG org.asynchttpclient.netty.request.NettyRequestSender - Using open Channel [id: 0xb719b748, L:/127.0.0.1:53502 - R:localhost/127.0.0.1:1920] for POST '/session/bec2ccdcda26fd83d509651fce62f431/element'
14:47:12.007 [AsyncHttpClient-1-6] DEBUG org.asynchttpclient.netty.handler.HttpHandler - 

Request DefaultHttpRequest(decodeResult: success, version: HTTP/1.1)
POST /session/bec2ccdcda26fd83d509651fce62f431/element HTTP/1.1
User-Agent: selenium/4.8.1 (java windows)
Content-Length: 59
Content-Type: application/json; charset=utf-8
host: localhost:1920
accept: */*

Response DefaultHttpResponse(decodeResult: success, version: HTTP/1.1)
HTTP/1.1 200 OK
Content-Length: 94
Content-Type: application/json; charset=utf-8
cache-control: no-cache

14:47:12.007 [AsyncHttpClient-1-6] DEBUG org.asynchttpclient.netty.channel.ChannelManager - Adding key: http://localhost:1920 for channel [id: 0xb719b748, L:/127.0.0.1:53502 - R:localhost/127.0.0.1:1920]
14:47:12.010 [Forwarding clearElement on session bec2ccdcda26fd83d509651fce62f431 to remote] DEBUG org.asynchttpclient.netty.request.NettyRequestSender - Using pooled Channel '[id: 0xb719b748, L:/127.0.0.1:53502 - R:localhost/127.0.0.1:1920]' for 'POST' to 'http://localhost:1920/session/bec2ccdcda26fd83d509651fce62f431/element/6B655025094DB0FC27B531751867DEBD_element_3/clear'
14:47:12.010 [Forwarding clearElement on session bec2ccdcda26fd83d509651fce62f431 to remote] DEBUG org.asynchttpclient.netty.request.NettyRequestSender - Using open Channel [id: 0xb719b748, L:/127.0.0.1:53502 - R:localhost/127.0.0.1:1920] for POST '/session/bec2ccdcda26fd83d509651fce62f431/element/6B655025094DB0FC27B531751867DEBD_element_3/clear'
14:47:12.082 [AsyncHttpClient-1-6] DEBUG org.asynchttpclient.netty.handler.HttpHandler - 

Request DefaultHttpRequest(decodeResult: success, version: HTTP/1.1)
POST /session/bec2ccdcda26fd83d509651fce62f431/element/6B655025094DB0FC27B531751867DEBD_element_3/clear HTTP/1.1
User-Agent: selenium/4.8.1 (java windows)
Content-Length: 56
Content-Type: application/json; charset=utf-8
host: localhost:1920
accept: */*

Response DefaultHttpResponse(decodeResult: success, version: HTTP/1.1)
HTTP/1.1 200 OK
Content-Length: 14
Content-Type: application/json; charset=utf-8
cache-control: no-cache

14:47:12.083 [AsyncHttpClient-1-6] DEBUG org.asynchttpclient.netty.channel.ChannelManager - Adding key: http://localhost:1920 for channel [id: 0xb719b748, L:/127.0.0.1:53502 - R:localhost/127.0.0.1:1920]
14:47:12.086 [Forwarding sendKeysToElement on session bec2ccdcda26fd83d509651fce62f431 to remote] DEBUG org.asynchttpclient.netty.request.NettyRequestSender - Using pooled Channel '[id: 0xb719b748, L:/127.0.0.1:53502 - R:localhost/127.0.0.1:1920]' for 'POST' to 'http://localhost:1920/session/bec2ccdcda26fd83d509651fce62f431/element/6B655025094DB0FC27B531751867DEBD_element_3/value'
14:47:12.086 [Forwarding sendKeysToElement on session bec2ccdcda26fd83d509651fce62f431 to remote] DEBUG org.asynchttpclient.netty.request.NettyRequestSender - Using open Channel [id: 0xb719b748, L:/127.0.0.1:53502 - R:localhost/127.0.0.1:1920] for POST '/session/bec2ccdcda26fd83d509651fce62f431/element/6B655025094DB0FC27B531751867DEBD_element_3/value'
14:47:12.276 [AsyncHttpClient-1-6] DEBUG org.asynchttpclient.netty.handler.HttpHandler - 

Request DefaultHttpRequest(decodeResult: success, version: HTTP/1.1)
POST /session/bec2ccdcda26fd83d509651fce62f431/element/6B655025094DB0FC27B531751867DEBD_element_3/value HTTP/1.1
User-Agent: selenium/4.8.1 (java windows)
Content-Length: 237
Content-Type: application/json; charset=utf-8
host: localhost:1920
accept: */*

Response DefaultHttpResponse(decodeResult: success, version: HTTP/1.1)
HTTP/1.1 200 OK
Content-Length: 14
Content-Type: application/json; charset=utf-8
cache-control: no-cache

14:47:12.276 [AsyncHttpClient-1-6] DEBUG org.asynchttpclient.netty.channel.ChannelManager - Adding key: http://localhost:1920 for channel [id: 0xb719b748, L:/127.0.0.1:53502 - R:localhost/127.0.0.1:1920]
14:47:12.282 [main] DEBUG net.thucydides.core.steps.StepInterceptor - STEP DONE: inputEmail
  &amp#27;[32mWhen &amp#27;[0m&amp#27;[32muser input email to see ticket ka5&amp#27;[0m                  &amp#27;[90m# starter.stepdefinitions.Admin.DaftarTiketKeretaApi.LihatTiketKASteps.userInputEmail5()&amp#27;[0m
14:47:12.297 [main] DEBUG net.thucydides.core.steps.StepInterceptor - STARTING STEP: LihatTiketKASteps.userInputPassword5 - inputPassword
14:47:12.302 [Forwarding findElement on session bec2ccdcda26fd83d509651fce62f431 to remote] DEBUG org.asynchttpclient.netty.request.NettyRequestSender - Using pooled Channel '[id: 0xb719b748, L:/127.0.0.1:53502 - R:localhost/127.0.0.1:1920]' for 'POST' to 'http://localhost:1920/session/bec2ccdcda26fd83d509651fce62f431/element'
14:47:12.302 [Forwarding findElement on session bec2ccdcda26fd83d509651fce62f431 to remote] DEBUG org.asynchttpclient.netty.request.NettyRequestSender - Using open Channel [id: 0xb719b748, L:/127.0.0.1:53502 - R:localhost/127.0.0.1:1920] for POST '/session/bec2ccdcda26fd83d509651fce62f431/element'
14:47:12.320 [AsyncHttpClient-1-6] DEBUG org.asynchttpclient.netty.handler.HttpHandler - 

Request DefaultHttpRequest(decodeResult: success, version: HTTP/1.1)
POST /session/bec2ccdcda26fd83d509651fce62f431/element HTTP/1.1
User-Agent: selenium/4.8.1 (java windows)
Content-Length: 62
Content-Type: application/json; charset=utf-8
host: localhost:1920
accept: */*

Response DefaultHttpResponse(decodeResult: success, version: HTTP/1.1)
HTTP/1.1 200 OK
Content-Length: 94
Content-Type: application/json; charset=utf-8
cache-control: no-cache

14:47:12.320 [AsyncHttpClient-1-6] DEBUG org.asynchttpclient.netty.channel.ChannelManager - Adding key: http://localhost:1920 for channel [id: 0xb719b748, L:/127.0.0.1:53502 - R:localhost/127.0.0.1:1920]
14:47:12.322 [Forwarding clearElement on session bec2ccdcda26fd83d509651fce62f431 to remote] DEBUG org.asynchttpclient.netty.request.NettyRequestSender - Using pooled Channel '[id: 0xb719b748, L:/127.0.0.1:53502 - R:localhost/127.0.0.1:1920]' for 'POST' to 'http://localhost:1920/session/bec2ccdcda26fd83d509651fce62f431/element/6B655025094DB0FC27B531751867DEBD_element_5/clear'
14:47:12.322 [Forwarding clearElement on session bec2ccdcda26fd83d509651fce62f431 to remote] DEBUG org.asynchttpclient.netty.request.NettyRequestSender - Using open Channel [id: 0xb719b748, L:/127.0.0.1:53502 - R:localhost/127.0.0.1:1920] for POST '/session/bec2ccdcda26fd83d509651fce62f431/element/6B655025094DB0FC27B531751867DEBD_element_5/clear'
14:47:12.359 [AsyncHttpClient-1-6] DEBUG org.asynchttpclient.netty.handler.HttpHandler - 

Request DefaultHttpRequest(decodeResult: success, version: HTTP/1.1)
POST /session/bec2ccdcda26fd83d509651fce62f431/element/6B655025094DB0FC27B531751867DEBD_element_5/clear HTTP/1.1
User-Agent: selenium/4.8.1 (java windows)
Content-Length: 56
Content-Type: application/json; charset=utf-8
host: localhost:1920
accept: */*

Response DefaultHttpResponse(decodeResult: success, version: HTTP/1.1)
HTTP/1.1 200 OK
Content-Length: 14
Content-Type: application/json; charset=utf-8
cache-control: no-cache

14:47:12.360 [AsyncHttpClient-1-6] DEBUG org.asynchttpclient.netty.channel.ChannelManager - Adding key: http://localhost:1920 for channel [id: 0xb719b748, L:/127.0.0.1:53502 - R:localhost/127.0.0.1:1920]
14:47:12.362 [Forwarding sendKeysToElement on session bec2ccdcda26fd83d509651fce62f431 to remote] DEBUG org.asynchttpclient.netty.request.NettyRequestSender - Using pooled Channel '[id: 0xb719b748, L:/127.0.0.1:53502 - R:localhost/127.0.0.1:1920]' for 'POST' to 'http://localhost:1920/session/bec2ccdcda26fd83d509651fce62f431/element/6B655025094DB0FC27B531751867DEBD_element_5/value'
14:47:12.362 [Forwarding sendKeysToElement on session bec2ccdcda26fd83d509651fce62f431 to remote] DEBUG org.asynchttpclient.netty.request.NettyRequestSender - Using open Channel [id: 0xb719b748, L:/127.0.0.1:53502 - R:localhost/127.0.0.1:1920] for POST '/session/bec2ccdcda26fd83d509651fce62f431/element/6B655025094DB0FC27B531751867DEBD_element_5/value'
14:47:12.547 [AsyncHttpClient-1-1] DEBUG org.asynchttpclient.netty.channel.DefaultChannelPool - Entry count for : http://localhost:53503 : 1
14:47:12.597 [AsyncHttpClient-1-6] DEBUG org.asynchttpclient.netty.handler.HttpHandler - 

Request DefaultHttpRequest(decodeResult: success, version: HTTP/1.1)
POST /session/bec2ccdcda26fd83d509651fce62f431/element/6B655025094DB0FC27B531751867DEBD_element_5/value HTTP/1.1
User-Agent: selenium/4.8.1 (java windows)
Content-Length: 177
Content-Type: application/json; charset=utf-8
host: localhost:1920
accept: */*

Response DefaultHttpResponse(decodeResult: success, version: HTTP/1.1)
HTTP/1.1 200 OK
Content-Length: 14
Content-Type: application/json; charset=utf-8
cache-control: no-cache

14:47:12.597 [AsyncHttpClient-1-6] DEBUG org.asynchttpclient.netty.channel.ChannelManager - Adding key: http://localhost:1920 for channel [id: 0xb719b748, L:/127.0.0.1:53502 - R:localhost/127.0.0.1:1920]
14:47:12.603 [main] DEBUG net.thucydides.core.steps.StepInterceptor - STEP DONE: inputPassword
  &amp#27;[32mAnd &amp#27;[0m&amp#27;[32muser input password to see ticket ka5&amp#27;[0m                &amp#27;[90m# starter.stepdefinitions.Admin.DaftarTiketKeretaApi.LihatTiketKASteps.userInputPassword5()&amp#27;[0m
14:47:12.616 [main] DEBUG net.thucydides.core.steps.StepInterceptor - STARTING STEP: LihatTiketKASteps.userClickLogin5 - clickLoginButton
14:47:12.622 [Forwarding findElement on session bec2ccdcda26fd83d509651fce62f431 to remote] DEBUG org.asynchttpclient.netty.request.NettyRequestSender - Using pooled Channel '[id: 0xb719b748, L:/127.0.0.1:53502 - R:localhost/127.0.0.1:1920]' for 'POST' to 'http://localhost:1920/session/bec2ccdcda26fd83d509651fce62f431/element'
14:47:12.622 [Forwarding findElement on session bec2ccdcda26fd83d509651fce62f431 to remote] DEBUG org.asynchttpclient.netty.request.NettyRequestSender - Using open Channel [id: 0xb719b748, L:/127.0.0.1:53502 - R:localhost/127.0.0.1:1920] for POST '/session/bec2ccdcda26fd83d509651fce62f431/element'
14:47:12.644 [AsyncHttpClient-1-6] DEBUG org.asynchttpclient.netty.handler.HttpHandler - 

Request DefaultHttpRequest(decodeResult: success, version: HTTP/1.1)
POST /session/bec2ccdcda26fd83d509651fce62f431/element HTTP/1.1
User-Agent: selenium/4.8.1 (java windows)
Content-Length: 97
Content-Type: application/json; charset=utf-8
host: localhost:1920
accept: */*

Response DefaultHttpResponse(decodeResult: success, version: HTTP/1.1)
HTTP/1.1 200 OK
Content-Length: 94
Content-Type: application/json; charset=utf-8
cache-control: no-cache

14:47:12.644 [AsyncHttpClient-1-6] DEBUG org.asynchttpclient.netty.channel.ChannelManager - Adding key: http://localhost:1920 for channel [id: 0xb719b748, L:/127.0.0.1:53502 - R:localhost/127.0.0.1:1920]
14:47:12.647 [Forwarding getElementTagName on session bec2ccdcda26fd83d509651fce62f431 to remote] DEBUG org.asynchttpclient.netty.request.NettyRequestSender - Using pooled Channel '[id: 0xb719b748, L:/127.0.0.1:53502 - R:localhost/127.0.0.1:1920]' for 'GET' to 'http://localhost:1920/session/bec2ccdcda26fd83d509651fce62f431/element/6B655025094DB0FC27B531751867DEBD_element_8/name'
14:47:12.647 [Forwarding getElementTagName on session bec2ccdcda26fd83d509651fce62f431 to remote] DEBUG org.asynchttpclient.netty.request.NettyRequestSender - Using open Channel [id: 0xb719b748, L:/127.0.0.1:53502 - R:localhost/127.0.0.1:1920] for GET '/session/bec2ccdcda26fd83d509651fce62f431/element/6B655025094DB0FC27B531751867DEBD_element_8/name'
14:47:12.655 [AsyncHttpClient-1-6] DEBUG org.asynchttpclient.netty.handler.HttpHandler - 

Request DefaultFullHttpRequest(decodeResult: success, version: HTTP/1.1, content: EmptyByteBufBE)
GET /session/bec2ccdcda26fd83d509651fce62f431/element/6B655025094DB0FC27B531751867DEBD_element_8/name HTTP/1.1
User-Agent: selenium/4.8.1 (java windows)
Cache-Control: no-cache
Content-Type: application/json; charset=utf-8
host: localhost:1920
accept: */*

Response DefaultHttpResponse(decodeResult: success, version: HTTP/1.1)
HTTP/1.1 200 OK
Content-Length: 18
Content-Type: application/json; charset=utf-8
cache-control: no-cache

14:47:12.655 [AsyncHttpClient-1-6] DEBUG org.asynchttpclient.netty.channel.ChannelManager - Adding key: http://localhost:1920 for channel [id: 0xb719b748, L:/127.0.0.1:53502 - R:localhost/127.0.0.1:1920]
14:47:12.657 [Forwarding getElementTagName on session bec2ccdcda26fd83d509651fce62f431 to remote] DEBUG org.asynchttpclient.netty.request.NettyRequestSender - Using pooled Channel '[id: 0xb719b748, L:/127.0.0.1:53502 - R:localhost/127.0.0.1:1920]' for 'GET' to 'http://localhost:1920/session/bec2ccdcda26fd83d509651fce62f431/element/6B655025094DB0FC27B531751867DEBD_element_8/name'
14:47:12.657 [Forwarding getElementTagName on session bec2ccdcda26fd83d509651fce62f431 to remote] DEBUG org.asynchttpclient.netty.request.NettyRequestSender - Using open Channel [id: 0xb719b748, L:/127.0.0.1:53502 - R:localhost/127.0.0.1:1920] for GET '/session/bec2ccdcda26fd83d509651fce62f431/element/6B655025094DB0FC27B531751867DEBD_element_8/name'
14:47:12.663 [AsyncHttpClient-1-6] DEBUG org.asynchttpclient.netty.handler.HttpHandler - 

Request DefaultFullHttpRequest(decodeResult: success, version: HTTP/1.1, content: EmptyByteBufBE)
GET /session/bec2ccdcda26fd83d509651fce62f431/element/6B655025094DB0FC27B531751867DEBD_element_8/name HTTP/1.1
User-Agent: selenium/4.8.1 (java windows)
Cache-Control: no-cache
Content-Type: application/json; charset=utf-8
host: localhost:1920
accept: */*

Response DefaultHttpResponse(decodeResult: success, version: HTTP/1.1)
HTTP/1.1 200 OK
Content-Length: 18
Content-Type: application/json; charset=utf-8
cache-control: no-cache

14:47:12.664 [AsyncHttpClient-1-6] DEBUG org.asynchttpclient.netty.channel.ChannelManager - Adding key: http://localhost:1920 for channel [id: 0xb719b748, L:/127.0.0.1:53502 - R:localhost/127.0.0.1:1920]
14:47:12.667 [Forwarding isElementEnabled on session bec2ccdcda26fd83d509651fce62f431 to remote] DEBUG org.asynchttpclient.netty.request.NettyRequestSender - Using pooled Channel '[id: 0xb719b748, L:/127.0.0.1:53502 - R:localhost/127.0.0.1:1920]' for 'GET' to 'http://localhost:1920/session/bec2ccdcda26fd83d509651fce62f431/element/6B655025094DB0FC27B531751867DEBD_element_8/enabled'
14:47:12.667 [Forwarding isElementEnabled on session bec2ccdcda26fd83d509651fce62f431 to remote] DEBUG org.asynchttpclient.netty.request.NettyRequestSender - Using open Channel [id: 0xb719b748, L:/127.0.0.1:53502 - R:localhost/127.0.0.1:1920] for GET '/session/bec2ccdcda26fd83d509651fce62f431/element/6B655025094DB0FC27B531751867DEBD_element_8/enabled'
14:47:12.682 [AsyncHttpClient-1-6] DEBUG org.asynchttpclient.netty.handler.HttpHandler - 

Request DefaultFullHttpRequest(decodeResult: success, version: HTTP/1.1, content: EmptyByteBufBE)
GET /session/bec2ccdcda26fd83d509651fce62f431/element/6B655025094DB0FC27B531751867DEBD_element_8/enabled HTTP/1.1
User-Agent: selenium/4.8.1 (java windows)
Cache-Control: no-cache
Content-Type: application/json; charset=utf-8
host: localhost:1920
accept: */*

Response DefaultHttpResponse(decodeResult: success, version: HTTP/1.1)
HTTP/1.1 200 OK
Content-Length: 14
Content-Type: application/json; charset=utf-8
cache-control: no-cache

14:47:12.682 [AsyncHttpClient-1-6] DEBUG org.asynchttpclient.netty.channel.ChannelManager - Adding key: http://localhost:1920 for channel [id: 0xb719b748, L:/127.0.0.1:53502 - R:localhost/127.0.0.1:1920]
14:47:12.684 [Forwarding isElementEnabled on session bec2ccdcda26fd83d509651fce62f431 to remote] DEBUG org.asynchttpclient.netty.request.NettyRequestSender - Using pooled Channel '[id: 0xb719b748, L:/127.0.0.1:53502 - R:localhost/127.0.0.1:1920]' for 'GET' to 'http://localhost:1920/session/bec2ccdcda26fd83d509651fce62f431/element/6B655025094DB0FC27B531751867DEBD_element_8/enabled'
14:47:12.684 [Forwarding isElementEnabled on session bec2ccdcda26fd83d509651fce62f431 to remote] DEBUG org.asynchttpclient.netty.request.NettyRequestSender - Using open Channel [id: 0xb719b748, L:/127.0.0.1:53502 - R:localhost/127.0.0.1:1920] for GET '/session/bec2ccdcda26fd83d509651fce62f431/element/6B655025094DB0FC27B531751867DEBD_element_8/enabled'
14:47:12.693 [AsyncHttpClient-1-6] DEBUG org.asynchttpclient.netty.handler.HttpHandler - 

Request DefaultFullHttpRequest(decodeResult: success, version: HTTP/1.1, content: EmptyByteBufBE)
GET /session/bec2ccdcda26fd83d509651fce62f431/element/6B655025094DB0FC27B531751867DEBD_element_8/enabled HTTP/1.1
User-Agent: selenium/4.8.1 (java windows)
Cache-Control: no-cache
Content-Type: application/json; charset=utf-8
host: localhost:1920
accept: */*

Response DefaultHttpResponse(decodeResult: success, version: HTTP/1.1)
HTTP/1.1 200 OK
Content-Length: 14
Content-Type: application/json; charset=utf-8
cache-control: no-cache

14:47:12.694 [AsyncHttpClient-1-6] DEBUG org.asynchttpclient.netty.channel.ChannelManager - Adding key: http://localhost:1920 for channel [id: 0xb719b748, L:/127.0.0.1:53502 - R:localhost/127.0.0.1:1920]
14:47:12.697 [Forwarding findElement on session bec2ccdcda26fd83d509651fce62f431 to remote] DEBUG org.asynchttpclient.netty.request.NettyRequestSender - Using pooled Channel '[id: 0xb719b748, L:/127.0.0.1:53502 - R:localhost/127.0.0.1:1920]' for 'POST' to 'http://localhost:1920/session/bec2ccdcda26fd83d509651fce62f431/element'
14:47:12.697 [Forwarding findElement on session bec2ccdcda26fd83d509651fce62f431 to remote] DEBUG org.asynchttpclient.netty.request.NettyRequestSender - Using open Channel [id: 0xb719b748, L:/127.0.0.1:53502 - R:localhost/127.0.0.1:1920] for POST '/session/bec2ccdcda26fd83d509651fce62f431/element'
14:47:12.709 [AsyncHttpClient-1-6] DEBUG org.asynchttpclient.netty.handler.HttpHandler - 

Request DefaultHttpRequest(decodeResult: success, version: HTTP/1.1)
POST /session/bec2ccdcda26fd83d509651fce62f431/element HTTP/1.1
User-Agent: selenium/4.8.1 (java windows)
Content-Length: 97
Content-Type: application/json; charset=utf-8
host: localhost:1920
accept: */*

Response DefaultHttpResponse(decodeResult: success, version: HTTP/1.1)
HTTP/1.1 200 OK
Content-Length: 94
Content-Type: application/json; charset=utf-8
cache-control: no-cache

14:47:12.709 [AsyncHttpClient-1-6] DEBUG org.asynchttpclient.netty.channel.ChannelManager - Adding key: http://localhost:1920 for channel [id: 0xb719b748, L:/127.0.0.1:53502 - R:localhost/127.0.0.1:1920]
14:47:12.710 [Forwarding clickElement on session bec2ccdcda26fd83d509651fce62f431 to remote] DEBUG org.asynchttpclient.netty.request.NettyRequestSender - Using pooled Channel '[id: 0xb719b748, L:/127.0.0.1:53502 - R:localhost/127.0.0.1:1920]' for 'POST' to 'http://localhost:1920/session/bec2ccdcda26fd83d509651fce62f431/element/6B655025094DB0FC27B531751867DEBD_element_8/click'
14:47:12.711 [Forwarding clickElement on session bec2ccdcda26fd83d509651fce62f431 to remote] DEBUG org.asynchttpclient.netty.request.NettyRequestSender - Using open Channel [id: 0xb719b748, L:/127.0.0.1:53502 - R:localhost/127.0.0.1:1920] for POST '/session/bec2ccdcda26fd83d509651fce62f431/element/6B655025094DB0FC27B531751867DEBD_element_8/click'
14:47:12.783 [AsyncHttpClient-1-6] DEBUG org.asynchttpclient.netty.handler.HttpHandler - 

Request DefaultHttpRequest(decodeResult: success, version: HTTP/1.1)
POST /session/bec2ccdcda26fd83d509651fce62f431/element/6B655025094DB0FC27B531751867DEBD_element_8/click HTTP/1.1
User-Agent: selenium/4.8.1 (java windows)
Content-Length: 56
Content-Type: application/json; charset=utf-8
host: localhost:1920
accept: */*

Response DefaultHttpResponse(decodeResult: success, version: HTTP/1.1)
HTTP/1.1 200 OK
Content-Length: 14
Content-Type: application/json; charset=utf-8
cache-control: no-cache

14:47:12.783 [AsyncHttpClient-1-6] DEBUG org.asynchttpclient.netty.channel.ChannelManager - Adding key: http://localhost:1920 for channel [id: 0xb719b748, L:/127.0.0.1:53502 - R:localhost/127.0.0.1:1920]
14:47:12.788 [main] DEBUG net.thucydides.core.steps.StepInterceptor - STEP DONE: clickLoginButton
  &amp#27;[32mAnd &amp#27;[0m&amp#27;[32muser click login to see ticket ka5&amp#27;[0m                   &amp#27;[90m# starter.stepdefinitions.Admin.DaftarTiketKeretaApi.LihatTiketKASteps.userClickLogin5()&amp#27;[0m
14:47:12.801 [main] DEBUG net.thucydides.core.steps.StepInterceptor - STARTING STEP: LihatTiketKASteps.userOnDashboard5 - onDashboardPage
14:47:12.804 [Forwarding findElement on session bec2ccdcda26fd83d509651fce62f431 to remote] DEBUG org.asynchttpclient.netty.request.NettyRequestSender - Using pooled Channel '[id: 0xb719b748, L:/127.0.0.1:53502 - R:localhost/127.0.0.1:1920]' for 'POST' to 'http://localhost:1920/session/bec2ccdcda26fd83d509651fce62f431/element'
14:47:12.805 [Forwarding findElement on session bec2ccdcda26fd83d509651fce62f431 to remote] DEBUG org.asynchttpclient.netty.request.NettyRequestSender - Using open Channel [id: 0xb719b748, L:/127.0.0.1:53502 - R:localhost/127.0.0.1:1920] for POST '/session/bec2ccdcda26fd83d509651fce62f431/element'
14:47:13.237 [AsyncHttpClient-1-6] DEBUG org.asynchttpclient.netty.handler.HttpHandler - 

Request DefaultHttpRequest(decodeResult: success, version: HTTP/1.1)
POST /session/bec2ccdcda26fd83d509651fce62f431/element HTTP/1.1
User-Agent: selenium/4.8.1 (java windows)
Content-Length: 114
Content-Type: application/json; charset=utf-8
host: localhost:1920
accept: */*

Response DefaultHttpResponse(decodeResult: success, version: HTTP/1.1)
HTTP/1.1 200 OK
Content-Length: 95
Content-Type: application/json; charset=utf-8
cache-control: no-cache

14:47:13.237 [AsyncHttpClient-1-6] DEBUG org.asynchttpclient.netty.channel.ChannelManager - Adding key: http://localhost:1920 for channel [id: 0xb719b748, L:/127.0.0.1:53502 - R:localhost/127.0.0.1:1920]
14:47:13.240 [Forwarding isElementDisplayed on session bec2ccdcda26fd83d509651fce62f431 to remote] DEBUG org.asynchttpclient.netty.request.NettyRequestSender - Using pooled Channel '[id: 0xb719b748, L:/127.0.0.1:53502 - R:localhost/127.0.0.1:1920]' for 'POST' to 'http://localhost:1920/session/bec2ccdcda26fd83d509651fce62f431/execute/sync'
14:47:13.240 [Forwarding isElementDisplayed on session bec2ccdcda26fd83d509651fce62f431 to remote] DEBUG org.asynchttpclient.netty.request.NettyRequestSender - Using open Channel [id: 0xb719b748, L:/127.0.0.1:53502 - R:localhost/127.0.0.1:1920] for POST '/session/bec2ccdcda26fd83d509651fce62f431/execute/sync'
14:47:13.253 [AsyncHttpClient-1-6] DEBUG org.asynchttpclient.netty.handler.HttpHandler - 

Request DefaultHttpRequest(decodeResult: success, version: HTTP/1.1)
POST /session/bec2ccdcda26fd83d509651fce62f431/execute/sync HTTP/1.1
User-Agent: selenium/4.8.1 (java windows)
Content-Length: 48814
Content-Type: application/json; charset=utf-8
host: localhost:1920
accept: */*

Response DefaultHttpResponse(decodeResult: success, version: HTTP/1.1)
HTTP/1.1 200 OK
Content-Length: 14
Content-Type: application/json; charset=utf-8
cache-control: no-cache

14:47:13.253 [AsyncHttpClient-1-6] DEBUG org.asynchttpclient.netty.channel.ChannelManager - Adding key: http://localhost:1920 for channel [id: 0xb719b748, L:/127.0.0.1:53502 - R:localhost/127.0.0.1:1920]
14:47:13.256 [Forwarding isElementDisplayed on session bec2ccdcda26fd83d509651fce62f431 to remote] DEBUG org.asynchttpclient.netty.request.NettyRequestSender - Using pooled Channel '[id: 0xb719b748, L:/127.0.0.1:53502 - R:localhost/127.0.0.1:1920]' for 'POST' to 'http://localhost:1920/session/bec2ccdcda26fd83d509651fce62f431/execute/sync'
14:47:13.256 [Forwarding isElementDisplayed on session bec2ccdcda26fd83d509651fce62f431 to remote] DEBUG org.asynchttpclient.netty.request.NettyRequestSender - Using open Channel [id: 0xb719b748, L:/127.0.0.1:53502 - R:localhost/127.0.0.1:1920] for POST '/session/bec2ccdcda26fd83d509651fce62f431/execute/sync'
14:47:13.270 [AsyncHttpClient-1-6] DEBUG org.asynchttpclient.netty.handler.HttpHandler - 

Request DefaultHttpRequest(decodeResult: success, version: HTTP/1.1)
POST /session/bec2ccdcda26fd83d509651fce62f431/execute/sync HTTP/1.1
User-Agent: selenium/4.8.1 (java windows)
Content-Length: 48814
Content-Type: application/json; charset=utf-8
host: localhost:1920
accept: */*

Response DefaultHttpResponse(decodeResult: success, version: HTTP/1.1)
HTTP/1.1 200 OK
Content-Length: 14
Content-Type: application/json; charset=utf-8
cache-control: no-cache

14:47:13.270 [AsyncHttpClient-1-6] DEBUG org.asynchttpclient.netty.channel.ChannelManager - Adding key: http://localhost:1920 for channel [id: 0xb719b748, L:/127.0.0.1:53502 - R:localhost/127.0.0.1:1920]
14:47:13.271 [main] DEBUG net.thucydides.core.steps.StepInterceptor - STEP DONE: onDashboardPage
  &amp#27;[32mAnd &amp#27;[0m&amp#27;[32muser on dashboard to see ticket ka5&amp#27;[0m                  &amp#27;[90m# starter.stepdefinitions.Admin.DaftarTiketKeretaApi.LihatTiketKASteps.userOnDashboard5()&amp#27;[0m
14:47:13.287 [main] DEBUG net.thucydides.core.steps.StepInterceptor - STARTING STEP: LihatTiketKASteps.userClickTiketKA5 - clickTiketKABT
14:47:13.292 [Forwarding findElement on session bec2ccdcda26fd83d509651fce62f431 to remote] DEBUG org.asynchttpclient.netty.request.NettyRequestSender - Using pooled Channel '[id: 0xb719b748, L:/127.0.0.1:53502 - R:localhost/127.0.0.1:1920]' for 'POST' to 'http://localhost:1920/session/bec2ccdcda26fd83d509651fce62f431/element'
14:47:13.292 [Forwarding findElement on session bec2ccdcda26fd83d509651fce62f431 to remote] DEBUG org.asynchttpclient.netty.request.NettyRequestSender - Using open Channel [id: 0xb719b748, L:/127.0.0.1:53502 - R:localhost/127.0.0.1:1920] for POST '/session/bec2ccdcda26fd83d509651fce62f431/element'
14:47:13.328 [AsyncHttpClient-1-6] DEBUG org.asynchttpclient.netty.handler.HttpHandler - 

Request DefaultHttpRequest(decodeResult: success, version: HTTP/1.1)
POST /session/bec2ccdcda26fd83d509651fce62f431/element HTTP/1.1
User-Agent: selenium/4.8.1 (java windows)
Content-Length: 143
Content-Type: application/json; charset=utf-8
host: localhost:1920
accept: */*

Response DefaultHttpResponse(decodeResult: success, version: HTTP/1.1)
HTTP/1.1 200 OK
Content-Length: 95
Content-Type: application/json; charset=utf-8
cache-control: no-cache

14:47:13.329 [AsyncHttpClient-1-6] DEBUG org.asynchttpclient.netty.channel.ChannelManager - Adding key: http://localhost:1920 for channel [id: 0xb719b748, L:/127.0.0.1:53502 - R:localhost/127.0.0.1:1920]
14:47:13.332 [Forwarding getElementTagName on session bec2ccdcda26fd83d509651fce62f431 to remote] DEBUG org.asynchttpclient.netty.request.NettyRequestSender - Using pooled Channel '[id: 0xb719b748, L:/127.0.0.1:53502 - R:localhost/127.0.0.1:1920]' for 'GET' to 'http://localhost:1920/session/bec2ccdcda26fd83d509651fce62f431/element/6B655025094DB0FC27B531751867DEBD_element_35/name'
14:47:13.332 [Forwarding getElementTagName on session bec2ccdcda26fd83d509651fce62f431 to remote] DEBUG org.asynchttpclient.netty.request.NettyRequestSender - Using open Channel [id: 0xb719b748, L:/127.0.0.1:53502 - R:localhost/127.0.0.1:1920] for GET '/session/bec2ccdcda26fd83d509651fce62f431/element/6B655025094DB0FC27B531751867DEBD_element_35/name'
14:47:13.339 [AsyncHttpClient-1-6] DEBUG org.asynchttpclient.netty.handler.HttpHandler - 

Request DefaultFullHttpRequest(decodeResult: success, version: HTTP/1.1, content: EmptyByteBufBE)
GET /session/bec2ccdcda26fd83d509651fce62f431/element/6B655025094DB0FC27B531751867DEBD_element_35/name HTTP/1.1
User-Agent: selenium/4.8.1 (java windows)
Cache-Control: no-cache
Content-Type: application/json; charset=utf-8
host: localhost:1920
accept: */*

Response DefaultHttpResponse(decodeResult: success, version: HTTP/1.1)
HTTP/1.1 200 OK
Content-Length: 13
Content-Type: application/json; charset=utf-8
cache-control: no-cache

14:47:13.339 [AsyncHttpClient-1-6] DEBUG org.asynchttpclient.netty.channel.ChannelManager - Adding key: http://localhost:1920 for channel [id: 0xb719b748, L:/127.0.0.1:53502 - R:localhost/127.0.0.1:1920]
14:47:13.341 [Forwarding getElementTagName on session bec2ccdcda26fd83d509651fce62f431 to remote] DEBUG org.asynchttpclient.netty.request.NettyRequestSender - Using pooled Channel '[id: 0xb719b748, L:/127.0.0.1:53502 - R:localhost/127.0.0.1:1920]' for 'GET' to 'http://localhost:1920/session/bec2ccdcda26fd83d509651fce62f431/element/6B655025094DB0FC27B531751867DEBD_element_35/name'
14:47:13.341 [Forwarding getElementTagName on session bec2ccdcda26fd83d509651fce62f431 to remote] DEBUG org.asynchttpclient.netty.request.NettyRequestSender - Using open Channel [id: 0xb719b748, L:/127.0.0.1:53502 - R:localhost/127.0.0.1:1920] for GET '/session/bec2ccdcda26fd83d509651fce62f431/element/6B655025094DB0FC27B531751867DEBD_element_35/name'
14:47:13.348 [AsyncHttpClient-1-6] DEBUG org.asynchttpclient.netty.handler.HttpHandler - 

Request DefaultFullHttpRequest(decodeResult: success, version: HTTP/1.1, content: EmptyByteBufBE)
GET /session/bec2ccdcda26fd83d509651fce62f431/element/6B655025094DB0FC27B531751867DEBD_element_35/name HTTP/1.1
User-Agent: selenium/4.8.1 (java windows)
Cache-Control: no-cache
Content-Type: application/json; charset=utf-8
host: localhost:1920
accept: */*

Response DefaultHttpResponse(decodeResult: success, version: HTTP/1.1)
HTTP/1.1 200 OK
Content-Length: 13
Content-Type: application/json; charset=utf-8
cache-control: no-cache

14:47:13.349 [AsyncHttpClient-1-6] DEBUG org.asynchttpclient.netty.channel.ChannelManager - Adding key: http://localhost:1920 for channel [id: 0xb719b748, L:/127.0.0.1:53502 - R:localhost/127.0.0.1:1920]
14:47:13.351 [Forwarding findElement on session bec2ccdcda26fd83d509651fce62f431 to remote] DEBUG org.asynchttpclient.netty.request.NettyRequestSender - Using pooled Channel '[id: 0xb719b748, L:/127.0.0.1:53502 - R:localhost/127.0.0.1:1920]' for 'POST' to 'http://localhost:1920/session/bec2ccdcda26fd83d509651fce62f431/element'
14:47:13.351 [Forwarding findElement on session bec2ccdcda26fd83d509651fce62f431 to remote] DEBUG org.asynchttpclient.netty.request.NettyRequestSender - Using open Channel [id: 0xb719b748, L:/127.0.0.1:53502 - R:localhost/127.0.0.1:1920] for POST '/session/bec2ccdcda26fd83d509651fce62f431/element'
14:47:13.360 [AsyncHttpClient-1-6] DEBUG org.asynchttpclient.netty.handler.HttpHandler - 

Request DefaultHttpRequest(decodeResult: success, version: HTTP/1.1)
POST /session/bec2ccdcda26fd83d509651fce62f431/element HTTP/1.1
User-Agent: selenium/4.8.1 (java windows)
Content-Length: 143
Content-Type: application/json; charset=utf-8
host: localhost:1920
accept: */*

Response DefaultHttpResponse(decodeResult: success, version: HTTP/1.1)
HTTP/1.1 200 OK
Content-Length: 95
Content-Type: application/json; charset=utf-8
cache-control: no-cache

14:47:13.360 [AsyncHttpClient-1-6] DEBUG org.asynchttpclient.netty.channel.ChannelManager - Adding key: http://localhost:1920 for channel [id: 0xb719b748, L:/127.0.0.1:53502 - R:localhost/127.0.0.1:1920]
14:47:13.362 [Forwarding clickElement on session bec2ccdcda26fd83d509651fce62f431 to remote] DEBUG org.asynchttpclient.netty.request.NettyRequestSender - Using pooled Channel '[id: 0xb719b748, L:/127.0.0.1:53502 - R:localhost/127.0.0.1:1920]' for 'POST' to 'http://localhost:1920/session/bec2ccdcda26fd83d509651fce62f431/element/6B655025094DB0FC27B531751867DEBD_element_35/click'
14:47:13.362 [Forwarding clickElement on session bec2ccdcda26fd83d509651fce62f431 to remote] DEBUG org.asynchttpclient.netty.request.NettyRequestSender - Using open Channel [id: 0xb719b748, L:/127.0.0.1:53502 - R:localhost/127.0.0.1:1920] for POST '/session/bec2ccdcda26fd83d509651fce62f431/element/6B655025094DB0FC27B531751867DEBD_element_35/click'
14:47:13.645 [AsyncHttpClient-1-1] DEBUG org.asynchttpclient.netty.channel.DefaultChannelPool - Entry count for : http://localhost:53503 : 1
14:47:14.439 [AsyncHttpClient-1-6] DEBUG org.asynchttpclient.netty.handler.HttpHandler - 

Request DefaultHttpRequest(decodeResult: success, version: HTTP/1.1)
POST /session/bec2ccdcda26fd83d509651fce62f431/element/6B655025094DB0FC27B531751867DEBD_element_35/click HTTP/1.1
User-Agent: selenium/4.8.1 (java windows)
Content-Length: 57
Content-Type: application/json; charset=utf-8
host: localhost:1920
accept: */*

Response DefaultHttpResponse(decodeResult: success, version: HTTP/1.1)
HTTP/1.1 400 Bad Request
Content-Length: 1306
Content-Type: application/json; charset=utf-8
cache-control: no-cache

14:47:14.441 [AsyncHttpClient-1-6] DEBUG org.asynchttpclient.netty.channel.ChannelManager - Adding key: http://localhost:1920 for channel [id: 0xb719b748, L:/127.0.0.1:53502 - R:localhost/127.0.0.1:1920]
14:47:14.701 [Forwarding clickElement on session bec2ccdcda26fd83d509651fce62f431 to remote] DEBUG org.asynchttpclient.netty.request.NettyRequestSender - Using pooled Channel '[id: 0xb719b748, L:/127.0.0.1:53502 - R:localhost/127.0.0.1:1920]' for 'POST' to 'http://localhost:1920/session/bec2ccdcda26fd83d509651fce62f431/element/6B655025094DB0FC27B531751867DEBD_element_35/click'
14:47:14.702 [Forwarding clickElement on session bec2ccdcda26fd83d509651fce62f431 to remote] DEBUG org.asynchttpclient.netty.request.NettyRequestSender - Using open Channel [id: 0xb719b748, L:/127.0.0.1:53502 - R:localhost/127.0.0.1:1920] for POST '/session/bec2ccdcda26fd83d509651fce62f431/element/6B655025094DB0FC27B531751867DEBD_element_35/click'
14:47:14.747 [AsyncHttpClient-1-1] DEBUG org.asynchttpclient.netty.channel.DefaultChannelPool - Entry count for : http://localhost:53503 : 1
14:47:15.393 [AsyncHttpClient-1-6] DEBUG org.asynchttpclient.netty.handler.HttpHandler - 

Request DefaultHttpRequest(decodeResult: success, version: HTTP/1.1)
POST /session/bec2ccdcda26fd83d509651fce62f431/element/6B655025094DB0FC27B531751867DEBD_element_35/click HTTP/1.1
User-Agent: selenium/4.8.1 (java windows)
Content-Length: 57
Content-Type: application/json; charset=utf-8
host: localhost:1920
accept: */*

Response DefaultHttpResponse(decodeResult: success, version: HTTP/1.1)
HTTP/1.1 200 OK
Content-Length: 14
Content-Type: application/json; charset=utf-8
cache-control: no-cache

14:47:15.393 [AsyncHttpClient-1-6] DEBUG org.asynchttpclient.netty.channel.ChannelManager - Adding key: http://localhost:1920 for channel [id: 0xb719b748, L:/127.0.0.1:53502 - R:localhost/127.0.0.1:1920]
14:47:15.401 [main] DEBUG net.thucydides.core.steps.StepInterceptor - STEP DONE: clickTiketKABT
  &amp#27;[32mAnd &amp#27;[0m&amp#27;[32muser click tiket kereta api to see ticket ka5&amp#27;[0m        &amp#27;[90m# starter.stepdefinitions.Admin.DaftarTiketKeretaApi.LihatTiketKASteps.userClickTiketKA5()&amp#27;[0m
14:47:15.411 [main] DEBUG net.thucydides.core.steps.StepInterceptor - STARTING STEP: LihatTiketKASteps.userOnTicketKAPage5 - onDaftarTiketKA
14:47:15.416 [Forwarding findElement on session bec2ccdcda26fd83d509651fce62f431 to remote] DEBUG org.asynchttpclient.netty.request.NettyRequestSender - Using pooled Channel '[id: 0xb719b748, L:/127.0.0.1:53502 - R:localhost/127.0.0.1:1920]' for 'POST' to 'http://localhost:1920/session/bec2ccdcda26fd83d509651fce62f431/element'
14:47:15.416 [Forwarding findElement on session bec2ccdcda26fd83d509651fce62f431 to remote] DEBUG org.asynchttpclient.netty.request.NettyRequestSender - Using open Channel [id: 0xb719b748, L:/127.0.0.1:53502 - R:localhost/127.0.0.1:1920] for POST '/session/bec2ccdcda26fd83d509651fce62f431/element'
14:47:15.434 [AsyncHttpClient-1-6] DEBUG org.asynchttpclient.netty.handler.HttpHandler - 

Request DefaultHttpRequest(decodeResult: success, version: HTTP/1.1)
POST /session/bec2ccdcda26fd83d509651fce62f431/element HTTP/1.1
User-Agent: selenium/4.8.1 (java windows)
Content-Length: 135
Content-Type: application/json; charset=utf-8
host: localhost:1920
accept: */*

Response DefaultHttpResponse(decodeResult: success, version: HTTP/1.1)
HTTP/1.1 200 OK
Content-Length: 95
Content-Type: application/json; charset=utf-8
cache-control: no-cache

14:47:15.434 [AsyncHttpClient-1-6] DEBUG org.asynchttpclient.netty.channel.ChannelManager - Adding key: http://localhost:1920 for channel [id: 0xb719b748, L:/127.0.0.1:53502 - R:localhost/127.0.0.1:1920]
14:47:15.438 [Forwarding isElementDisplayed on session bec2ccdcda26fd83d509651fce62f431 to remote] DEBUG org.asynchttpclient.netty.request.NettyRequestSender - Using pooled Channel '[id: 0xb719b748, L:/127.0.0.1:53502 - R:localhost/127.0.0.1:1920]' for 'POST' to 'http://localhost:1920/session/bec2ccdcda26fd83d509651fce62f431/execute/sync'
14:47:15.438 [Forwarding isElementDisplayed on session bec2ccdcda26fd83d509651fce62f431 to remote] DEBUG org.asynchttpclient.netty.request.NettyRequestSender - Using open Channel [id: 0xb719b748, L:/127.0.0.1:53502 - R:localhost/127.0.0.1:1920] for POST '/session/bec2ccdcda26fd83d509651fce62f431/execute/sync'
14:47:15.451 [AsyncHttpClient-1-6] DEBUG org.asynchttpclient.netty.handler.HttpHandler - 

Request DefaultHttpRequest(decodeResult: success, version: HTTP/1.1)
POST /session/bec2ccdcda26fd83d509651fce62f431/execute/sync HTTP/1.1
User-Agent: selenium/4.8.1 (java windows)
Content-Length: 48814
Content-Type: application/json; charset=utf-8
host: localhost:1920
accept: */*

Response DefaultHttpResponse(decodeResult: success, version: HTTP/1.1)
HTTP/1.1 200 OK
Content-Length: 14
Content-Type: application/json; charset=utf-8
cache-control: no-cache

14:47:15.451 [AsyncHttpClient-1-6] DEBUG org.asynchttpclient.netty.channel.ChannelManager - Adding key: http://localhost:1920 for channel [id: 0xb719b748, L:/127.0.0.1:53502 - R:localhost/127.0.0.1:1920]
14:47:15.454 [Forwarding isElementDisplayed on session bec2ccdcda26fd83d509651fce62f431 to remote] DEBUG org.asynchttpclient.netty.request.NettyRequestSender - Using pooled Channel '[id: 0xb719b748, L:/127.0.0.1:53502 - R:localhost/127.0.0.1:1920]' for 'POST' to 'http://localhost:1920/session/bec2ccdcda26fd83d509651fce62f431/execute/sync'
14:47:15.454 [Forwarding isElementDisplayed on session bec2ccdcda26fd83d509651fce62f431 to remote] DEBUG org.asynchttpclient.netty.request.NettyRequestSender - Using open Channel [id: 0xb719b748, L:/127.0.0.1:53502 - R:localhost/127.0.0.1:1920] for POST '/session/bec2ccdcda26fd83d509651fce62f431/execute/sync'
14:47:15.466 [AsyncHttpClient-1-6] DEBUG org.asynchttpclient.netty.handler.HttpHandler - 

Request DefaultHttpRequest(decodeResult: success, version: HTTP/1.1)
POST /session/bec2ccdcda26fd83d509651fce62f431/execute/sync HTTP/1.1
User-Agent: selenium/4.8.1 (java windows)
Content-Length: 48814
Content-Type: application/json; charset=utf-8
host: localhost:1920
accept: */*

Response DefaultHttpResponse(decodeResult: success, version: HTTP/1.1)
HTTP/1.1 200 OK
Content-Length: 14
Content-Type: application/json; charset=utf-8
cache-control: no-cache

14:47:15.467 [AsyncHttpClient-1-6] DEBUG org.asynchttpclient.netty.channel.ChannelManager - Adding key: http://localhost:1920 for channel [id: 0xb719b748, L:/127.0.0.1:53502 - R:localhost/127.0.0.1:1920]
14:47:15.469 [main] DEBUG net.thucydides.core.steps.StepInterceptor - STEP DONE: onDaftarTiketKA
  &amp#27;[32mAnd &amp#27;[0m&amp#27;[32muser on tiket kereta api page to see ticket ka5&amp#27;[0m      &amp#27;[90m# starter.stepdefinitions.Admin.DaftarTiketKeretaApi.LihatTiketKASteps.userOnTicketKAPage5()&amp#27;[0m
14:47:15.478 [main] DEBUG net.thucydides.core.steps.StepInterceptor - STARTING STEP: LihatTiketKASteps.userClickAndChooseFilterKeaktifanKA5 - clickFilterKeaktifan
14:47:15.483 [Forwarding findElement on session bec2ccdcda26fd83d509651fce62f431 to remote] DEBUG org.asynchttpclient.netty.request.NettyRequestSender - Using pooled Channel '[id: 0xb719b748, L:/127.0.0.1:53502 - R:localhost/127.0.0.1:1920]' for 'POST' to 'http://localhost:1920/session/bec2ccdcda26fd83d509651fce62f431/element'
14:47:15.483 [Forwarding findElement on session bec2ccdcda26fd83d509651fce62f431 to remote] DEBUG org.asynchttpclient.netty.request.NettyRequestSender - Using open Channel [id: 0xb719b748, L:/127.0.0.1:53502 - R:localhost/127.0.0.1:1920] for POST '/session/bec2ccdcda26fd83d509651fce62f431/element'
14:47:15.501 [AsyncHttpClient-1-6] DEBUG org.asynchttpclient.netty.handler.HttpHandler - 

Request DefaultHttpRequest(decodeResult: success, version: HTTP/1.1)
POST /session/bec2ccdcda26fd83d509651fce62f431/element HTTP/1.1
User-Agent: selenium/4.8.1 (java windows)
Content-Length: 142
Content-Type: application/json; charset=utf-8
host: localhost:1920
accept: */*

Response DefaultHttpResponse(decodeResult: success, version: HTTP/1.1)
HTTP/1.1 200 OK
Content-Length: 95
Content-Type: application/json; charset=utf-8
cache-control: no-cache

14:47:15.501 [AsyncHttpClient-1-6] DEBUG org.asynchttpclient.netty.channel.ChannelManager - Adding key: http://localhost:1920 for channel [id: 0xb719b748, L:/127.0.0.1:53502 - R:localhost/127.0.0.1:1920]
14:47:15.503 [Forwarding getElementTagName on session bec2ccdcda26fd83d509651fce62f431 to remote] DEBUG org.asynchttpclient.netty.request.NettyRequestSender - Using pooled Channel '[id: 0xb719b748, L:/127.0.0.1:53502 - R:localhost/127.0.0.1:1920]' for 'GET' to 'http://localhost:1920/session/bec2ccdcda26fd83d509651fce62f431/element/6B655025094DB0FC27B531751867DEBD_element_95/name'
14:47:15.503 [Forwarding getElementTagName on session bec2ccdcda26fd83d509651fce62f431 to remote] DEBUG org.asynchttpclient.netty.request.NettyRequestSender - Using open Channel [id: 0xb719b748, L:/127.0.0.1:53502 - R:localhost/127.0.0.1:1920] for GET '/session/bec2ccdcda26fd83d509651fce62f431/element/6B655025094DB0FC27B531751867DEBD_element_95/name'
14:47:15.509 [AsyncHttpClient-1-6] DEBUG org.asynchttpclient.netty.handler.HttpHandler - 

Request DefaultFullHttpRequest(decodeResult: success, version: HTTP/1.1, content: EmptyByteBufBE)
GET /session/bec2ccdcda26fd83d509651fce62f431/element/6B655025094DB0FC27B531751867DEBD_element_95/name HTTP/1.1
User-Agent: selenium/4.8.1 (java windows)
Cache-Control: no-cache
Content-Type: application/json; charset=utf-8
host: localhost:1920
accept: */*

Response DefaultHttpResponse(decodeResult: success, version: HTTP/1.1)
HTTP/1.1 200 OK
Content-Length: 15
Content-Type: application/json; charset=utf-8
cache-control: no-cache

14:47:15.509 [AsyncHttpClient-1-6] DEBUG org.asynchttpclient.netty.channel.ChannelManager - Adding key: http://localhost:1920 for channel [id: 0xb719b748, L:/127.0.0.1:53502 - R:localhost/127.0.0.1:1920]
14:47:15.511 [Forwarding getElementTagName on session bec2ccdcda26fd83d509651fce62f431 to remote] DEBUG org.asynchttpclient.netty.request.NettyRequestSender - Using pooled Channel '[id: 0xb719b748, L:/127.0.0.1:53502 - R:localhost/127.0.0.1:1920]' for 'GET' to 'http://localhost:1920/session/bec2ccdcda26fd83d509651fce62f431/element/6B655025094DB0FC27B531751867DEBD_element_95/name'
14:47:15.511 [Forwarding getElementTagName on session bec2ccdcda26fd83d509651fce62f431 to remote] DEBUG org.asynchttpclient.netty.request.NettyRequestSender - Using open Channel [id: 0xb719b748, L:/127.0.0.1:53502 - R:localhost/127.0.0.1:1920] for GET '/session/bec2ccdcda26fd83d509651fce62f431/element/6B655025094DB0FC27B531751867DEBD_element_95/name'
14:47:15.520 [AsyncHttpClient-1-6] DEBUG org.asynchttpclient.netty.handler.HttpHandler - 

Request DefaultFullHttpRequest(decodeResult: success, version: HTTP/1.1, content: EmptyByteBufBE)
GET /session/bec2ccdcda26fd83d509651fce62f431/element/6B655025094DB0FC27B531751867DEBD_element_95/name HTTP/1.1
User-Agent: selenium/4.8.1 (java windows)
Cache-Control: no-cache
Content-Type: application/json; charset=utf-8
host: localhost:1920
accept: */*

Response DefaultHttpResponse(decodeResult: success, version: HTTP/1.1)
HTTP/1.1 200 OK
Content-Length: 15
Content-Type: application/json; charset=utf-8
cache-control: no-cache

14:47:15.520 [AsyncHttpClient-1-6] DEBUG org.asynchttpclient.netty.channel.ChannelManager - Adding key: http://localhost:1920 for channel [id: 0xb719b748, L:/127.0.0.1:53502 - R:localhost/127.0.0.1:1920]
14:47:15.522 [Forwarding findElement on session bec2ccdcda26fd83d509651fce62f431 to remote] DEBUG org.asynchttpclient.netty.request.NettyRequestSender - Using pooled Channel '[id: 0xb719b748, L:/127.0.0.1:53502 - R:localhost/127.0.0.1:1920]' for 'POST' to 'http://localhost:1920/session/bec2ccdcda26fd83d509651fce62f431/element'
14:47:15.522 [Forwarding findElement on session bec2ccdcda26fd83d509651fce62f431 to remote] DEBUG org.asynchttpclient.netty.request.NettyRequestSender - Using open Channel [id: 0xb719b748, L:/127.0.0.1:53502 - R:localhost/127.0.0.1:1920] for POST '/session/bec2ccdcda26fd83d509651fce62f431/element'
14:47:15.533 [AsyncHttpClient-1-6] DEBUG org.asynchttpclient.netty.handler.HttpHandler - 

Request DefaultHttpRequest(decodeResult: success, version: HTTP/1.1)
POST /session/bec2ccdcda26fd83d509651fce62f431/element HTTP/1.1
User-Agent: selenium/4.8.1 (java windows)
Content-Length: 142
Content-Type: application/json; charset=utf-8
host: localhost:1920
accept: */*

Response DefaultHttpResponse(decodeResult: success, version: HTTP/1.1)
HTTP/1.1 200 OK
Content-Length: 95
Content-Type: application/json; charset=utf-8
cache-control: no-cache

14:47:15.534 [AsyncHttpClient-1-6] DEBUG org.asynchttpclient.netty.channel.ChannelManager - Adding key: http://localhost:1920 for channel [id: 0xb719b748, L:/127.0.0.1:53502 - R:localhost/127.0.0.1:1920]
14:47:15.537 [Forwarding clickElement on session bec2ccdcda26fd83d509651fce62f431 to remote] DEBUG org.asynchttpclient.netty.request.NettyRequestSender - Using pooled Channel '[id: 0xb719b748, L:/127.0.0.1:53502 - R:localhost/127.0.0.1:1920]' for 'POST' to 'http://localhost:1920/session/bec2ccdcda26fd83d509651fce62f431/element/6B655025094DB0FC27B531751867DEBD_element_95/click'
14:47:15.537 [Forwarding clickElement on session bec2ccdcda26fd83d509651fce62f431 to remote] DEBUG org.asynchttpclient.netty.request.NettyRequestSender - Using open Channel [id: 0xb719b748, L:/127.0.0.1:53502 - R:localhost/127.0.0.1:1920] for POST '/session/bec2ccdcda26fd83d509651fce62f431/element/6B655025094DB0FC27B531751867DEBD_element_95/click'
14:47:15.604 [AsyncHttpClient-1-6] DEBUG org.asynchttpclient.netty.handler.HttpHandler - 

Request DefaultHttpRequest(decodeResult: success, version: HTTP/1.1)
POST /session/bec2ccdcda26fd83d509651fce62f431/element/6B655025094DB0FC27B531751867DEBD_element_95/click HTTP/1.1
User-Agent: selenium/4.8.1 (java windows)
Content-Length: 57
Content-Type: application/json; charset=utf-8
host: localhost:1920
accept: */*

Response DefaultHttpResponse(decodeResult: success, version: HTTP/1.1)
HTTP/1.1 200 OK
Content-Length: 14
Content-Type: application/json; charset=utf-8
cache-control: no-cache

14:47:15.604 [AsyncHttpClient-1-6] DEBUG org.asynchttpclient.netty.channel.ChannelManager - Adding key: http://localhost:1920 for channel [id: 0xb719b748, L:/127.0.0.1:53502 - R:localhost/127.0.0.1:1920]
14:47:15.608 [main] DEBUG net.thucydides.core.steps.StepInterceptor - STEP DONE: clickFilterKeaktifan
14:47:15.612 [main] DEBUG net.thucydides.core.steps.StepInterceptor - STARTING STEP: LihatTiketKASteps.userClickAndChooseFilterKeaktifanKA5 - clickFilterKeaktifanUnpaid
14:47:15.618 [Forwarding findElement on session bec2ccdcda26fd83d509651fce62f431 to remote] DEBUG org.asynchttpclient.netty.request.NettyRequestSender - Using pooled Channel '[id: 0xb719b748, L:/127.0.0.1:53502 - R:localhost/127.0.0.1:1920]' for 'POST' to 'http://localhost:1920/session/bec2ccdcda26fd83d509651fce62f431/element'
14:47:15.618 [Forwarding findElement on session bec2ccdcda26fd83d509651fce62f431 to remote] DEBUG org.asynchttpclient.netty.request.NettyRequestSender - Using open Channel [id: 0xb719b748, L:/127.0.0.1:53502 - R:localhost/127.0.0.1:1920] for POST '/session/bec2ccdcda26fd83d509651fce62f431/element'
14:47:15.844 [AsyncHttpClient-1-1] DEBUG org.asynchttpclient.netty.channel.DefaultChannelPool - Entry count for : http://localhost:53503 : 1
14:47:16.951 [AsyncHttpClient-1-1] DEBUG org.asynchttpclient.netty.channel.DefaultChannelPool - Entry count for : http://localhost:53503 : 1
14:47:17.690 [AsyncHttpClient-1-6] DEBUG org.asynchttpclient.netty.handler.HttpHandler - 

Request DefaultHttpRequest(decodeResult: success, version: HTTP/1.1)
POST /session/bec2ccdcda26fd83d509651fce62f431/element HTTP/1.1
User-Agent: selenium/4.8.1 (java windows)
Content-Length: 171
Content-Type: application/json; charset=utf-8
host: localhost:1920
accept: */*

Response DefaultHttpResponse(decodeResult: success, version: HTTP/1.1)
HTTP/1.1 404 Not Found
Content-Length: 1022
Content-Type: application/json; charset=utf-8
cache-control: no-cache

14:47:17.691 [AsyncHttpClient-1-6] DEBUG org.asynchttpclient.netty.channel.ChannelManager - Adding key: http://localhost:1920 for channel [id: 0xb719b748, L:/127.0.0.1:53502 - R:localhost/127.0.0.1:1920]
14:47:17.809 [Forwarding findElement on session bec2ccdcda26fd83d509651fce62f431 to remote] DEBUG org.asynchttpclient.netty.request.NettyRequestSender - Using pooled Channel '[id: 0xb719b748, L:/127.0.0.1:53502 - R:localhost/127.0.0.1:1920]' for 'POST' to 'http://localhost:1920/session/bec2ccdcda26fd83d509651fce62f431/element'
14:47:17.809 [Forwarding findElement on session bec2ccdcda26fd83d509651fce62f431 to remote] DEBUG org.asynchttpclient.netty.request.NettyRequestSender - Using open Channel [id: 0xb719b748, L:/127.0.0.1:53502 - R:localhost/127.0.0.1:1920] for POST '/session/bec2ccdcda26fd83d509651fce62f431/element'
14:47:18.045 [AsyncHttpClient-1-1] DEBUG org.asynchttpclient.netty.channel.DefaultChannelPool - Entry count for : http://localhost:53503 : 1
14:47:19.150 [AsyncHttpClient-1-1] DEBUG org.asynchttpclient.netty.channel.DefaultChannelPool - Entry count for : http://localhost:53503 : 1
14:47:19.862 [AsyncHttpClient-1-6] DEBUG org.asynchttpclient.netty.handler.HttpHandler - 

Request DefaultHttpRequest(decodeResult: success, version: HTTP/1.1)
POST /session/bec2ccdcda26fd83d509651fce62f431/element HTTP/1.1
User-Agent: selenium/4.8.1 (java windows)
Content-Length: 171
Content-Type: application/json; charset=utf-8
host: localhost:1920
accept: */*

Response DefaultHttpResponse(decodeResult: success, version: HTTP/1.1)
HTTP/1.1 404 Not Found
Content-Length: 1022
Content-Type: application/json; charset=utf-8
cache-control: no-cache

14:47:19.862 [AsyncHttpClient-1-6] DEBUG org.asynchttpclient.netty.channel.ChannelManager - Adding key: http://localhost:1920 for channel [id: 0xb719b748, L:/127.0.0.1:53502 - R:localhost/127.0.0.1:1920]
14:47:19.977 [Forwarding findElement on session bec2ccdcda26fd83d509651fce62f431 to remote] DEBUG org.asynchttpclient.netty.request.NettyRequestSender - Using pooled Channel '[id: 0xb719b748, L:/127.0.0.1:53502 - R:localhost/127.0.0.1:1920]' for 'POST' to 'http://localhost:1920/session/bec2ccdcda26fd83d509651fce62f431/element'
14:47:19.978 [Forwarding findElement on session bec2ccdcda26fd83d509651fce62f431 to remote] DEBUG org.asynchttpclient.netty.request.NettyRequestSender - Using open Channel [id: 0xb719b748, L:/127.0.0.1:53502 - R:localhost/127.0.0.1:1920] for POST '/session/bec2ccdcda26fd83d509651fce62f431/element'
14:47:20.246 [AsyncHttpClient-1-1] DEBUG org.asynchttpclient.netty.channel.DefaultChannelPool - Entry count for : http://localhost:53503 : 1
14:47:21.344 [AsyncHttpClient-1-1] DEBUG org.asynchttpclient.netty.channel.DefaultChannelPool - Entry count for : http://localhost:53503 : 1
14:47:22.038 [AsyncHttpClient-1-6] DEBUG org.asynchttpclient.netty.handler.HttpHandler - 

Request DefaultHttpRequest(decodeResult: success, version: HTTP/1.1)
POST /session/bec2ccdcda26fd83d509651fce62f431/element HTTP/1.1
User-Agent: selenium/4.8.1 (java windows)
Content-Length: 171
Content-Type: application/json; charset=utf-8
host: localhost:1920
accept: */*

Response DefaultHttpResponse(decodeResult: success, version: HTTP/1.1)
HTTP/1.1 404 Not Found
Content-Length: 1022
Content-Type: application/json; charset=utf-8
cache-control: no-cache

14:47:22.038 [AsyncHttpClient-1-6] DEBUG org.asynchttpclient.netty.channel.ChannelManager - Adding key: http://localhost:1920 for channel [id: 0xb719b748, L:/127.0.0.1:53502 - R:localhost/127.0.0.1:1920]
14:47:22.045 [Forwarding getAlertText on session bec2ccdcda26fd83d509651fce62f431 to remote] DEBUG org.asynchttpclient.netty.request.NettyRequestSender - Using pooled Channel '[id: 0xb719b748, L:/127.0.0.1:53502 - R:localhost/127.0.0.1:1920]' for 'GET' to 'http://localhost:1920/session/bec2ccdcda26fd83d509651fce62f431/alert/text'
14:47:22.045 [Forwarding getAlertText on session bec2ccdcda26fd83d509651fce62f431 to remote] DEBUG org.asynchttpclient.netty.request.NettyRequestSender - Using open Channel [id: 0xb719b748, L:/127.0.0.1:53502 - R:localhost/127.0.0.1:1920] for GET '/session/bec2ccdcda26fd83d509651fce62f431/alert/text'
14:47:22.046 [AsyncHttpClient-1-6] DEBUG org.asynchttpclient.netty.handler.HttpHandler - 

Request DefaultFullHttpRequest(decodeResult: success, version: HTTP/1.1, content: EmptyByteBufBE)
GET /session/bec2ccdcda26fd83d509651fce62f431/alert/text HTTP/1.1
User-Agent: selenium/4.8.1 (java windows)
Cache-Control: no-cache
Content-Type: application/json; charset=utf-8
host: localhost:1920
accept: */*

Response DefaultHttpResponse(decodeResult: success, version: HTTP/1.1)
HTTP/1.1 404 Not Found
Content-Length: 848
Content-Type: application/json; charset=utf-8
cache-control: no-cache

14:47:22.046 [AsyncHttpClient-1-6] DEBUG org.asynchttpclient.netty.channel.ChannelManager - Adding key: http://localhost:1920 for channel [id: 0xb719b748, L:/127.0.0.1:53502 - R:localhost/127.0.0.1:1920]
14:47:22.048 [Forwarding getCurrentUrl on session bec2ccdcda26fd83d509651fce62f431 to remote] DEBUG org.asynchttpclient.netty.request.NettyRequestSender - Using pooled Channel '[id: 0xb719b748, L:/127.0.0.1:53502 - R:localhost/127.0.0.1:1920]' for 'GET' to 'http://localhost:1920/session/bec2ccdcda26fd83d509651fce62f431/url'
14:47:22.048 [Forwarding getCurrentUrl on session bec2ccdcda26fd83d509651fce62f431 to remote] DEBUG org.asynchttpclient.netty.request.NettyRequestSender - Using open Channel [id: 0xb719b748, L:/127.0.0.1:53502 - R:localhost/127.0.0.1:1920] for GET '/session/bec2ccdcda26fd83d509651fce62f431/url'
14:47:22.054 [AsyncHttpClient-1-6] DEBUG org.asynchttpclient.netty.handler.HttpHandler - 

Request DefaultFullHttpRequest(decodeResult: success, version: HTTP/1.1, content: EmptyByteBufBE)
GET /session/bec2ccdcda26fd83d509651fce62f431/url HTTP/1.1
User-Agent: selenium/4.8.1 (java windows)
Cache-Control: no-cache
Content-Type: application/json; charset=utf-8
host: localhost:1920
accept: */*

Response DefaultHttpResponse(decodeResult: success, version: HTTP/1.1)
HTTP/1.1 200 OK
Content-Length: 58
Content-Type: application/json; charset=utf-8
cache-control: no-cache

14:47:22.054 [AsyncHttpClient-1-6] DEBUG org.asynchttpclient.netty.channel.ChannelManager - Adding key: http://localhost:1920 for channel [id: 0xb719b748, L:/127.0.0.1:53502 - R:localhost/127.0.0.1:1920]
14:47:22.055 [Forwarding screenshot on session bec2ccdcda26fd83d509651fce62f431 to remote] DEBUG org.asynchttpclient.netty.request.NettyRequestSender - Using pooled Channel '[id: 0xb719b748, L:/127.0.0.1:53502 - R:localhost/127.0.0.1:1920]' for 'GET' to 'http://localhost:1920/session/bec2ccdcda26fd83d509651fce62f431/screenshot'
14:47:22.055 [Forwarding screenshot on session bec2ccdcda26fd83d509651fce62f431 to remote] DEBUG org.asynchttpclient.netty.request.NettyRequestSender - Using open Channel [id: 0xb719b748, L:/127.0.0.1:53502 - R:localhost/127.0.0.1:1920] for GET '/session/bec2ccdcda26fd83d509651fce62f431/screenshot'
14:47:22.159 [AsyncHttpClient-1-6] DEBUG org.asynchttpclient.netty.handler.HttpHandler - 

Request DefaultFullHttpRequest(decodeResult: success, version: HTTP/1.1, content: EmptyByteBufBE)
GET /session/bec2ccdcda26fd83d509651fce62f431/screenshot HTTP/1.1
User-Agent: selenium/4.8.1 (java windows)
Cache-Control: no-cache
Content-Type: application/json; charset=utf-8
host: localhost:1920
accept: */*

Response DefaultHttpResponse(decodeResult: success, version: HTTP/1.1)
HTTP/1.1 200 OK
Content-Length: 69468
Content-Type: application/json; charset=utf-8
cache-control: no-cache

14:47:22.160 [AsyncHttpClient-1-6] DEBUG org.asynchttpclient.netty.channel.ChannelManager - Adding key: http://localhost:1920 for channel [id: 0xb719b748, L:/127.0.0.1:53502 - R:localhost/127.0.0.1:1920]
14:47:22.166 [main] DEBUG net.serenitybdd.core.photography.Darkroom - Send negative for processing for target\site\serenity\44bbb09360bfcb7e0680808b66a634fa523e99e5a57372614b720b588bad7eba.png
14:47:22.166 [Darkroom Processing Line] DEBUG net.serenitybdd.core.photography.DarkroomProcessingLine - Processing screenshot image in /var/screenshots/screenshot-4548745281857133120
14:47:22.166 [Darkroom Processing Line] DEBUG net.serenitybdd.core.photography.DarkroomProcessingLine - Saving screenshot to target\site\serenity\44bbb09360bfcb7e0680808b66a634fa523e99e5a57372614b720b588bad7eba.png
14:47:22.168 [Forwarding getPageSource on session bec2ccdcda26fd83d509651fce62f431 to remote] DEBUG org.asynchttpclient.netty.request.NettyRequestSender - Using pooled Channel '[id: 0xb719b748, L:/127.0.0.1:53502 - R:localhost/127.0.0.1:1920]' for 'POST' to 'http://localhost:1920/session/bec2ccdcda26fd83d509651fce62f431/execute/sync'
14:47:22.168 [Forwarding getPageSource on session bec2ccdcda26fd83d509651fce62f431 to remote] DEBUG org.asynchttpclient.netty.request.NettyRequestSender - Using open Channel [id: 0xb719b748, L:/127.0.0.1:53502 - R:localhost/127.0.0.1:1920] for POST '/session/bec2ccdcda26fd83d509651fce62f431/execute/sync'
14:47:22.182 [AsyncHttpClient-1-6] DEBUG org.asynchttpclient.netty.handler.HttpHandler - 

Request DefaultHttpRequest(decodeResult: success, version: HTTP/1.1)
POST /session/bec2ccdcda26fd83d509651fce62f431/execute/sync HTTP/1.1
User-Agent: selenium/4.8.1 (java windows)
Content-Length: 176
Content-Type: application/json; charset=utf-8
host: localhost:1920
accept: */*

Response DefaultHttpResponse(decodeResult: success, version: HTTP/1.1)
HTTP/1.1 200 OK
Content-Length: 63393
Content-Type: application/json; charset=utf-8
cache-control: no-cache

14:47:22.183 [AsyncHttpClient-1-6] DEBUG org.asynchttpclient.netty.channel.ChannelManager - Adding key: http://localhost:1920 for channel [id: 0xb719b748, L:/127.0.0.1:53502 - R:localhost/127.0.0.1:1920]
14:47:22.220 [Forwarding getCurrentUrl on session bec2ccdcda26fd83d509651fce62f431 to remote] DEBUG org.asynchttpclient.netty.request.NettyRequestSender - Using pooled Channel '[id: 0xb719b748, L:/127.0.0.1:53502 - R:localhost/127.0.0.1:1920]' for 'GET' to 'http://localhost:1920/session/bec2ccdcda26fd83d509651fce62f431/url'
14:47:22.220 [Forwarding getCurrentUrl on session bec2ccdcda26fd83d509651fce62f431 to remote] DEBUG org.asynchttpclient.netty.request.NettyRequestSender - Using open Channel [id: 0xb719b748, L:/127.0.0.1:53502 - R:localhost/127.0.0.1:1920] for GET '/session/bec2ccdcda26fd83d509651fce62f431/url'
14:47:22.229 [AsyncHttpClient-1-6] DEBUG org.asynchttpclient.netty.handler.HttpHandler - 

Request DefaultFullHttpRequest(decodeResult: success, version: HTTP/1.1, content: EmptyByteBufBE)
GET /session/bec2ccdcda26fd83d509651fce62f431/url HTTP/1.1
User-Agent: selenium/4.8.1 (java windows)
Cache-Control: no-cache
Content-Type: application/json; charset=utf-8
host: localhost:1920
accept: */*

Response DefaultHttpResponse(decodeResult: success, version: HTTP/1.1)
HTTP/1.1 200 OK
Content-Length: 58
Content-Type: application/json; charset=utf-8
cache-control: no-cache

14:47:22.229 [AsyncHttpClient-1-6] DEBUG org.asynchttpclient.netty.channel.ChannelManager - Adding key: http://localhost:1920 for channel [id: 0xb719b748, L:/127.0.0.1:53502 - R:localhost/127.0.0.1:1920]
  &amp#27;[31mAnd &amp#27;[0m&amp#27;[31muser click and choose filter to see ticket ka5&amp#27;[0m       &amp#27;[90m# starter.stepdefinitions.Admin.DaftarTiketKeretaApi.LihatTiketKASteps.userClickAndChooseFilterKeaktifanKA5()&amp#27;[0m
      &amp#27;[31mnet.thucydides.core.webdriver.exceptions.ElementShouldBeEnabledException: Expected enabled element was not enabled
	at net.serenitybdd.core.pages.WebElementFacadeImpl.waitUntilEnabled(WebElementFacadeImpl.java:1122)
	at net.serenitybdd.core.pages.WebElementFacadeImpl.waitUntilElementAvailable(WebElementFacadeImpl.java:906)
	at net.serenitybdd.core.pages.WebElementFacadeImpl.click(WebElementFacadeImpl.java:1204)
	at net.serenitybdd.core.pages.WebElementFacadeImpl.click(WebElementFacadeImpl.java:1224)
	at starter.pages.Admin.DaftarTiketKeretaApi.LihatTiketKAPage.clickFilterKeaktifanUnpaid(LihatTiketKAPage.java:214)
	at starter.pages.Admin.DaftarTiketKeretaApi.LihatTiketKAPage$ByteBuddy$zohZJU5l.clickFilterKeaktifanUnpaid$accessor$WWNIli0R(Unknown Source)
	at sun.reflect.NativeMethodAccessorImpl.invoke0(Native Method)
	at sun.reflect.NativeMethodAccessorImpl.invoke(NativeMethodAccessorImpl.java:62)
	at sun.reflect.DelegatingMethodAccessorImpl.invoke(DelegatingMethodAccessorImpl.java:43)
	at java.lang.reflect.Method.invoke(Method.java:498)
	at net.thucydides.core.steps.StepInterceptor.invokeMethod(StepInterceptor.java:518)
	at net.thucydides.core.steps.StepInterceptor.executeTestStepMethod(StepInterceptor.java:498)
	at net.thucydides.core.steps.StepInterceptor.runTestStep(StepInterceptor.java:472)
	at net.thucydides.core.steps.StepInterceptor.runOrSkipMethod(StepInterceptor.java:211)
	at net.thucydides.core.steps.StepInterceptor.testStepResult(StepInterceptor.java:198)
	at net.thucydides.core.steps.StepInterceptor.intercept(StepInterceptor.java:86)
	at net.thucydides.core.steps.ProxyConfiguration$InterceptorDispatcher.intercept(ProxyConfiguration.java:51)
	at starter.pages.Admin.DaftarTiketKeretaApi.LihatTiketKAPage$ByteBuddy$zohZJU5l.clickFilterKeaktifanUnpaid(Unknown Source)
	at starter.stepdefinitions.Admin.DaftarTiketKeretaApi.LihatTiketKASteps.userClickAndChooseFilterKeaktifanKA5(LihatTiketKASteps.java:227)
	at âœ½.user click and choose filter to see ticket ka5(file:///D:/D/QE_Alta/capstone/web-automation-test/src/test/resources/features/Admin/DaftarTiketKeretaApi/DaftarTiketKA.feature:62)
Caused by: org.openqa.selenium.TimeoutException: Expected condition failed: waiting for By.xpath: //*[@id="root"]/div/div[2]/div/div[6]/div/div[2]/div/div[1]/div[2]/input to be enabled (tried for 5 second(s) with 100 milliseconds interval)
	at org.openqa.selenium.support.ui.FluentWait.timeoutException(FluentWait.java:263)
	at org.openqa.selenium.support.ui.FluentWait.until(FluentWait.java:231)
	at net.serenitybdd.core.pages.WebElementFacadeImpl.waitUntilEnabled(WebElementFacadeImpl.java:1119)
	at net.serenitybdd.core.pages.WebElementFacadeImpl.waitUntilElementAvailable(WebElementFacadeImpl.java:906)
	at net.serenitybdd.core.pages.WebElementFacadeImpl.click(WebElementFacadeImpl.java:1204)
	at net.serenitybdd.core.pages.WebElementFacadeImpl.click(WebElementFacadeImpl.java:1224)
	at starter.pages.Admin.DaftarTiketKeretaApi.LihatTiketKAPage.clickFilterKeaktifanUnpaid(LihatTiketKAPage.java:214)
	at starter.pages.Admin.DaftarTiketKeretaApi.LihatTiketKAPage$ByteBuddy$zohZJU5l.clickFilterKeaktifanUnpaid$accessor$WWNIli0R(Unknown Source)
	at sun.reflect.NativeMethodAccessorImpl.invoke0(Native Method)
	at sun.reflect.NativeMethodAccessorImpl.invoke(NativeMethodAccessorImpl.java:62)
	at sun.reflect.DelegatingMethodAccessorImpl.invoke(DelegatingMethodAccessorImpl.java:43)
	at java.lang.reflect.Method.invoke(Method.java:498)
	at net.thucydides.core.steps.StepInterceptor.invokeMethod(StepInterceptor.java:518)
	at net.thucydides.core.steps.StepInterceptor.executeTestStepMethod(StepInterceptor.java:498)
	at net.thucydides.core.steps.StepInterceptor.runTestStep(StepInterceptor.java:472)
	at net.thucydides.core.steps.StepInterceptor.runOrSkipMethod(StepInterceptor.java:211)
	at net.thucydides.core.steps.StepInterceptor.testStepResult(StepInterceptor.java:198)
	at net.thucydides.core.steps.StepInterceptor.intercept(StepInterceptor.java:86)
	at net.thucydides.core.steps.ProxyConfiguration$InterceptorDispatcher.intercept(ProxyConfiguration.java:51)
	at starter.pages.Admin.DaftarTiketKeretaApi.LihatTiketKAPage$ByteBuddy$zohZJU5l.clickFilterKeaktifanUnpaid(Unknown Source)
	at starter.stepdefinitions.Admin.DaftarTiketKeretaApi.LihatTiketKASteps.userClickAndChooseFilterKeaktifanKA5(LihatTiketKASteps.java:227)
	at sun.reflect.NativeMethodAccessorImpl.invoke0(Native Method)
	at sun.reflect.NativeMethodAccessorImpl.invoke(NativeMethodAccessorImpl.java:62)
	at sun.reflect.DelegatingMethodAccessorImpl.invoke(DelegatingMethodAccessorImpl.java:43)
	at java.lang.reflect.Method.invoke(Method.java:498)
	at io.cucumber.java.Invoker.doInvoke(Invoker.java:66)
	at io.cucumber.java.Invoker.invoke(Invoker.java:24)
	at io.cucumber.java.AbstractGlueDefinition.invokeMethod(AbstractGlueDefinition.java:47)
	at io.cucumber.java.JavaStepDefinition.execute(JavaStepDefinition.java:29)
	at io.cucumber.core.runner.CoreStepDefinition.execute(CoreStepDefinition.java:66)
	at io.cucumber.core.runner.PickleStepDefinitionMatch.runStep(PickleStepDefinitionMatch.java:63)
	at io.cucumber.core.runner.ExecutionMode$1.execute(ExecutionMode.java:10)
	at io.cucumber.core.runner.TestStep.executeStep(TestStep.java:84)
	at io.cucumber.core.runner.TestStep.run(TestStep.java:56)
	at io.cucumber.core.runner.PickleStepTestStep.run(PickleStepTestStep.java:51)
	at io.cucumber.core.runner.TestCase.run(TestCase.java:84)
	at io.cucumber.core.runner.Runner.runPickle(Runner.java:75)
	at io.cucumber.junit.PickleRunners$NoStepDescriptions.lambda$run$0(PickleRunners.java:151)
	at io.cucumber.core.runtime.CucumberExecutionContext.lambda$runTestCase$5(CucumberExecutionContext.java:130)
	at io.cucumber.core.runtime.RethrowingThrowableCollector.executeAndThrow(RethrowingThrowableCollector.java:23)
	at io.cucumber.core.runtime.CucumberExecutionContext.runTestCase(CucumberExecutionContext.java:130)
	at io.cucumber.junit.PickleRunners$NoStepDescriptions.run(PickleRunners.java:148)
	at io.cucumber.junit.FeatureRunner.runChild(FeatureRunner.java:144)
	at io.cucumber.junit.FeatureRunner.runChild(FeatureRunner.java:28)
	at org.junit.runners.ParentRunner$4.run(ParentRunner.java:331)
	at org.junit.runners.ParentRunner$1.schedule(ParentRunner.java:79)
	at org.junit.runners.ParentRunner.runChildren(ParentRunner.java:329)
	at org.junit.runners.ParentRunner.access$100(ParentRunner.java:66)
	at org.junit.runners.ParentRunner$2.evaluate(ParentRunner.java:293)
	at org.junit.runners.ParentRunner$3.evaluate(ParentRunner.java:306)
	at org.junit.runners.ParentRunner.run(ParentRunner.java:413)
	at io.cucumber.junit.FeatureRunner.run(FeatureRunner.java:137)
	at io.cucumber.junit.CucumberSerenityBaseRunner.runChild(CucumberSerenityBaseRunner.java:330)
	at io.cucumber.junit.CucumberSerenityBaseRunner.runChild(CucumberSerenityBaseRunner.java:51)
	at org.junit.runners.ParentRunner$4.run(ParentRunner.java:331)
	at org.junit.runners.ParentRunner$1.schedule(ParentRunner.java:79)
	at org.junit.runners.ParentRunner.runChildren(ParentRunner.java:329)
	at org.junit.runners.ParentRunner.access$100(ParentRunner.java:66)
	at org.junit.runners.ParentRunner$2.evaluate(ParentRunner.java:293)
	at io.cucumber.junit.CucumberSerenityBaseRunner$RunCucumber.evaluate(CucumberSerenityBaseRunner.java:361)
	at org.junit.runners.ParentRunner$3.evaluate(ParentRunner.java:306)
	at org.junit.runners.ParentRunner.run(ParentRunner.java:413)
	at org.junit.runner.JUnitCore.run(JUnitCore.java:137)
	at org.junit.runner.JUnitCore.run(JUnitCore.java:115)
	at org.junit.vintage.engine.execution.RunnerExecutor.execute(RunnerExecutor.java:42)
	at org.junit.vintage.engine.VintageTestEngine.executeAllChildren(VintageTestEngine.java:80)
	at org.junit.vintage.engine.VintageTestEngine.execute(VintageTestEngine.java:72)
	at org.junit.platform.launcher.core.EngineExecutionOrchestrator.execute(EngineExecutionOrchestrator.java:107)
	at org.junit.platform.launcher.core.EngineExecutionOrchestrator.execute(EngineExecutionOrchestrator.java:88)
	at org.junit.platform.launcher.core.EngineExecutionOrchestrator.lambda$execute$0(EngineExecutionOrchestrator.java:54)
	at org.junit.platform.launcher.core.EngineExecutionOrchestrator.withInterceptedStreams(EngineExecutionOrchestrator.java:67)
	at org.junit.platform.launcher.core.EngineExecutionOrchestrator.execute(EngineExecutionOrchestrator.java:52)
	at org.junit.platform.launcher.core.DefaultLauncher.execute(DefaultLauncher.java:114)
	at org.junit.platform.launcher.core.DefaultLauncher.execute(DefaultLauncher.java:86)
	at org.junit.platform.launcher.core.DefaultLauncherSession$DelegatingLauncher.execute(DefaultLauncherSession.java:86)
	at org.junit.platform.launcher.core.SessionPerRequestLauncher.execute(SessionPerRequestLauncher.java:53)
	at org.apache.maven.surefire.junitplatform.JUnitPlatformProvider.execute(JUnitPlatformProvider.java:188)
	at org.apache.maven.surefire.junitplatform.JUnitPlatformProvider.invokeAllTests(JUnitPlatformProvider.java:154)
	at org.apache.maven.surefire.junitplatform.JUnitPlatformProvider.invoke(JUnitPlatformProvider.java:128)
	at org.apache.maven.surefire.booter.ForkedBooter.runSuitesInProcess(ForkedBooter.java:428)
	at org.apache.maven.surefire.booter.ForkedBooter.execute(ForkedBooter.java:162)
	at org.apache.maven.surefire.booter.ForkedBooter.run(ForkedBooter.java:562)
	at org.apache.maven.surefire.booter.ForkedBooter.main(ForkedBooter.java:548)
Caused by: org.openqa.selenium.NoSuchElementException: no such element: Unable to locate element: {"method":"xpath","selector":"//*[@id="root"]/div/div[2]/div/div[6]/div/div[2]/div/div[1]/div[2]/input"}
  (Session info: chrome=114.0.5735.134)
For documentation on this error, please visit: https://selenium.dev/exceptions/#no_such_element
Build info: version: '4.8.1', revision: '8ebccac989'
System info: os.name: 'Windows 10', os.arch: 'amd64', os.version: '10.0', java.version: '1.8.0_202'
Driver info: org.openqa.selenium.chrome.ChromeDriver
Command: [bec2ccdcda26fd83d509651fce62f431, findElement {using=xpath, value=//*[@id="root"]/div/div[2]/div/div[6]/div/div[2]/div/div[1]/div[2]/input}]
Capabilities {acceptInsecureCerts: true, browserName: chrome, browserVersion: 114.0.5735.134, chrome: {chromedriverVersion: 114.0.5735.90 (386bc09e8f4f..., userDataDir: C:\Users\ADWUSE~1\AppData\L...}, goog:chromeOptions: {debuggerAddress: localhost:53503}, networkConnectionEnabled: false, pageLoadStrategy: normal, platformName: WINDOWS, proxy: Proxy(), se:cdp: ws://localhost:53503/devtoo..., se:cdpVersion: 114.0.5735.134, setWindowRect: true, strictFileInteractability: false, timeouts: {implicit: 0, pageLoad: 300000, script: 30000}, unhandledPromptBehavior: dismiss and notify, webauthn:extension:credBlob: true, webauthn:extension:largeBlob: true, webauthn:extension:minPinLength: true, webauthn:extension:prf: true, webauthn:virtualAuthenticators: true}
Session ID: bec2ccdcda26fd83d509651fce62f431
	at sun.reflect.NativeConstructorAccessorImpl.newInstance0(Native Method)
	at sun.reflect.NativeConstructorAccessorImpl.newInstance(NativeConstructorAccessorImpl.java:62)
	at sun.reflect.DelegatingConstructorAccessorImpl.newInstance(DelegatingConstructorAccessorImpl.java:45)
	at java.lang.reflect.Constructor.newInstance(Constructor.java:423)
	at org.openqa.selenium.remote.codec.w3c.W3CHttpResponseCodec.createException(W3CHttpResponseCodec.java:200)
	at org.openqa.selenium.remote.codec.w3c.W3CHttpResponseCodec.decode(W3CHttpResponseCodec.java:133)
	at org.openqa.selenium.remote.codec.w3c.W3CHttpResponseCodec.decode(W3CHttpResponseCodec.java:53)
	at org.openqa.selenium.remote.HttpCommandExecutor.execute(HttpCommandExecutor.java:184)
	at org.openqa.selenium.remote.service.DriverCommandExecutor.invokeExecute(DriverCommandExecutor.java:167)
	at org.openqa.selenium.remote.service.DriverCommandExecutor.execute(DriverCommandExecutor.java:142)
	at org.openqa.selenium.remote.RemoteWebDriver.execute(RemoteWebDriver.java:543)
	at org.openqa.selenium.remote.ElementLocation$ElementFinder$2.findElement(ElementLocation.java:162)
	at org.openqa.selenium.remote.ElementLocation.findElement(ElementLocation.java:60)
	at org.openqa.selenium.remote.RemoteWebDriver.findElement(RemoteWebDriver.java:352)
	at org.openqa.selenium.remote.RemoteWebDriver.findElement(RemoteWebDriver.java:344)
	at net.thucydides.core.webdriver.WebDriverFacade.findElement(WebDriverFacade.java:242)
	at net.serenitybdd.core.pages.WebElementResolverByLocator.resolveForDriver(WebElementResolverByLocator.java:25)
	at net.serenitybdd.core.pages.WebElementFacadeImpl.getResolvedElement(WebElementFacadeImpl.java:189)
	at net.serenitybdd.core.pages.WebElementFacadeImpl.getElement(WebElementFacadeImpl.java:184)
	at net.serenitybdd.core.pages.WebElementExpectations$3.apply(WebElementExpectations.java:63)
	at net.serenitybdd.core.pages.WebElementExpectations$3.apply(WebElementExpectations.java:55)
	at org.openqa.selenium.support.ui.FluentWait.until(FluentWait.java:208)
	... 81 more
&amp#27;[0m
  &amp#27;[36mThen &amp#27;[0m&amp#27;[36muser can see the result of filter&amp#27;[0m                   &amp#27;[90m# starter.stepdefinitions.Admin.DaftarTiketKeretaApi.LihatTiketKASteps.userCanSeeTicketOfUnpaidFilter5()&amp#27;[0m
14:47:22.282 [main] ERROR  - 
  _____   ___   ___   _____     ___     _     ___   _      ___   ___  
 |_   _| | __| / __| |_   _|   | __|   /_\   |_ _| | |    | __| |   \ 
   | |   | _|  \__ \   | |     | _|   / _ \   | |  | |__  | _|  | |) |
   |_|   |___| |___/   |_|     |_|   /_/ \_\ |___| |____| |___| |___/ 

as admin i want to see ticket with unpaid filter
-----------------------------------------------------------------------
14:47:22.282 [main] DEBUG  - RELATED ISSUES: 
14:47:22.283 [main] ERROR  -     Test failed at step: Click filter keaktifan unpaid
14:47:22.283 [main] ERROR  -     Expected enabled element was not enabled
14:47:22.287 [AsyncHttpClient-1-8] DEBUG org.asynchttpclient.netty.handler.WebSocketHandler - Channel Closed: [id: 0x9e952e13, L:/127.0.0.1:53510 ! R:localhost/127.0.0.1:53503] with attribute NettyResponseFuture{currentRetry=0,
	isDone=1,
	isCancelled=0,
	asyncHandler=org.asynchttpclient.ws.WebSocketUpgradeHandler@37dc972f,
	nettyRequest=org.asynchttpclient.netty.request.NettyRequest@7fc11f0b,
	future=java.util.concurrent.CompletableFuture@5b674169[Completed normally],
	uri=ws://localhost:53503/devtools/browser/dbaa52b6-2d6f-4035-af65-4a40786a5a4d,
	keepAlive=true,
	redirectCount=0,
	timeoutsHolder=null,
	inAuth=0,
	touch=1687333630987}
14:47:22.287 [AsyncHttpClient-1-8] DEBUG org.asynchttpclient.netty.channel.ChannelManager - Closing Channel [id: 0x9e952e13, L:/127.0.0.1:53510 ! R:localhost/127.0.0.1:53503] 
14:47:22.296 [Driver Command Executor] DEBUG org.asynchttpclient.netty.request.NettyRequestSender - Using pooled Channel '[id: 0xb719b748, L:/127.0.0.1:53502 - R:localhost/127.0.0.1:1920]' for 'DELETE' to 'http://localhost:1920/session/bec2ccdcda26fd83d509651fce62f431'
14:47:22.296 [Driver Command Executor] DEBUG org.asynchttpclient.netty.request.NettyRequestSender - Using open Channel [id: 0xb719b748, L:/127.0.0.1:53502 - R:localhost/127.0.0.1:1920] for DELETE '/session/bec2ccdcda26fd83d509651fce62f431'
14:47:22.453 [AsyncHttpClient-1-1] DEBUG org.asynchttpclient.netty.channel.DefaultChannelPool - Entry count for : http://localhost:53503 : 1
14:47:22.480 [AsyncHttpClient-1-7] DEBUG org.asynchttpclient.netty.handler.HttpHandler - Unexpected I/O exception on channel [id: 0xe13878b9, L:/127.0.0.1:53509 - R:localhost/127.0.0.1:53503]
java.io.IOException: An existing connection was forcibly closed by the remote host
	at sun.nio.ch.SocketDispatcher.read0(Native Method)
	at sun.nio.ch.SocketDispatcher.read(SocketDispatcher.java:43)
	at sun.nio.ch.IOUtil.readIntoNativeBuffer(IOUtil.java:223)
	at sun.nio.ch.IOUtil.read(IOUtil.java:192)
	at sun.nio.ch.SocketChannelImpl.read(SocketChannelImpl.java:380)
	at io.netty.buffer.PooledByteBuf.setBytes(PooledByteBuf.java:259)
	at io.netty.buffer.AbstractByteBuf.writeBytes(AbstractByteBuf.java:1132)
	at io.netty.channel.socket.nio.NioSocketChannel.doReadBytes(NioSocketChannel.java:357)
	at io.netty.channel.nio.AbstractNioByteChannel$NioByteUnsafe.read(AbstractNioByteChannel.java:151)
	at io.netty.channel.nio.NioEventLoop.processSelectedKey(NioEventLoop.java:788)
	at io.netty.channel.nio.NioEventLoop.processSelectedKeysOptimized(NioEventLoop.java:724)
	at io.netty.channel.nio.NioEventLoop.processSelectedKeys(NioEventLoop.java:650)
	at io.netty.channel.nio.NioEventLoop.run(NioEventLoop.java:562)
	at io.netty.util.concurrent.SingleThreadEventExecutor$4.run(SingleThreadEventExecutor.java:997)
	at io.netty.util.internal.ThreadExecutorMap$2.run(ThreadExecutorMap.java:74)
	at io.netty.util.concurrent.FastThreadLocalRunnable.run(FastThreadLocalRunnable.java:30)
	at java.lang.Thread.run(Thread.java:748)
14:47:22.480 [AsyncHttpClient-1-7] DEBUG org.asynchttpclient.netty.channel.ChannelManager - Closing Channel [id: 0xe13878b9, L:/127.0.0.1:53509 - R:localhost/127.0.0.1:53503] 
14:47:22.480 [AsyncHttpClient-1-7] DEBUG org.asynchttpclient.netty.handler.HttpHandler - Channel Closed: [id: 0xe13878b9, L:/127.0.0.1:53509 ! R:localhost/127.0.0.1:53503] with attribute DISCARD
14:47:22.512 [AsyncHttpClient-1-6] DEBUG org.asynchttpclient.netty.handler.HttpHandler - 

Request DefaultFullHttpRequest(decodeResult: success, version: HTTP/1.1, content: EmptyByteBufBE)
DELETE /session/bec2ccdcda26fd83d509651fce62f431 HTTP/1.1
User-Agent: selenium/4.8.1 (java windows)
Content-Type: application/json; charset=utf-8
host: localhost:1920
accept: */*

Response DefaultHttpResponse(decodeResult: success, version: HTTP/1.1)
HTTP/1.1 200 OK
Content-Length: 14
Content-Type: application/json; charset=utf-8
cache-control: no-cache

14:47:22.512 [AsyncHttpClient-1-6] DEBUG org.asynchttpclient.netty.channel.ChannelManager - Adding key: http://localhost:1920 for channel [id: 0xb719b748, L:/127.0.0.1:53502 - R:localhost/127.0.0.1:1920]
14:47:23.628 [AsyncHttpClient-1-1] DEBUG org.asynchttpclient.netty.channel.DefaultChannelPool - Entry count for : http://localhost:53503 : 1
14:47:23.628 [AsyncHttpClient-1-1] DEBUG org.asynchttpclient.netty.channel.DefaultChannelPool - Entry count for : http://localhost:1920 : 1
14:47:23.629 [AsyncHttpClient-1-1] DEBUG org.asynchttpclient.netty.channel.DefaultChannelPool - Adding Candidate expired Channel [id: 0xe13878b9, L:/127.0.0.1:53509 ! R:localhost/127.0.0.1:53503] isIdleTimeoutExpired=false isRemotelyClosed=true isTtlExpired=false
14:47:23.629 [AsyncHttpClient-1-1] DEBUG org.asynchttpclient.netty.channel.DefaultChannelPool - Closing Idle Channel [id: 0xe13878b9, L:/127.0.0.1:53509 ! R:localhost/127.0.0.1:53503]
14:47:23.629 [AsyncHttpClient-1-1] DEBUG org.asynchttpclient.netty.channel.DefaultChannelPool - Closed 1 connections out of 2 in 0 ms
14:47:24.062 [AsyncHttpClient-1-6] DEBUG org.asynchttpclient.netty.handler.HttpHandler - Unexpected I/O exception on channel [id: 0xb719b748, L:/127.0.0.1:53502 - R:localhost/127.0.0.1:1920]
java.io.IOException: An existing connection was forcibly closed by the remote host
	at sun.nio.ch.SocketDispatcher.read0(Native Method)
	at sun.nio.ch.SocketDispatcher.read(SocketDispatcher.java:43)
	at sun.nio.ch.IOUtil.readIntoNativeBuffer(IOUtil.java:223)
	at sun.nio.ch.IOUtil.read(IOUtil.java:192)
	at sun.nio.ch.SocketChannelImpl.read(SocketChannelImpl.java:380)
	at io.netty.buffer.PooledByteBuf.setBytes(PooledByteBuf.java:259)
	at io.netty.buffer.AbstractByteBuf.writeBytes(AbstractByteBuf.java:1132)
	at io.netty.channel.socket.nio.NioSocketChannel.doReadBytes(NioSocketChannel.java:357)
	at io.netty.channel.nio.AbstractNioByteChannel$NioByteUnsafe.read(AbstractNioByteChannel.java:151)
	at io.netty.channel.nio.NioEventLoop.processSelectedKey(NioEventLoop.java:788)
	at io.netty.channel.nio.NioEventLoop.processSelectedKeysOptimized(NioEventLoop.java:724)
	at io.netty.channel.nio.NioEventLoop.processSelectedKeys(NioEventLoop.java:650)
	at io.netty.channel.nio.NioEventLoop.run(NioEventLoop.java:562)
	at io.netty.util.concurrent.SingleThreadEventExecutor$4.run(SingleThreadEventExecutor.java:997)
	at io.netty.util.internal.ThreadExecutorMap$2.run(ThreadExecutorMap.java:74)
	at io.netty.util.concurrent.FastThreadLocalRunnable.run(FastThreadLocalRunnable.java:30)
	at java.lang.Thread.run(Thread.java:748)
14:47:24.062 [AsyncHttpClient-1-6] DEBUG org.asynchttpclient.netty.channel.ChannelManager - Closing Channel [id: 0xb719b748, L:/127.0.0.1:53502 - R:localhost/127.0.0.1:1920] 
14:47:24.062 [AsyncHttpClient-1-6] DEBUG org.asynchttpclient.netty.handler.HttpHandler - Channel Closed: [id: 0xb719b748, L:/127.0.0.1:53502 ! R:localhost/127.0.0.1:1920] with attribute DISCARD
]]></system-out>
    <system-err><![CDATA[Starting ChromeDriver 114.0.5735.90 (386bc09e8f4f2e025eddae123f36f6263096ae49-refs/branch-heads/5735@{#1052}) on port 1920
Only local connections are allowed.
Please see https://chromedriver.chromium.org/security-considerations for suggestions on keeping ChromeDriver safe.
ChromeDriver was started successfully.
Jun 21, 2023 2:47:10 PM org.openqa.selenium.devtools.CdpVersionFinder findNearestMatch
WARNING: Unable to find an exact match for CDP version 114, so returning the closest version found: 110
]]></system-err>
  </testcase>
</testsuite>