<?xml version="1.0" encoding="UTF-8"?>
<testsuite xmlns:xsi="http://www.w3.org/2001/XMLSchema-instance" xsi:noNamespaceSchemaLocation="https://maven.apache.org/surefire/maven-failsafe-plugin/xsd/failsafe-test-report-3.0.xsd" version="3.0" name="starter.CucumberTestSuite" time="41.673" tests="1" errors="0" skipped="0" failures="0">
  <properties>
    <property name="sun.desktop" value="windows"/>
    <property name="awt.toolkit" value="sun.awt.windows.WToolkit"/>
    <property name="file.encoding.pkg" value="sun.io"/>
    <property name="java.specification.version" value="1.8"/>
    <property name="webdriver.chrome.driver" value="C:\Users\ADW User ACR\.cache\selenium\chromedriver\win32\114.0.5735.90\chromedriver.exe"/>
    <property name="sun.cpu.isalist" value="amd64"/>
    <property name="sun.jnu.encoding" value="Cp1252"/>
    <property name="java.class.path" value="D:\D\QE_Alta\capstone\web-automation-test\target\test-classes;D:\D\QE_Alta\capstone\web-automation-test\target\Web-Automation-TravelBooking-1.0-SNAPSHOT.jar;C:\Users\ADW User ACR\.m2\repository\net\serenity-bdd\serenity-core\3.6.21\serenity-core-3.6.21.jar;C:\Users\ADW User ACR\.m2\repository\net\serenity-bdd\serenity-model\3.6.21\serenity-model-3.6.21.jar;C:\Users\ADW User ACR\.m2\repository\org\apache\commons\commons-text\1.10.0\commons-text-1.10.0.jar;C:\Users\ADW User ACR\.m2\repository\commons-net\commons-net\3.9.0\commons-net-3.9.0.jar;C:\Users\ADW User ACR\.m2\repository\com\google\guava\guava\31.1-jre\guava-31.1-jre.jar;C:\Users\ADW User ACR\.m2\repository\com\google\guava\failureaccess\1.0.1\failureaccess-1.0.1.jar;C:\Users\ADW User ACR\.m2\repository\com\google\guava\listenablefuture\9999.0-empty-to-avoid-conflict-with-guava\listenablefuture-9999.0-empty-to-avoid-conflict-with-guava.jar;C:\Users\ADW User ACR\.m2\repository\com\google\code\findbugs\jsr305\3.0.2\jsr305-3.0.2.jar;C:\Users\ADW User ACR\.m2\repository\org\checkerframework\checker-qual\3.12.0\checker-qual-3.12.0.jar;C:\Users\ADW User ACR\.m2\repository\com\google\errorprone\error_prone_annotations\2.11.0\error_prone_annotations-2.11.0.jar;C:\Users\ADW User ACR\.m2\repository\com\google\j2objc\j2objc-annotations\1.3\j2objc-annotations-1.3.jar;C:\Users\ADW User ACR\.m2\repository\com\google\inject\guice\5.1.0\guice-5.1.0.jar;C:\Users\ADW User ACR\.m2\repository\javax\inject\javax.inject\1\javax.inject-1.jar;C:\Users\ADW User ACR\.m2\repository\aopalliance\aopalliance\1.0\aopalliance-1.0.jar;C:\Users\ADW User ACR\.m2\repository\org\jsoup\jsoup\1.14.3\jsoup-1.14.3.jar;C:\Users\ADW User ACR\.m2\repository\com\thoughtworks\xstream\xstream\1.4.20\xstream-1.4.20.jar;C:\Users\ADW User ACR\.m2\repository\io\github\x-stream\mxparser\1.2.2\mxparser-1.2.2.jar;C:\Users\ADW User ACR\.m2\repository\xmlpull\xmlpull\1.1.3.1\xmlpull-1.1.3.1.jar;C:\Users\ADW User ACR\.m2\repository\com\typesafe\config\1.4.2\config-1.4.2.jar;C:\Users\ADW User ACR\.m2\repository\org\imgscalr\imgscalr-lib\4.2\imgscalr-lib-4.2.jar;C:\Users\ADW User ACR\.m2\repository\org\awaitility\awaitility\4.2.0\awaitility-4.2.0.jar;C:\Users\ADW User ACR\.m2\repository\org\freemarker\freemarker\2.3.31\freemarker-2.3.31.jar;C:\Users\ADW User ACR\.m2\repository\io\github\classgraph\classgraph\4.8.138\classgraph-4.8.138.jar;C:\Users\ADW User ACR\.m2\repository\net\sourceforge\jexcelapi\jxl\2.6.12\jxl-2.6.12.jar;C:\Users\ADW User ACR\.m2\repository\net\bytebuddy\byte-buddy-agent\1.14.2\byte-buddy-agent-1.14.2.jar;C:\Users\ADW User ACR\.m2\repository\org\objenesis\objenesis\3.3\objenesis-3.3.jar;C:\Users\ADW User ACR\.m2\repository\net\serenity-bdd\serenity-reports\3.6.21\serenity-reports-3.6.21.jar;C:\Users\ADW User ACR\.m2\repository\net\serenity-bdd\serenity-stats\3.6.21\serenity-stats-3.6.21.jar;C:\Users\ADW User ACR\.m2\repository\net\serenity-bdd\serenity-reports-configuration\3.6.21\serenity-reports-configuration-3.6.21.jar;C:\Users\ADW User ACR\.m2\repository\com\vladsch\flexmark\flexmark-all\0.62.2\flexmark-all-0.62.2.jar;C:\Users\ADW User ACR\.m2\repository\com\vladsch\flexmark\flexmark\0.62.2\flexmark-0.62.2.jar;C:\Users\ADW User ACR\.m2\repository\com\vladsch\flexmark\flexmark-ext-abbreviation\0.62.2\flexmark-ext-abbreviation-0.62.2.jar;C:\Users\ADW User ACR\.m2\repository\com\vladsch\flexmark\flexmark-util\0.62.2\flexmark-util-0.62.2.jar;C:\Users\ADW User ACR\.m2\repository\com\vladsch\flexmark\flexmark-ext-admonition\0.62.2\flexmark-ext-admonition-0.62.2.jar;C:\Users\ADW User ACR\.m2\repository\com\vladsch\flexmark\flexmark-ext-anchorlink\0.62.2\flexmark-ext-anchorlink-0.62.2.jar;C:\Users\ADW User ACR\.m2\repository\com\vladsch\flexmark\flexmark-ext-aside\0.62.2\flexmark-ext-aside-0.62.2.jar;C:\Users\ADW User ACR\.m2\repository\com\vladsch\flexmark\flexmark-ext-attributes\0.62.2\flexmark-ext-attributes-0.62.2.jar;C:\Users\ADW User ACR\.m2\repository\com\vladsch\flexmark\flexmark-ext-autolink\0.62.2\flexmark-ext-autolink-0.62.2.jar;C:\Users\ADW User ACR\.m2\repository\org\nibor\autolink\autolink\0.6.0\autolink-0.6.0.jar;C:\Users\ADW User ACR\.m2\repository\com\vladsch\flexmark\flexmark-ext-definition\0.62.2\flexmark-ext-definition-0.62.2.jar;C:\Users\ADW User ACR\.m2\repository\com\vladsch\flexmark\flexmark-ext-emoji\0.62.2\flexmark-ext-emoji-0.62.2.jar;C:\Users\ADW User ACR\.m2\repository\com\vladsch\flexmark\flexmark-ext-enumerated-reference\0.62.2\flexmark-ext-enumerated-reference-0.62.2.jar;C:\Users\ADW User ACR\.m2\repository\com\vladsch\flexmark\flexmark-ext-escaped-character\0.62.2\flexmark-ext-escaped-character-0.62.2.jar;C:\Users\ADW User ACR\.m2\repository\com\vladsch\flexmark\flexmark-ext-footnotes\0.62.2\flexmark-ext-footnotes-0.62.2.jar;C:\Users\ADW User ACR\.m2\repository\com\vladsch\flexmark\flexmark-ext-gfm-issues\0.62.2\flexmark-ext-gfm-issues-0.62.2.jar;C:\Users\ADW User ACR\.m2\repository\com\vladsch\flexmark\flexmark-ext-gfm-strikethrough\0.62.2\flexmark-ext-gfm-strikethrough-0.62.2.jar;C:\Users\ADW User ACR\.m2\repository\com\vladsch\flexmark\flexmark-ext-gfm-tasklist\0.62.2\flexmark-ext-gfm-tasklist-0.62.2.jar;C:\Users\ADW User ACR\.m2\repository\com\vladsch\flexmark\flexmark-ext-gfm-users\0.62.2\flexmark-ext-gfm-users-0.62.2.jar;C:\Users\ADW User ACR\.m2\repository\com\vladsch\flexmark\flexmark-ext-gitlab\0.62.2\flexmark-ext-gitlab-0.62.2.jar;C:\Users\ADW User ACR\.m2\repository\com\vladsch\flexmark\flexmark-ext-jekyll-front-matter\0.62.2\flexmark-ext-jekyll-front-matter-0.62.2.jar;C:\Users\ADW User ACR\.m2\repository\com\vladsch\flexmark\flexmark-ext-jekyll-tag\0.62.2\flexmark-ext-jekyll-tag-0.62.2.jar;C:\Users\ADW User ACR\.m2\repository\com\vladsch\flexmark\flexmark-ext-media-tags\0.62.2\flexmark-ext-media-tags-0.62.2.jar;C:\Users\ADW User ACR\.m2\repository\com\vladsch\flexmark\flexmark-ext-macros\0.62.2\flexmark-ext-macros-0.62.2.jar;C:\Users\ADW User ACR\.m2\repository\com\vladsch\flexmark\flexmark-ext-ins\0.62.2\flexmark-ext-ins-0.62.2.jar;C:\Users\ADW User ACR\.m2\repository\com\vladsch\flexmark\flexmark-ext-xwiki-macros\0.62.2\flexmark-ext-xwiki-macros-0.62.2.jar;C:\Users\ADW User ACR\.m2\repository\com\vladsch\flexmark\flexmark-ext-superscript\0.62.2\flexmark-ext-superscript-0.62.2.jar;C:\Users\ADW User ACR\.m2\repository\com\vladsch\flexmark\flexmark-ext-tables\0.62.2\flexmark-ext-tables-0.62.2.jar;C:\Users\ADW User ACR\.m2\repository\com\vladsch\flexmark\flexmark-ext-toc\0.62.2\flexmark-ext-toc-0.62.2.jar;C:\Users\ADW User ACR\.m2\repository\com\vladsch\flexmark\flexmark-ext-typographic\0.62.2\flexmark-ext-typographic-0.62.2.jar;C:\Users\ADW User ACR\.m2\repository\com\vladsch\flexmark\flexmark-ext-wikilink\0.62.2\flexmark-ext-wikilink-0.62.2.jar;C:\Users\ADW User ACR\.m2\repository\com\vladsch\flexmark\flexmark-ext-yaml-front-matter\0.62.2\flexmark-ext-yaml-front-matter-0.62.2.jar;C:\Users\ADW User ACR\.m2\repository\com\vladsch\flexmark\flexmark-ext-youtube-embedded\0.62.2\flexmark-ext-youtube-embedded-0.62.2.jar;C:\Users\ADW User ACR\.m2\repository\com\vladsch\flexmark\flexmark-html2md-converter\0.62.2\flexmark-html2md-converter-0.62.2.jar;C:\Users\ADW User ACR\.m2\repository\com\vladsch\flexmark\flexmark-jira-converter\0.62.2\flexmark-jira-converter-0.62.2.jar;C:\Users\ADW User ACR\.m2\repository\com\vladsch\flexmark\flexmark-pdf-converter\0.62.2\flexmark-pdf-converter-0.62.2.jar;C:\Users\ADW User ACR\.m2\repository\com\openhtmltopdf\openhtmltopdf-core\1.0.0\openhtmltopdf-core-1.0.0.jar;C:\Users\ADW User ACR\.m2\repository\com\openhtmltopdf\openhtmltopdf-pdfbox\1.0.0\openhtmltopdf-pdfbox-1.0.0.jar;C:\Users\ADW User ACR\.m2\repository\org\apache\pdfbox\pdfbox\2.0.16\pdfbox-2.0.16.jar;C:\Users\ADW User ACR\.m2\repository\org\apache\pdfbox\fontbox\2.0.16\fontbox-2.0.16.jar;C:\Users\ADW User ACR\.m2\repository\org\apache\pdfbox\xmpbox\2.0.16\xmpbox-2.0.16.jar;C:\Users\ADW User ACR\.m2\repository\de\rototor\pdfbox\graphics2d\0.24\graphics2d-0.24.jar;C:\Users\ADW User ACR\.m2\repository\com\openhtmltopdf\openhtmltopdf-rtl-support\1.0.0\openhtmltopdf-rtl-support-1.0.0.jar;C:\Users\ADW User ACR\.m2\repository\com\openhtmltopdf\openhtmltopdf-jsoup-dom-converter\1.0.0\openhtmltopdf-jsoup-dom-converter-1.0.0.jar;C:\Users\ADW User ACR\.m2\repository\com\vladsch\flexmark\flexmark-profile-pegdown\0.62.2\flexmark-profile-pegdown-0.62.2.jar;C:\Users\ADW User ACR\.m2\repository\com\vladsch\flexmark\flexmark-util-ast\0.62.2\flexmark-util-ast-0.62.2.jar;C:\Users\ADW User ACR\.m2\repository\com\vladsch\flexmark\flexmark-util-builder\0.62.2\flexmark-util-builder-0.62.2.jar;C:\Users\ADW User ACR\.m2\repository\com\vladsch\flexmark\flexmark-util-collection\0.62.2\flexmark-util-collection-0.62.2.jar;C:\Users\ADW User ACR\.m2\repository\com\vladsch\flexmark\flexmark-util-data\0.62.2\flexmark-util-data-0.62.2.jar;C:\Users\ADW User ACR\.m2\repository\com\vladsch\flexmark\flexmark-util-dependency\0.62.2\flexmark-util-dependency-0.62.2.jar;C:\Users\ADW User ACR\.m2\repository\com\vladsch\flexmark\flexmark-util-format\0.62.2\flexmark-util-format-0.62.2.jar;C:\Users\ADW User ACR\.m2\repository\com\vladsch\flexmark\flexmark-util-html\0.62.2\flexmark-util-html-0.62.2.jar;C:\Users\ADW User ACR\.m2\repository\com\vladsch\flexmark\flexmark-util-misc\0.62.2\flexmark-util-misc-0.62.2.jar;C:\Users\ADW User ACR\.m2\repository\com\vladsch\flexmark\flexmark-util-options\0.62.2\flexmark-util-options-0.62.2.jar;C:\Users\ADW User ACR\.m2\repository\com\vladsch\flexmark\flexmark-util-sequence\0.62.2\flexmark-util-sequence-0.62.2.jar;C:\Users\ADW User ACR\.m2\repository\com\vladsch\flexmark\flexmark-util-visitor\0.62.2\flexmark-util-visitor-0.62.2.jar;C:\Users\ADW User ACR\.m2\repository\com\vladsch\flexmark\flexmark-youtrack-converter\0.62.2\flexmark-youtrack-converter-0.62.2.jar;C:\Users\ADW User ACR\.m2\repository\com\ibm\icu\icu4j\72.1\icu4j-72.1.jar;C:\Users\ADW User ACR\.m2\repository\es\nitaur\markdown\txtmark\0.16\txtmark-0.16.jar;C:\Users\ADW User ACR\.m2\repository\net\serenity-bdd\serenity-report-resources\3.6.21\serenity-report-resources-3.6.21.jar;C:\Users\ADW User ACR\.m2\repository\com\google\code\gson\gson\2.10.1\gson-2.10.1.jar;C:\Users\ADW User ACR\.m2\repository\com\fasterxml\jackson\core\jackson-core\2.15.0-rc1\jackson-core-2.15.0-rc1.jar;C:\Users\ADW User ACR\.m2\repository\com\fasterxml\jackson\core\jackson-databind\2.15.0-rc1\jackson-databind-2.15.0-rc1.jar;C:\Users\ADW User ACR\.m2\repository\com\fasterxml\jackson\core\jackson-annotations\2.15.0-rc1\jackson-annotations-2.15.0-rc1.jar;C:\Users\ADW User ACR\.m2\repository\commons-codec\commons-codec\1.15\commons-codec-1.15.jar;C:\Users\ADW User ACR\.m2\repository\commons-io\commons-io\2.11.0\commons-io-2.11.0.jar;C:\Users\ADW User ACR\.m2\repository\org\apache\httpcomponents\httpclient\4.5.13\httpclient-4.5.13.jar;C:\Users\ADW User ACR\.m2\repository\org\apache\httpcomponents\httpcore\4.4.13\httpcore-4.4.13.jar;C:\Users\ADW User ACR\.m2\repository\commons-logging\commons-logging\1.2\commons-logging-1.2.jar;C:\Users\ADW User ACR\.m2\repository\org\seleniumhq\selenium\selenium-java\4.8.1\selenium-java-4.8.1.jar;C:\Users\ADW User ACR\.m2\repository\org\seleniumhq\selenium\selenium-devtools-v108\4.8.1\selenium-devtools-v108-4.8.1.jar;C:\Users\ADW User ACR\.m2\repository\org\seleniumhq\selenium\selenium-devtools-v109\4.8.1\selenium-devtools-v109-4.8.1.jar;C:\Users\ADW User ACR\.m2\repository\org\seleniumhq\selenium\selenium-devtools-v110\4.8.1\selenium-devtools-v110-4.8.1.jar;C:\Users\ADW User ACR\.m2\repository\org\seleniumhq\selenium\selenium-devtools-v85\4.8.1\selenium-devtools-v85-4.8.1.jar;C:\Users\ADW User ACR\.m2\repository\org\seleniumhq\selenium\selenium-remote-driver\4.8.1\selenium-remote-driver-4.8.1.jar;C:\Users\ADW User ACR\.m2\repository\com\beust\jcommander\1.82\jcommander-1.82.jar;C:\Users\ADW User ACR\.m2\repository\io\netty\netty-buffer\4.1.87.Final\netty-buffer-4.1.87.Final.jar;C:\Users\ADW User ACR\.m2\repository\io\netty\netty-codec-http\4.1.87.Final\netty-codec-http-4.1.87.Final.jar;C:\Users\ADW User ACR\.m2\repository\io\netty\netty-codec\4.1.87.Final\netty-codec-4.1.87.Final.jar;C:\Users\ADW User ACR\.m2\repository\io\netty\netty-handler\4.1.87.Final\netty-handler-4.1.87.Final.jar;C:\Users\ADW User ACR\.m2\repository\io\netty\netty-common\4.1.87.Final\netty-common-4.1.87.Final.jar;C:\Users\ADW User ACR\.m2\repository\io\netty\netty-transport-classes-epoll\4.1.87.Final\netty-transport-classes-epoll-4.1.87.Final.jar;C:\Users\ADW User ACR\.m2\repository\io\netty\netty-transport-classes-kqueue\4.1.87.Final\netty-transport-classes-kqueue-4.1.87.Final.jar;C:\Users\ADW User ACR\.m2\repository\io\netty\netty-transport-native-epoll\4.1.87.Final\netty-transport-native-epoll-4.1.87.Final.jar;C:\Users\ADW User ACR\.m2\repository\io\netty\netty-transport-native-kqueue\4.1.87.Final\netty-transport-native-kqueue-4.1.87.Final.jar;C:\Users\ADW User ACR\.m2\repository\io\netty\netty-transport-native-unix-common\4.1.87.Final\netty-transport-native-unix-common-4.1.87.Final.jar;C:\Users\ADW User ACR\.m2\repository\io\netty\netty-transport\4.1.87.Final\netty-transport-4.1.87.Final.jar;C:\Users\ADW User ACR\.m2\repository\io\netty\netty-resolver\4.1.87.Final\netty-resolver-4.1.87.Final.jar;C:\Users\ADW User ACR\.m2\repository\io\opentelemetry\opentelemetry-api\1.22.0\opentelemetry-api-1.22.0.jar;C:\Users\ADW User ACR\.m2\repository\io\opentelemetry\opentelemetry-context\1.22.0\opentelemetry-context-1.22.0.jar;C:\Users\ADW User ACR\.m2\repository\io\opentelemetry\opentelemetry-exporter-logging\1.22.0\opentelemetry-exporter-logging-1.22.0.jar;C:\Users\ADW User ACR\.m2\repository\io\opentelemetry\opentelemetry-sdk-metrics\1.22.0\opentelemetry-sdk-metrics-1.22.0.jar;C:\Users\ADW User ACR\.m2\repository\io\opentelemetry\opentelemetry-sdk-logs\1.22.0-alpha\opentelemetry-sdk-logs-1.22.0-alpha.jar;C:\Users\ADW User ACR\.m2\repository\io\opentelemetry\opentelemetry-api-logs\1.22.0-alpha\opentelemetry-api-logs-1.22.0-alpha.jar;C:\Users\ADW User ACR\.m2\repository\io\opentelemetry\opentelemetry-sdk-common\1.22.0\opentelemetry-sdk-common-1.22.0.jar;C:\Users\ADW User ACR\.m2\repository\io\opentelemetry\opentelemetry-sdk-extension-autoconfigure-spi\1.22.0\opentelemetry-sdk-extension-autoconfigure-spi-1.22.0.jar;C:\Users\ADW User ACR\.m2\repository\io\opentelemetry\opentelemetry-sdk-extension-autoconfigure\1.22.0-alpha\opentelemetry-sdk-extension-autoconfigure-1.22.0-alpha.jar;C:\Users\ADW User ACR\.m2\repository\io\opentelemetry\opentelemetry-sdk-trace\1.22.0\opentelemetry-sdk-trace-1.22.0.jar;C:\Users\ADW User ACR\.m2\repository\io\opentelemetry\opentelemetry-sdk\1.22.0\opentelemetry-sdk-1.22.0.jar;C:\Users\ADW User ACR\.m2\repository\io\opentelemetry\opentelemetry-semconv\1.22.0-alpha\opentelemetry-semconv-1.22.0-alpha.jar;C:\Users\ADW User ACR\.m2\repository\io\ous\jtoml\2.0.0\jtoml-2.0.0.jar;C:\Users\ADW User ACR\.m2\repository\org\apache\commons\commons-exec\1.3\commons-exec-1.3.jar;C:\Users\ADW User ACR\.m2\repository\org\asynchttpclient\async-http-client\2.12.3\async-http-client-2.12.3.jar;C:\Users\ADW User ACR\.m2\repository\org\asynchttpclient\async-http-client-netty-utils\2.12.3\async-http-client-netty-utils-2.12.3.jar;C:\Users\ADW User ACR\.m2\repository\io\netty\netty-codec-socks\4.1.60.Final\netty-codec-socks-4.1.60.Final.jar;C:\Users\ADW User ACR\.m2\repository\io\netty\netty-handler-proxy\4.1.60.Final\netty-handler-proxy-4.1.60.Final.jar;C:\Users\ADW User ACR\.m2\repository\io\netty\netty-transport-native-epoll\4.1.60.Final\netty-transport-native-epoll-4.1.60.Final-linux-x86_64.jar;C:\Users\ADW User ACR\.m2\repository\io\netty\netty-transport-native-kqueue\4.1.60.Final\netty-transport-native-kqueue-4.1.60.Final-osx-x86_64.jar;C:\Users\ADW User ACR\.m2\repository\org\reactivestreams\reactive-streams\1.0.3\reactive-streams-1.0.3.jar;C:\Users\ADW User ACR\.m2\repository\com\typesafe\netty\netty-reactive-streams\2.0.4\netty-reactive-streams-2.0.4.jar;C:\Users\ADW User ACR\.m2\repository\org\seleniumhq\selenium\selenium-manager\4.8.1\selenium-manager-4.8.1.jar;C:\Users\ADW User ACR\.m2\repository\org\seleniumhq\selenium\selenium-safari-driver\4.8.1\selenium-safari-driver-4.8.1.jar;C:\Users\ADW User ACR\.m2\repository\org\seleniumhq\selenium\selenium-api\4.8.1\selenium-api-4.8.1.jar;C:\Users\ADW User ACR\.m2\repository\org\seleniumhq\selenium\selenium-support\4.8.1\selenium-support-4.8.1.jar;C:\Users\ADW User ACR\.m2\repository\com\google\auto\service\auto-service-annotations\1.0.1\auto-service-annotations-1.0.1.jar;C:\Users\ADW User ACR\.m2\repository\com\google\auto\service\auto-service\1.0.1\auto-service-1.0.1.jar;C:\Users\ADW User ACR\.m2\repository\com\google\auto\auto-common\1.2\auto-common-1.2.jar;C:\Users\ADW User ACR\.m2\repository\org\seleniumhq\selenium\selenium-json\4.8.1\selenium-json-4.8.1.jar;C:\Users\ADW User ACR\.m2\repository\org\seleniumhq\selenium\selenium-chrome-driver\4.8.1\selenium-chrome-driver-4.8.1.jar;C:\Users\ADW User ACR\.m2\repository\org\seleniumhq\selenium\selenium-chromium-driver\4.8.1\selenium-chromium-driver-4.8.1.jar;C:\Users\ADW User ACR\.m2\repository\org\seleniumhq\selenium\selenium-firefox-driver\4.8.1\selenium-firefox-driver-4.8.1.jar;C:\Users\ADW User ACR\.m2\repository\org\seleniumhq\selenium\selenium-http\4.8.1\selenium-http-4.8.1.jar;C:\Users\ADW User ACR\.m2\repository\dev\failsafe\failsafe\3.3.0\failsafe-3.3.0.jar;C:\Users\ADW User ACR\.m2\repository\org\seleniumhq\selenium\selenium-edge-driver\4.8.1\selenium-edge-driver-4.8.1.jar;C:\Users\ADW User ACR\.m2\repository\org\seleniumhq\selenium\selenium-ie-driver\4.8.1\selenium-ie-driver-4.8.1.jar;C:\Users\ADW User ACR\.m2\repository\org\projectlombok\lombok\1.18.20\lombok-1.18.20.jar;C:\Users\ADW User ACR\.m2\repository\io\appium\java-client\8.3.0\java-client-8.3.0.jar;C:\Users\ADW User ACR\.m2\repository\commons-validator\commons-validator\1.7\commons-validator-1.7.jar;C:\Users\ADW User ACR\.m2\repository\commons-digester\commons-digester\2.1\commons-digester-2.1.jar;C:\Users\ADW User ACR\.m2\repository\org\apache\groovy\groovy\4.0.10\groovy-4.0.10.jar;C:\Users\ADW User ACR\.m2\repository\net\sf\opencsv\opencsv\2.0\opencsv-2.0.jar;C:\Users\ADW User ACR\.m2\repository\commons-beanutils\commons-beanutils\1.9.4\commons-beanutils-1.9.4.jar;C:\Users\ADW User ACR\.m2\repository\org\apache\commons\commons-lang3\3.12.0\commons-lang3-3.12.0.jar;C:\Users\ADW User ACR\.m2\repository\commons-collections\commons-collections\3.2.2\commons-collections-3.2.2.jar;C:\Users\ADW User ACR\.m2\repository\org\fluentlenium\fluentlenium-core\0.10.2\fluentlenium-core-0.10.2.jar;C:\Users\ADW User ACR\.m2\repository\io\github\bonigarcia\webdrivermanager\5.3.0\webdrivermanager-5.3.0.jar;C:\Users\ADW User ACR\.m2\repository\com\github\docker-java\docker-java\3.2.13\docker-java-3.2.13.jar;C:\Users\ADW User ACR\.m2\repository\com\github\docker-java\docker-java-core\3.2.13\docker-java-core-3.2.13.jar;C:\Users\ADW User ACR\.m2\repository\com\github\docker-java\docker-java-api\3.2.13\docker-java-api-3.2.13.jar;C:\Users\ADW User ACR\.m2\repository\org\apache\commons\commons-compress\1.21\commons-compress-1.21.jar;C:\Users\ADW User ACR\.m2\repository\org\bouncycastle\bcpkix-jdk15on\1.64\bcpkix-jdk15on-1.64.jar;C:\Users\ADW User ACR\.m2\repository\org\bouncycastle\bcprov-jdk15on\1.64\bcprov-jdk15on-1.64.jar;C:\Users\ADW User ACR\.m2\repository\org\slf4j\jcl-over-slf4j\1.7.30\jcl-over-slf4j-1.7.30.jar;C:\Users\ADW User ACR\.m2\repository\com\github\docker-java\docker-java-transport-httpclient5\3.2.13\docker-java-transport-httpclient5-3.2.13.jar;C:\Users\ADW User ACR\.m2\repository\com\github\docker-java\docker-java-transport\3.2.13\docker-java-transport-3.2.13.jar;C:\Users\ADW User ACR\.m2\repository\net\java\dev\jna\jna\5.8.0\jna-5.8.0.jar;C:\Users\ADW User ACR\.m2\repository\org\brotli\dec\0.1.2\dec-0.1.2.jar;C:\Users\ADW User ACR\.m2\repository\org\apache\httpcomponents\client5\httpclient5\5.1.3\httpclient5-5.1.3.jar;C:\Users\ADW User ACR\.m2\repository\org\apache\httpcomponents\core5\httpcore5\5.1.3\httpcore5-5.1.3.jar;C:\Users\ADW User ACR\.m2\repository\org\apache\httpcomponents\core5\httpcore5-h2\5.1.3\httpcore5-h2-5.1.3.jar;C:\Users\ADW User ACR\.m2\repository\com\jhlabs\filters\2.0.235\filters-2.0.235.jar;C:\Users\ADW User ACR\.m2\repository\com\paulhammant\ngwebdriver\1.1.6\ngwebdriver-1.1.6.jar;C:\Users\ADW User ACR\.m2\repository\joda-time\joda-time\2.12.2\joda-time-2.12.2.jar;C:\Users\ADW User ACR\.m2\repository\org\hamcrest\hamcrest\2.2\hamcrest-2.2.jar;C:\Users\ADW User ACR\.m2\repository\com\google\jimfs\jimfs\1.2\jimfs-1.2.jar;C:\Users\ADW User ACR\.m2\repository\org\mockito\mockito-core\3.3.3\mockito-core-3.3.3.jar;C:\Users\ADW User ACR\.m2\repository\javax\xml\bind\jaxb-api\2.3.1\jaxb-api-2.3.1.jar;C:\Users\ADW User ACR\.m2\repository\javax\activation\javax.activation-api\1.2.0\javax.activation-api-1.2.0.jar;C:\Users\ADW User ACR\.m2\repository\com\sun\xml\bind\jaxb-core\2.3.0.1\jaxb-core-2.3.0.1.jar;C:\Users\ADW User ACR\.m2\repository\com\sun\xml\bind\jaxb-impl\2.3.3\jaxb-impl-2.3.3.jar;C:\Users\ADW User ACR\.m2\repository\jakarta\xml\bind\jakarta.xml.bind-api\2.3.3\jakarta.xml.bind-api-2.3.3.jar;C:\Users\ADW User ACR\.m2\repository\com\sun\activation\jakarta.activation\1.2.2\jakarta.activation-1.2.2.jar;C:\Users\ADW User ACR\.m2\repository\javax\activation\activation\1.1.1\activation-1.1.1.jar;C:\Users\ADW User ACR\.m2\repository\net\serenity-bdd\serenity-cucumber\3.6.21\serenity-cucumber-3.6.21.jar;C:\Users\ADW User ACR\.m2\repository\io\cucumber\cucumber-core\7.11.0\cucumber-core-7.11.0.jar;C:\Users\ADW User ACR\.m2\repository\io\cucumber\cucumber-gherkin\7.11.0\cucumber-gherkin-7.11.0.jar;C:\Users\ADW User ACR\.m2\repository\io\cucumber\cucumber-gherkin-messages\7.11.0\cucumber-gherkin-messages-7.11.0.jar;C:\Users\ADW User ACR\.m2\repository\io\cucumber\gherkin\26.0.3\gherkin-26.0.3.jar;C:\Users\ADW User ACR\.m2\repository\io\cucumber\messages\21.0.1\messages-21.0.1.jar;C:\Users\ADW User ACR\.m2\repository\io\cucumber\tag-expressions\5.0.1\tag-expressions-5.0.1.jar;C:\Users\ADW User ACR\.m2\repository\io\cucumber\cucumber-expressions\16.1.1\cucumber-expressions-16.1.1.jar;C:\Users\ADW User ACR\.m2\repository\io\cucumber\datatable\7.11.0\datatable-7.11.0.jar;C:\Users\ADW User ACR\.m2\repository\io\cucumber\cucumber-plugin\7.11.0\cucumber-plugin-7.11.0.jar;C:\Users\ADW User ACR\.m2\repository\io\cucumber\docstring\7.11.0\docstring-7.11.0.jar;C:\Users\ADW User ACR\.m2\repository\io\cucumber\html-formatter\20.2.1\html-formatter-20.2.1.jar;C:\Users\ADW User ACR\.m2\repository\io\cucumber\junit-xml-formatter\0.1.0\junit-xml-formatter-0.1.0.jar;C:\Users\ADW User ACR\.m2\repository\io\cucumber\ci-environment\9.1.0\ci-environment-9.1.0.jar;C:\Users\ADW User ACR\.m2\repository\io\cucumber\cucumber-java\7.11.0\cucumber-java-7.11.0.jar;C:\Users\ADW User ACR\.m2\repository\io\cucumber\cucumber-junit\7.11.0\cucumber-junit-7.11.0.jar;C:\Users\ADW User ACR\.m2\repository\org\apache\commons\commons-csv\1.5\commons-csv-1.5.jar;C:\Users\ADW User ACR\.m2\repository\net\serenity-bdd\serenity-screenplay\3.6.21\serenity-screenplay-3.6.21.jar;C:\Users\ADW User ACR\.m2\repository\net\serenity-bdd\serenity-screenplay-webdriver\3.6.21\serenity-screenplay-webdriver-3.6.21.jar;C:\Users\ADW User ACR\.m2\repository\net\serenity-bdd\serenity-ensure\3.6.21\serenity-ensure-3.6.21.jar;C:\Users\ADW User ACR\.m2\repository\net\serenity-bdd\serenity-junit\3.6.21\serenity-junit-3.6.21.jar;C:\Users\ADW User ACR\.m2\repository\org\jetbrains\kotlin\kotlin-stdlib\1.8.10\kotlin-stdlib-1.8.10.jar;C:\Users\ADW User ACR\.m2\repository\org\jetbrains\kotlin\kotlin-stdlib-common\1.8.10\kotlin-stdlib-common-1.8.10.jar;C:\Users\ADW User ACR\.m2\repository\org\jetbrains\annotations\13.0\annotations-13.0.jar;C:\Users\ADW User ACR\.m2\repository\org\junit\platform\junit-platform-launcher\1.8.2\junit-platform-launcher-1.8.2.jar;C:\Users\ADW User ACR\.m2\repository\org\junit\platform\junit-platform-engine\1.8.2\junit-platform-engine-1.8.2.jar;C:\Users\ADW User ACR\.m2\repository\org\opentest4j\opentest4j\1.2.0\opentest4j-1.2.0.jar;C:\Users\ADW User ACR\.m2\repository\org\junit\platform\junit-platform-commons\1.8.2\junit-platform-commons-1.8.2.jar;C:\Users\ADW User ACR\.m2\repository\org\apiguardian\apiguardian-api\1.1.2\apiguardian-api-1.1.2.jar;C:\Users\ADW User ACR\.m2\repository\org\junit\jupiter\junit-jupiter-engine\5.8.2\junit-jupiter-engine-5.8.2.jar;C:\Users\ADW User ACR\.m2\repository\org\junit\jupiter\junit-jupiter-api\5.8.2\junit-jupiter-api-5.8.2.jar;C:\Users\ADW User ACR\.m2\repository\org\junit\vintage\junit-vintage-engine\5.8.2\junit-vintage-engine-5.8.2.jar;C:\Users\ADW User ACR\.m2\repository\junit\junit\4.13.2\junit-4.13.2.jar;C:\Users\ADW User ACR\.m2\repository\org\hamcrest\hamcrest-core\1.3\hamcrest-core-1.3.jar;C:\Users\ADW User ACR\.m2\repository\ch\qos\logback\logback-classic\1.2.10\logback-classic-1.2.10.jar;C:\Users\ADW User ACR\.m2\repository\ch\qos\logback\logback-core\1.2.10\logback-core-1.2.10.jar;C:\Users\ADW User ACR\.m2\repository\org\slf4j\slf4j-api\1.7.32\slf4j-api-1.7.32.jar;C:\Users\ADW User ACR\.m2\repository\org\assertj\assertj-core\3.23.1\assertj-core-3.23.1.jar;C:\Users\ADW User ACR\.m2\repository\net\bytebuddy\byte-buddy\1.12.10\byte-buddy-1.12.10.jar;"/>
    <property name="java.vm.vendor" value="Oracle Corporation"/>
    <property name="sun.arch.data.model" value="64"/>
    <property name="user.variant" value=""/>
    <property name="java.vendor.url" value="http://java.oracle.com/"/>
    <property name="user.timezone" value="Asia/Bangkok"/>
    <property name="java.vm.specification.version" value="1.8"/>
    <property name="os.name" value="Windows 10"/>
    <property name="user.country" value="US"/>
    <property name="sun.java.launcher" value="SUN_STANDARD"/>
    <property name="sun.boot.library.path" value="C:\Program Files\Java\jdk1.8.0_202\jre\bin"/>
    <property name="sun.java.command" value="C:\Users\ADW User ACR\AppData\Local\Temp\surefire1366763173628629341\surefirebooter6834136780104234607.jar C:\Users\ADW User ACR\AppData\Local\Temp\surefire1366763173628629341 2023-06-12T20-23-40_892-jvmRun1 surefire2949287831523368056tmp surefire_01581930191333912608tmp"/>
    <property name="surefire.test.class.path" value="D:\D\QE_Alta\capstone\web-automation-test\target\test-classes;D:\D\QE_Alta\capstone\web-automation-test\target\Web-Automation-TravelBooking-1.0-SNAPSHOT.jar;C:\Users\ADW User ACR\.m2\repository\net\serenity-bdd\serenity-core\3.6.21\serenity-core-3.6.21.jar;C:\Users\ADW User ACR\.m2\repository\net\serenity-bdd\serenity-model\3.6.21\serenity-model-3.6.21.jar;C:\Users\ADW User ACR\.m2\repository\org\apache\commons\commons-text\1.10.0\commons-text-1.10.0.jar;C:\Users\ADW User ACR\.m2\repository\commons-net\commons-net\3.9.0\commons-net-3.9.0.jar;C:\Users\ADW User ACR\.m2\repository\com\google\guava\guava\31.1-jre\guava-31.1-jre.jar;C:\Users\ADW User ACR\.m2\repository\com\google\guava\failureaccess\1.0.1\failureaccess-1.0.1.jar;C:\Users\ADW User ACR\.m2\repository\com\google\guava\listenablefuture\9999.0-empty-to-avoid-conflict-with-guava\listenablefuture-9999.0-empty-to-avoid-conflict-with-guava.jar;C:\Users\ADW User ACR\.m2\repository\com\google\code\findbugs\jsr305\3.0.2\jsr305-3.0.2.jar;C:\Users\ADW User ACR\.m2\repository\org\checkerframework\checker-qual\3.12.0\checker-qual-3.12.0.jar;C:\Users\ADW User ACR\.m2\repository\com\google\errorprone\error_prone_annotations\2.11.0\error_prone_annotations-2.11.0.jar;C:\Users\ADW User ACR\.m2\repository\com\google\j2objc\j2objc-annotations\1.3\j2objc-annotations-1.3.jar;C:\Users\ADW User ACR\.m2\repository\com\google\inject\guice\5.1.0\guice-5.1.0.jar;C:\Users\ADW User ACR\.m2\repository\javax\inject\javax.inject\1\javax.inject-1.jar;C:\Users\ADW User ACR\.m2\repository\aopalliance\aopalliance\1.0\aopalliance-1.0.jar;C:\Users\ADW User ACR\.m2\repository\org\jsoup\jsoup\1.14.3\jsoup-1.14.3.jar;C:\Users\ADW User ACR\.m2\repository\com\thoughtworks\xstream\xstream\1.4.20\xstream-1.4.20.jar;C:\Users\ADW User ACR\.m2\repository\io\github\x-stream\mxparser\1.2.2\mxparser-1.2.2.jar;C:\Users\ADW User ACR\.m2\repository\xmlpull\xmlpull\1.1.3.1\xmlpull-1.1.3.1.jar;C:\Users\ADW User ACR\.m2\repository\com\typesafe\config\1.4.2\config-1.4.2.jar;C:\Users\ADW User ACR\.m2\repository\org\imgscalr\imgscalr-lib\4.2\imgscalr-lib-4.2.jar;C:\Users\ADW User ACR\.m2\repository\org\awaitility\awaitility\4.2.0\awaitility-4.2.0.jar;C:\Users\ADW User ACR\.m2\repository\org\freemarker\freemarker\2.3.31\freemarker-2.3.31.jar;C:\Users\ADW User ACR\.m2\repository\io\github\classgraph\classgraph\4.8.138\classgraph-4.8.138.jar;C:\Users\ADW User ACR\.m2\repository\net\sourceforge\jexcelapi\jxl\2.6.12\jxl-2.6.12.jar;C:\Users\ADW User ACR\.m2\repository\net\bytebuddy\byte-buddy-agent\1.14.2\byte-buddy-agent-1.14.2.jar;C:\Users\ADW User ACR\.m2\repository\org\objenesis\objenesis\3.3\objenesis-3.3.jar;C:\Users\ADW User ACR\.m2\repository\net\serenity-bdd\serenity-reports\3.6.21\serenity-reports-3.6.21.jar;C:\Users\ADW User ACR\.m2\repository\net\serenity-bdd\serenity-stats\3.6.21\serenity-stats-3.6.21.jar;C:\Users\ADW User ACR\.m2\repository\net\serenity-bdd\serenity-reports-configuration\3.6.21\serenity-reports-configuration-3.6.21.jar;C:\Users\ADW User ACR\.m2\repository\com\vladsch\flexmark\flexmark-all\0.62.2\flexmark-all-0.62.2.jar;C:\Users\ADW User ACR\.m2\repository\com\vladsch\flexmark\flexmark\0.62.2\flexmark-0.62.2.jar;C:\Users\ADW User ACR\.m2\repository\com\vladsch\flexmark\flexmark-ext-abbreviation\0.62.2\flexmark-ext-abbreviation-0.62.2.jar;C:\Users\ADW User ACR\.m2\repository\com\vladsch\flexmark\flexmark-util\0.62.2\flexmark-util-0.62.2.jar;C:\Users\ADW User ACR\.m2\repository\com\vladsch\flexmark\flexmark-ext-admonition\0.62.2\flexmark-ext-admonition-0.62.2.jar;C:\Users\ADW User ACR\.m2\repository\com\vladsch\flexmark\flexmark-ext-anchorlink\0.62.2\flexmark-ext-anchorlink-0.62.2.jar;C:\Users\ADW User ACR\.m2\repository\com\vladsch\flexmark\flexmark-ext-aside\0.62.2\flexmark-ext-aside-0.62.2.jar;C:\Users\ADW User ACR\.m2\repository\com\vladsch\flexmark\flexmark-ext-attributes\0.62.2\flexmark-ext-attributes-0.62.2.jar;C:\Users\ADW User ACR\.m2\repository\com\vladsch\flexmark\flexmark-ext-autolink\0.62.2\flexmark-ext-autolink-0.62.2.jar;C:\Users\ADW User ACR\.m2\repository\org\nibor\autolink\autolink\0.6.0\autolink-0.6.0.jar;C:\Users\ADW User ACR\.m2\repository\com\vladsch\flexmark\flexmark-ext-definition\0.62.2\flexmark-ext-definition-0.62.2.jar;C:\Users\ADW User ACR\.m2\repository\com\vladsch\flexmark\flexmark-ext-emoji\0.62.2\flexmark-ext-emoji-0.62.2.jar;C:\Users\ADW User ACR\.m2\repository\com\vladsch\flexmark\flexmark-ext-enumerated-reference\0.62.2\flexmark-ext-enumerated-reference-0.62.2.jar;C:\Users\ADW User ACR\.m2\repository\com\vladsch\flexmark\flexmark-ext-escaped-character\0.62.2\flexmark-ext-escaped-character-0.62.2.jar;C:\Users\ADW User ACR\.m2\repository\com\vladsch\flexmark\flexmark-ext-footnotes\0.62.2\flexmark-ext-footnotes-0.62.2.jar;C:\Users\ADW User ACR\.m2\repository\com\vladsch\flexmark\flexmark-ext-gfm-issues\0.62.2\flexmark-ext-gfm-issues-0.62.2.jar;C:\Users\ADW User ACR\.m2\repository\com\vladsch\flexmark\flexmark-ext-gfm-strikethrough\0.62.2\flexmark-ext-gfm-strikethrough-0.62.2.jar;C:\Users\ADW User ACR\.m2\repository\com\vladsch\flexmark\flexmark-ext-gfm-tasklist\0.62.2\flexmark-ext-gfm-tasklist-0.62.2.jar;C:\Users\ADW User ACR\.m2\repository\com\vladsch\flexmark\flexmark-ext-gfm-users\0.62.2\flexmark-ext-gfm-users-0.62.2.jar;C:\Users\ADW User ACR\.m2\repository\com\vladsch\flexmark\flexmark-ext-gitlab\0.62.2\flexmark-ext-gitlab-0.62.2.jar;C:\Users\ADW User ACR\.m2\repository\com\vladsch\flexmark\flexmark-ext-jekyll-front-matter\0.62.2\flexmark-ext-jekyll-front-matter-0.62.2.jar;C:\Users\ADW User ACR\.m2\repository\com\vladsch\flexmark\flexmark-ext-jekyll-tag\0.62.2\flexmark-ext-jekyll-tag-0.62.2.jar;C:\Users\ADW User ACR\.m2\repository\com\vladsch\flexmark\flexmark-ext-media-tags\0.62.2\flexmark-ext-media-tags-0.62.2.jar;C:\Users\ADW User ACR\.m2\repository\com\vladsch\flexmark\flexmark-ext-macros\0.62.2\flexmark-ext-macros-0.62.2.jar;C:\Users\ADW User ACR\.m2\repository\com\vladsch\flexmark\flexmark-ext-ins\0.62.2\flexmark-ext-ins-0.62.2.jar;C:\Users\ADW User ACR\.m2\repository\com\vladsch\flexmark\flexmark-ext-xwiki-macros\0.62.2\flexmark-ext-xwiki-macros-0.62.2.jar;C:\Users\ADW User ACR\.m2\repository\com\vladsch\flexmark\flexmark-ext-superscript\0.62.2\flexmark-ext-superscript-0.62.2.jar;C:\Users\ADW User ACR\.m2\repository\com\vladsch\flexmark\flexmark-ext-tables\0.62.2\flexmark-ext-tables-0.62.2.jar;C:\Users\ADW User ACR\.m2\repository\com\vladsch\flexmark\flexmark-ext-toc\0.62.2\flexmark-ext-toc-0.62.2.jar;C:\Users\ADW User ACR\.m2\repository\com\vladsch\flexmark\flexmark-ext-typographic\0.62.2\flexmark-ext-typographic-0.62.2.jar;C:\Users\ADW User ACR\.m2\repository\com\vladsch\flexmark\flexmark-ext-wikilink\0.62.2\flexmark-ext-wikilink-0.62.2.jar;C:\Users\ADW User ACR\.m2\repository\com\vladsch\flexmark\flexmark-ext-yaml-front-matter\0.62.2\flexmark-ext-yaml-front-matter-0.62.2.jar;C:\Users\ADW User ACR\.m2\repository\com\vladsch\flexmark\flexmark-ext-youtube-embedded\0.62.2\flexmark-ext-youtube-embedded-0.62.2.jar;C:\Users\ADW User ACR\.m2\repository\com\vladsch\flexmark\flexmark-html2md-converter\0.62.2\flexmark-html2md-converter-0.62.2.jar;C:\Users\ADW User ACR\.m2\repository\com\vladsch\flexmark\flexmark-jira-converter\0.62.2\flexmark-jira-converter-0.62.2.jar;C:\Users\ADW User ACR\.m2\repository\com\vladsch\flexmark\flexmark-pdf-converter\0.62.2\flexmark-pdf-converter-0.62.2.jar;C:\Users\ADW User ACR\.m2\repository\com\openhtmltopdf\openhtmltopdf-core\1.0.0\openhtmltopdf-core-1.0.0.jar;C:\Users\ADW User ACR\.m2\repository\com\openhtmltopdf\openhtmltopdf-pdfbox\1.0.0\openhtmltopdf-pdfbox-1.0.0.jar;C:\Users\ADW User ACR\.m2\repository\org\apache\pdfbox\pdfbox\2.0.16\pdfbox-2.0.16.jar;C:\Users\ADW User ACR\.m2\repository\org\apache\pdfbox\fontbox\2.0.16\fontbox-2.0.16.jar;C:\Users\ADW User ACR\.m2\repository\org\apache\pdfbox\xmpbox\2.0.16\xmpbox-2.0.16.jar;C:\Users\ADW User ACR\.m2\repository\de\rototor\pdfbox\graphics2d\0.24\graphics2d-0.24.jar;C:\Users\ADW User ACR\.m2\repository\com\openhtmltopdf\openhtmltopdf-rtl-support\1.0.0\openhtmltopdf-rtl-support-1.0.0.jar;C:\Users\ADW User ACR\.m2\repository\com\openhtmltopdf\openhtmltopdf-jsoup-dom-converter\1.0.0\openhtmltopdf-jsoup-dom-converter-1.0.0.jar;C:\Users\ADW User ACR\.m2\repository\com\vladsch\flexmark\flexmark-profile-pegdown\0.62.2\flexmark-profile-pegdown-0.62.2.jar;C:\Users\ADW User ACR\.m2\repository\com\vladsch\flexmark\flexmark-util-ast\0.62.2\flexmark-util-ast-0.62.2.jar;C:\Users\ADW User ACR\.m2\repository\com\vladsch\flexmark\flexmark-util-builder\0.62.2\flexmark-util-builder-0.62.2.jar;C:\Users\ADW User ACR\.m2\repository\com\vladsch\flexmark\flexmark-util-collection\0.62.2\flexmark-util-collection-0.62.2.jar;C:\Users\ADW User ACR\.m2\repository\com\vladsch\flexmark\flexmark-util-data\0.62.2\flexmark-util-data-0.62.2.jar;C:\Users\ADW User ACR\.m2\repository\com\vladsch\flexmark\flexmark-util-dependency\0.62.2\flexmark-util-dependency-0.62.2.jar;C:\Users\ADW User ACR\.m2\repository\com\vladsch\flexmark\flexmark-util-format\0.62.2\flexmark-util-format-0.62.2.jar;C:\Users\ADW User ACR\.m2\repository\com\vladsch\flexmark\flexmark-util-html\0.62.2\flexmark-util-html-0.62.2.jar;C:\Users\ADW User ACR\.m2\repository\com\vladsch\flexmark\flexmark-util-misc\0.62.2\flexmark-util-misc-0.62.2.jar;C:\Users\ADW User ACR\.m2\repository\com\vladsch\flexmark\flexmark-util-options\0.62.2\flexmark-util-options-0.62.2.jar;C:\Users\ADW User ACR\.m2\repository\com\vladsch\flexmark\flexmark-util-sequence\0.62.2\flexmark-util-sequence-0.62.2.jar;C:\Users\ADW User ACR\.m2\repository\com\vladsch\flexmark\flexmark-util-visitor\0.62.2\flexmark-util-visitor-0.62.2.jar;C:\Users\ADW User ACR\.m2\repository\com\vladsch\flexmark\flexmark-youtrack-converter\0.62.2\flexmark-youtrack-converter-0.62.2.jar;C:\Users\ADW User ACR\.m2\repository\com\ibm\icu\icu4j\72.1\icu4j-72.1.jar;C:\Users\ADW User ACR\.m2\repository\es\nitaur\markdown\txtmark\0.16\txtmark-0.16.jar;C:\Users\ADW User ACR\.m2\repository\net\serenity-bdd\serenity-report-resources\3.6.21\serenity-report-resources-3.6.21.jar;C:\Users\ADW User ACR\.m2\repository\com\google\code\gson\gson\2.10.1\gson-2.10.1.jar;C:\Users\ADW User ACR\.m2\repository\com\fasterxml\jackson\core\jackson-core\2.15.0-rc1\jackson-core-2.15.0-rc1.jar;C:\Users\ADW User ACR\.m2\repository\com\fasterxml\jackson\core\jackson-databind\2.15.0-rc1\jackson-databind-2.15.0-rc1.jar;C:\Users\ADW User ACR\.m2\repository\com\fasterxml\jackson\core\jackson-annotations\2.15.0-rc1\jackson-annotations-2.15.0-rc1.jar;C:\Users\ADW User ACR\.m2\repository\commons-codec\commons-codec\1.15\commons-codec-1.15.jar;C:\Users\ADW User ACR\.m2\repository\commons-io\commons-io\2.11.0\commons-io-2.11.0.jar;C:\Users\ADW User ACR\.m2\repository\org\apache\httpcomponents\httpclient\4.5.13\httpclient-4.5.13.jar;C:\Users\ADW User ACR\.m2\repository\org\apache\httpcomponents\httpcore\4.4.13\httpcore-4.4.13.jar;C:\Users\ADW User ACR\.m2\repository\commons-logging\commons-logging\1.2\commons-logging-1.2.jar;C:\Users\ADW User ACR\.m2\repository\org\seleniumhq\selenium\selenium-java\4.8.1\selenium-java-4.8.1.jar;C:\Users\ADW User ACR\.m2\repository\org\seleniumhq\selenium\selenium-devtools-v108\4.8.1\selenium-devtools-v108-4.8.1.jar;C:\Users\ADW User ACR\.m2\repository\org\seleniumhq\selenium\selenium-devtools-v109\4.8.1\selenium-devtools-v109-4.8.1.jar;C:\Users\ADW User ACR\.m2\repository\org\seleniumhq\selenium\selenium-devtools-v110\4.8.1\selenium-devtools-v110-4.8.1.jar;C:\Users\ADW User ACR\.m2\repository\org\seleniumhq\selenium\selenium-devtools-v85\4.8.1\selenium-devtools-v85-4.8.1.jar;C:\Users\ADW User ACR\.m2\repository\org\seleniumhq\selenium\selenium-remote-driver\4.8.1\selenium-remote-driver-4.8.1.jar;C:\Users\ADW User ACR\.m2\repository\com\beust\jcommander\1.82\jcommander-1.82.jar;C:\Users\ADW User ACR\.m2\repository\io\netty\netty-buffer\4.1.87.Final\netty-buffer-4.1.87.Final.jar;C:\Users\ADW User ACR\.m2\repository\io\netty\netty-codec-http\4.1.87.Final\netty-codec-http-4.1.87.Final.jar;C:\Users\ADW User ACR\.m2\repository\io\netty\netty-codec\4.1.87.Final\netty-codec-4.1.87.Final.jar;C:\Users\ADW User ACR\.m2\repository\io\netty\netty-handler\4.1.87.Final\netty-handler-4.1.87.Final.jar;C:\Users\ADW User ACR\.m2\repository\io\netty\netty-common\4.1.87.Final\netty-common-4.1.87.Final.jar;C:\Users\ADW User ACR\.m2\repository\io\netty\netty-transport-classes-epoll\4.1.87.Final\netty-transport-classes-epoll-4.1.87.Final.jar;C:\Users\ADW User ACR\.m2\repository\io\netty\netty-transport-classes-kqueue\4.1.87.Final\netty-transport-classes-kqueue-4.1.87.Final.jar;C:\Users\ADW User ACR\.m2\repository\io\netty\netty-transport-native-epoll\4.1.87.Final\netty-transport-native-epoll-4.1.87.Final.jar;C:\Users\ADW User ACR\.m2\repository\io\netty\netty-transport-native-kqueue\4.1.87.Final\netty-transport-native-kqueue-4.1.87.Final.jar;C:\Users\ADW User ACR\.m2\repository\io\netty\netty-transport-native-unix-common\4.1.87.Final\netty-transport-native-unix-common-4.1.87.Final.jar;C:\Users\ADW User ACR\.m2\repository\io\netty\netty-transport\4.1.87.Final\netty-transport-4.1.87.Final.jar;C:\Users\ADW User ACR\.m2\repository\io\netty\netty-resolver\4.1.87.Final\netty-resolver-4.1.87.Final.jar;C:\Users\ADW User ACR\.m2\repository\io\opentelemetry\opentelemetry-api\1.22.0\opentelemetry-api-1.22.0.jar;C:\Users\ADW User ACR\.m2\repository\io\opentelemetry\opentelemetry-context\1.22.0\opentelemetry-context-1.22.0.jar;C:\Users\ADW User ACR\.m2\repository\io\opentelemetry\opentelemetry-exporter-logging\1.22.0\opentelemetry-exporter-logging-1.22.0.jar;C:\Users\ADW User ACR\.m2\repository\io\opentelemetry\opentelemetry-sdk-metrics\1.22.0\opentelemetry-sdk-metrics-1.22.0.jar;C:\Users\ADW User ACR\.m2\repository\io\opentelemetry\opentelemetry-sdk-logs\1.22.0-alpha\opentelemetry-sdk-logs-1.22.0-alpha.jar;C:\Users\ADW User ACR\.m2\repository\io\opentelemetry\opentelemetry-api-logs\1.22.0-alpha\opentelemetry-api-logs-1.22.0-alpha.jar;C:\Users\ADW User ACR\.m2\repository\io\opentelemetry\opentelemetry-sdk-common\1.22.0\opentelemetry-sdk-common-1.22.0.jar;C:\Users\ADW User ACR\.m2\repository\io\opentelemetry\opentelemetry-sdk-extension-autoconfigure-spi\1.22.0\opentelemetry-sdk-extension-autoconfigure-spi-1.22.0.jar;C:\Users\ADW User ACR\.m2\repository\io\opentelemetry\opentelemetry-sdk-extension-autoconfigure\1.22.0-alpha\opentelemetry-sdk-extension-autoconfigure-1.22.0-alpha.jar;C:\Users\ADW User ACR\.m2\repository\io\opentelemetry\opentelemetry-sdk-trace\1.22.0\opentelemetry-sdk-trace-1.22.0.jar;C:\Users\ADW User ACR\.m2\repository\io\opentelemetry\opentelemetry-sdk\1.22.0\opentelemetry-sdk-1.22.0.jar;C:\Users\ADW User ACR\.m2\repository\io\opentelemetry\opentelemetry-semconv\1.22.0-alpha\opentelemetry-semconv-1.22.0-alpha.jar;C:\Users\ADW User ACR\.m2\repository\io\ous\jtoml\2.0.0\jtoml-2.0.0.jar;C:\Users\ADW User ACR\.m2\repository\org\apache\commons\commons-exec\1.3\commons-exec-1.3.jar;C:\Users\ADW User ACR\.m2\repository\org\asynchttpclient\async-http-client\2.12.3\async-http-client-2.12.3.jar;C:\Users\ADW User ACR\.m2\repository\org\asynchttpclient\async-http-client-netty-utils\2.12.3\async-http-client-netty-utils-2.12.3.jar;C:\Users\ADW User ACR\.m2\repository\io\netty\netty-codec-socks\4.1.60.Final\netty-codec-socks-4.1.60.Final.jar;C:\Users\ADW User ACR\.m2\repository\io\netty\netty-handler-proxy\4.1.60.Final\netty-handler-proxy-4.1.60.Final.jar;C:\Users\ADW User ACR\.m2\repository\io\netty\netty-transport-native-epoll\4.1.60.Final\netty-transport-native-epoll-4.1.60.Final-linux-x86_64.jar;C:\Users\ADW User ACR\.m2\repository\io\netty\netty-transport-native-kqueue\4.1.60.Final\netty-transport-native-kqueue-4.1.60.Final-osx-x86_64.jar;C:\Users\ADW User ACR\.m2\repository\org\reactivestreams\reactive-streams\1.0.3\reactive-streams-1.0.3.jar;C:\Users\ADW User ACR\.m2\repository\com\typesafe\netty\netty-reactive-streams\2.0.4\netty-reactive-streams-2.0.4.jar;C:\Users\ADW User ACR\.m2\repository\org\seleniumhq\selenium\selenium-manager\4.8.1\selenium-manager-4.8.1.jar;C:\Users\ADW User ACR\.m2\repository\org\seleniumhq\selenium\selenium-safari-driver\4.8.1\selenium-safari-driver-4.8.1.jar;C:\Users\ADW User ACR\.m2\repository\org\seleniumhq\selenium\selenium-api\4.8.1\selenium-api-4.8.1.jar;C:\Users\ADW User ACR\.m2\repository\org\seleniumhq\selenium\selenium-support\4.8.1\selenium-support-4.8.1.jar;C:\Users\ADW User ACR\.m2\repository\com\google\auto\service\auto-service-annotations\1.0.1\auto-service-annotations-1.0.1.jar;C:\Users\ADW User ACR\.m2\repository\com\google\auto\service\auto-service\1.0.1\auto-service-1.0.1.jar;C:\Users\ADW User ACR\.m2\repository\com\google\auto\auto-common\1.2\auto-common-1.2.jar;C:\Users\ADW User ACR\.m2\repository\org\seleniumhq\selenium\selenium-json\4.8.1\selenium-json-4.8.1.jar;C:\Users\ADW User ACR\.m2\repository\org\seleniumhq\selenium\selenium-chrome-driver\4.8.1\selenium-chrome-driver-4.8.1.jar;C:\Users\ADW User ACR\.m2\repository\org\seleniumhq\selenium\selenium-chromium-driver\4.8.1\selenium-chromium-driver-4.8.1.jar;C:\Users\ADW User ACR\.m2\repository\org\seleniumhq\selenium\selenium-firefox-driver\4.8.1\selenium-firefox-driver-4.8.1.jar;C:\Users\ADW User ACR\.m2\repository\org\seleniumhq\selenium\selenium-http\4.8.1\selenium-http-4.8.1.jar;C:\Users\ADW User ACR\.m2\repository\dev\failsafe\failsafe\3.3.0\failsafe-3.3.0.jar;C:\Users\ADW User ACR\.m2\repository\org\seleniumhq\selenium\selenium-edge-driver\4.8.1\selenium-edge-driver-4.8.1.jar;C:\Users\ADW User ACR\.m2\repository\org\seleniumhq\selenium\selenium-ie-driver\4.8.1\selenium-ie-driver-4.8.1.jar;C:\Users\ADW User ACR\.m2\repository\org\projectlombok\lombok\1.18.20\lombok-1.18.20.jar;C:\Users\ADW User ACR\.m2\repository\io\appium\java-client\8.3.0\java-client-8.3.0.jar;C:\Users\ADW User ACR\.m2\repository\commons-validator\commons-validator\1.7\commons-validator-1.7.jar;C:\Users\ADW User ACR\.m2\repository\commons-digester\commons-digester\2.1\commons-digester-2.1.jar;C:\Users\ADW User ACR\.m2\repository\org\apache\groovy\groovy\4.0.10\groovy-4.0.10.jar;C:\Users\ADW User ACR\.m2\repository\net\sf\opencsv\opencsv\2.0\opencsv-2.0.jar;C:\Users\ADW User ACR\.m2\repository\commons-beanutils\commons-beanutils\1.9.4\commons-beanutils-1.9.4.jar;C:\Users\ADW User ACR\.m2\repository\org\apache\commons\commons-lang3\3.12.0\commons-lang3-3.12.0.jar;C:\Users\ADW User ACR\.m2\repository\commons-collections\commons-collections\3.2.2\commons-collections-3.2.2.jar;C:\Users\ADW User ACR\.m2\repository\org\fluentlenium\fluentlenium-core\0.10.2\fluentlenium-core-0.10.2.jar;C:\Users\ADW User ACR\.m2\repository\io\github\bonigarcia\webdrivermanager\5.3.0\webdrivermanager-5.3.0.jar;C:\Users\ADW User ACR\.m2\repository\com\github\docker-java\docker-java\3.2.13\docker-java-3.2.13.jar;C:\Users\ADW User ACR\.m2\repository\com\github\docker-java\docker-java-core\3.2.13\docker-java-core-3.2.13.jar;C:\Users\ADW User ACR\.m2\repository\com\github\docker-java\docker-java-api\3.2.13\docker-java-api-3.2.13.jar;C:\Users\ADW User ACR\.m2\repository\org\apache\commons\commons-compress\1.21\commons-compress-1.21.jar;C:\Users\ADW User ACR\.m2\repository\org\bouncycastle\bcpkix-jdk15on\1.64\bcpkix-jdk15on-1.64.jar;C:\Users\ADW User ACR\.m2\repository\org\bouncycastle\bcprov-jdk15on\1.64\bcprov-jdk15on-1.64.jar;C:\Users\ADW User ACR\.m2\repository\org\slf4j\jcl-over-slf4j\1.7.30\jcl-over-slf4j-1.7.30.jar;C:\Users\ADW User ACR\.m2\repository\com\github\docker-java\docker-java-transport-httpclient5\3.2.13\docker-java-transport-httpclient5-3.2.13.jar;C:\Users\ADW User ACR\.m2\repository\com\github\docker-java\docker-java-transport\3.2.13\docker-java-transport-3.2.13.jar;C:\Users\ADW User ACR\.m2\repository\net\java\dev\jna\jna\5.8.0\jna-5.8.0.jar;C:\Users\ADW User ACR\.m2\repository\org\brotli\dec\0.1.2\dec-0.1.2.jar;C:\Users\ADW User ACR\.m2\repository\org\apache\httpcomponents\client5\httpclient5\5.1.3\httpclient5-5.1.3.jar;C:\Users\ADW User ACR\.m2\repository\org\apache\httpcomponents\core5\httpcore5\5.1.3\httpcore5-5.1.3.jar;C:\Users\ADW User ACR\.m2\repository\org\apache\httpcomponents\core5\httpcore5-h2\5.1.3\httpcore5-h2-5.1.3.jar;C:\Users\ADW User ACR\.m2\repository\com\jhlabs\filters\2.0.235\filters-2.0.235.jar;C:\Users\ADW User ACR\.m2\repository\com\paulhammant\ngwebdriver\1.1.6\ngwebdriver-1.1.6.jar;C:\Users\ADW User ACR\.m2\repository\joda-time\joda-time\2.12.2\joda-time-2.12.2.jar;C:\Users\ADW User ACR\.m2\repository\org\hamcrest\hamcrest\2.2\hamcrest-2.2.jar;C:\Users\ADW User ACR\.m2\repository\com\google\jimfs\jimfs\1.2\jimfs-1.2.jar;C:\Users\ADW User ACR\.m2\repository\org\mockito\mockito-core\3.3.3\mockito-core-3.3.3.jar;C:\Users\ADW User ACR\.m2\repository\javax\xml\bind\jaxb-api\2.3.1\jaxb-api-2.3.1.jar;C:\Users\ADW User ACR\.m2\repository\javax\activation\javax.activation-api\1.2.0\javax.activation-api-1.2.0.jar;C:\Users\ADW User ACR\.m2\repository\com\sun\xml\bind\jaxb-core\2.3.0.1\jaxb-core-2.3.0.1.jar;C:\Users\ADW User ACR\.m2\repository\com\sun\xml\bind\jaxb-impl\2.3.3\jaxb-impl-2.3.3.jar;C:\Users\ADW User ACR\.m2\repository\jakarta\xml\bind\jakarta.xml.bind-api\2.3.3\jakarta.xml.bind-api-2.3.3.jar;C:\Users\ADW User ACR\.m2\repository\com\sun\activation\jakarta.activation\1.2.2\jakarta.activation-1.2.2.jar;C:\Users\ADW User ACR\.m2\repository\javax\activation\activation\1.1.1\activation-1.1.1.jar;C:\Users\ADW User ACR\.m2\repository\net\serenity-bdd\serenity-cucumber\3.6.21\serenity-cucumber-3.6.21.jar;C:\Users\ADW User ACR\.m2\repository\io\cucumber\cucumber-core\7.11.0\cucumber-core-7.11.0.jar;C:\Users\ADW User ACR\.m2\repository\io\cucumber\cucumber-gherkin\7.11.0\cucumber-gherkin-7.11.0.jar;C:\Users\ADW User ACR\.m2\repository\io\cucumber\cucumber-gherkin-messages\7.11.0\cucumber-gherkin-messages-7.11.0.jar;C:\Users\ADW User ACR\.m2\repository\io\cucumber\gherkin\26.0.3\gherkin-26.0.3.jar;C:\Users\ADW User ACR\.m2\repository\io\cucumber\messages\21.0.1\messages-21.0.1.jar;C:\Users\ADW User ACR\.m2\repository\io\cucumber\tag-expressions\5.0.1\tag-expressions-5.0.1.jar;C:\Users\ADW User ACR\.m2\repository\io\cucumber\cucumber-expressions\16.1.1\cucumber-expressions-16.1.1.jar;C:\Users\ADW User ACR\.m2\repository\io\cucumber\datatable\7.11.0\datatable-7.11.0.jar;C:\Users\ADW User ACR\.m2\repository\io\cucumber\cucumber-plugin\7.11.0\cucumber-plugin-7.11.0.jar;C:\Users\ADW User ACR\.m2\repository\io\cucumber\docstring\7.11.0\docstring-7.11.0.jar;C:\Users\ADW User ACR\.m2\repository\io\cucumber\html-formatter\20.2.1\html-formatter-20.2.1.jar;C:\Users\ADW User ACR\.m2\repository\io\cucumber\junit-xml-formatter\0.1.0\junit-xml-formatter-0.1.0.jar;C:\Users\ADW User ACR\.m2\repository\io\cucumber\ci-environment\9.1.0\ci-environment-9.1.0.jar;C:\Users\ADW User ACR\.m2\repository\io\cucumber\cucumber-java\7.11.0\cucumber-java-7.11.0.jar;C:\Users\ADW User ACR\.m2\repository\io\cucumber\cucumber-junit\7.11.0\cucumber-junit-7.11.0.jar;C:\Users\ADW User ACR\.m2\repository\org\apache\commons\commons-csv\1.5\commons-csv-1.5.jar;C:\Users\ADW User ACR\.m2\repository\net\serenity-bdd\serenity-screenplay\3.6.21\serenity-screenplay-3.6.21.jar;C:\Users\ADW User ACR\.m2\repository\net\serenity-bdd\serenity-screenplay-webdriver\3.6.21\serenity-screenplay-webdriver-3.6.21.jar;C:\Users\ADW User ACR\.m2\repository\net\serenity-bdd\serenity-ensure\3.6.21\serenity-ensure-3.6.21.jar;C:\Users\ADW User ACR\.m2\repository\net\serenity-bdd\serenity-junit\3.6.21\serenity-junit-3.6.21.jar;C:\Users\ADW User ACR\.m2\repository\org\jetbrains\kotlin\kotlin-stdlib\1.8.10\kotlin-stdlib-1.8.10.jar;C:\Users\ADW User ACR\.m2\repository\org\jetbrains\kotlin\kotlin-stdlib-common\1.8.10\kotlin-stdlib-common-1.8.10.jar;C:\Users\ADW User ACR\.m2\repository\org\jetbrains\annotations\13.0\annotations-13.0.jar;C:\Users\ADW User ACR\.m2\repository\org\junit\platform\junit-platform-launcher\1.8.2\junit-platform-launcher-1.8.2.jar;C:\Users\ADW User ACR\.m2\repository\org\junit\platform\junit-platform-engine\1.8.2\junit-platform-engine-1.8.2.jar;C:\Users\ADW User ACR\.m2\repository\org\opentest4j\opentest4j\1.2.0\opentest4j-1.2.0.jar;C:\Users\ADW User ACR\.m2\repository\org\junit\platform\junit-platform-commons\1.8.2\junit-platform-commons-1.8.2.jar;C:\Users\ADW User ACR\.m2\repository\org\apiguardian\apiguardian-api\1.1.2\apiguardian-api-1.1.2.jar;C:\Users\ADW User ACR\.m2\repository\org\junit\jupiter\junit-jupiter-engine\5.8.2\junit-jupiter-engine-5.8.2.jar;C:\Users\ADW User ACR\.m2\repository\org\junit\jupiter\junit-jupiter-api\5.8.2\junit-jupiter-api-5.8.2.jar;C:\Users\ADW User ACR\.m2\repository\org\junit\vintage\junit-vintage-engine\5.8.2\junit-vintage-engine-5.8.2.jar;C:\Users\ADW User ACR\.m2\repository\junit\junit\4.13.2\junit-4.13.2.jar;C:\Users\ADW User ACR\.m2\repository\org\hamcrest\hamcrest-core\1.3\hamcrest-core-1.3.jar;C:\Users\ADW User ACR\.m2\repository\ch\qos\logback\logback-classic\1.2.10\logback-classic-1.2.10.jar;C:\Users\ADW User ACR\.m2\repository\ch\qos\logback\logback-core\1.2.10\logback-core-1.2.10.jar;C:\Users\ADW User ACR\.m2\repository\org\slf4j\slf4j-api\1.7.32\slf4j-api-1.7.32.jar;C:\Users\ADW User ACR\.m2\repository\org\assertj\assertj-core\3.23.1\assertj-core-3.23.1.jar;C:\Users\ADW User ACR\.m2\repository\net\bytebuddy\byte-buddy\1.12.10\byte-buddy-1.12.10.jar;"/>
    <property name="sun.cpu.endian" value="little"/>
    <property name="user.home" value="C:\Users\ADW User ACR"/>
    <property name="user.language" value="en"/>
    <property name="java.specification.vendor" value="Oracle Corporation"/>
    <property name="java.home" value="C:\Program Files\Java\jdk1.8.0_202\jre"/>
    <property name="tags" value="@EditKA-EditTambahRutePerjalanan"/>
    <property name="basedir" value="D:\D\QE_Alta\capstone\web-automation-test"/>
    <property name="file.separator" value="\"/>
    <property name="line.separator" value="&#10;"/>
    <property name="java.vm.specification.vendor" value="Oracle Corporation"/>
    <property name="java.specification.name" value="Java Platform API Specification"/>
    <property name="java.awt.graphicsenv" value="sun.awt.Win32GraphicsEnvironment"/>
    <property name="surefire.real.class.path" value="C:\Users\ADW User ACR\AppData\Local\Temp\surefire1366763173628629341\surefirebooter6834136780104234607.jar"/>
    <property name="sun.boot.class.path" value="C:\Program Files\Java\jdk1.8.0_202\jre\lib\resources.jar;C:\Program Files\Java\jdk1.8.0_202\jre\lib\rt.jar;C:\Program Files\Java\jdk1.8.0_202\jre\lib\sunrsasign.jar;C:\Program Files\Java\jdk1.8.0_202\jre\lib\jsse.jar;C:\Program Files\Java\jdk1.8.0_202\jre\lib\jce.jar;C:\Program Files\Java\jdk1.8.0_202\jre\lib\charsets.jar;C:\Program Files\Java\jdk1.8.0_202\jre\lib\jfr.jar;C:\Program Files\Java\jdk1.8.0_202\jre\classes"/>
    <property name="user.script" value=""/>
    <property name="sun.management.compiler" value="HotSpot 64-Bit Tiered Compilers"/>
    <property name="java.runtime.version" value="1.8.0_202-b08"/>
    <property name="user.name" value="ADW User ACR"/>
    <property name="path.separator" value=";"/>
    <property name="os.version" value="10.0"/>
    <property name="java.endorsed.dirs" value="C:\Program Files\Java\jdk1.8.0_202\jre\lib\endorsed"/>
    <property name="java.runtime.name" value="Java(TM) SE Runtime Environment"/>
    <property name="file.encoding" value="Cp1252"/>
    <property name="webdriver.base.url" value=""/>
    <property name="java.vm.name" value="Java HotSpot(TM) 64-Bit Server VM"/>
    <property name="localRepository" value="C:\Users\ADW User ACR\.m2\repository"/>
    <property name="java.vendor.url.bug" value="http://bugreport.sun.com/bugreport/"/>
    <property name="java.io.tmpdir" value="C:\Users\ADWUSE~1\AppData\Local\Temp\"/>
    <property name="java.version" value="1.8.0_202"/>
    <property name="user.dir" value="D:\D\QE_Alta\capstone\web-automation-test"/>
    <property name="os.arch" value="amd64"/>
    <property name="java.vm.specification.name" value="Java Virtual Machine Specification"/>
    <property name="java.awt.printerjob" value="sun.awt.windows.WPrinterJob"/>
    <property name="sun.os.patch.level" value=""/>
    <property name="java.library.path" value="C:\Program Files\Java\jdk1.8.0_202\jre\bin;C:\Windows\Sun\Java\bin;C:\Windows\system32;C:\Windows;C:\Python311\Scripts\;C:\Python311\;C:\Program Files (x86)\Common Files\Oracle\Java\javapath;C:\Program Files (x86)\Common Files\Intel\Shared Files\cpp\bin\Intel64;C:\Windows\system32;C:\Windows;C:\Windows\System32\Wbem;C:\Windows\System32\WindowsPowerShell\v1.0\;C:\Windows\System32\OpenSSH\;C:\Program Files\apache-maven-3.9.1\bin;C:\Program Files\nodejs\;C:\ProgramData\chocolatey\bin;C:\Users\Public\Android\Sdk;C:\Users\Public\Android\Sdk\platform-tools;C:\Users\ADW User ACR\AppData\Local\Microsoft\WindowsApps;C:\Users\ADW User ACR\AppData\Local\Programs\Git\cmd;C:\Users\ADW User ACR\AppData\Roaming\npm;."/>
    <property name="java.vm.info" value="mixed mode"/>
    <property name="java.vendor" value="Oracle Corporation"/>
    <property name="java.vm.version" value="25.202-b08"/>
    <property name="java.ext.dirs" value="C:\Program Files\Java\jdk1.8.0_202\jre\lib\ext;C:\Windows\Sun\Java\lib\ext"/>
    <property name="sun.io.unicode.encoding" value="UnicodeLittle"/>
    <property name="java.class.version" value="52.0"/>
  </properties>
  <testcase name="as user i want to edit data KA" classname="As a user i want to success edit data KA" time="24.107">
    <system-out><![CDATA[20:24:00.115 [main] DEBUG net.thucydides.core.guice.Injectors - Created injector for module net.thucydides.core.guice.ThucydidesModule
20:24:01.019 [main] DEBUG io.cucumber.core.plugin.SerenityReporter - Running feature from file:///D:/D/QE_Alta/capstone/web-automation-test/src/test/resources/features/Admin/DaftarKeretaApi/DetailKA.feature
20:24:01.556 [main] DEBUG net.thucydides.core.guice.Injectors - Created injector for module net.thucydides.core.guice.webdriver.WebDriverModule
20:24:01.609 [main] INFO  - 

-------------------------------------------------------------------------------------
     _______. _______ .______       _______ .__   __.  __  .___________.____    ____ 
    /       ||   ____||   _  \     |   ____||  \ |  | |  | |           |\   \  /   / 
   |   (----`|  |__   |  |_)  |    |  |__   |   \|  | |  | `---|  |----` \   \/   /  
    \   \    |   __|  |      /     |   __|  |  . `  | |  |     |  |       \_    _/   
.----)   |   |  |____ |  |\  \----.|  |____ |  |\   | |  |     |  |         |  |     
|_______/    |_______|| _| `._____||_______||__| \__| |__|     |__|         |__|    
                                                                                     
 News and tutorials at http://www.serenity-bdd.info                                  
 Documentation at https://wakaleo.gitbooks.io/the-serenity-book/content/             
 Join the Serenity Community on Gitter: https://gitter.im/serenity-bdd/serenity-core 
 Serenity BDD Support and Training at http://serenity-bdd.info/#/trainingandsupport  
-------------------------------------------------------------------------------------

20:24:01.613 [main] DEBUG net.thucydides.core.steps.StepEventBus - Test suite started for story net.thucydides.core.model.Story@cae7b625
20:24:01.616 [main] INFO  - Test Suite Started: As a user i want to success see detail data KA
20:24:01.654 [main] DEBUG io.cucumber.core.plugin.SerenityReporter - Running feature from file:///D:/D/QE_Alta/capstone/web-automation-test/src/test/resources/features/Admin/DaftarKeretaApi/EditKA.feature
20:24:01.664 [main] DEBUG net.thucydides.core.steps.StepEventBus - Test suite started for story net.thucydides.core.model.Story@69ea54bf
20:24:01.665 [main] INFO  - Test Suite Started: As a user i want to success edit data KA
20:24:01.667 [main] DEBUG io.cucumber.core.plugin.SerenityReporter - Running feature from file:///D:/D/QE_Alta/capstone/web-automation-test/src/test/resources/features/Admin/DaftarKeretaApi/EditKA.feature
20:24:01.672 [main] DEBUG net.thucydides.core.steps.StepEventBus - Test suite started for story net.thucydides.core.model.Story@69ea54bf
20:24:01.673 [main] INFO  - Test Suite Started: As a user i want to success edit data KA

@EditKA-EditTambahRutePerjalanan
Scenario: as user i want to edit data KA &amp#27;[90m# src/test/resources/features/Admin/DaftarKeretaApi/EditKA.feature:20&amp#27;[0m
20:24:01.901 [main] DEBUG io.cucumber.core.plugin.SerenityReporter - Running feature from file:///D:/D/QE_Alta/capstone/web-automation-test/src/test/resources/features/Admin/DaftarKeretaApi/EditKA.feature
20:24:02.275 [main] INFO  - 
  _____   ___   ___   _____     ___   _____     _     ___   _____   ___   ___  
 |_   _| | __| / __| |_   _|   / __| |_   _|   /_\   | _ \ |_   _| | __| |   \ 
   | |   | _|  \__ \   | |     \__ \   | |    / _ \  |   /   | |   | _|  | |) |
   |_|   |___| |___/   |_|     |___/   |_|   /_/ \_\ |_|_\   |_|   |___| |___/ 

as user i want to edit data KA(as-a-user-i-want-to-success-edit-data-ka;as-user-i-want-to-edit-data-ka)
--------------------------------------------------------------------------------
20:24:02.403 [main] DEBUG net.thucydides.core.requirements.FileSystemRequirementsTagProvider - Loading requirements from directory: D:\D\QE_Alta\capstone\web-automation-test\src\test\resources\features\Admin (D:\D\QE_Alta\capstone\web-automation-test\src\test\resources\features\Admin)
20:24:02.403 [main] DEBUG net.thucydides.core.requirements.FileSystemRequirementsTagProvider - Get requirements type for: D:\D\QE_Alta\capstone\web-automation-test\src\test\resources\features\Admin (D:\D\QE_Alta\capstone\web-automation-test\src\test\resources\features\Admin)
20:24:02.420 [main] DEBUG net.thucydides.core.requirements.FileSystemRequirementsTagProvider - Loading requirements from directory: D:\D\QE_Alta\capstone\web-automation-test\src\test\resources\features\Admin\DaftarKeretaApi (D:\D\QE_Alta\capstone\web-automation-test\src\test\resources\features\Admin\DaftarKeretaApi)
20:24:02.420 [main] DEBUG net.thucydides.core.requirements.FileSystemRequirementsTagProvider - Get requirements type for: D:\D\QE_Alta\capstone\web-automation-test\src\test\resources\features\Admin\DaftarKeretaApi (D:\D\QE_Alta\capstone\web-automation-test\src\test\resources\features\Admin\DaftarKeretaApi)
20:24:02.449 [main] DEBUG net.thucydides.core.requirements.model.cucumber.CucumberParser - Loading feature D:\D\QE_Alta\capstone\web-automation-test\src\test\resources\features\Admin\DaftarKeretaApi\DetailKA.feature
20:24:02.497 [main] DEBUG net.thucydides.core.requirements.model.cucumber.CucumberParser - Loading feature D:\D\QE_Alta\capstone\web-automation-test\src\test\resources\features\Admin\DaftarKeretaApi\EditKA.feature
20:24:04.286 [main] DEBUG net.thucydides.core.steps.StepInterceptor - STARTING STEP: DetailKASteps.userOnLoginPage - onLoginPage
20:24:04.362 [main] INFO net.serenitybdd.core.webdriver.driverproviders.DriverProvider - Using WebDriverManager configuration for chrome
20:24:05.724 [main] DEBUG io.github.bonigarcia.wdm.cache.ResolutionCache - Resolution chrome=114 in cache (valid until 21:09:48 12/06/2023 ICT)
20:24:05.726 [main] DEBUG io.github.bonigarcia.wdm.cache.ResolutionCache - Resolution chrome114=114.0.5735.90 in cache (valid until 20:09:48 13/06/2023 ICT)
20:24:05.728 [main] INFO io.github.bonigarcia.wdm.WebDriverManager - Using chromedriver 114.0.5735.90 (resolved driver for Chrome 114)
20:24:05.762 [main] DEBUG io.github.bonigarcia.wdm.WebDriverManager - Driver chromedriver 114.0.5735.90 found in cache
20:24:05.764 [main] INFO io.github.bonigarcia.wdm.WebDriverManager - Exporting webdriver.chrome.driver as C:\Users\ADW User ACR\.cache\selenium\chromedriver\win32\114.0.5735.90\chromedriver.exe
20:24:05.906 [main] INFO net.serenitybdd.core.webdriver.driverproviders.ChromeDriverProvider - Starting Chrome driver instance with capabilities:
20:24:05.911 [main] INFO net.serenitybdd.core.webdriver.driverproviders.ChromeDriverProvider - Capabilities {acceptInsecureCerts: true, browserName: chrome, goog:chromeOptions: {args: [remote-allow-origins=*, test-type, no-sandbox, ignore-certificate-errors, start-maximized, incognito, disable-infobars, disable-gpu, disable-default-apps, disable-popup-blocking, remote-allow-origins=*, test-type, no-sandbox, ignore-certificate-errors, start-maximized, incognito, disable-infobars, disable-gpu, disable-default-apps, disable-popup-blocking, remote-allow-origins=*], extensions: []}}
20:24:06.089 [main] DEBUG io.netty.util.internal.logging.InternalLoggerFactory - Using SLF4J as the default logging framework
20:24:06.094 [main] DEBUG io.netty.util.ResourceLeakDetector - -Dio.netty.leakDetection.level: simple
20:24:06.095 [main] DEBUG io.netty.util.ResourceLeakDetector - -Dio.netty.leakDetection.targetRecords: 4
20:24:06.103 [main] DEBUG io.netty.util.ResourceLeakDetectorFactory - Loaded default ResourceLeakDetector: io.netty.util.ResourceLeakDetector@73ae0257
20:24:06.158 [main] DEBUG io.netty.util.internal.PlatformDependent0 - -Dio.netty.noUnsafe: false
20:24:06.158 [main] DEBUG io.netty.util.internal.PlatformDependent0 - Java version: 8
20:24:06.160 [main] DEBUG io.netty.util.internal.PlatformDependent0 - sun.misc.Unsafe.theUnsafe: available
20:24:06.161 [main] DEBUG io.netty.util.internal.PlatformDependent0 - sun.misc.Unsafe.copyMemory: available
20:24:06.161 [main] DEBUG io.netty.util.internal.PlatformDependent0 - sun.misc.Unsafe.storeFence: available
20:24:06.163 [main] DEBUG io.netty.util.internal.PlatformDependent0 - java.nio.Buffer.address: available
20:24:06.164 [main] DEBUG io.netty.util.internal.PlatformDependent0 - direct buffer constructor: available
20:24:06.165 [main] DEBUG io.netty.util.internal.PlatformDependent0 - java.nio.Bits.unaligned: available, true
20:24:06.166 [main] DEBUG io.netty.util.internal.PlatformDependent0 - jdk.internal.misc.Unsafe.allocateUninitializedArray(int): unavailable prior to Java9
20:24:06.169 [main] DEBUG io.netty.util.internal.PlatformDependent0 - java.nio.DirectByteBuffer.<init>(long, int): available
20:24:06.170 [main] DEBUG io.netty.util.internal.PlatformDependent - sun.misc.Unsafe: available
20:24:06.171 [main] DEBUG io.netty.util.internal.PlatformDependent - -Dio.netty.tmpdir: C:\Users\ADWUSE~1\AppData\Local\Temp (java.io.tmpdir)
20:24:06.171 [main] DEBUG io.netty.util.internal.PlatformDependent - -Dio.netty.bitMode: 64 (sun.arch.data.model)
20:24:06.171 [main] DEBUG io.netty.util.internal.PlatformDependent - Platform: Windows
20:24:06.173 [main] DEBUG io.netty.util.internal.PlatformDependent - -Dio.netty.maxDirectMemory: 1840250880 bytes
20:24:06.173 [main] DEBUG io.netty.util.internal.PlatformDependent - -Dio.netty.uninitializedArrayAllocationThreshold: -1
20:24:06.175 [main] DEBUG io.netty.util.internal.CleanerJava6 - java.nio.ByteBuffer.cleaner(): available
20:24:06.175 [main] DEBUG io.netty.util.internal.PlatformDependent - -Dio.netty.noPreferDirect: false
20:24:06.190 [main] DEBUG io.netty.util.internal.PlatformDependent - org.jctools-core.MpscChunkedArrayQueue: available
20:24:06.231 [main] DEBUG io.netty.util.internal.InternalThreadLocalMap - -Dio.netty.threadLocalMap.stringBuilder.initialSize: 1024
20:24:06.231 [main] DEBUG io.netty.util.internal.InternalThreadLocalMap - -Dio.netty.threadLocalMap.stringBuilder.maxSize: 4096
20:24:06.291 [main] DEBUG io.netty.handler.ssl.JdkSslContext - Default protocols (JDK): [TLSv1.2, TLSv1.1, TLSv1] 
20:24:06.291 [main] DEBUG io.netty.handler.ssl.JdkSslContext - Default cipher suites (JDK): [TLS_ECDHE_ECDSA_WITH_AES_256_GCM_SHA384, TLS_ECDHE_ECDSA_WITH_AES_128_GCM_SHA256, TLS_ECDHE_RSA_WITH_AES_128_GCM_SHA256, TLS_ECDHE_RSA_WITH_AES_256_GCM_SHA384, TLS_ECDHE_RSA_WITH_AES_128_CBC_SHA, TLS_ECDHE_RSA_WITH_AES_256_CBC_SHA, TLS_RSA_WITH_AES_128_GCM_SHA256, TLS_RSA_WITH_AES_128_CBC_SHA, TLS_RSA_WITH_AES_256_CBC_SHA]
20:24:06.342 [main] DEBUG io.netty.channel.MultithreadEventLoopGroup - -Dio.netty.eventLoopThreads: 8
20:24:06.359 [main] DEBUG io.netty.channel.nio.NioEventLoop - -Dio.netty.noKeySetOptimization: false
20:24:06.359 [main] DEBUG io.netty.channel.nio.NioEventLoop - -Dio.netty.selectorAutoRebuildThreshold: 512
20:24:06.584 [main] DEBUG io.netty.buffer.PooledByteBufAllocator - -Dio.netty.allocator.numHeapArenas: 8
20:24:06.585 [main] DEBUG io.netty.buffer.PooledByteBufAllocator - -Dio.netty.allocator.numDirectArenas: 8
20:24:06.585 [main] DEBUG io.netty.buffer.PooledByteBufAllocator - -Dio.netty.allocator.pageSize: 8192
20:24:06.585 [main] DEBUG io.netty.buffer.PooledByteBufAllocator - -Dio.netty.allocator.maxOrder: 9
20:24:06.585 [main] DEBUG io.netty.buffer.PooledByteBufAllocator - -Dio.netty.allocator.chunkSize: 4194304
20:24:06.585 [main] DEBUG io.netty.buffer.PooledByteBufAllocator - -Dio.netty.allocator.smallCacheSize: 256
20:24:06.585 [main] DEBUG io.netty.buffer.PooledByteBufAllocator - -Dio.netty.allocator.normalCacheSize: 64
20:24:06.585 [main] DEBUG io.netty.buffer.PooledByteBufAllocator - -Dio.netty.allocator.maxCachedBufferCapacity: 32768
20:24:06.585 [main] DEBUG io.netty.buffer.PooledByteBufAllocator - -Dio.netty.allocator.cacheTrimInterval: 8192
20:24:06.586 [main] DEBUG io.netty.buffer.PooledByteBufAllocator - -Dio.netty.allocator.cacheTrimIntervalMillis: 0
20:24:06.586 [main] DEBUG io.netty.buffer.PooledByteBufAllocator - -Dio.netty.allocator.useCacheForAllThreads: false
20:24:06.586 [main] DEBUG io.netty.buffer.PooledByteBufAllocator - -Dio.netty.allocator.maxCachedByteBuffersPerChunk: 1023
20:24:06.605 [main] DEBUG io.netty.buffer.ByteBufUtil - -Dio.netty.allocator.type: pooled
20:24:06.605 [main] DEBUG io.netty.buffer.ByteBufUtil - -Dio.netty.threadLocalDirectBufferSize: 0
20:24:06.605 [main] DEBUG io.netty.buffer.ByteBufUtil - -Dio.netty.maxThreadLocalCharBufferSize: 16384
20:24:08.115 [Forwarding newSession on session null to remote] DEBUG io.netty.channel.DefaultChannelId - -Dio.netty.processId: 16616 (auto-detected)
20:24:08.119 [Forwarding newSession on session null to remote] DEBUG io.netty.util.NetUtil - -Djava.net.preferIPv4Stack: false
20:24:08.120 [Forwarding newSession on session null to remote] DEBUG io.netty.util.NetUtil - -Djava.net.preferIPv6Addresses: false
20:24:08.765 [Forwarding newSession on session null to remote] DEBUG io.netty.util.NetUtilInitializations - Loopback interface: lo (Software Loopback Interface 1, 127.0.0.1)
20:24:08.767 [Forwarding newSession on session null to remote] DEBUG io.netty.util.NetUtil - Failed to get SOMAXCONN from sysctl and file \proc\sys\net\core\somaxconn. Default: 200
20:24:08.804 [Forwarding newSession on session null to remote] DEBUG io.netty.channel.DefaultChannelId - -Dio.netty.machineId: a4:02:b9:ff:fe:26:7f:1e (auto-detected)
20:24:08.920 [AsyncHttpClient-1-2] DEBUG io.netty.buffer.AbstractByteBuf - -Dio.netty.buffer.checkAccessible: true
20:24:08.920 [AsyncHttpClient-1-2] DEBUG io.netty.buffer.AbstractByteBuf - -Dio.netty.buffer.checkBounds: true
20:24:08.921 [AsyncHttpClient-1-2] DEBUG io.netty.util.ResourceLeakDetectorFactory - Loaded default ResourceLeakDetector: io.netty.util.ResourceLeakDetector@5f4b9f59
20:24:08.953 [AsyncHttpClient-1-2] DEBUG org.asynchttpclient.netty.channel.NettyConnectListener - Using new Channel '[id: 0x4cf10864, L:/127.0.0.1:50737 - R:localhost/127.0.0.1:7365]' for 'POST' to '/session'
20:24:08.999 [AsyncHttpClient-1-2] DEBUG io.netty.util.Recycler - -Dio.netty.recycler.maxCapacityPerThread: 4096
20:24:08.999 [AsyncHttpClient-1-2] DEBUG io.netty.util.Recycler - -Dio.netty.recycler.ratio: 8
20:24:08.999 [AsyncHttpClient-1-2] DEBUG io.netty.util.Recycler - -Dio.netty.recycler.chunkSize: 32
20:24:08.999 [AsyncHttpClient-1-2] DEBUG io.netty.util.Recycler - -Dio.netty.recycler.blocking: false
20:24:11.709 [AsyncHttpClient-1-2] DEBUG io.netty.handler.codec.compression.Brotli - brotli4j not in the classpath; Brotli support will be unavailable.
20:24:11.710 [AsyncHttpClient-1-2] DEBUG org.asynchttpclient.netty.handler.HttpHandler - 

Request DefaultHttpRequest(decodeResult: success, version: HTTP/1.1)
POST /session HTTP/1.1
User-Agent: selenium/4.8.1 (java windows)
Content-Length: 1701
Content-Type: application/json; charset=utf-8
host: localhost:7365
accept: */*

Response DefaultHttpResponse(decodeResult: success, version: HTTP/1.1)
HTTP/1.1 200 OK
Content-Length: 861
Content-Type: application/json; charset=utf-8
cache-control: no-cache

20:24:11.728 [AsyncHttpClient-1-2] DEBUG org.asynchttpclient.netty.channel.ChannelManager - Adding key: http://localhost:7365 for channel [id: 0x4cf10864, L:/127.0.0.1:50737 - R:localhost/127.0.0.1:7365]
20:24:11.803 [AsyncHttpClient-1-1] DEBUG org.asynchttpclient.netty.channel.DefaultChannelPool - Entry count for : http://localhost:7365 : 1
20:24:11.921 [AsyncHttpClient-1-3] DEBUG org.asynchttpclient.netty.channel.NettyConnectListener - Using new Channel '[id: 0x251e2773, L:/127.0.0.1:50746 - R:localhost/127.0.0.1:50738]' for 'GET' to '/json/version'
20:24:11.933 [AsyncHttpClient-1-3] DEBUG org.asynchttpclient.netty.handler.HttpHandler - 

Request DefaultFullHttpRequest(decodeResult: success, version: HTTP/1.1, content: EmptyByteBufBE)
GET /json/version HTTP/1.1
User-Agent: selenium/4.8.1 (java windows)
host: localhost:50738
accept: */*

Response DefaultHttpResponse(decodeResult: success, version: HTTP/1.1)
HTTP/1.1 200 OK
Content-Security-Policy: frame-ancestors 'none'
Content-Length: 424
Content-Type: application/json; charset=UTF-8

20:24:11.934 [AsyncHttpClient-1-3] DEBUG org.asynchttpclient.netty.channel.ChannelManager - Adding key: http://localhost:50738 for channel [id: 0x251e2773, L:/127.0.0.1:50746 - R:localhost/127.0.0.1:50738]
20:24:11.956 [main] DEBUG io.netty.util.internal.ThreadLocalRandom - -Dio.netty.initialSeedUniquifier: 0xd274532b9c417592
20:24:11.973 [AsyncHttpClient-1-4] DEBUG org.asynchttpclient.netty.channel.NettyConnectListener - Using new Channel '[id: 0x324938da, L:/127.0.0.1:50747 - R:localhost/127.0.0.1:50738]' for 'GET' to '/devtools/browser/72d6d0fb-1cea-496f-bbe8-6b1752c84201'
20:24:11.979 [AsyncHttpClient-1-4] DEBUG org.asynchttpclient.netty.handler.WebSocketHandler - 

Request DefaultFullHttpRequest(decodeResult: success, version: HTTP/1.1, content: EmptyByteBufBE)
GET /devtools/browser/72d6d0fb-1cea-496f-bbe8-6b1752c84201 HTTP/1.1
upgrade: websocket
connection: upgrade
sec-websocket-key: fYgyYtYzPgYVeoCHjLPcQg==
sec-websocket-version: 13
origin: http://localhost:50738
host: localhost:50738
accept: */*
user-agent: AHC/2.1

Response DefaultHttpResponse(decodeResult: success, version: HTTP/1.1)
HTTP/1.1 101 WebSocket Protocol Handshake
Upgrade: WebSocket
Connection: Upgrade
Sec-WebSocket-Accept: iPN4iyOWSmKz9I72QF9D99dHgBU=

20:24:12.358 [Forwarding get on session 5f8d798c16580babfbd77307bb98cf12 to remote] DEBUG org.asynchttpclient.netty.request.NettyRequestSender - Using pooled Channel '[id: 0x4cf10864, L:/127.0.0.1:50737 - R:localhost/127.0.0.1:7365]' for 'POST' to 'http://localhost:7365/session/5f8d798c16580babfbd77307bb98cf12/url'
20:24:12.358 [Forwarding get on session 5f8d798c16580babfbd77307bb98cf12 to remote] DEBUG org.asynchttpclient.netty.request.NettyRequestSender - Using open Channel [id: 0x4cf10864, L:/127.0.0.1:50737 - R:localhost/127.0.0.1:7365] for POST '/session/5f8d798c16580babfbd77307bb98cf12/url'
20:24:12.904 [AsyncHttpClient-1-1] DEBUG org.asynchttpclient.netty.channel.DefaultChannelPool - Entry count for : http://localhost:50738 : 1
20:24:14.002 [AsyncHttpClient-1-1] DEBUG org.asynchttpclient.netty.channel.DefaultChannelPool - Entry count for : http://localhost:50738 : 1
20:24:14.085 [AsyncHttpClient-1-2] DEBUG org.asynchttpclient.netty.handler.HttpHandler - 

Request DefaultHttpRequest(decodeResult: success, version: HTTP/1.1)
POST /session/5f8d798c16580babfbd77307bb98cf12/url HTTP/1.1
User-Agent: selenium/4.8.1 (java windows)
Content-Length: 64
Content-Type: application/json; charset=utf-8
host: localhost:7365
accept: */*

Response DefaultHttpResponse(decodeResult: success, version: HTTP/1.1)
HTTP/1.1 200 OK
Content-Length: 14
Content-Type: application/json; charset=utf-8
cache-control: no-cache

20:24:14.087 [AsyncHttpClient-1-2] DEBUG org.asynchttpclient.netty.channel.ChannelManager - Adding key: http://localhost:7365 for channel [id: 0x4cf10864, L:/127.0.0.1:50737 - R:localhost/127.0.0.1:7365]
20:24:14.103 [Forwarding setTimeout on session 5f8d798c16580babfbd77307bb98cf12 to remote] DEBUG org.asynchttpclient.netty.request.NettyRequestSender - Using pooled Channel '[id: 0x4cf10864, L:/127.0.0.1:50737 - R:localhost/127.0.0.1:7365]' for 'POST' to 'http://localhost:7365/session/5f8d798c16580babfbd77307bb98cf12/timeouts'
20:24:14.104 [Forwarding setTimeout on session 5f8d798c16580babfbd77307bb98cf12 to remote] DEBUG org.asynchttpclient.netty.request.NettyRequestSender - Using open Channel [id: 0x4cf10864, L:/127.0.0.1:50737 - R:localhost/127.0.0.1:7365] for POST '/session/5f8d798c16580babfbd77307bb98cf12/timeouts'
20:24:14.115 [AsyncHttpClient-1-2] DEBUG org.asynchttpclient.netty.handler.HttpHandler - 

Request DefaultHttpRequest(decodeResult: success, version: HTTP/1.1)
POST /session/5f8d798c16580babfbd77307bb98cf12/timeouts HTTP/1.1
User-Agent: selenium/4.8.1 (java windows)
Content-Length: 22
Content-Type: application/json; charset=utf-8
host: localhost:7365
accept: */*

Response DefaultHttpResponse(decodeResult: success, version: HTTP/1.1)
HTTP/1.1 200 OK
Content-Length: 14
Content-Type: application/json; charset=utf-8
cache-control: no-cache

20:24:14.115 [AsyncHttpClient-1-2] DEBUG org.asynchttpclient.netty.channel.ChannelManager - Adding key: http://localhost:7365 for channel [id: 0x4cf10864, L:/127.0.0.1:50737 - R:localhost/127.0.0.1:7365]
20:24:14.203 [Forwarding findElement on session 5f8d798c16580babfbd77307bb98cf12 to remote] DEBUG org.asynchttpclient.netty.request.NettyRequestSender - Using pooled Channel '[id: 0x4cf10864, L:/127.0.0.1:50737 - R:localhost/127.0.0.1:7365]' for 'POST' to 'http://localhost:7365/session/5f8d798c16580babfbd77307bb98cf12/element'
20:24:14.203 [Forwarding findElement on session 5f8d798c16580babfbd77307bb98cf12 to remote] DEBUG org.asynchttpclient.netty.request.NettyRequestSender - Using open Channel [id: 0x4cf10864, L:/127.0.0.1:50737 - R:localhost/127.0.0.1:7365] for POST '/session/5f8d798c16580babfbd77307bb98cf12/element'
20:24:14.283 [AsyncHttpClient-1-2] DEBUG org.asynchttpclient.netty.handler.HttpHandler - 

Request DefaultHttpRequest(decodeResult: success, version: HTTP/1.1)
POST /session/5f8d798c16580babfbd77307bb98cf12/element HTTP/1.1
User-Agent: selenium/4.8.1 (java windows)
Content-Length: 67
Content-Type: application/json; charset=utf-8
host: localhost:7365
accept: */*

Response DefaultHttpResponse(decodeResult: success, version: HTTP/1.1)
HTTP/1.1 200 OK
Content-Length: 95
Content-Type: application/json; charset=utf-8
cache-control: no-cache

20:24:14.283 [AsyncHttpClient-1-2] DEBUG org.asynchttpclient.netty.channel.ChannelManager - Adding key: http://localhost:7365 for channel [id: 0x4cf10864, L:/127.0.0.1:50737 - R:localhost/127.0.0.1:7365]
20:24:14.324 [Forwarding isElementDisplayed on session 5f8d798c16580babfbd77307bb98cf12 to remote] DEBUG org.asynchttpclient.netty.request.NettyRequestSender - Using pooled Channel '[id: 0x4cf10864, L:/127.0.0.1:50737 - R:localhost/127.0.0.1:7365]' for 'POST' to 'http://localhost:7365/session/5f8d798c16580babfbd77307bb98cf12/execute/sync'
20:24:14.325 [Forwarding isElementDisplayed on session 5f8d798c16580babfbd77307bb98cf12 to remote] DEBUG org.asynchttpclient.netty.request.NettyRequestSender - Using open Channel [id: 0x4cf10864, L:/127.0.0.1:50737 - R:localhost/127.0.0.1:7365] for POST '/session/5f8d798c16580babfbd77307bb98cf12/execute/sync'
20:24:14.375 [AsyncHttpClient-1-2] DEBUG org.asynchttpclient.netty.handler.HttpHandler - 

Request DefaultHttpRequest(decodeResult: success, version: HTTP/1.1)
POST /session/5f8d798c16580babfbd77307bb98cf12/execute/sync HTTP/1.1
User-Agent: selenium/4.8.1 (java windows)
Content-Length: 48814
Content-Type: application/json; charset=utf-8
host: localhost:7365
accept: */*

Response DefaultHttpResponse(decodeResult: success, version: HTTP/1.1)
HTTP/1.1 200 OK
Content-Length: 14
Content-Type: application/json; charset=utf-8
cache-control: no-cache

20:24:14.375 [AsyncHttpClient-1-2] DEBUG org.asynchttpclient.netty.channel.ChannelManager - Adding key: http://localhost:7365 for channel [id: 0x4cf10864, L:/127.0.0.1:50737 - R:localhost/127.0.0.1:7365]
20:24:14.389 [Forwarding isElementDisplayed on session 5f8d798c16580babfbd77307bb98cf12 to remote] DEBUG org.asynchttpclient.netty.request.NettyRequestSender - Using pooled Channel '[id: 0x4cf10864, L:/127.0.0.1:50737 - R:localhost/127.0.0.1:7365]' for 'POST' to 'http://localhost:7365/session/5f8d798c16580babfbd77307bb98cf12/execute/sync'
20:24:14.389 [Forwarding isElementDisplayed on session 5f8d798c16580babfbd77307bb98cf12 to remote] DEBUG org.asynchttpclient.netty.request.NettyRequestSender - Using open Channel [id: 0x4cf10864, L:/127.0.0.1:50737 - R:localhost/127.0.0.1:7365] for POST '/session/5f8d798c16580babfbd77307bb98cf12/execute/sync'
20:24:14.425 [AsyncHttpClient-1-2] DEBUG org.asynchttpclient.netty.handler.HttpHandler - 

Request DefaultHttpRequest(decodeResult: success, version: HTTP/1.1)
POST /session/5f8d798c16580babfbd77307bb98cf12/execute/sync HTTP/1.1
User-Agent: selenium/4.8.1 (java windows)
Content-Length: 48814
Content-Type: application/json; charset=utf-8
host: localhost:7365
accept: */*

Response DefaultHttpResponse(decodeResult: success, version: HTTP/1.1)
HTTP/1.1 200 OK
Content-Length: 14
Content-Type: application/json; charset=utf-8
cache-control: no-cache

20:24:14.426 [AsyncHttpClient-1-2] DEBUG org.asynchttpclient.netty.channel.ChannelManager - Adding key: http://localhost:7365 for channel [id: 0x4cf10864, L:/127.0.0.1:50737 - R:localhost/127.0.0.1:7365]
20:24:14.473 [main] DEBUG net.thucydides.core.steps.StepInterceptor - STEP DONE: onLoginPage
  &amp#27;[32mGiven &amp#27;[0m&amp#27;[32muser on login page&amp#27;[0m               &amp#27;[90m# starter.stepdefinitions.DetailKASteps.userOnLoginPage()&amp#27;[0m
20:24:14.564 [main] DEBUG net.thucydides.core.steps.StepInterceptor - STARTING STEP: DetailKASteps.userInputEmail - inputEmail
20:24:14.589 [Forwarding findElement on session 5f8d798c16580babfbd77307bb98cf12 to remote] DEBUG org.asynchttpclient.netty.request.NettyRequestSender - Using pooled Channel '[id: 0x4cf10864, L:/127.0.0.1:50737 - R:localhost/127.0.0.1:7365]' for 'POST' to 'http://localhost:7365/session/5f8d798c16580babfbd77307bb98cf12/element'
20:24:14.589 [Forwarding findElement on session 5f8d798c16580babfbd77307bb98cf12 to remote] DEBUG org.asynchttpclient.netty.request.NettyRequestSender - Using open Channel [id: 0x4cf10864, L:/127.0.0.1:50737 - R:localhost/127.0.0.1:7365] for POST '/session/5f8d798c16580babfbd77307bb98cf12/element'
20:24:15.125 [AsyncHttpClient-1-1] DEBUG org.asynchttpclient.netty.channel.DefaultChannelPool - Entry count for : http://localhost:50738 : 1
20:24:15.161 [AsyncHttpClient-1-2] DEBUG org.asynchttpclient.netty.handler.HttpHandler - 

Request DefaultHttpRequest(decodeResult: success, version: HTTP/1.1)
POST /session/5f8d798c16580babfbd77307bb98cf12/element HTTP/1.1
User-Agent: selenium/4.8.1 (java windows)
Content-Length: 59
Content-Type: application/json; charset=utf-8
host: localhost:7365
accept: */*

Response DefaultHttpResponse(decodeResult: success, version: HTTP/1.1)
HTTP/1.1 200 OK
Content-Length: 94
Content-Type: application/json; charset=utf-8
cache-control: no-cache

20:24:15.162 [AsyncHttpClient-1-2] DEBUG org.asynchttpclient.netty.channel.ChannelManager - Adding key: http://localhost:7365 for channel [id: 0x4cf10864, L:/127.0.0.1:50737 - R:localhost/127.0.0.1:7365]
20:24:15.185 [Forwarding clearElement on session 5f8d798c16580babfbd77307bb98cf12 to remote] DEBUG org.asynchttpclient.netty.request.NettyRequestSender - Using pooled Channel '[id: 0x4cf10864, L:/127.0.0.1:50737 - R:localhost/127.0.0.1:7365]' for 'POST' to 'http://localhost:7365/session/5f8d798c16580babfbd77307bb98cf12/element/8756C71BB809C935F3A7980CA4A6EF41_element_3/clear'
20:24:15.187 [Forwarding clearElement on session 5f8d798c16580babfbd77307bb98cf12 to remote] DEBUG org.asynchttpclient.netty.request.NettyRequestSender - Using open Channel [id: 0x4cf10864, L:/127.0.0.1:50737 - R:localhost/127.0.0.1:7365] for POST '/session/5f8d798c16580babfbd77307bb98cf12/element/8756C71BB809C935F3A7980CA4A6EF41_element_3/clear'
20:24:15.282 [AsyncHttpClient-1-2] DEBUG org.asynchttpclient.netty.handler.HttpHandler - 

Request DefaultHttpRequest(decodeResult: success, version: HTTP/1.1)
POST /session/5f8d798c16580babfbd77307bb98cf12/element/8756C71BB809C935F3A7980CA4A6EF41_element_3/clear HTTP/1.1
User-Agent: selenium/4.8.1 (java windows)
Content-Length: 56
Content-Type: application/json; charset=utf-8
host: localhost:7365
accept: */*

Response DefaultHttpResponse(decodeResult: success, version: HTTP/1.1)
HTTP/1.1 200 OK
Content-Length: 14
Content-Type: application/json; charset=utf-8
cache-control: no-cache

20:24:15.283 [AsyncHttpClient-1-2] DEBUG org.asynchttpclient.netty.channel.ChannelManager - Adding key: http://localhost:7365 for channel [id: 0x4cf10864, L:/127.0.0.1:50737 - R:localhost/127.0.0.1:7365]
20:24:15.292 [Forwarding sendKeysToElement on session 5f8d798c16580babfbd77307bb98cf12 to remote] DEBUG org.asynchttpclient.netty.request.NettyRequestSender - Using pooled Channel '[id: 0x4cf10864, L:/127.0.0.1:50737 - R:localhost/127.0.0.1:7365]' for 'POST' to 'http://localhost:7365/session/5f8d798c16580babfbd77307bb98cf12/element/8756C71BB809C935F3A7980CA4A6EF41_element_3/value'
20:24:15.292 [Forwarding sendKeysToElement on session 5f8d798c16580babfbd77307bb98cf12 to remote] DEBUG org.asynchttpclient.netty.request.NettyRequestSender - Using open Channel [id: 0x4cf10864, L:/127.0.0.1:50737 - R:localhost/127.0.0.1:7365] for POST '/session/5f8d798c16580babfbd77307bb98cf12/element/8756C71BB809C935F3A7980CA4A6EF41_element_3/value'
20:24:15.457 [AsyncHttpClient-1-2] DEBUG org.asynchttpclient.netty.handler.HttpHandler - 

Request DefaultHttpRequest(decodeResult: success, version: HTTP/1.1)
POST /session/5f8d798c16580babfbd77307bb98cf12/element/8756C71BB809C935F3A7980CA4A6EF41_element_3/value HTTP/1.1
User-Agent: selenium/4.8.1 (java windows)
Content-Length: 237
Content-Type: application/json; charset=utf-8
host: localhost:7365
accept: */*

Response DefaultHttpResponse(decodeResult: success, version: HTTP/1.1)
HTTP/1.1 200 OK
Content-Length: 14
Content-Type: application/json; charset=utf-8
cache-control: no-cache

20:24:15.457 [AsyncHttpClient-1-2] DEBUG org.asynchttpclient.netty.channel.ChannelManager - Adding key: http://localhost:7365 for channel [id: 0x4cf10864, L:/127.0.0.1:50737 - R:localhost/127.0.0.1:7365]
20:24:15.475 [main] DEBUG net.thucydides.core.steps.StepInterceptor - STEP DONE: inputEmail
  &amp#27;[32mWhen &amp#27;[0m&amp#27;[32muser input email&amp#27;[0m                  &amp#27;[90m# starter.stepdefinitions.DetailKASteps.userInputEmail()&amp#27;[0m
20:24:15.515 [main] DEBUG net.thucydides.core.steps.StepInterceptor - STARTING STEP: DetailKASteps.userInputPassword - inputPassword
20:24:15.521 [Forwarding findElement on session 5f8d798c16580babfbd77307bb98cf12 to remote] DEBUG org.asynchttpclient.netty.request.NettyRequestSender - Using pooled Channel '[id: 0x4cf10864, L:/127.0.0.1:50737 - R:localhost/127.0.0.1:7365]' for 'POST' to 'http://localhost:7365/session/5f8d798c16580babfbd77307bb98cf12/element'
20:24:15.521 [Forwarding findElement on session 5f8d798c16580babfbd77307bb98cf12 to remote] DEBUG org.asynchttpclient.netty.request.NettyRequestSender - Using open Channel [id: 0x4cf10864, L:/127.0.0.1:50737 - R:localhost/127.0.0.1:7365] for POST '/session/5f8d798c16580babfbd77307bb98cf12/element'
20:24:15.547 [AsyncHttpClient-1-2] DEBUG org.asynchttpclient.netty.handler.HttpHandler - 

Request DefaultHttpRequest(decodeResult: success, version: HTTP/1.1)
POST /session/5f8d798c16580babfbd77307bb98cf12/element HTTP/1.1
User-Agent: selenium/4.8.1 (java windows)
Content-Length: 62
Content-Type: application/json; charset=utf-8
host: localhost:7365
accept: */*

Response DefaultHttpResponse(decodeResult: success, version: HTTP/1.1)
HTTP/1.1 200 OK
Content-Length: 94
Content-Type: application/json; charset=utf-8
cache-control: no-cache

20:24:15.548 [AsyncHttpClient-1-2] DEBUG org.asynchttpclient.netty.channel.ChannelManager - Adding key: http://localhost:7365 for channel [id: 0x4cf10864, L:/127.0.0.1:50737 - R:localhost/127.0.0.1:7365]
20:24:15.552 [Forwarding clearElement on session 5f8d798c16580babfbd77307bb98cf12 to remote] DEBUG org.asynchttpclient.netty.request.NettyRequestSender - Using pooled Channel '[id: 0x4cf10864, L:/127.0.0.1:50737 - R:localhost/127.0.0.1:7365]' for 'POST' to 'http://localhost:7365/session/5f8d798c16580babfbd77307bb98cf12/element/8756C71BB809C935F3A7980CA4A6EF41_element_5/clear'
20:24:15.552 [Forwarding clearElement on session 5f8d798c16580babfbd77307bb98cf12 to remote] DEBUG org.asynchttpclient.netty.request.NettyRequestSender - Using open Channel [id: 0x4cf10864, L:/127.0.0.1:50737 - R:localhost/127.0.0.1:7365] for POST '/session/5f8d798c16580babfbd77307bb98cf12/element/8756C71BB809C935F3A7980CA4A6EF41_element_5/clear'
20:24:15.664 [AsyncHttpClient-1-2] DEBUG org.asynchttpclient.netty.handler.HttpHandler - 

Request DefaultHttpRequest(decodeResult: success, version: HTTP/1.1)
POST /session/5f8d798c16580babfbd77307bb98cf12/element/8756C71BB809C935F3A7980CA4A6EF41_element_5/clear HTTP/1.1
User-Agent: selenium/4.8.1 (java windows)
Content-Length: 56
Content-Type: application/json; charset=utf-8
host: localhost:7365
accept: */*

Response DefaultHttpResponse(decodeResult: success, version: HTTP/1.1)
HTTP/1.1 200 OK
Content-Length: 14
Content-Type: application/json; charset=utf-8
cache-control: no-cache

20:24:15.664 [AsyncHttpClient-1-2] DEBUG org.asynchttpclient.netty.channel.ChannelManager - Adding key: http://localhost:7365 for channel [id: 0x4cf10864, L:/127.0.0.1:50737 - R:localhost/127.0.0.1:7365]
20:24:15.673 [Forwarding sendKeysToElement on session 5f8d798c16580babfbd77307bb98cf12 to remote] DEBUG org.asynchttpclient.netty.request.NettyRequestSender - Using pooled Channel '[id: 0x4cf10864, L:/127.0.0.1:50737 - R:localhost/127.0.0.1:7365]' for 'POST' to 'http://localhost:7365/session/5f8d798c16580babfbd77307bb98cf12/element/8756C71BB809C935F3A7980CA4A6EF41_element_5/value'
20:24:15.673 [Forwarding sendKeysToElement on session 5f8d798c16580babfbd77307bb98cf12 to remote] DEBUG org.asynchttpclient.netty.request.NettyRequestSender - Using open Channel [id: 0x4cf10864, L:/127.0.0.1:50737 - R:localhost/127.0.0.1:7365] for POST '/session/5f8d798c16580babfbd77307bb98cf12/element/8756C71BB809C935F3A7980CA4A6EF41_element_5/value'
20:24:15.823 [AsyncHttpClient-1-2] DEBUG org.asynchttpclient.netty.handler.HttpHandler - 

Request DefaultHttpRequest(decodeResult: success, version: HTTP/1.1)
POST /session/5f8d798c16580babfbd77307bb98cf12/element/8756C71BB809C935F3A7980CA4A6EF41_element_5/value HTTP/1.1
User-Agent: selenium/4.8.1 (java windows)
Content-Length: 177
Content-Type: application/json; charset=utf-8
host: localhost:7365
accept: */*

Response DefaultHttpResponse(decodeResult: success, version: HTTP/1.1)
HTTP/1.1 200 OK
Content-Length: 14
Content-Type: application/json; charset=utf-8
cache-control: no-cache

20:24:15.823 [AsyncHttpClient-1-2] DEBUG org.asynchttpclient.netty.channel.ChannelManager - Adding key: http://localhost:7365 for channel [id: 0x4cf10864, L:/127.0.0.1:50737 - R:localhost/127.0.0.1:7365]
20:24:15.836 [main] DEBUG net.thucydides.core.steps.StepInterceptor - STEP DONE: inputPassword
  &amp#27;[32mAnd &amp#27;[0m&amp#27;[32muser input password&amp#27;[0m                &amp#27;[90m# starter.stepdefinitions.DetailKASteps.userInputPassword()&amp#27;[0m
20:24:15.854 [main] DEBUG net.thucydides.core.steps.StepInterceptor - STARTING STEP: DetailKASteps.userClickLogin - clickLoginButton
20:24:15.875 [Forwarding findElement on session 5f8d798c16580babfbd77307bb98cf12 to remote] DEBUG org.asynchttpclient.netty.request.NettyRequestSender - Using pooled Channel '[id: 0x4cf10864, L:/127.0.0.1:50737 - R:localhost/127.0.0.1:7365]' for 'POST' to 'http://localhost:7365/session/5f8d798c16580babfbd77307bb98cf12/element'
20:24:15.875 [Forwarding findElement on session 5f8d798c16580babfbd77307bb98cf12 to remote] DEBUG org.asynchttpclient.netty.request.NettyRequestSender - Using open Channel [id: 0x4cf10864, L:/127.0.0.1:50737 - R:localhost/127.0.0.1:7365] for POST '/session/5f8d798c16580babfbd77307bb98cf12/element'
20:24:15.907 [AsyncHttpClient-1-2] DEBUG org.asynchttpclient.netty.handler.HttpHandler - 

Request DefaultHttpRequest(decodeResult: success, version: HTTP/1.1)
POST /session/5f8d798c16580babfbd77307bb98cf12/element HTTP/1.1
User-Agent: selenium/4.8.1 (java windows)
Content-Length: 97
Content-Type: application/json; charset=utf-8
host: localhost:7365
accept: */*

Response DefaultHttpResponse(decodeResult: success, version: HTTP/1.1)
HTTP/1.1 200 OK
Content-Length: 94
Content-Type: application/json; charset=utf-8
cache-control: no-cache

20:24:15.908 [AsyncHttpClient-1-2] DEBUG org.asynchttpclient.netty.channel.ChannelManager - Adding key: http://localhost:7365 for channel [id: 0x4cf10864, L:/127.0.0.1:50737 - R:localhost/127.0.0.1:7365]
20:24:15.913 [Forwarding getElementTagName on session 5f8d798c16580babfbd77307bb98cf12 to remote] DEBUG org.asynchttpclient.netty.request.NettyRequestSender - Using pooled Channel '[id: 0x4cf10864, L:/127.0.0.1:50737 - R:localhost/127.0.0.1:7365]' for 'GET' to 'http://localhost:7365/session/5f8d798c16580babfbd77307bb98cf12/element/8756C71BB809C935F3A7980CA4A6EF41_element_8/name'
20:24:15.913 [Forwarding getElementTagName on session 5f8d798c16580babfbd77307bb98cf12 to remote] DEBUG org.asynchttpclient.netty.request.NettyRequestSender - Using open Channel [id: 0x4cf10864, L:/127.0.0.1:50737 - R:localhost/127.0.0.1:7365] for GET '/session/5f8d798c16580babfbd77307bb98cf12/element/8756C71BB809C935F3A7980CA4A6EF41_element_8/name'
20:24:15.922 [AsyncHttpClient-1-2] DEBUG org.asynchttpclient.netty.handler.HttpHandler - 

Request DefaultFullHttpRequest(decodeResult: success, version: HTTP/1.1, content: EmptyByteBufBE)
GET /session/5f8d798c16580babfbd77307bb98cf12/element/8756C71BB809C935F3A7980CA4A6EF41_element_8/name HTTP/1.1
User-Agent: selenium/4.8.1 (java windows)
Cache-Control: no-cache
Content-Type: application/json; charset=utf-8
host: localhost:7365
accept: */*

Response DefaultHttpResponse(decodeResult: success, version: HTTP/1.1)
HTTP/1.1 200 OK
Content-Length: 18
Content-Type: application/json; charset=utf-8
cache-control: no-cache

20:24:15.922 [AsyncHttpClient-1-2] DEBUG org.asynchttpclient.netty.channel.ChannelManager - Adding key: http://localhost:7365 for channel [id: 0x4cf10864, L:/127.0.0.1:50737 - R:localhost/127.0.0.1:7365]
20:24:15.926 [Forwarding getElementTagName on session 5f8d798c16580babfbd77307bb98cf12 to remote] DEBUG org.asynchttpclient.netty.request.NettyRequestSender - Using pooled Channel '[id: 0x4cf10864, L:/127.0.0.1:50737 - R:localhost/127.0.0.1:7365]' for 'GET' to 'http://localhost:7365/session/5f8d798c16580babfbd77307bb98cf12/element/8756C71BB809C935F3A7980CA4A6EF41_element_8/name'
20:24:15.927 [Forwarding getElementTagName on session 5f8d798c16580babfbd77307bb98cf12 to remote] DEBUG org.asynchttpclient.netty.request.NettyRequestSender - Using open Channel [id: 0x4cf10864, L:/127.0.0.1:50737 - R:localhost/127.0.0.1:7365] for GET '/session/5f8d798c16580babfbd77307bb98cf12/element/8756C71BB809C935F3A7980CA4A6EF41_element_8/name'
20:24:15.936 [AsyncHttpClient-1-2] DEBUG org.asynchttpclient.netty.handler.HttpHandler - 

Request DefaultFullHttpRequest(decodeResult: success, version: HTTP/1.1, content: EmptyByteBufBE)
GET /session/5f8d798c16580babfbd77307bb98cf12/element/8756C71BB809C935F3A7980CA4A6EF41_element_8/name HTTP/1.1
User-Agent: selenium/4.8.1 (java windows)
Cache-Control: no-cache
Content-Type: application/json; charset=utf-8
host: localhost:7365
accept: */*

Response DefaultHttpResponse(decodeResult: success, version: HTTP/1.1)
HTTP/1.1 200 OK
Content-Length: 18
Content-Type: application/json; charset=utf-8
cache-control: no-cache

20:24:15.936 [AsyncHttpClient-1-2] DEBUG org.asynchttpclient.netty.channel.ChannelManager - Adding key: http://localhost:7365 for channel [id: 0x4cf10864, L:/127.0.0.1:50737 - R:localhost/127.0.0.1:7365]
20:24:15.947 [Forwarding isElementEnabled on session 5f8d798c16580babfbd77307bb98cf12 to remote] DEBUG org.asynchttpclient.netty.request.NettyRequestSender - Using pooled Channel '[id: 0x4cf10864, L:/127.0.0.1:50737 - R:localhost/127.0.0.1:7365]' for 'GET' to 'http://localhost:7365/session/5f8d798c16580babfbd77307bb98cf12/element/8756C71BB809C935F3A7980CA4A6EF41_element_8/enabled'
20:24:15.947 [Forwarding isElementEnabled on session 5f8d798c16580babfbd77307bb98cf12 to remote] DEBUG org.asynchttpclient.netty.request.NettyRequestSender - Using open Channel [id: 0x4cf10864, L:/127.0.0.1:50737 - R:localhost/127.0.0.1:7365] for GET '/session/5f8d798c16580babfbd77307bb98cf12/element/8756C71BB809C935F3A7980CA4A6EF41_element_8/enabled'
20:24:15.971 [AsyncHttpClient-1-2] DEBUG org.asynchttpclient.netty.handler.HttpHandler - 

Request DefaultFullHttpRequest(decodeResult: success, version: HTTP/1.1, content: EmptyByteBufBE)
GET /session/5f8d798c16580babfbd77307bb98cf12/element/8756C71BB809C935F3A7980CA4A6EF41_element_8/enabled HTTP/1.1
User-Agent: selenium/4.8.1 (java windows)
Cache-Control: no-cache
Content-Type: application/json; charset=utf-8
host: localhost:7365
accept: */*

Response DefaultHttpResponse(decodeResult: success, version: HTTP/1.1)
HTTP/1.1 200 OK
Content-Length: 14
Content-Type: application/json; charset=utf-8
cache-control: no-cache

20:24:15.972 [AsyncHttpClient-1-2] DEBUG org.asynchttpclient.netty.channel.ChannelManager - Adding key: http://localhost:7365 for channel [id: 0x4cf10864, L:/127.0.0.1:50737 - R:localhost/127.0.0.1:7365]
20:24:15.975 [Forwarding isElementEnabled on session 5f8d798c16580babfbd77307bb98cf12 to remote] DEBUG org.asynchttpclient.netty.request.NettyRequestSender - Using pooled Channel '[id: 0x4cf10864, L:/127.0.0.1:50737 - R:localhost/127.0.0.1:7365]' for 'GET' to 'http://localhost:7365/session/5f8d798c16580babfbd77307bb98cf12/element/8756C71BB809C935F3A7980CA4A6EF41_element_8/enabled'
20:24:15.976 [Forwarding isElementEnabled on session 5f8d798c16580babfbd77307bb98cf12 to remote] DEBUG org.asynchttpclient.netty.request.NettyRequestSender - Using open Channel [id: 0x4cf10864, L:/127.0.0.1:50737 - R:localhost/127.0.0.1:7365] for GET '/session/5f8d798c16580babfbd77307bb98cf12/element/8756C71BB809C935F3A7980CA4A6EF41_element_8/enabled'
20:24:15.996 [AsyncHttpClient-1-2] DEBUG org.asynchttpclient.netty.handler.HttpHandler - 

Request DefaultFullHttpRequest(decodeResult: success, version: HTTP/1.1, content: EmptyByteBufBE)
GET /session/5f8d798c16580babfbd77307bb98cf12/element/8756C71BB809C935F3A7980CA4A6EF41_element_8/enabled HTTP/1.1
User-Agent: selenium/4.8.1 (java windows)
Cache-Control: no-cache
Content-Type: application/json; charset=utf-8
host: localhost:7365
accept: */*

Response DefaultHttpResponse(decodeResult: success, version: HTTP/1.1)
HTTP/1.1 200 OK
Content-Length: 14
Content-Type: application/json; charset=utf-8
cache-control: no-cache

20:24:15.997 [AsyncHttpClient-1-2] DEBUG org.asynchttpclient.netty.channel.ChannelManager - Adding key: http://localhost:7365 for channel [id: 0x4cf10864, L:/127.0.0.1:50737 - R:localhost/127.0.0.1:7365]
20:24:16.002 [Forwarding findElement on session 5f8d798c16580babfbd77307bb98cf12 to remote] DEBUG org.asynchttpclient.netty.request.NettyRequestSender - Using pooled Channel '[id: 0x4cf10864, L:/127.0.0.1:50737 - R:localhost/127.0.0.1:7365]' for 'POST' to 'http://localhost:7365/session/5f8d798c16580babfbd77307bb98cf12/element'
20:24:16.002 [Forwarding findElement on session 5f8d798c16580babfbd77307bb98cf12 to remote] DEBUG org.asynchttpclient.netty.request.NettyRequestSender - Using open Channel [id: 0x4cf10864, L:/127.0.0.1:50737 - R:localhost/127.0.0.1:7365] for POST '/session/5f8d798c16580babfbd77307bb98cf12/element'
20:24:16.024 [AsyncHttpClient-1-2] DEBUG org.asynchttpclient.netty.handler.HttpHandler - 

Request DefaultHttpRequest(decodeResult: success, version: HTTP/1.1)
POST /session/5f8d798c16580babfbd77307bb98cf12/element HTTP/1.1
User-Agent: selenium/4.8.1 (java windows)
Content-Length: 97
Content-Type: application/json; charset=utf-8
host: localhost:7365
accept: */*

Response DefaultHttpResponse(decodeResult: success, version: HTTP/1.1)
HTTP/1.1 200 OK
Content-Length: 94
Content-Type: application/json; charset=utf-8
cache-control: no-cache

20:24:16.024 [AsyncHttpClient-1-2] DEBUG org.asynchttpclient.netty.channel.ChannelManager - Adding key: http://localhost:7365 for channel [id: 0x4cf10864, L:/127.0.0.1:50737 - R:localhost/127.0.0.1:7365]
20:24:16.028 [Forwarding clickElement on session 5f8d798c16580babfbd77307bb98cf12 to remote] DEBUG org.asynchttpclient.netty.request.NettyRequestSender - Using pooled Channel '[id: 0x4cf10864, L:/127.0.0.1:50737 - R:localhost/127.0.0.1:7365]' for 'POST' to 'http://localhost:7365/session/5f8d798c16580babfbd77307bb98cf12/element/8756C71BB809C935F3A7980CA4A6EF41_element_8/click'
20:24:16.028 [Forwarding clickElement on session 5f8d798c16580babfbd77307bb98cf12 to remote] DEBUG org.asynchttpclient.netty.request.NettyRequestSender - Using open Channel [id: 0x4cf10864, L:/127.0.0.1:50737 - R:localhost/127.0.0.1:7365] for POST '/session/5f8d798c16580babfbd77307bb98cf12/element/8756C71BB809C935F3A7980CA4A6EF41_element_8/click'
20:24:16.122 [AsyncHttpClient-1-2] DEBUG org.asynchttpclient.netty.handler.HttpHandler - 

Request DefaultHttpRequest(decodeResult: success, version: HTTP/1.1)
POST /session/5f8d798c16580babfbd77307bb98cf12/element/8756C71BB809C935F3A7980CA4A6EF41_element_8/click HTTP/1.1
User-Agent: selenium/4.8.1 (java windows)
Content-Length: 56
Content-Type: application/json; charset=utf-8
host: localhost:7365
accept: */*

Response DefaultHttpResponse(decodeResult: success, version: HTTP/1.1)
HTTP/1.1 200 OK
Content-Length: 14
Content-Type: application/json; charset=utf-8
cache-control: no-cache

20:24:16.123 [AsyncHttpClient-1-2] DEBUG org.asynchttpclient.netty.channel.ChannelManager - Adding key: http://localhost:7365 for channel [id: 0x4cf10864, L:/127.0.0.1:50737 - R:localhost/127.0.0.1:7365]
20:24:16.127 [main] DEBUG net.thucydides.core.steps.StepInterceptor - STEP DONE: clickLoginButton
  &amp#27;[32mAnd &amp#27;[0m&amp#27;[32muser click login&amp#27;[0m                   &amp#27;[90m# starter.stepdefinitions.DetailKASteps.userClickLogin()&amp#27;[0m
20:24:16.142 [main] DEBUG net.thucydides.core.steps.StepInterceptor - STARTING STEP: DetailKASteps.userOnDashboard - onDashboardPage
20:24:16.151 [Forwarding findElement on session 5f8d798c16580babfbd77307bb98cf12 to remote] DEBUG org.asynchttpclient.netty.request.NettyRequestSender - Using pooled Channel '[id: 0x4cf10864, L:/127.0.0.1:50737 - R:localhost/127.0.0.1:7365]' for 'POST' to 'http://localhost:7365/session/5f8d798c16580babfbd77307bb98cf12/element'
20:24:16.151 [Forwarding findElement on session 5f8d798c16580babfbd77307bb98cf12 to remote] DEBUG org.asynchttpclient.netty.request.NettyRequestSender - Using open Channel [id: 0x4cf10864, L:/127.0.0.1:50737 - R:localhost/127.0.0.1:7365] for POST '/session/5f8d798c16580babfbd77307bb98cf12/element'
20:24:16.199 [AsyncHttpClient-1-1] DEBUG org.asynchttpclient.netty.channel.DefaultChannelPool - Entry count for : http://localhost:50738 : 1
20:24:16.789 [AsyncHttpClient-1-2] DEBUG org.asynchttpclient.netty.handler.HttpHandler - 

Request DefaultHttpRequest(decodeResult: success, version: HTTP/1.1)
POST /session/5f8d798c16580babfbd77307bb98cf12/element HTTP/1.1
User-Agent: selenium/4.8.1 (java windows)
Content-Length: 114
Content-Type: application/json; charset=utf-8
host: localhost:7365
accept: */*

Response DefaultHttpResponse(decodeResult: success, version: HTTP/1.1)
HTTP/1.1 200 OK
Content-Length: 95
Content-Type: application/json; charset=utf-8
cache-control: no-cache

20:24:16.789 [AsyncHttpClient-1-2] DEBUG org.asynchttpclient.netty.channel.ChannelManager - Adding key: http://localhost:7365 for channel [id: 0x4cf10864, L:/127.0.0.1:50737 - R:localhost/127.0.0.1:7365]
20:24:16.803 [Forwarding isElementDisplayed on session 5f8d798c16580babfbd77307bb98cf12 to remote] DEBUG org.asynchttpclient.netty.request.NettyRequestSender - Using pooled Channel '[id: 0x4cf10864, L:/127.0.0.1:50737 - R:localhost/127.0.0.1:7365]' for 'POST' to 'http://localhost:7365/session/5f8d798c16580babfbd77307bb98cf12/execute/sync'
20:24:16.803 [Forwarding isElementDisplayed on session 5f8d798c16580babfbd77307bb98cf12 to remote] DEBUG org.asynchttpclient.netty.request.NettyRequestSender - Using open Channel [id: 0x4cf10864, L:/127.0.0.1:50737 - R:localhost/127.0.0.1:7365] for POST '/session/5f8d798c16580babfbd77307bb98cf12/execute/sync'
20:24:16.833 [AsyncHttpClient-1-2] DEBUG org.asynchttpclient.netty.handler.HttpHandler - 

Request DefaultHttpRequest(decodeResult: success, version: HTTP/1.1)
POST /session/5f8d798c16580babfbd77307bb98cf12/execute/sync HTTP/1.1
User-Agent: selenium/4.8.1 (java windows)
Content-Length: 48814
Content-Type: application/json; charset=utf-8
host: localhost:7365
accept: */*

Response DefaultHttpResponse(decodeResult: success, version: HTTP/1.1)
HTTP/1.1 200 OK
Content-Length: 14
Content-Type: application/json; charset=utf-8
cache-control: no-cache

20:24:16.834 [AsyncHttpClient-1-2] DEBUG org.asynchttpclient.netty.channel.ChannelManager - Adding key: http://localhost:7365 for channel [id: 0x4cf10864, L:/127.0.0.1:50737 - R:localhost/127.0.0.1:7365]
20:24:16.839 [Forwarding isElementDisplayed on session 5f8d798c16580babfbd77307bb98cf12 to remote] DEBUG org.asynchttpclient.netty.request.NettyRequestSender - Using pooled Channel '[id: 0x4cf10864, L:/127.0.0.1:50737 - R:localhost/127.0.0.1:7365]' for 'POST' to 'http://localhost:7365/session/5f8d798c16580babfbd77307bb98cf12/execute/sync'
20:24:16.839 [Forwarding isElementDisplayed on session 5f8d798c16580babfbd77307bb98cf12 to remote] DEBUG org.asynchttpclient.netty.request.NettyRequestSender - Using open Channel [id: 0x4cf10864, L:/127.0.0.1:50737 - R:localhost/127.0.0.1:7365] for POST '/session/5f8d798c16580babfbd77307bb98cf12/execute/sync'
20:24:16.855 [AsyncHttpClient-1-2] DEBUG org.asynchttpclient.netty.handler.HttpHandler - 

Request DefaultHttpRequest(decodeResult: success, version: HTTP/1.1)
POST /session/5f8d798c16580babfbd77307bb98cf12/execute/sync HTTP/1.1
User-Agent: selenium/4.8.1 (java windows)
Content-Length: 48814
Content-Type: application/json; charset=utf-8
host: localhost:7365
accept: */*

Response DefaultHttpResponse(decodeResult: success, version: HTTP/1.1)
HTTP/1.1 200 OK
Content-Length: 14
Content-Type: application/json; charset=utf-8
cache-control: no-cache

20:24:16.855 [AsyncHttpClient-1-2] DEBUG org.asynchttpclient.netty.channel.ChannelManager - Adding key: http://localhost:7365 for channel [id: 0x4cf10864, L:/127.0.0.1:50737 - R:localhost/127.0.0.1:7365]
20:24:16.858 [main] DEBUG net.thucydides.core.steps.StepInterceptor - STEP DONE: onDashboardPage
  &amp#27;[32mAnd &amp#27;[0m&amp#27;[32muser on dashboard&amp#27;[0m                  &amp#27;[90m# starter.stepdefinitions.DetailKASteps.userOnDashboard()&amp#27;[0m
20:24:16.870 [main] DEBUG net.thucydides.core.steps.StepInterceptor - STARTING STEP: DetailKASteps.userClickKeretaApiMenu - clickMenuKA
20:24:16.876 [Forwarding findElement on session 5f8d798c16580babfbd77307bb98cf12 to remote] DEBUG org.asynchttpclient.netty.request.NettyRequestSender - Using pooled Channel '[id: 0x4cf10864, L:/127.0.0.1:50737 - R:localhost/127.0.0.1:7365]' for 'POST' to 'http://localhost:7365/session/5f8d798c16580babfbd77307bb98cf12/element'
20:24:16.876 [Forwarding findElement on session 5f8d798c16580babfbd77307bb98cf12 to remote] DEBUG org.asynchttpclient.netty.request.NettyRequestSender - Using open Channel [id: 0x4cf10864, L:/127.0.0.1:50737 - R:localhost/127.0.0.1:7365] for POST '/session/5f8d798c16580babfbd77307bb98cf12/element'
20:24:16.897 [AsyncHttpClient-1-2] DEBUG org.asynchttpclient.netty.handler.HttpHandler - 

Request DefaultHttpRequest(decodeResult: success, version: HTTP/1.1)
POST /session/5f8d798c16580babfbd77307bb98cf12/element HTTP/1.1
User-Agent: selenium/4.8.1 (java windows)
Content-Length: 143
Content-Type: application/json; charset=utf-8
host: localhost:7365
accept: */*

Response DefaultHttpResponse(decodeResult: success, version: HTTP/1.1)
HTTP/1.1 200 OK
Content-Length: 95
Content-Type: application/json; charset=utf-8
cache-control: no-cache

20:24:16.897 [AsyncHttpClient-1-2] DEBUG org.asynchttpclient.netty.channel.ChannelManager - Adding key: http://localhost:7365 for channel [id: 0x4cf10864, L:/127.0.0.1:50737 - R:localhost/127.0.0.1:7365]
20:24:16.899 [Forwarding getElementTagName on session 5f8d798c16580babfbd77307bb98cf12 to remote] DEBUG org.asynchttpclient.netty.request.NettyRequestSender - Using pooled Channel '[id: 0x4cf10864, L:/127.0.0.1:50737 - R:localhost/127.0.0.1:7365]' for 'GET' to 'http://localhost:7365/session/5f8d798c16580babfbd77307bb98cf12/element/8756C71BB809C935F3A7980CA4A6EF41_element_22/name'
20:24:16.899 [Forwarding getElementTagName on session 5f8d798c16580babfbd77307bb98cf12 to remote] DEBUG org.asynchttpclient.netty.request.NettyRequestSender - Using open Channel [id: 0x4cf10864, L:/127.0.0.1:50737 - R:localhost/127.0.0.1:7365] for GET '/session/5f8d798c16580babfbd77307bb98cf12/element/8756C71BB809C935F3A7980CA4A6EF41_element_22/name'
20:24:16.906 [AsyncHttpClient-1-2] DEBUG org.asynchttpclient.netty.handler.HttpHandler - 

Request DefaultFullHttpRequest(decodeResult: success, version: HTTP/1.1, content: EmptyByteBufBE)
GET /session/5f8d798c16580babfbd77307bb98cf12/element/8756C71BB809C935F3A7980CA4A6EF41_element_22/name HTTP/1.1
User-Agent: selenium/4.8.1 (java windows)
Cache-Control: no-cache
Content-Type: application/json; charset=utf-8
host: localhost:7365
accept: */*

Response DefaultHttpResponse(decodeResult: success, version: HTTP/1.1)
HTTP/1.1 200 OK
Content-Length: 13
Content-Type: application/json; charset=utf-8
cache-control: no-cache

20:24:16.906 [AsyncHttpClient-1-2] DEBUG org.asynchttpclient.netty.channel.ChannelManager - Adding key: http://localhost:7365 for channel [id: 0x4cf10864, L:/127.0.0.1:50737 - R:localhost/127.0.0.1:7365]
20:24:16.909 [Forwarding getElementTagName on session 5f8d798c16580babfbd77307bb98cf12 to remote] DEBUG org.asynchttpclient.netty.request.NettyRequestSender - Using pooled Channel '[id: 0x4cf10864, L:/127.0.0.1:50737 - R:localhost/127.0.0.1:7365]' for 'GET' to 'http://localhost:7365/session/5f8d798c16580babfbd77307bb98cf12/element/8756C71BB809C935F3A7980CA4A6EF41_element_22/name'
20:24:16.909 [Forwarding getElementTagName on session 5f8d798c16580babfbd77307bb98cf12 to remote] DEBUG org.asynchttpclient.netty.request.NettyRequestSender - Using open Channel [id: 0x4cf10864, L:/127.0.0.1:50737 - R:localhost/127.0.0.1:7365] for GET '/session/5f8d798c16580babfbd77307bb98cf12/element/8756C71BB809C935F3A7980CA4A6EF41_element_22/name'
20:24:16.919 [AsyncHttpClient-1-2] DEBUG org.asynchttpclient.netty.handler.HttpHandler - 

Request DefaultFullHttpRequest(decodeResult: success, version: HTTP/1.1, content: EmptyByteBufBE)
GET /session/5f8d798c16580babfbd77307bb98cf12/element/8756C71BB809C935F3A7980CA4A6EF41_element_22/name HTTP/1.1
User-Agent: selenium/4.8.1 (java windows)
Cache-Control: no-cache
Content-Type: application/json; charset=utf-8
host: localhost:7365
accept: */*

Response DefaultHttpResponse(decodeResult: success, version: HTTP/1.1)
HTTP/1.1 200 OK
Content-Length: 13
Content-Type: application/json; charset=utf-8
cache-control: no-cache

20:24:16.920 [AsyncHttpClient-1-2] DEBUG org.asynchttpclient.netty.channel.ChannelManager - Adding key: http://localhost:7365 for channel [id: 0x4cf10864, L:/127.0.0.1:50737 - R:localhost/127.0.0.1:7365]
20:24:16.925 [Forwarding findElement on session 5f8d798c16580babfbd77307bb98cf12 to remote] DEBUG org.asynchttpclient.netty.request.NettyRequestSender - Using pooled Channel '[id: 0x4cf10864, L:/127.0.0.1:50737 - R:localhost/127.0.0.1:7365]' for 'POST' to 'http://localhost:7365/session/5f8d798c16580babfbd77307bb98cf12/element'
20:24:16.925 [Forwarding findElement on session 5f8d798c16580babfbd77307bb98cf12 to remote] DEBUG org.asynchttpclient.netty.request.NettyRequestSender - Using open Channel [id: 0x4cf10864, L:/127.0.0.1:50737 - R:localhost/127.0.0.1:7365] for POST '/session/5f8d798c16580babfbd77307bb98cf12/element'
20:24:17.084 [AsyncHttpClient-1-2] DEBUG org.asynchttpclient.netty.handler.HttpHandler - 

Request DefaultHttpRequest(decodeResult: success, version: HTTP/1.1)
POST /session/5f8d798c16580babfbd77307bb98cf12/element HTTP/1.1
User-Agent: selenium/4.8.1 (java windows)
Content-Length: 143
Content-Type: application/json; charset=utf-8
host: localhost:7365
accept: */*

Response DefaultHttpResponse(decodeResult: success, version: HTTP/1.1)
HTTP/1.1 200 OK
Content-Length: 95
Content-Type: application/json; charset=utf-8
cache-control: no-cache

20:24:17.084 [AsyncHttpClient-1-2] DEBUG org.asynchttpclient.netty.channel.ChannelManager - Adding key: http://localhost:7365 for channel [id: 0x4cf10864, L:/127.0.0.1:50737 - R:localhost/127.0.0.1:7365]
20:24:17.089 [Forwarding clickElement on session 5f8d798c16580babfbd77307bb98cf12 to remote] DEBUG org.asynchttpclient.netty.request.NettyRequestSender - Using pooled Channel '[id: 0x4cf10864, L:/127.0.0.1:50737 - R:localhost/127.0.0.1:7365]' for 'POST' to 'http://localhost:7365/session/5f8d798c16580babfbd77307bb98cf12/element/8756C71BB809C935F3A7980CA4A6EF41_element_22/click'
20:24:17.089 [Forwarding clickElement on session 5f8d798c16580babfbd77307bb98cf12 to remote] DEBUG org.asynchttpclient.netty.request.NettyRequestSender - Using open Channel [id: 0x4cf10864, L:/127.0.0.1:50737 - R:localhost/127.0.0.1:7365] for POST '/session/5f8d798c16580babfbd77307bb98cf12/element/8756C71BB809C935F3A7980CA4A6EF41_element_22/click'
20:24:17.299 [AsyncHttpClient-1-1] DEBUG org.asynchttpclient.netty.channel.DefaultChannelPool - Entry count for : http://localhost:50738 : 1
20:24:18.184 [AsyncHttpClient-1-2] DEBUG org.asynchttpclient.netty.handler.HttpHandler - 

Request DefaultHttpRequest(decodeResult: success, version: HTTP/1.1)
POST /session/5f8d798c16580babfbd77307bb98cf12/element/8756C71BB809C935F3A7980CA4A6EF41_element_22/click HTTP/1.1
User-Agent: selenium/4.8.1 (java windows)
Content-Length: 57
Content-Type: application/json; charset=utf-8
host: localhost:7365
accept: */*

Response DefaultHttpResponse(decodeResult: success, version: HTTP/1.1)
HTTP/1.1 400 Bad Request
Content-Length: 1290
Content-Type: application/json; charset=utf-8
cache-control: no-cache

20:24:18.186 [AsyncHttpClient-1-2] DEBUG org.asynchttpclient.netty.channel.ChannelManager - Adding key: http://localhost:7365 for channel [id: 0x4cf10864, L:/127.0.0.1:50737 - R:localhost/127.0.0.1:7365]
20:24:18.401 [AsyncHttpClient-1-1] DEBUG org.asynchttpclient.netty.channel.DefaultChannelPool - Entry count for : http://localhost:50738 : 1
20:24:18.401 [AsyncHttpClient-1-1] DEBUG org.asynchttpclient.netty.channel.DefaultChannelPool - Entry count for : http://localhost:7365 : 1
20:24:18.452 [Forwarding clickElement on session 5f8d798c16580babfbd77307bb98cf12 to remote] DEBUG org.asynchttpclient.netty.request.NettyRequestSender - Using pooled Channel '[id: 0x4cf10864, L:/127.0.0.1:50737 - R:localhost/127.0.0.1:7365]' for 'POST' to 'http://localhost:7365/session/5f8d798c16580babfbd77307bb98cf12/element/8756C71BB809C935F3A7980CA4A6EF41_element_22/click'
20:24:18.454 [Forwarding clickElement on session 5f8d798c16580babfbd77307bb98cf12 to remote] DEBUG org.asynchttpclient.netty.request.NettyRequestSender - Using open Channel [id: 0x4cf10864, L:/127.0.0.1:50737 - R:localhost/127.0.0.1:7365] for POST '/session/5f8d798c16580babfbd77307bb98cf12/element/8756C71BB809C935F3A7980CA4A6EF41_element_22/click'
20:24:19.148 [AsyncHttpClient-1-2] DEBUG org.asynchttpclient.netty.handler.HttpHandler - 

Request DefaultHttpRequest(decodeResult: success, version: HTTP/1.1)
POST /session/5f8d798c16580babfbd77307bb98cf12/element/8756C71BB809C935F3A7980CA4A6EF41_element_22/click HTTP/1.1
User-Agent: selenium/4.8.1 (java windows)
Content-Length: 57
Content-Type: application/json; charset=utf-8
host: localhost:7365
accept: */*

Response DefaultHttpResponse(decodeResult: success, version: HTTP/1.1)
HTTP/1.1 200 OK
Content-Length: 14
Content-Type: application/json; charset=utf-8
cache-control: no-cache

20:24:19.149 [AsyncHttpClient-1-2] DEBUG org.asynchttpclient.netty.channel.ChannelManager - Adding key: http://localhost:7365 for channel [id: 0x4cf10864, L:/127.0.0.1:50737 - R:localhost/127.0.0.1:7365]
20:24:19.156 [main] DEBUG net.thucydides.core.steps.StepInterceptor - STEP DONE: clickMenuKA
  &amp#27;[32mAnd &amp#27;[0m&amp#27;[32muser click Kereta Api menu&amp#27;[0m         &amp#27;[90m# starter.stepdefinitions.DetailKASteps.userClickKeretaApiMenu()&amp#27;[0m
20:24:19.502 [AsyncHttpClient-1-1] DEBUG org.asynchttpclient.netty.channel.DefaultChannelPool - Entry count for : http://localhost:50738 : 1
20:24:19.505 [AsyncHttpClient-1-1] DEBUG org.asynchttpclient.netty.channel.DefaultChannelPool - Entry count for : http://localhost:7365 : 1
20:24:19.753 [Forwarding findElement on session 5f8d798c16580babfbd77307bb98cf12 to remote] DEBUG org.asynchttpclient.netty.request.NettyRequestSender - Using pooled Channel '[id: 0x4cf10864, L:/127.0.0.1:50737 - R:localhost/127.0.0.1:7365]' for 'POST' to 'http://localhost:7365/session/5f8d798c16580babfbd77307bb98cf12/element'
20:24:19.753 [Forwarding findElement on session 5f8d798c16580babfbd77307bb98cf12 to remote] DEBUG org.asynchttpclient.netty.request.NettyRequestSender - Using open Channel [id: 0x4cf10864, L:/127.0.0.1:50737 - R:localhost/127.0.0.1:7365] for POST '/session/5f8d798c16580babfbd77307bb98cf12/element'
20:24:19.771 [AsyncHttpClient-1-2] DEBUG org.asynchttpclient.netty.handler.HttpHandler - 

Request DefaultHttpRequest(decodeResult: success, version: HTTP/1.1)
POST /session/5f8d798c16580babfbd77307bb98cf12/element HTTP/1.1
User-Agent: selenium/4.8.1 (java windows)
Content-Length: 118
Content-Type: application/json; charset=utf-8
host: localhost:7365
accept: */*

Response DefaultHttpResponse(decodeResult: success, version: HTTP/1.1)
HTTP/1.1 200 OK
Content-Length: 95
Content-Type: application/json; charset=utf-8
cache-control: no-cache

20:24:19.771 [AsyncHttpClient-1-2] DEBUG org.asynchttpclient.netty.channel.ChannelManager - Adding key: http://localhost:7365 for channel [id: 0x4cf10864, L:/127.0.0.1:50737 - R:localhost/127.0.0.1:7365]
20:24:19.774 [Forwarding getElementTagName on session 5f8d798c16580babfbd77307bb98cf12 to remote] DEBUG org.asynchttpclient.netty.request.NettyRequestSender - Using pooled Channel '[id: 0x4cf10864, L:/127.0.0.1:50737 - R:localhost/127.0.0.1:7365]' for 'GET' to 'http://localhost:7365/session/5f8d798c16580babfbd77307bb98cf12/element/8756C71BB809C935F3A7980CA4A6EF41_element_95/name'
20:24:19.774 [Forwarding getElementTagName on session 5f8d798c16580babfbd77307bb98cf12 to remote] DEBUG org.asynchttpclient.netty.request.NettyRequestSender - Using open Channel [id: 0x4cf10864, L:/127.0.0.1:50737 - R:localhost/127.0.0.1:7365] for GET '/session/5f8d798c16580babfbd77307bb98cf12/element/8756C71BB809C935F3A7980CA4A6EF41_element_95/name'
20:24:19.781 [AsyncHttpClient-1-2] DEBUG org.asynchttpclient.netty.handler.HttpHandler - 

Request DefaultFullHttpRequest(decodeResult: success, version: HTTP/1.1, content: EmptyByteBufBE)
GET /session/5f8d798c16580babfbd77307bb98cf12/element/8756C71BB809C935F3A7980CA4A6EF41_element_95/name HTTP/1.1
User-Agent: selenium/4.8.1 (java windows)
Cache-Control: no-cache
Content-Type: application/json; charset=utf-8
host: localhost:7365
accept: */*

Response DefaultHttpResponse(decodeResult: success, version: HTTP/1.1)
HTTP/1.1 200 OK
Content-Length: 15
Content-Type: application/json; charset=utf-8
cache-control: no-cache

20:24:19.782 [AsyncHttpClient-1-2] DEBUG org.asynchttpclient.netty.channel.ChannelManager - Adding key: http://localhost:7365 for channel [id: 0x4cf10864, L:/127.0.0.1:50737 - R:localhost/127.0.0.1:7365]
20:24:19.784 [Forwarding getElementTagName on session 5f8d798c16580babfbd77307bb98cf12 to remote] DEBUG org.asynchttpclient.netty.request.NettyRequestSender - Using pooled Channel '[id: 0x4cf10864, L:/127.0.0.1:50737 - R:localhost/127.0.0.1:7365]' for 'GET' to 'http://localhost:7365/session/5f8d798c16580babfbd77307bb98cf12/element/8756C71BB809C935F3A7980CA4A6EF41_element_95/name'
20:24:19.784 [Forwarding getElementTagName on session 5f8d798c16580babfbd77307bb98cf12 to remote] DEBUG org.asynchttpclient.netty.request.NettyRequestSender - Using open Channel [id: 0x4cf10864, L:/127.0.0.1:50737 - R:localhost/127.0.0.1:7365] for GET '/session/5f8d798c16580babfbd77307bb98cf12/element/8756C71BB809C935F3A7980CA4A6EF41_element_95/name'
20:24:19.793 [AsyncHttpClient-1-2] DEBUG org.asynchttpclient.netty.handler.HttpHandler - 

Request DefaultFullHttpRequest(decodeResult: success, version: HTTP/1.1, content: EmptyByteBufBE)
GET /session/5f8d798c16580babfbd77307bb98cf12/element/8756C71BB809C935F3A7980CA4A6EF41_element_95/name HTTP/1.1
User-Agent: selenium/4.8.1 (java windows)
Cache-Control: no-cache
Content-Type: application/json; charset=utf-8
host: localhost:7365
accept: */*

Response DefaultHttpResponse(decodeResult: success, version: HTTP/1.1)
HTTP/1.1 200 OK
Content-Length: 15
Content-Type: application/json; charset=utf-8
cache-control: no-cache

20:24:19.793 [AsyncHttpClient-1-2] DEBUG org.asynchttpclient.netty.channel.ChannelManager - Adding key: http://localhost:7365 for channel [id: 0x4cf10864, L:/127.0.0.1:50737 - R:localhost/127.0.0.1:7365]
20:24:19.798 [Forwarding findElement on session 5f8d798c16580babfbd77307bb98cf12 to remote] DEBUG org.asynchttpclient.netty.request.NettyRequestSender - Using pooled Channel '[id: 0x4cf10864, L:/127.0.0.1:50737 - R:localhost/127.0.0.1:7365]' for 'POST' to 'http://localhost:7365/session/5f8d798c16580babfbd77307bb98cf12/element'
20:24:19.798 [Forwarding findElement on session 5f8d798c16580babfbd77307bb98cf12 to remote] DEBUG org.asynchttpclient.netty.request.NettyRequestSender - Using open Channel [id: 0x4cf10864, L:/127.0.0.1:50737 - R:localhost/127.0.0.1:7365] for POST '/session/5f8d798c16580babfbd77307bb98cf12/element'
20:24:19.807 [AsyncHttpClient-1-2] DEBUG org.asynchttpclient.netty.handler.HttpHandler - 

Request DefaultHttpRequest(decodeResult: success, version: HTTP/1.1)
POST /session/5f8d798c16580babfbd77307bb98cf12/element HTTP/1.1
User-Agent: selenium/4.8.1 (java windows)
Content-Length: 118
Content-Type: application/json; charset=utf-8
host: localhost:7365
accept: */*

Response DefaultHttpResponse(decodeResult: success, version: HTTP/1.1)
HTTP/1.1 200 OK
Content-Length: 95
Content-Type: application/json; charset=utf-8
cache-control: no-cache

20:24:19.808 [AsyncHttpClient-1-2] DEBUG org.asynchttpclient.netty.channel.ChannelManager - Adding key: http://localhost:7365 for channel [id: 0x4cf10864, L:/127.0.0.1:50737 - R:localhost/127.0.0.1:7365]
20:24:19.811 [Forwarding clickElement on session 5f8d798c16580babfbd77307bb98cf12 to remote] DEBUG org.asynchttpclient.netty.request.NettyRequestSender - Using pooled Channel '[id: 0x4cf10864, L:/127.0.0.1:50737 - R:localhost/127.0.0.1:7365]' for 'POST' to 'http://localhost:7365/session/5f8d798c16580babfbd77307bb98cf12/element/8756C71BB809C935F3A7980CA4A6EF41_element_95/click'
20:24:19.811 [Forwarding clickElement on session 5f8d798c16580babfbd77307bb98cf12 to remote] DEBUG org.asynchttpclient.netty.request.NettyRequestSender - Using open Channel [id: 0x4cf10864, L:/127.0.0.1:50737 - R:localhost/127.0.0.1:7365] for POST '/session/5f8d798c16580babfbd77307bb98cf12/element/8756C71BB809C935F3A7980CA4A6EF41_element_95/click'
20:24:19.899 [AsyncHttpClient-1-2] DEBUG org.asynchttpclient.netty.handler.HttpHandler - 

Request DefaultHttpRequest(decodeResult: success, version: HTTP/1.1)
POST /session/5f8d798c16580babfbd77307bb98cf12/element/8756C71BB809C935F3A7980CA4A6EF41_element_95/click HTTP/1.1
User-Agent: selenium/4.8.1 (java windows)
Content-Length: 57
Content-Type: application/json; charset=utf-8
host: localhost:7365
accept: */*

Response DefaultHttpResponse(decodeResult: success, version: HTTP/1.1)
HTTP/1.1 200 OK
Content-Length: 14
Content-Type: application/json; charset=utf-8
cache-control: no-cache

20:24:19.899 [AsyncHttpClient-1-2] DEBUG org.asynchttpclient.netty.channel.ChannelManager - Adding key: http://localhost:7365 for channel [id: 0x4cf10864, L:/127.0.0.1:50737 - R:localhost/127.0.0.1:7365]
  &amp#27;[32mAnd &amp#27;[0m&amp#27;[32muser click data KA status active&amp#27;[0m   &amp#27;[90m# starter.stepdefinitions.EditKASteps.userClickDataKAStatusActive()&amp#27;[0m
20:24:19.918 [Forwarding findElement on session 5f8d798c16580babfbd77307bb98cf12 to remote] DEBUG org.asynchttpclient.netty.request.NettyRequestSender - Using pooled Channel '[id: 0x4cf10864, L:/127.0.0.1:50737 - R:localhost/127.0.0.1:7365]' for 'POST' to 'http://localhost:7365/session/5f8d798c16580babfbd77307bb98cf12/element'
20:24:19.919 [Forwarding findElement on session 5f8d798c16580babfbd77307bb98cf12 to remote] DEBUG org.asynchttpclient.netty.request.NettyRequestSender - Using open Channel [id: 0x4cf10864, L:/127.0.0.1:50737 - R:localhost/127.0.0.1:7365] for POST '/session/5f8d798c16580babfbd77307bb98cf12/element'
20:24:20.000 [AsyncHttpClient-1-2] DEBUG org.asynchttpclient.netty.handler.HttpHandler - 

Request DefaultHttpRequest(decodeResult: success, version: HTTP/1.1)
POST /session/5f8d798c16580babfbd77307bb98cf12/element HTTP/1.1
User-Agent: selenium/4.8.1 (java windows)
Content-Length: 151
Content-Type: application/json; charset=utf-8
host: localhost:7365
accept: */*

Response DefaultHttpResponse(decodeResult: success, version: HTTP/1.1)
HTTP/1.1 200 OK
Content-Length: 96
Content-Type: application/json; charset=utf-8
cache-control: no-cache

20:24:20.000 [AsyncHttpClient-1-2] DEBUG org.asynchttpclient.netty.channel.ChannelManager - Adding key: http://localhost:7365 for channel [id: 0x4cf10864, L:/127.0.0.1:50737 - R:localhost/127.0.0.1:7365]
20:24:20.003 [Forwarding getElementTagName on session 5f8d798c16580babfbd77307bb98cf12 to remote] DEBUG org.asynchttpclient.netty.request.NettyRequestSender - Using pooled Channel '[id: 0x4cf10864, L:/127.0.0.1:50737 - R:localhost/127.0.0.1:7365]' for 'GET' to 'http://localhost:7365/session/5f8d798c16580babfbd77307bb98cf12/element/8756C71BB809C935F3A7980CA4A6EF41_element_102/name'
20:24:20.004 [Forwarding getElementTagName on session 5f8d798c16580babfbd77307bb98cf12 to remote] DEBUG org.asynchttpclient.netty.request.NettyRequestSender - Using open Channel [id: 0x4cf10864, L:/127.0.0.1:50737 - R:localhost/127.0.0.1:7365] for GET '/session/5f8d798c16580babfbd77307bb98cf12/element/8756C71BB809C935F3A7980CA4A6EF41_element_102/name'
20:24:20.018 [AsyncHttpClient-1-2] DEBUG org.asynchttpclient.netty.handler.HttpHandler - 

Request DefaultFullHttpRequest(decodeResult: success, version: HTTP/1.1, content: EmptyByteBufBE)
GET /session/5f8d798c16580babfbd77307bb98cf12/element/8756C71BB809C935F3A7980CA4A6EF41_element_102/name HTTP/1.1
User-Agent: selenium/4.8.1 (java windows)
Cache-Control: no-cache
Content-Type: application/json; charset=utf-8
host: localhost:7365
accept: */*

Response DefaultHttpResponse(decodeResult: success, version: HTTP/1.1)
HTTP/1.1 200 OK
Content-Length: 18
Content-Type: application/json; charset=utf-8
cache-control: no-cache

20:24:20.018 [AsyncHttpClient-1-2] DEBUG org.asynchttpclient.netty.channel.ChannelManager - Adding key: http://localhost:7365 for channel [id: 0x4cf10864, L:/127.0.0.1:50737 - R:localhost/127.0.0.1:7365]
20:24:20.022 [Forwarding getElementTagName on session 5f8d798c16580babfbd77307bb98cf12 to remote] DEBUG org.asynchttpclient.netty.request.NettyRequestSender - Using pooled Channel '[id: 0x4cf10864, L:/127.0.0.1:50737 - R:localhost/127.0.0.1:7365]' for 'GET' to 'http://localhost:7365/session/5f8d798c16580babfbd77307bb98cf12/element/8756C71BB809C935F3A7980CA4A6EF41_element_102/name'
20:24:20.022 [Forwarding getElementTagName on session 5f8d798c16580babfbd77307bb98cf12 to remote] DEBUG org.asynchttpclient.netty.request.NettyRequestSender - Using open Channel [id: 0x4cf10864, L:/127.0.0.1:50737 - R:localhost/127.0.0.1:7365] for GET '/session/5f8d798c16580babfbd77307bb98cf12/element/8756C71BB809C935F3A7980CA4A6EF41_element_102/name'
20:24:20.030 [AsyncHttpClient-1-2] DEBUG org.asynchttpclient.netty.handler.HttpHandler - 

Request DefaultFullHttpRequest(decodeResult: success, version: HTTP/1.1, content: EmptyByteBufBE)
GET /session/5f8d798c16580babfbd77307bb98cf12/element/8756C71BB809C935F3A7980CA4A6EF41_element_102/name HTTP/1.1
User-Agent: selenium/4.8.1 (java windows)
Cache-Control: no-cache
Content-Type: application/json; charset=utf-8
host: localhost:7365
accept: */*

Response DefaultHttpResponse(decodeResult: success, version: HTTP/1.1)
HTTP/1.1 200 OK
Content-Length: 18
Content-Type: application/json; charset=utf-8
cache-control: no-cache

20:24:20.030 [AsyncHttpClient-1-2] DEBUG org.asynchttpclient.netty.channel.ChannelManager - Adding key: http://localhost:7365 for channel [id: 0x4cf10864, L:/127.0.0.1:50737 - R:localhost/127.0.0.1:7365]
20:24:20.034 [Forwarding isElementEnabled on session 5f8d798c16580babfbd77307bb98cf12 to remote] DEBUG org.asynchttpclient.netty.request.NettyRequestSender - Using pooled Channel '[id: 0x4cf10864, L:/127.0.0.1:50737 - R:localhost/127.0.0.1:7365]' for 'GET' to 'http://localhost:7365/session/5f8d798c16580babfbd77307bb98cf12/element/8756C71BB809C935F3A7980CA4A6EF41_element_102/enabled'
20:24:20.034 [Forwarding isElementEnabled on session 5f8d798c16580babfbd77307bb98cf12 to remote] DEBUG org.asynchttpclient.netty.request.NettyRequestSender - Using open Channel [id: 0x4cf10864, L:/127.0.0.1:50737 - R:localhost/127.0.0.1:7365] for GET '/session/5f8d798c16580babfbd77307bb98cf12/element/8756C71BB809C935F3A7980CA4A6EF41_element_102/enabled'
20:24:20.043 [AsyncHttpClient-1-2] DEBUG org.asynchttpclient.netty.handler.HttpHandler - 

Request DefaultFullHttpRequest(decodeResult: success, version: HTTP/1.1, content: EmptyByteBufBE)
GET /session/5f8d798c16580babfbd77307bb98cf12/element/8756C71BB809C935F3A7980CA4A6EF41_element_102/enabled HTTP/1.1
User-Agent: selenium/4.8.1 (java windows)
Cache-Control: no-cache
Content-Type: application/json; charset=utf-8
host: localhost:7365
accept: */*

Response DefaultHttpResponse(decodeResult: success, version: HTTP/1.1)
HTTP/1.1 200 OK
Content-Length: 14
Content-Type: application/json; charset=utf-8
cache-control: no-cache

20:24:20.043 [AsyncHttpClient-1-2] DEBUG org.asynchttpclient.netty.channel.ChannelManager - Adding key: http://localhost:7365 for channel [id: 0x4cf10864, L:/127.0.0.1:50737 - R:localhost/127.0.0.1:7365]
20:24:20.045 [Forwarding isElementEnabled on session 5f8d798c16580babfbd77307bb98cf12 to remote] DEBUG org.asynchttpclient.netty.request.NettyRequestSender - Using pooled Channel '[id: 0x4cf10864, L:/127.0.0.1:50737 - R:localhost/127.0.0.1:7365]' for 'GET' to 'http://localhost:7365/session/5f8d798c16580babfbd77307bb98cf12/element/8756C71BB809C935F3A7980CA4A6EF41_element_102/enabled'
20:24:20.045 [Forwarding isElementEnabled on session 5f8d798c16580babfbd77307bb98cf12 to remote] DEBUG org.asynchttpclient.netty.request.NettyRequestSender - Using open Channel [id: 0x4cf10864, L:/127.0.0.1:50737 - R:localhost/127.0.0.1:7365] for GET '/session/5f8d798c16580babfbd77307bb98cf12/element/8756C71BB809C935F3A7980CA4A6EF41_element_102/enabled'
20:24:20.054 [AsyncHttpClient-1-2] DEBUG org.asynchttpclient.netty.handler.HttpHandler - 

Request DefaultFullHttpRequest(decodeResult: success, version: HTTP/1.1, content: EmptyByteBufBE)
GET /session/5f8d798c16580babfbd77307bb98cf12/element/8756C71BB809C935F3A7980CA4A6EF41_element_102/enabled HTTP/1.1
User-Agent: selenium/4.8.1 (java windows)
Cache-Control: no-cache
Content-Type: application/json; charset=utf-8
host: localhost:7365
accept: */*

Response DefaultHttpResponse(decodeResult: success, version: HTTP/1.1)
HTTP/1.1 200 OK
Content-Length: 14
Content-Type: application/json; charset=utf-8
cache-control: no-cache

20:24:20.054 [AsyncHttpClient-1-2] DEBUG org.asynchttpclient.netty.channel.ChannelManager - Adding key: http://localhost:7365 for channel [id: 0x4cf10864, L:/127.0.0.1:50737 - R:localhost/127.0.0.1:7365]
20:24:20.089 [Forwarding findElement on session 5f8d798c16580babfbd77307bb98cf12 to remote] DEBUG org.asynchttpclient.netty.request.NettyRequestSender - Using pooled Channel '[id: 0x4cf10864, L:/127.0.0.1:50737 - R:localhost/127.0.0.1:7365]' for 'POST' to 'http://localhost:7365/session/5f8d798c16580babfbd77307bb98cf12/element'
20:24:20.089 [Forwarding findElement on session 5f8d798c16580babfbd77307bb98cf12 to remote] DEBUG org.asynchttpclient.netty.request.NettyRequestSender - Using open Channel [id: 0x4cf10864, L:/127.0.0.1:50737 - R:localhost/127.0.0.1:7365] for POST '/session/5f8d798c16580babfbd77307bb98cf12/element'
20:24:20.156 [AsyncHttpClient-1-2] DEBUG org.asynchttpclient.netty.handler.HttpHandler - 

Request DefaultHttpRequest(decodeResult: success, version: HTTP/1.1)
POST /session/5f8d798c16580babfbd77307bb98cf12/element HTTP/1.1
User-Agent: selenium/4.8.1 (java windows)
Content-Length: 151
Content-Type: application/json; charset=utf-8
host: localhost:7365
accept: */*

Response DefaultHttpResponse(decodeResult: success, version: HTTP/1.1)
HTTP/1.1 200 OK
Content-Length: 96
Content-Type: application/json; charset=utf-8
cache-control: no-cache

20:24:20.157 [AsyncHttpClient-1-2] DEBUG org.asynchttpclient.netty.channel.ChannelManager - Adding key: http://localhost:7365 for channel [id: 0x4cf10864, L:/127.0.0.1:50737 - R:localhost/127.0.0.1:7365]
20:24:20.166 [Forwarding clickElement on session 5f8d798c16580babfbd77307bb98cf12 to remote] DEBUG org.asynchttpclient.netty.request.NettyRequestSender - Using pooled Channel '[id: 0x4cf10864, L:/127.0.0.1:50737 - R:localhost/127.0.0.1:7365]' for 'POST' to 'http://localhost:7365/session/5f8d798c16580babfbd77307bb98cf12/element/8756C71BB809C935F3A7980CA4A6EF41_element_102/click'
20:24:20.166 [Forwarding clickElement on session 5f8d798c16580babfbd77307bb98cf12 to remote] DEBUG org.asynchttpclient.netty.request.NettyRequestSender - Using open Channel [id: 0x4cf10864, L:/127.0.0.1:50737 - R:localhost/127.0.0.1:7365] for POST '/session/5f8d798c16580babfbd77307bb98cf12/element/8756C71BB809C935F3A7980CA4A6EF41_element_102/click'
20:24:20.329 [AsyncHttpClient-1-2] DEBUG org.asynchttpclient.netty.handler.HttpHandler - 

Request DefaultHttpRequest(decodeResult: success, version: HTTP/1.1)
POST /session/5f8d798c16580babfbd77307bb98cf12/element/8756C71BB809C935F3A7980CA4A6EF41_element_102/click HTTP/1.1
User-Agent: selenium/4.8.1 (java windows)
Content-Length: 58
Content-Type: application/json; charset=utf-8
host: localhost:7365
accept: */*

Response DefaultHttpResponse(decodeResult: success, version: HTTP/1.1)
HTTP/1.1 200 OK
Content-Length: 14
Content-Type: application/json; charset=utf-8
cache-control: no-cache

20:24:20.329 [AsyncHttpClient-1-2] DEBUG org.asynchttpclient.netty.channel.ChannelManager - Adding key: http://localhost:7365 for channel [id: 0x4cf10864, L:/127.0.0.1:50737 - R:localhost/127.0.0.1:7365]
  &amp#27;[32mAnd &amp#27;[0m&amp#27;[32muser click button Ubah KA&amp#27;[0m          &amp#27;[90m# starter.stepdefinitions.EditKASteps.userClickButtonUbahKA()&amp#27;[0m
20:24:20.355 [Forwarding findElement on session 5f8d798c16580babfbd77307bb98cf12 to remote] DEBUG org.asynchttpclient.netty.request.NettyRequestSender - Using pooled Channel '[id: 0x4cf10864, L:/127.0.0.1:50737 - R:localhost/127.0.0.1:7365]' for 'POST' to 'http://localhost:7365/session/5f8d798c16580babfbd77307bb98cf12/element'
20:24:20.355 [Forwarding findElement on session 5f8d798c16580babfbd77307bb98cf12 to remote] DEBUG org.asynchttpclient.netty.request.NettyRequestSender - Using open Channel [id: 0x4cf10864, L:/127.0.0.1:50737 - R:localhost/127.0.0.1:7365] for POST '/session/5f8d798c16580babfbd77307bb98cf12/element'
20:24:20.412 [AsyncHttpClient-1-2] DEBUG org.asynchttpclient.netty.handler.HttpHandler - 

Request DefaultHttpRequest(decodeResult: success, version: HTTP/1.1)
POST /session/5f8d798c16580babfbd77307bb98cf12/element HTTP/1.1
User-Agent: selenium/4.8.1 (java windows)
Content-Length: 139
Content-Type: application/json; charset=utf-8
host: localhost:7365
accept: */*

Response DefaultHttpResponse(decodeResult: success, version: HTTP/1.1)
HTTP/1.1 200 OK
Content-Length: 96
Content-Type: application/json; charset=utf-8
cache-control: no-cache

20:24:20.412 [AsyncHttpClient-1-2] DEBUG org.asynchttpclient.netty.channel.ChannelManager - Adding key: http://localhost:7365 for channel [id: 0x4cf10864, L:/127.0.0.1:50737 - R:localhost/127.0.0.1:7365]
20:24:20.416 [Forwarding getElementTagName on session 5f8d798c16580babfbd77307bb98cf12 to remote] DEBUG org.asynchttpclient.netty.request.NettyRequestSender - Using pooled Channel '[id: 0x4cf10864, L:/127.0.0.1:50737 - R:localhost/127.0.0.1:7365]' for 'GET' to 'http://localhost:7365/session/5f8d798c16580babfbd77307bb98cf12/element/8756C71BB809C935F3A7980CA4A6EF41_element_109/name'
20:24:20.416 [Forwarding getElementTagName on session 5f8d798c16580babfbd77307bb98cf12 to remote] DEBUG org.asynchttpclient.netty.request.NettyRequestSender - Using open Channel [id: 0x4cf10864, L:/127.0.0.1:50737 - R:localhost/127.0.0.1:7365] for GET '/session/5f8d798c16580babfbd77307bb98cf12/element/8756C71BB809C935F3A7980CA4A6EF41_element_109/name'
20:24:20.437 [AsyncHttpClient-1-2] DEBUG org.asynchttpclient.netty.handler.HttpHandler - 

Request DefaultFullHttpRequest(decodeResult: success, version: HTTP/1.1, content: EmptyByteBufBE)
GET /session/5f8d798c16580babfbd77307bb98cf12/element/8756C71BB809C935F3A7980CA4A6EF41_element_109/name HTTP/1.1
User-Agent: selenium/4.8.1 (java windows)
Cache-Control: no-cache
Content-Type: application/json; charset=utf-8
host: localhost:7365
accept: */*

Response DefaultHttpResponse(decodeResult: success, version: HTTP/1.1)
HTTP/1.1 200 OK
Content-Length: 18
Content-Type: application/json; charset=utf-8
cache-control: no-cache

20:24:20.437 [AsyncHttpClient-1-2] DEBUG org.asynchttpclient.netty.channel.ChannelManager - Adding key: http://localhost:7365 for channel [id: 0x4cf10864, L:/127.0.0.1:50737 - R:localhost/127.0.0.1:7365]
20:24:20.440 [Forwarding getElementTagName on session 5f8d798c16580babfbd77307bb98cf12 to remote] DEBUG org.asynchttpclient.netty.request.NettyRequestSender - Using pooled Channel '[id: 0x4cf10864, L:/127.0.0.1:50737 - R:localhost/127.0.0.1:7365]' for 'GET' to 'http://localhost:7365/session/5f8d798c16580babfbd77307bb98cf12/element/8756C71BB809C935F3A7980CA4A6EF41_element_109/name'
20:24:20.440 [Forwarding getElementTagName on session 5f8d798c16580babfbd77307bb98cf12 to remote] DEBUG org.asynchttpclient.netty.request.NettyRequestSender - Using open Channel [id: 0x4cf10864, L:/127.0.0.1:50737 - R:localhost/127.0.0.1:7365] for GET '/session/5f8d798c16580babfbd77307bb98cf12/element/8756C71BB809C935F3A7980CA4A6EF41_element_109/name'
20:24:20.451 [AsyncHttpClient-1-2] DEBUG org.asynchttpclient.netty.handler.HttpHandler - 

Request DefaultFullHttpRequest(decodeResult: success, version: HTTP/1.1, content: EmptyByteBufBE)
GET /session/5f8d798c16580babfbd77307bb98cf12/element/8756C71BB809C935F3A7980CA4A6EF41_element_109/name HTTP/1.1
User-Agent: selenium/4.8.1 (java windows)
Cache-Control: no-cache
Content-Type: application/json; charset=utf-8
host: localhost:7365
accept: */*

Response DefaultHttpResponse(decodeResult: success, version: HTTP/1.1)
HTTP/1.1 200 OK
Content-Length: 18
Content-Type: application/json; charset=utf-8
cache-control: no-cache

20:24:20.452 [AsyncHttpClient-1-2] DEBUG org.asynchttpclient.netty.channel.ChannelManager - Adding key: http://localhost:7365 for channel [id: 0x4cf10864, L:/127.0.0.1:50737 - R:localhost/127.0.0.1:7365]
20:24:20.457 [Forwarding isElementEnabled on session 5f8d798c16580babfbd77307bb98cf12 to remote] DEBUG org.asynchttpclient.netty.request.NettyRequestSender - Using pooled Channel '[id: 0x4cf10864, L:/127.0.0.1:50737 - R:localhost/127.0.0.1:7365]' for 'GET' to 'http://localhost:7365/session/5f8d798c16580babfbd77307bb98cf12/element/8756C71BB809C935F3A7980CA4A6EF41_element_109/enabled'
20:24:20.457 [Forwarding isElementEnabled on session 5f8d798c16580babfbd77307bb98cf12 to remote] DEBUG org.asynchttpclient.netty.request.NettyRequestSender - Using open Channel [id: 0x4cf10864, L:/127.0.0.1:50737 - R:localhost/127.0.0.1:7365] for GET '/session/5f8d798c16580babfbd77307bb98cf12/element/8756C71BB809C935F3A7980CA4A6EF41_element_109/enabled'
20:24:20.471 [AsyncHttpClient-1-2] DEBUG org.asynchttpclient.netty.handler.HttpHandler - 

Request DefaultFullHttpRequest(decodeResult: success, version: HTTP/1.1, content: EmptyByteBufBE)
GET /session/5f8d798c16580babfbd77307bb98cf12/element/8756C71BB809C935F3A7980CA4A6EF41_element_109/enabled HTTP/1.1
User-Agent: selenium/4.8.1 (java windows)
Cache-Control: no-cache
Content-Type: application/json; charset=utf-8
host: localhost:7365
accept: */*

Response DefaultHttpResponse(decodeResult: success, version: HTTP/1.1)
HTTP/1.1 200 OK
Content-Length: 14
Content-Type: application/json; charset=utf-8
cache-control: no-cache

20:24:20.471 [AsyncHttpClient-1-2] DEBUG org.asynchttpclient.netty.channel.ChannelManager - Adding key: http://localhost:7365 for channel [id: 0x4cf10864, L:/127.0.0.1:50737 - R:localhost/127.0.0.1:7365]
20:24:20.473 [Forwarding isElementEnabled on session 5f8d798c16580babfbd77307bb98cf12 to remote] DEBUG org.asynchttpclient.netty.request.NettyRequestSender - Using pooled Channel '[id: 0x4cf10864, L:/127.0.0.1:50737 - R:localhost/127.0.0.1:7365]' for 'GET' to 'http://localhost:7365/session/5f8d798c16580babfbd77307bb98cf12/element/8756C71BB809C935F3A7980CA4A6EF41_element_109/enabled'
20:24:20.474 [Forwarding isElementEnabled on session 5f8d798c16580babfbd77307bb98cf12 to remote] DEBUG org.asynchttpclient.netty.request.NettyRequestSender - Using open Channel [id: 0x4cf10864, L:/127.0.0.1:50737 - R:localhost/127.0.0.1:7365] for GET '/session/5f8d798c16580babfbd77307bb98cf12/element/8756C71BB809C935F3A7980CA4A6EF41_element_109/enabled'
20:24:20.485 [AsyncHttpClient-1-2] DEBUG org.asynchttpclient.netty.handler.HttpHandler - 

Request DefaultFullHttpRequest(decodeResult: success, version: HTTP/1.1, content: EmptyByteBufBE)
GET /session/5f8d798c16580babfbd77307bb98cf12/element/8756C71BB809C935F3A7980CA4A6EF41_element_109/enabled HTTP/1.1
User-Agent: selenium/4.8.1 (java windows)
Cache-Control: no-cache
Content-Type: application/json; charset=utf-8
host: localhost:7365
accept: */*

Response DefaultHttpResponse(decodeResult: success, version: HTTP/1.1)
HTTP/1.1 200 OK
Content-Length: 14
Content-Type: application/json; charset=utf-8
cache-control: no-cache

20:24:20.486 [AsyncHttpClient-1-2] DEBUG org.asynchttpclient.netty.channel.ChannelManager - Adding key: http://localhost:7365 for channel [id: 0x4cf10864, L:/127.0.0.1:50737 - R:localhost/127.0.0.1:7365]
20:24:20.489 [Forwarding findElement on session 5f8d798c16580babfbd77307bb98cf12 to remote] DEBUG org.asynchttpclient.netty.request.NettyRequestSender - Using pooled Channel '[id: 0x4cf10864, L:/127.0.0.1:50737 - R:localhost/127.0.0.1:7365]' for 'POST' to 'http://localhost:7365/session/5f8d798c16580babfbd77307bb98cf12/element'
20:24:20.490 [Forwarding findElement on session 5f8d798c16580babfbd77307bb98cf12 to remote] DEBUG org.asynchttpclient.netty.request.NettyRequestSender - Using open Channel [id: 0x4cf10864, L:/127.0.0.1:50737 - R:localhost/127.0.0.1:7365] for POST '/session/5f8d798c16580babfbd77307bb98cf12/element'
20:24:20.504 [AsyncHttpClient-1-2] DEBUG org.asynchttpclient.netty.handler.HttpHandler - 

Request DefaultHttpRequest(decodeResult: success, version: HTTP/1.1)
POST /session/5f8d798c16580babfbd77307bb98cf12/element HTTP/1.1
User-Agent: selenium/4.8.1 (java windows)
Content-Length: 139
Content-Type: application/json; charset=utf-8
host: localhost:7365
accept: */*

Response DefaultHttpResponse(decodeResult: success, version: HTTP/1.1)
HTTP/1.1 200 OK
Content-Length: 96
Content-Type: application/json; charset=utf-8
cache-control: no-cache

20:24:20.505 [AsyncHttpClient-1-2] DEBUG org.asynchttpclient.netty.channel.ChannelManager - Adding key: http://localhost:7365 for channel [id: 0x4cf10864, L:/127.0.0.1:50737 - R:localhost/127.0.0.1:7365]
20:24:20.508 [Forwarding clickElement on session 5f8d798c16580babfbd77307bb98cf12 to remote] DEBUG org.asynchttpclient.netty.request.NettyRequestSender - Using pooled Channel '[id: 0x4cf10864, L:/127.0.0.1:50737 - R:localhost/127.0.0.1:7365]' for 'POST' to 'http://localhost:7365/session/5f8d798c16580babfbd77307bb98cf12/element/8756C71BB809C935F3A7980CA4A6EF41_element_109/click'
20:24:20.508 [Forwarding clickElement on session 5f8d798c16580babfbd77307bb98cf12 to remote] DEBUG org.asynchttpclient.netty.request.NettyRequestSender - Using open Channel [id: 0x4cf10864, L:/127.0.0.1:50737 - R:localhost/127.0.0.1:7365] for POST '/session/5f8d798c16580babfbd77307bb98cf12/element/8756C71BB809C935F3A7980CA4A6EF41_element_109/click'
20:24:20.599 [AsyncHttpClient-1-1] DEBUG org.asynchttpclient.netty.channel.DefaultChannelPool - Entry count for : http://localhost:50738 : 1
20:24:20.645 [AsyncHttpClient-1-2] DEBUG org.asynchttpclient.netty.handler.HttpHandler - 

Request DefaultHttpRequest(decodeResult: success, version: HTTP/1.1)
POST /session/5f8d798c16580babfbd77307bb98cf12/element/8756C71BB809C935F3A7980CA4A6EF41_element_109/click HTTP/1.1
User-Agent: selenium/4.8.1 (java windows)
Content-Length: 58
Content-Type: application/json; charset=utf-8
host: localhost:7365
accept: */*

Response DefaultHttpResponse(decodeResult: success, version: HTTP/1.1)
HTTP/1.1 200 OK
Content-Length: 14
Content-Type: application/json; charset=utf-8
cache-control: no-cache

20:24:20.645 [AsyncHttpClient-1-2] DEBUG org.asynchttpclient.netty.channel.ChannelManager - Adding key: http://localhost:7365 for channel [id: 0x4cf10864, L:/127.0.0.1:50737 - R:localhost/127.0.0.1:7365]
  &amp#27;[32mAnd &amp#27;[0m&amp#27;[32muser click Ubah&amp#27;[0m                    &amp#27;[90m# starter.stepdefinitions.EditKASteps.userClickUbah()&amp#27;[0m
20:24:20.670 [Forwarding findElement on session 5f8d798c16580babfbd77307bb98cf12 to remote] DEBUG org.asynchttpclient.netty.request.NettyRequestSender - Using pooled Channel '[id: 0x4cf10864, L:/127.0.0.1:50737 - R:localhost/127.0.0.1:7365]' for 'POST' to 'http://localhost:7365/session/5f8d798c16580babfbd77307bb98cf12/element'
20:24:20.671 [Forwarding findElement on session 5f8d798c16580babfbd77307bb98cf12 to remote] DEBUG org.asynchttpclient.netty.request.NettyRequestSender - Using open Channel [id: 0x4cf10864, L:/127.0.0.1:50737 - R:localhost/127.0.0.1:7365] for POST '/session/5f8d798c16580babfbd77307bb98cf12/element'
20:24:20.710 [AsyncHttpClient-1-2] DEBUG org.asynchttpclient.netty.handler.HttpHandler - 

Request DefaultHttpRequest(decodeResult: success, version: HTTP/1.1)
POST /session/5f8d798c16580babfbd77307bb98cf12/element HTTP/1.1
User-Agent: selenium/4.8.1 (java windows)
Content-Length: 151
Content-Type: application/json; charset=utf-8
host: localhost:7365
accept: */*

Response DefaultHttpResponse(decodeResult: success, version: HTTP/1.1)
HTTP/1.1 200 OK
Content-Length: 96
Content-Type: application/json; charset=utf-8
cache-control: no-cache

20:24:20.711 [AsyncHttpClient-1-2] DEBUG org.asynchttpclient.netty.channel.ChannelManager - Adding key: http://localhost:7365 for channel [id: 0x4cf10864, L:/127.0.0.1:50737 - R:localhost/127.0.0.1:7365]
20:24:20.715 [Forwarding getElementTagName on session 5f8d798c16580babfbd77307bb98cf12 to remote] DEBUG org.asynchttpclient.netty.request.NettyRequestSender - Using pooled Channel '[id: 0x4cf10864, L:/127.0.0.1:50737 - R:localhost/127.0.0.1:7365]' for 'GET' to 'http://localhost:7365/session/5f8d798c16580babfbd77307bb98cf12/element/8756C71BB809C935F3A7980CA4A6EF41_element_114/name'
20:24:20.715 [Forwarding getElementTagName on session 5f8d798c16580babfbd77307bb98cf12 to remote] DEBUG org.asynchttpclient.netty.request.NettyRequestSender - Using open Channel [id: 0x4cf10864, L:/127.0.0.1:50737 - R:localhost/127.0.0.1:7365] for GET '/session/5f8d798c16580babfbd77307bb98cf12/element/8756C71BB809C935F3A7980CA4A6EF41_element_114/name'
20:24:20.729 [AsyncHttpClient-1-2] DEBUG org.asynchttpclient.netty.handler.HttpHandler - 

Request DefaultFullHttpRequest(decodeResult: success, version: HTTP/1.1, content: EmptyByteBufBE)
GET /session/5f8d798c16580babfbd77307bb98cf12/element/8756C71BB809C935F3A7980CA4A6EF41_element_114/name HTTP/1.1
User-Agent: selenium/4.8.1 (java windows)
Cache-Control: no-cache
Content-Type: application/json; charset=utf-8
host: localhost:7365
accept: */*

Response DefaultHttpResponse(decodeResult: success, version: HTTP/1.1)
HTTP/1.1 200 OK
Content-Length: 18
Content-Type: application/json; charset=utf-8
cache-control: no-cache

20:24:20.729 [AsyncHttpClient-1-2] DEBUG org.asynchttpclient.netty.channel.ChannelManager - Adding key: http://localhost:7365 for channel [id: 0x4cf10864, L:/127.0.0.1:50737 - R:localhost/127.0.0.1:7365]
20:24:20.732 [Forwarding getElementTagName on session 5f8d798c16580babfbd77307bb98cf12 to remote] DEBUG org.asynchttpclient.netty.request.NettyRequestSender - Using pooled Channel '[id: 0x4cf10864, L:/127.0.0.1:50737 - R:localhost/127.0.0.1:7365]' for 'GET' to 'http://localhost:7365/session/5f8d798c16580babfbd77307bb98cf12/element/8756C71BB809C935F3A7980CA4A6EF41_element_114/name'
20:24:20.732 [Forwarding getElementTagName on session 5f8d798c16580babfbd77307bb98cf12 to remote] DEBUG org.asynchttpclient.netty.request.NettyRequestSender - Using open Channel [id: 0x4cf10864, L:/127.0.0.1:50737 - R:localhost/127.0.0.1:7365] for GET '/session/5f8d798c16580babfbd77307bb98cf12/element/8756C71BB809C935F3A7980CA4A6EF41_element_114/name'
20:24:20.745 [AsyncHttpClient-1-2] DEBUG org.asynchttpclient.netty.handler.HttpHandler - 

Request DefaultFullHttpRequest(decodeResult: success, version: HTTP/1.1, content: EmptyByteBufBE)
GET /session/5f8d798c16580babfbd77307bb98cf12/element/8756C71BB809C935F3A7980CA4A6EF41_element_114/name HTTP/1.1
User-Agent: selenium/4.8.1 (java windows)
Cache-Control: no-cache
Content-Type: application/json; charset=utf-8
host: localhost:7365
accept: */*

Response DefaultHttpResponse(decodeResult: success, version: HTTP/1.1)
HTTP/1.1 200 OK
Content-Length: 18
Content-Type: application/json; charset=utf-8
cache-control: no-cache

20:24:20.745 [AsyncHttpClient-1-2] DEBUG org.asynchttpclient.netty.channel.ChannelManager - Adding key: http://localhost:7365 for channel [id: 0x4cf10864, L:/127.0.0.1:50737 - R:localhost/127.0.0.1:7365]
20:24:20.751 [Forwarding isElementEnabled on session 5f8d798c16580babfbd77307bb98cf12 to remote] DEBUG org.asynchttpclient.netty.request.NettyRequestSender - Using pooled Channel '[id: 0x4cf10864, L:/127.0.0.1:50737 - R:localhost/127.0.0.1:7365]' for 'GET' to 'http://localhost:7365/session/5f8d798c16580babfbd77307bb98cf12/element/8756C71BB809C935F3A7980CA4A6EF41_element_114/enabled'
20:24:20.751 [Forwarding isElementEnabled on session 5f8d798c16580babfbd77307bb98cf12 to remote] DEBUG org.asynchttpclient.netty.request.NettyRequestSender - Using open Channel [id: 0x4cf10864, L:/127.0.0.1:50737 - R:localhost/127.0.0.1:7365] for GET '/session/5f8d798c16580babfbd77307bb98cf12/element/8756C71BB809C935F3A7980CA4A6EF41_element_114/enabled'
20:24:20.763 [AsyncHttpClient-1-2] DEBUG org.asynchttpclient.netty.handler.HttpHandler - 

Request DefaultFullHttpRequest(decodeResult: success, version: HTTP/1.1, content: EmptyByteBufBE)
GET /session/5f8d798c16580babfbd77307bb98cf12/element/8756C71BB809C935F3A7980CA4A6EF41_element_114/enabled HTTP/1.1
User-Agent: selenium/4.8.1 (java windows)
Cache-Control: no-cache
Content-Type: application/json; charset=utf-8
host: localhost:7365
accept: */*

Response DefaultHttpResponse(decodeResult: success, version: HTTP/1.1)
HTTP/1.1 200 OK
Content-Length: 14
Content-Type: application/json; charset=utf-8
cache-control: no-cache

20:24:20.763 [AsyncHttpClient-1-2] DEBUG org.asynchttpclient.netty.channel.ChannelManager - Adding key: http://localhost:7365 for channel [id: 0x4cf10864, L:/127.0.0.1:50737 - R:localhost/127.0.0.1:7365]
20:24:20.765 [Forwarding isElementEnabled on session 5f8d798c16580babfbd77307bb98cf12 to remote] DEBUG org.asynchttpclient.netty.request.NettyRequestSender - Using pooled Channel '[id: 0x4cf10864, L:/127.0.0.1:50737 - R:localhost/127.0.0.1:7365]' for 'GET' to 'http://localhost:7365/session/5f8d798c16580babfbd77307bb98cf12/element/8756C71BB809C935F3A7980CA4A6EF41_element_114/enabled'
20:24:20.765 [Forwarding isElementEnabled on session 5f8d798c16580babfbd77307bb98cf12 to remote] DEBUG org.asynchttpclient.netty.request.NettyRequestSender - Using open Channel [id: 0x4cf10864, L:/127.0.0.1:50737 - R:localhost/127.0.0.1:7365] for GET '/session/5f8d798c16580babfbd77307bb98cf12/element/8756C71BB809C935F3A7980CA4A6EF41_element_114/enabled'
20:24:20.775 [AsyncHttpClient-1-2] DEBUG org.asynchttpclient.netty.handler.HttpHandler - 

Request DefaultFullHttpRequest(decodeResult: success, version: HTTP/1.1, content: EmptyByteBufBE)
GET /session/5f8d798c16580babfbd77307bb98cf12/element/8756C71BB809C935F3A7980CA4A6EF41_element_114/enabled HTTP/1.1
User-Agent: selenium/4.8.1 (java windows)
Cache-Control: no-cache
Content-Type: application/json; charset=utf-8
host: localhost:7365
accept: */*

Response DefaultHttpResponse(decodeResult: success, version: HTTP/1.1)
HTTP/1.1 200 OK
Content-Length: 14
Content-Type: application/json; charset=utf-8
cache-control: no-cache

20:24:20.776 [AsyncHttpClient-1-2] DEBUG org.asynchttpclient.netty.channel.ChannelManager - Adding key: http://localhost:7365 for channel [id: 0x4cf10864, L:/127.0.0.1:50737 - R:localhost/127.0.0.1:7365]
20:24:20.781 [Forwarding findElement on session 5f8d798c16580babfbd77307bb98cf12 to remote] DEBUG org.asynchttpclient.netty.request.NettyRequestSender - Using pooled Channel '[id: 0x4cf10864, L:/127.0.0.1:50737 - R:localhost/127.0.0.1:7365]' for 'POST' to 'http://localhost:7365/session/5f8d798c16580babfbd77307bb98cf12/element'
20:24:20.781 [Forwarding findElement on session 5f8d798c16580babfbd77307bb98cf12 to remote] DEBUG org.asynchttpclient.netty.request.NettyRequestSender - Using open Channel [id: 0x4cf10864, L:/127.0.0.1:50737 - R:localhost/127.0.0.1:7365] for POST '/session/5f8d798c16580babfbd77307bb98cf12/element'
20:24:20.795 [AsyncHttpClient-1-2] DEBUG org.asynchttpclient.netty.handler.HttpHandler - 

Request DefaultHttpRequest(decodeResult: success, version: HTTP/1.1)
POST /session/5f8d798c16580babfbd77307bb98cf12/element HTTP/1.1
User-Agent: selenium/4.8.1 (java windows)
Content-Length: 151
Content-Type: application/json; charset=utf-8
host: localhost:7365
accept: */*

Response DefaultHttpResponse(decodeResult: success, version: HTTP/1.1)
HTTP/1.1 200 OK
Content-Length: 96
Content-Type: application/json; charset=utf-8
cache-control: no-cache

20:24:20.796 [AsyncHttpClient-1-2] DEBUG org.asynchttpclient.netty.channel.ChannelManager - Adding key: http://localhost:7365 for channel [id: 0x4cf10864, L:/127.0.0.1:50737 - R:localhost/127.0.0.1:7365]
20:24:20.800 [Forwarding clickElement on session 5f8d798c16580babfbd77307bb98cf12 to remote] DEBUG org.asynchttpclient.netty.request.NettyRequestSender - Using pooled Channel '[id: 0x4cf10864, L:/127.0.0.1:50737 - R:localhost/127.0.0.1:7365]' for 'POST' to 'http://localhost:7365/session/5f8d798c16580babfbd77307bb98cf12/element/8756C71BB809C935F3A7980CA4A6EF41_element_114/click'
20:24:20.801 [Forwarding clickElement on session 5f8d798c16580babfbd77307bb98cf12 to remote] DEBUG org.asynchttpclient.netty.request.NettyRequestSender - Using open Channel [id: 0x4cf10864, L:/127.0.0.1:50737 - R:localhost/127.0.0.1:7365] for POST '/session/5f8d798c16580babfbd77307bb98cf12/element/8756C71BB809C935F3A7980CA4A6EF41_element_114/click'
20:24:21.699 [AsyncHttpClient-1-1] DEBUG org.asynchttpclient.netty.channel.DefaultChannelPool - Entry count for : http://localhost:50738 : 1
20:24:21.915 [AsyncHttpClient-1-2] DEBUG org.asynchttpclient.netty.handler.HttpHandler - 

Request DefaultHttpRequest(decodeResult: success, version: HTTP/1.1)
POST /session/5f8d798c16580babfbd77307bb98cf12/element/8756C71BB809C935F3A7980CA4A6EF41_element_114/click HTTP/1.1
User-Agent: selenium/4.8.1 (java windows)
Content-Length: 58
Content-Type: application/json; charset=utf-8
host: localhost:7365
accept: */*

Response DefaultHttpResponse(decodeResult: success, version: HTTP/1.1)
HTTP/1.1 400 Bad Request
Content-Length: 1058
Content-Type: application/json; charset=utf-8
cache-control: no-cache

20:24:21.916 [AsyncHttpClient-1-2] DEBUG org.asynchttpclient.netty.channel.ChannelManager - Adding key: http://localhost:7365 for channel [id: 0x4cf10864, L:/127.0.0.1:50737 - R:localhost/127.0.0.1:7365]
20:24:22.181 [Forwarding clickElement on session 5f8d798c16580babfbd77307bb98cf12 to remote] DEBUG org.asynchttpclient.netty.request.NettyRequestSender - Using pooled Channel '[id: 0x4cf10864, L:/127.0.0.1:50737 - R:localhost/127.0.0.1:7365]' for 'POST' to 'http://localhost:7365/session/5f8d798c16580babfbd77307bb98cf12/element/8756C71BB809C935F3A7980CA4A6EF41_element_114/click'
20:24:22.181 [Forwarding clickElement on session 5f8d798c16580babfbd77307bb98cf12 to remote] DEBUG org.asynchttpclient.netty.request.NettyRequestSender - Using open Channel [id: 0x4cf10864, L:/127.0.0.1:50737 - R:localhost/127.0.0.1:7365] for POST '/session/5f8d798c16580babfbd77307bb98cf12/element/8756C71BB809C935F3A7980CA4A6EF41_element_114/click'
20:24:22.245 [AsyncHttpClient-1-2] DEBUG org.asynchttpclient.netty.handler.HttpHandler - 

Request DefaultHttpRequest(decodeResult: success, version: HTTP/1.1)
POST /session/5f8d798c16580babfbd77307bb98cf12/element/8756C71BB809C935F3A7980CA4A6EF41_element_114/click HTTP/1.1
User-Agent: selenium/4.8.1 (java windows)
Content-Length: 58
Content-Type: application/json; charset=utf-8
host: localhost:7365
accept: */*

Response DefaultHttpResponse(decodeResult: success, version: HTTP/1.1)
HTTP/1.1 200 OK
Content-Length: 14
Content-Type: application/json; charset=utf-8
cache-control: no-cache

20:24:22.245 [AsyncHttpClient-1-2] DEBUG org.asynchttpclient.netty.channel.ChannelManager - Adding key: http://localhost:7365 for channel [id: 0x4cf10864, L:/127.0.0.1:50737 - R:localhost/127.0.0.1:7365]
  &amp#27;[32mAnd &amp#27;[0m&amp#27;[32muser click Tambah Rute&amp#27;[0m             &amp#27;[90m# starter.stepdefinitions.EditKASteps.userClickTambahRute()&amp#27;[0m
20:24:22.261 [Forwarding findElement on session 5f8d798c16580babfbd77307bb98cf12 to remote] DEBUG org.asynchttpclient.netty.request.NettyRequestSender - Using pooled Channel '[id: 0x4cf10864, L:/127.0.0.1:50737 - R:localhost/127.0.0.1:7365]' for 'POST' to 'http://localhost:7365/session/5f8d798c16580babfbd77307bb98cf12/element'
20:24:22.261 [Forwarding findElement on session 5f8d798c16580babfbd77307bb98cf12 to remote] DEBUG org.asynchttpclient.netty.request.NettyRequestSender - Using open Channel [id: 0x4cf10864, L:/127.0.0.1:50737 - R:localhost/127.0.0.1:7365] for POST '/session/5f8d798c16580babfbd77307bb98cf12/element'
20:24:22.405 [AsyncHttpClient-1-2] DEBUG org.asynchttpclient.netty.handler.HttpHandler - 

Request DefaultHttpRequest(decodeResult: success, version: HTTP/1.1)
POST /session/5f8d798c16580babfbd77307bb98cf12/element HTTP/1.1
User-Agent: selenium/4.8.1 (java windows)
Content-Length: 186
Content-Type: application/json; charset=utf-8
host: localhost:7365
accept: */*

Response DefaultHttpResponse(decodeResult: success, version: HTTP/1.1)
HTTP/1.1 200 OK
Content-Length: 96
Content-Type: application/json; charset=utf-8
cache-control: no-cache

20:24:22.405 [AsyncHttpClient-1-2] DEBUG org.asynchttpclient.netty.channel.ChannelManager - Adding key: http://localhost:7365 for channel [id: 0x4cf10864, L:/127.0.0.1:50737 - R:localhost/127.0.0.1:7365]
20:24:22.408 [Forwarding getElementTagName on session 5f8d798c16580babfbd77307bb98cf12 to remote] DEBUG org.asynchttpclient.netty.request.NettyRequestSender - Using pooled Channel '[id: 0x4cf10864, L:/127.0.0.1:50737 - R:localhost/127.0.0.1:7365]' for 'GET' to 'http://localhost:7365/session/5f8d798c16580babfbd77307bb98cf12/element/8756C71BB809C935F3A7980CA4A6EF41_element_120/name'
20:24:22.409 [Forwarding getElementTagName on session 5f8d798c16580babfbd77307bb98cf12 to remote] DEBUG org.asynchttpclient.netty.request.NettyRequestSender - Using open Channel [id: 0x4cf10864, L:/127.0.0.1:50737 - R:localhost/127.0.0.1:7365] for GET '/session/5f8d798c16580babfbd77307bb98cf12/element/8756C71BB809C935F3A7980CA4A6EF41_element_120/name'
20:24:22.418 [AsyncHttpClient-1-2] DEBUG org.asynchttpclient.netty.handler.HttpHandler - 

Request DefaultFullHttpRequest(decodeResult: success, version: HTTP/1.1, content: EmptyByteBufBE)
GET /session/5f8d798c16580babfbd77307bb98cf12/element/8756C71BB809C935F3A7980CA4A6EF41_element_120/name HTTP/1.1
User-Agent: selenium/4.8.1 (java windows)
Cache-Control: no-cache
Content-Type: application/json; charset=utf-8
host: localhost:7365
accept: */*

Response DefaultHttpResponse(decodeResult: success, version: HTTP/1.1)
HTTP/1.1 200 OK
Content-Length: 17
Content-Type: application/json; charset=utf-8
cache-control: no-cache

20:24:22.418 [AsyncHttpClient-1-2] DEBUG org.asynchttpclient.netty.channel.ChannelManager - Adding key: http://localhost:7365 for channel [id: 0x4cf10864, L:/127.0.0.1:50737 - R:localhost/127.0.0.1:7365]
20:24:22.420 [Forwarding getElementTagName on session 5f8d798c16580babfbd77307bb98cf12 to remote] DEBUG org.asynchttpclient.netty.request.NettyRequestSender - Using pooled Channel '[id: 0x4cf10864, L:/127.0.0.1:50737 - R:localhost/127.0.0.1:7365]' for 'GET' to 'http://localhost:7365/session/5f8d798c16580babfbd77307bb98cf12/element/8756C71BB809C935F3A7980CA4A6EF41_element_120/name'
20:24:22.420 [Forwarding getElementTagName on session 5f8d798c16580babfbd77307bb98cf12 to remote] DEBUG org.asynchttpclient.netty.request.NettyRequestSender - Using open Channel [id: 0x4cf10864, L:/127.0.0.1:50737 - R:localhost/127.0.0.1:7365] for GET '/session/5f8d798c16580babfbd77307bb98cf12/element/8756C71BB809C935F3A7980CA4A6EF41_element_120/name'
20:24:22.428 [AsyncHttpClient-1-2] DEBUG org.asynchttpclient.netty.handler.HttpHandler - 

Request DefaultFullHttpRequest(decodeResult: success, version: HTTP/1.1, content: EmptyByteBufBE)
GET /session/5f8d798c16580babfbd77307bb98cf12/element/8756C71BB809C935F3A7980CA4A6EF41_element_120/name HTTP/1.1
User-Agent: selenium/4.8.1 (java windows)
Cache-Control: no-cache
Content-Type: application/json; charset=utf-8
host: localhost:7365
accept: */*

Response DefaultHttpResponse(decodeResult: success, version: HTTP/1.1)
HTTP/1.1 200 OK
Content-Length: 17
Content-Type: application/json; charset=utf-8
cache-control: no-cache

20:24:22.429 [AsyncHttpClient-1-2] DEBUG org.asynchttpclient.netty.channel.ChannelManager - Adding key: http://localhost:7365 for channel [id: 0x4cf10864, L:/127.0.0.1:50737 - R:localhost/127.0.0.1:7365]
20:24:22.431 [Forwarding isElementEnabled on session 5f8d798c16580babfbd77307bb98cf12 to remote] DEBUG org.asynchttpclient.netty.request.NettyRequestSender - Using pooled Channel '[id: 0x4cf10864, L:/127.0.0.1:50737 - R:localhost/127.0.0.1:7365]' for 'GET' to 'http://localhost:7365/session/5f8d798c16580babfbd77307bb98cf12/element/8756C71BB809C935F3A7980CA4A6EF41_element_120/enabled'
20:24:22.431 [Forwarding isElementEnabled on session 5f8d798c16580babfbd77307bb98cf12 to remote] DEBUG org.asynchttpclient.netty.request.NettyRequestSender - Using open Channel [id: 0x4cf10864, L:/127.0.0.1:50737 - R:localhost/127.0.0.1:7365] for GET '/session/5f8d798c16580babfbd77307bb98cf12/element/8756C71BB809C935F3A7980CA4A6EF41_element_120/enabled'
20:24:22.441 [AsyncHttpClient-1-2] DEBUG org.asynchttpclient.netty.handler.HttpHandler - 

Request DefaultFullHttpRequest(decodeResult: success, version: HTTP/1.1, content: EmptyByteBufBE)
GET /session/5f8d798c16580babfbd77307bb98cf12/element/8756C71BB809C935F3A7980CA4A6EF41_element_120/enabled HTTP/1.1
User-Agent: selenium/4.8.1 (java windows)
Cache-Control: no-cache
Content-Type: application/json; charset=utf-8
host: localhost:7365
accept: */*

Response DefaultHttpResponse(decodeResult: success, version: HTTP/1.1)
HTTP/1.1 200 OK
Content-Length: 14
Content-Type: application/json; charset=utf-8
cache-control: no-cache

20:24:22.441 [AsyncHttpClient-1-2] DEBUG org.asynchttpclient.netty.channel.ChannelManager - Adding key: http://localhost:7365 for channel [id: 0x4cf10864, L:/127.0.0.1:50737 - R:localhost/127.0.0.1:7365]
20:24:22.443 [Forwarding isElementEnabled on session 5f8d798c16580babfbd77307bb98cf12 to remote] DEBUG org.asynchttpclient.netty.request.NettyRequestSender - Using pooled Channel '[id: 0x4cf10864, L:/127.0.0.1:50737 - R:localhost/127.0.0.1:7365]' for 'GET' to 'http://localhost:7365/session/5f8d798c16580babfbd77307bb98cf12/element/8756C71BB809C935F3A7980CA4A6EF41_element_120/enabled'
20:24:22.443 [Forwarding isElementEnabled on session 5f8d798c16580babfbd77307bb98cf12 to remote] DEBUG org.asynchttpclient.netty.request.NettyRequestSender - Using open Channel [id: 0x4cf10864, L:/127.0.0.1:50737 - R:localhost/127.0.0.1:7365] for GET '/session/5f8d798c16580babfbd77307bb98cf12/element/8756C71BB809C935F3A7980CA4A6EF41_element_120/enabled'
20:24:22.452 [AsyncHttpClient-1-2] DEBUG org.asynchttpclient.netty.handler.HttpHandler - 

Request DefaultFullHttpRequest(decodeResult: success, version: HTTP/1.1, content: EmptyByteBufBE)
GET /session/5f8d798c16580babfbd77307bb98cf12/element/8756C71BB809C935F3A7980CA4A6EF41_element_120/enabled HTTP/1.1
User-Agent: selenium/4.8.1 (java windows)
Cache-Control: no-cache
Content-Type: application/json; charset=utf-8
host: localhost:7365
accept: */*

Response DefaultHttpResponse(decodeResult: success, version: HTTP/1.1)
HTTP/1.1 200 OK
Content-Length: 14
Content-Type: application/json; charset=utf-8
cache-control: no-cache

20:24:22.452 [AsyncHttpClient-1-2] DEBUG org.asynchttpclient.netty.channel.ChannelManager - Adding key: http://localhost:7365 for channel [id: 0x4cf10864, L:/127.0.0.1:50737 - R:localhost/127.0.0.1:7365]
20:24:22.454 [Forwarding findElement on session 5f8d798c16580babfbd77307bb98cf12 to remote] DEBUG org.asynchttpclient.netty.request.NettyRequestSender - Using pooled Channel '[id: 0x4cf10864, L:/127.0.0.1:50737 - R:localhost/127.0.0.1:7365]' for 'POST' to 'http://localhost:7365/session/5f8d798c16580babfbd77307bb98cf12/element'
20:24:22.454 [Forwarding findElement on session 5f8d798c16580babfbd77307bb98cf12 to remote] DEBUG org.asynchttpclient.netty.request.NettyRequestSender - Using open Channel [id: 0x4cf10864, L:/127.0.0.1:50737 - R:localhost/127.0.0.1:7365] for POST '/session/5f8d798c16580babfbd77307bb98cf12/element'
20:24:22.466 [AsyncHttpClient-1-2] DEBUG org.asynchttpclient.netty.handler.HttpHandler - 

Request DefaultHttpRequest(decodeResult: success, version: HTTP/1.1)
POST /session/5f8d798c16580babfbd77307bb98cf12/element HTTP/1.1
User-Agent: selenium/4.8.1 (java windows)
Content-Length: 186
Content-Type: application/json; charset=utf-8
host: localhost:7365
accept: */*

Response DefaultHttpResponse(decodeResult: success, version: HTTP/1.1)
HTTP/1.1 200 OK
Content-Length: 96
Content-Type: application/json; charset=utf-8
cache-control: no-cache

20:24:22.466 [AsyncHttpClient-1-2] DEBUG org.asynchttpclient.netty.channel.ChannelManager - Adding key: http://localhost:7365 for channel [id: 0x4cf10864, L:/127.0.0.1:50737 - R:localhost/127.0.0.1:7365]
20:24:22.468 [Forwarding clickElement on session 5f8d798c16580babfbd77307bb98cf12 to remote] DEBUG org.asynchttpclient.netty.request.NettyRequestSender - Using pooled Channel '[id: 0x4cf10864, L:/127.0.0.1:50737 - R:localhost/127.0.0.1:7365]' for 'POST' to 'http://localhost:7365/session/5f8d798c16580babfbd77307bb98cf12/element/8756C71BB809C935F3A7980CA4A6EF41_element_120/click'
20:24:22.468 [Forwarding clickElement on session 5f8d798c16580babfbd77307bb98cf12 to remote] DEBUG org.asynchttpclient.netty.request.NettyRequestSender - Using open Channel [id: 0x4cf10864, L:/127.0.0.1:50737 - R:localhost/127.0.0.1:7365] for POST '/session/5f8d798c16580babfbd77307bb98cf12/element/8756C71BB809C935F3A7980CA4A6EF41_element_120/click'
20:24:22.522 [AsyncHttpClient-1-2] DEBUG org.asynchttpclient.netty.handler.HttpHandler - 

Request DefaultHttpRequest(decodeResult: success, version: HTTP/1.1)
POST /session/5f8d798c16580babfbd77307bb98cf12/element/8756C71BB809C935F3A7980CA4A6EF41_element_120/click HTTP/1.1
User-Agent: selenium/4.8.1 (java windows)
Content-Length: 58
Content-Type: application/json; charset=utf-8
host: localhost:7365
accept: */*

Response DefaultHttpResponse(decodeResult: success, version: HTTP/1.1)
HTTP/1.1 200 OK
Content-Length: 14
Content-Type: application/json; charset=utf-8
cache-control: no-cache

20:24:22.522 [AsyncHttpClient-1-2] DEBUG org.asynchttpclient.netty.channel.ChannelManager - Adding key: http://localhost:7365 for channel [id: 0x4cf10864, L:/127.0.0.1:50737 - R:localhost/127.0.0.1:7365]
  &amp#27;[32mAnd &amp#27;[0m&amp#27;[32muser chosee Pilih Perjalanan&amp#27;[0m       &amp#27;[90m# starter.stepdefinitions.EditKASteps.userChoseePilihPerjalanan()&amp#27;[0m
20:24:22.540 [Forwarding findElement on session 5f8d798c16580babfbd77307bb98cf12 to remote] DEBUG org.asynchttpclient.netty.request.NettyRequestSender - Using pooled Channel '[id: 0x4cf10864, L:/127.0.0.1:50737 - R:localhost/127.0.0.1:7365]' for 'POST' to 'http://localhost:7365/session/5f8d798c16580babfbd77307bb98cf12/element'
20:24:22.540 [Forwarding findElement on session 5f8d798c16580babfbd77307bb98cf12 to remote] DEBUG org.asynchttpclient.netty.request.NettyRequestSender - Using open Channel [id: 0x4cf10864, L:/127.0.0.1:50737 - R:localhost/127.0.0.1:7365] for POST '/session/5f8d798c16580babfbd77307bb98cf12/element'
20:24:22.555 [AsyncHttpClient-1-2] DEBUG org.asynchttpclient.netty.handler.HttpHandler - 

Request DefaultHttpRequest(decodeResult: success, version: HTTP/1.1)
POST /session/5f8d798c16580babfbd77307bb98cf12/element HTTP/1.1
User-Agent: selenium/4.8.1 (java windows)
Content-Length: 166
Content-Type: application/json; charset=utf-8
host: localhost:7365
accept: */*

Response DefaultHttpResponse(decodeResult: success, version: HTTP/1.1)
HTTP/1.1 200 OK
Content-Length: 96
Content-Type: application/json; charset=utf-8
cache-control: no-cache

20:24:22.556 [AsyncHttpClient-1-2] DEBUG org.asynchttpclient.netty.channel.ChannelManager - Adding key: http://localhost:7365 for channel [id: 0x4cf10864, L:/127.0.0.1:50737 - R:localhost/127.0.0.1:7365]
20:24:22.558 [Forwarding getElementTagName on session 5f8d798c16580babfbd77307bb98cf12 to remote] DEBUG org.asynchttpclient.netty.request.NettyRequestSender - Using pooled Channel '[id: 0x4cf10864, L:/127.0.0.1:50737 - R:localhost/127.0.0.1:7365]' for 'GET' to 'http://localhost:7365/session/5f8d798c16580babfbd77307bb98cf12/element/8756C71BB809C935F3A7980CA4A6EF41_element_121/name'
20:24:22.558 [Forwarding getElementTagName on session 5f8d798c16580babfbd77307bb98cf12 to remote] DEBUG org.asynchttpclient.netty.request.NettyRequestSender - Using open Channel [id: 0x4cf10864, L:/127.0.0.1:50737 - R:localhost/127.0.0.1:7365] for GET '/session/5f8d798c16580babfbd77307bb98cf12/element/8756C71BB809C935F3A7980CA4A6EF41_element_121/name'
20:24:22.564 [AsyncHttpClient-1-2] DEBUG org.asynchttpclient.netty.handler.HttpHandler - 

Request DefaultFullHttpRequest(decodeResult: success, version: HTTP/1.1, content: EmptyByteBufBE)
GET /session/5f8d798c16580babfbd77307bb98cf12/element/8756C71BB809C935F3A7980CA4A6EF41_element_121/name HTTP/1.1
User-Agent: selenium/4.8.1 (java windows)
Cache-Control: no-cache
Content-Type: application/json; charset=utf-8
host: localhost:7365
accept: */*

Response DefaultHttpResponse(decodeResult: success, version: HTTP/1.1)
HTTP/1.1 200 OK
Content-Length: 18
Content-Type: application/json; charset=utf-8
cache-control: no-cache

20:24:22.565 [AsyncHttpClient-1-2] DEBUG org.asynchttpclient.netty.channel.ChannelManager - Adding key: http://localhost:7365 for channel [id: 0x4cf10864, L:/127.0.0.1:50737 - R:localhost/127.0.0.1:7365]
20:24:22.566 [Forwarding getElementTagName on session 5f8d798c16580babfbd77307bb98cf12 to remote] DEBUG org.asynchttpclient.netty.request.NettyRequestSender - Using pooled Channel '[id: 0x4cf10864, L:/127.0.0.1:50737 - R:localhost/127.0.0.1:7365]' for 'GET' to 'http://localhost:7365/session/5f8d798c16580babfbd77307bb98cf12/element/8756C71BB809C935F3A7980CA4A6EF41_element_121/name'
20:24:22.566 [Forwarding getElementTagName on session 5f8d798c16580babfbd77307bb98cf12 to remote] DEBUG org.asynchttpclient.netty.request.NettyRequestSender - Using open Channel [id: 0x4cf10864, L:/127.0.0.1:50737 - R:localhost/127.0.0.1:7365] for GET '/session/5f8d798c16580babfbd77307bb98cf12/element/8756C71BB809C935F3A7980CA4A6EF41_element_121/name'
20:24:22.572 [AsyncHttpClient-1-2] DEBUG org.asynchttpclient.netty.handler.HttpHandler - 

Request DefaultFullHttpRequest(decodeResult: success, version: HTTP/1.1, content: EmptyByteBufBE)
GET /session/5f8d798c16580babfbd77307bb98cf12/element/8756C71BB809C935F3A7980CA4A6EF41_element_121/name HTTP/1.1
User-Agent: selenium/4.8.1 (java windows)
Cache-Control: no-cache
Content-Type: application/json; charset=utf-8
host: localhost:7365
accept: */*

Response DefaultHttpResponse(decodeResult: success, version: HTTP/1.1)
HTTP/1.1 200 OK
Content-Length: 18
Content-Type: application/json; charset=utf-8
cache-control: no-cache

20:24:22.572 [AsyncHttpClient-1-2] DEBUG org.asynchttpclient.netty.channel.ChannelManager - Adding key: http://localhost:7365 for channel [id: 0x4cf10864, L:/127.0.0.1:50737 - R:localhost/127.0.0.1:7365]
20:24:22.574 [Forwarding isElementEnabled on session 5f8d798c16580babfbd77307bb98cf12 to remote] DEBUG org.asynchttpclient.netty.request.NettyRequestSender - Using pooled Channel '[id: 0x4cf10864, L:/127.0.0.1:50737 - R:localhost/127.0.0.1:7365]' for 'GET' to 'http://localhost:7365/session/5f8d798c16580babfbd77307bb98cf12/element/8756C71BB809C935F3A7980CA4A6EF41_element_121/enabled'
20:24:22.575 [Forwarding isElementEnabled on session 5f8d798c16580babfbd77307bb98cf12 to remote] DEBUG org.asynchttpclient.netty.request.NettyRequestSender - Using open Channel [id: 0x4cf10864, L:/127.0.0.1:50737 - R:localhost/127.0.0.1:7365] for GET '/session/5f8d798c16580babfbd77307bb98cf12/element/8756C71BB809C935F3A7980CA4A6EF41_element_121/enabled'
20:24:22.582 [AsyncHttpClient-1-2] DEBUG org.asynchttpclient.netty.handler.HttpHandler - 

Request DefaultFullHttpRequest(decodeResult: success, version: HTTP/1.1, content: EmptyByteBufBE)
GET /session/5f8d798c16580babfbd77307bb98cf12/element/8756C71BB809C935F3A7980CA4A6EF41_element_121/enabled HTTP/1.1
User-Agent: selenium/4.8.1 (java windows)
Cache-Control: no-cache
Content-Type: application/json; charset=utf-8
host: localhost:7365
accept: */*

Response DefaultHttpResponse(decodeResult: success, version: HTTP/1.1)
HTTP/1.1 200 OK
Content-Length: 14
Content-Type: application/json; charset=utf-8
cache-control: no-cache

20:24:22.583 [AsyncHttpClient-1-2] DEBUG org.asynchttpclient.netty.channel.ChannelManager - Adding key: http://localhost:7365 for channel [id: 0x4cf10864, L:/127.0.0.1:50737 - R:localhost/127.0.0.1:7365]
20:24:22.586 [Forwarding isElementEnabled on session 5f8d798c16580babfbd77307bb98cf12 to remote] DEBUG org.asynchttpclient.netty.request.NettyRequestSender - Using pooled Channel '[id: 0x4cf10864, L:/127.0.0.1:50737 - R:localhost/127.0.0.1:7365]' for 'GET' to 'http://localhost:7365/session/5f8d798c16580babfbd77307bb98cf12/element/8756C71BB809C935F3A7980CA4A6EF41_element_121/enabled'
20:24:22.586 [Forwarding isElementEnabled on session 5f8d798c16580babfbd77307bb98cf12 to remote] DEBUG org.asynchttpclient.netty.request.NettyRequestSender - Using open Channel [id: 0x4cf10864, L:/127.0.0.1:50737 - R:localhost/127.0.0.1:7365] for GET '/session/5f8d798c16580babfbd77307bb98cf12/element/8756C71BB809C935F3A7980CA4A6EF41_element_121/enabled'
20:24:22.601 [AsyncHttpClient-1-2] DEBUG org.asynchttpclient.netty.handler.HttpHandler - 

Request DefaultFullHttpRequest(decodeResult: success, version: HTTP/1.1, content: EmptyByteBufBE)
GET /session/5f8d798c16580babfbd77307bb98cf12/element/8756C71BB809C935F3A7980CA4A6EF41_element_121/enabled HTTP/1.1
User-Agent: selenium/4.8.1 (java windows)
Cache-Control: no-cache
Content-Type: application/json; charset=utf-8
host: localhost:7365
accept: */*

Response DefaultHttpResponse(decodeResult: success, version: HTTP/1.1)
HTTP/1.1 200 OK
Content-Length: 14
Content-Type: application/json; charset=utf-8
cache-control: no-cache

20:24:22.601 [AsyncHttpClient-1-2] DEBUG org.asynchttpclient.netty.channel.ChannelManager - Adding key: http://localhost:7365 for channel [id: 0x4cf10864, L:/127.0.0.1:50737 - R:localhost/127.0.0.1:7365]
20:24:22.604 [Forwarding findElement on session 5f8d798c16580babfbd77307bb98cf12 to remote] DEBUG org.asynchttpclient.netty.request.NettyRequestSender - Using pooled Channel '[id: 0x4cf10864, L:/127.0.0.1:50737 - R:localhost/127.0.0.1:7365]' for 'POST' to 'http://localhost:7365/session/5f8d798c16580babfbd77307bb98cf12/element'
20:24:22.605 [Forwarding findElement on session 5f8d798c16580babfbd77307bb98cf12 to remote] DEBUG org.asynchttpclient.netty.request.NettyRequestSender - Using open Channel [id: 0x4cf10864, L:/127.0.0.1:50737 - R:localhost/127.0.0.1:7365] for POST '/session/5f8d798c16580babfbd77307bb98cf12/element'
20:24:22.618 [AsyncHttpClient-1-2] DEBUG org.asynchttpclient.netty.handler.HttpHandler - 

Request DefaultHttpRequest(decodeResult: success, version: HTTP/1.1)
POST /session/5f8d798c16580babfbd77307bb98cf12/element HTTP/1.1
User-Agent: selenium/4.8.1 (java windows)
Content-Length: 166
Content-Type: application/json; charset=utf-8
host: localhost:7365
accept: */*

Response DefaultHttpResponse(decodeResult: success, version: HTTP/1.1)
HTTP/1.1 200 OK
Content-Length: 96
Content-Type: application/json; charset=utf-8
cache-control: no-cache

20:24:22.618 [AsyncHttpClient-1-2] DEBUG org.asynchttpclient.netty.channel.ChannelManager - Adding key: http://localhost:7365 for channel [id: 0x4cf10864, L:/127.0.0.1:50737 - R:localhost/127.0.0.1:7365]
20:24:22.620 [Forwarding clickElement on session 5f8d798c16580babfbd77307bb98cf12 to remote] DEBUG org.asynchttpclient.netty.request.NettyRequestSender - Using pooled Channel '[id: 0x4cf10864, L:/127.0.0.1:50737 - R:localhost/127.0.0.1:7365]' for 'POST' to 'http://localhost:7365/session/5f8d798c16580babfbd77307bb98cf12/element/8756C71BB809C935F3A7980CA4A6EF41_element_121/click'
20:24:22.620 [Forwarding clickElement on session 5f8d798c16580babfbd77307bb98cf12 to remote] DEBUG org.asynchttpclient.netty.request.NettyRequestSender - Using open Channel [id: 0x4cf10864, L:/127.0.0.1:50737 - R:localhost/127.0.0.1:7365] for POST '/session/5f8d798c16580babfbd77307bb98cf12/element/8756C71BB809C935F3A7980CA4A6EF41_element_121/click'
20:24:22.714 [AsyncHttpClient-1-2] DEBUG org.asynchttpclient.netty.handler.HttpHandler - 

Request DefaultHttpRequest(decodeResult: success, version: HTTP/1.1)
POST /session/5f8d798c16580babfbd77307bb98cf12/element/8756C71BB809C935F3A7980CA4A6EF41_element_121/click HTTP/1.1
User-Agent: selenium/4.8.1 (java windows)
Content-Length: 58
Content-Type: application/json; charset=utf-8
host: localhost:7365
accept: */*

Response DefaultHttpResponse(decodeResult: success, version: HTTP/1.1)
HTTP/1.1 200 OK
Content-Length: 14
Content-Type: application/json; charset=utf-8
cache-control: no-cache

20:24:22.714 [AsyncHttpClient-1-2] DEBUG org.asynchttpclient.netty.channel.ChannelManager - Adding key: http://localhost:7365 for channel [id: 0x4cf10864, L:/127.0.0.1:50737 - R:localhost/127.0.0.1:7365]
  &amp#27;[32mAnd &amp#27;[0m&amp#27;[32muser click Tambahkan&amp#27;[0m               &amp#27;[90m# starter.stepdefinitions.EditKASteps.userClickTambahkan()&amp#27;[0m
20:24:22.739 [Forwarding findElement on session 5f8d798c16580babfbd77307bb98cf12 to remote] DEBUG org.asynchttpclient.netty.request.NettyRequestSender - Using pooled Channel '[id: 0x4cf10864, L:/127.0.0.1:50737 - R:localhost/127.0.0.1:7365]' for 'POST' to 'http://localhost:7365/session/5f8d798c16580babfbd77307bb98cf12/element'
20:24:22.739 [Forwarding findElement on session 5f8d798c16580babfbd77307bb98cf12 to remote] DEBUG org.asynchttpclient.netty.request.NettyRequestSender - Using open Channel [id: 0x4cf10864, L:/127.0.0.1:50737 - R:localhost/127.0.0.1:7365] for POST '/session/5f8d798c16580babfbd77307bb98cf12/element'
20:24:22.796 [AsyncHttpClient-1-2] DEBUG org.asynchttpclient.netty.handler.HttpHandler - 

Request DefaultHttpRequest(decodeResult: success, version: HTTP/1.1)
POST /session/5f8d798c16580babfbd77307bb98cf12/element HTTP/1.1
User-Agent: selenium/4.8.1 (java windows)
Content-Length: 173
Content-Type: application/json; charset=utf-8
host: localhost:7365
accept: */*

Response DefaultHttpResponse(decodeResult: success, version: HTTP/1.1)
HTTP/1.1 200 OK
Content-Length: 96
Content-Type: application/json; charset=utf-8
cache-control: no-cache

20:24:22.796 [AsyncHttpClient-1-2] DEBUG org.asynchttpclient.netty.channel.ChannelManager - Adding key: http://localhost:7365 for channel [id: 0x4cf10864, L:/127.0.0.1:50737 - R:localhost/127.0.0.1:7365]
20:24:22.798 [Forwarding clearElement on session 5f8d798c16580babfbd77307bb98cf12 to remote] DEBUG org.asynchttpclient.netty.request.NettyRequestSender - Using pooled Channel '[id: 0x4cf10864, L:/127.0.0.1:50737 - R:localhost/127.0.0.1:7365]' for 'POST' to 'http://localhost:7365/session/5f8d798c16580babfbd77307bb98cf12/element/8756C71BB809C935F3A7980CA4A6EF41_element_122/clear'
20:24:22.798 [Forwarding clearElement on session 5f8d798c16580babfbd77307bb98cf12 to remote] DEBUG org.asynchttpclient.netty.request.NettyRequestSender - Using open Channel [id: 0x4cf10864, L:/127.0.0.1:50737 - R:localhost/127.0.0.1:7365] for POST '/session/5f8d798c16580babfbd77307bb98cf12/element/8756C71BB809C935F3A7980CA4A6EF41_element_122/clear'
20:24:22.802 [AsyncHttpClient-1-1] DEBUG org.asynchttpclient.netty.channel.DefaultChannelPool - Entry count for : http://localhost:50738 : 1
20:24:22.844 [AsyncHttpClient-1-2] DEBUG org.asynchttpclient.netty.handler.HttpHandler - 

Request DefaultHttpRequest(decodeResult: success, version: HTTP/1.1)
POST /session/5f8d798c16580babfbd77307bb98cf12/element/8756C71BB809C935F3A7980CA4A6EF41_element_122/clear HTTP/1.1
User-Agent: selenium/4.8.1 (java windows)
Content-Length: 58
Content-Type: application/json; charset=utf-8
host: localhost:7365
accept: */*

Response DefaultHttpResponse(decodeResult: success, version: HTTP/1.1)
HTTP/1.1 200 OK
Content-Length: 14
Content-Type: application/json; charset=utf-8
cache-control: no-cache

20:24:22.844 [AsyncHttpClient-1-2] DEBUG org.asynchttpclient.netty.channel.ChannelManager - Adding key: http://localhost:7365 for channel [id: 0x4cf10864, L:/127.0.0.1:50737 - R:localhost/127.0.0.1:7365]
20:24:22.847 [Forwarding sendKeysToElement on session 5f8d798c16580babfbd77307bb98cf12 to remote] DEBUG org.asynchttpclient.netty.request.NettyRequestSender - Using pooled Channel '[id: 0x4cf10864, L:/127.0.0.1:50737 - R:localhost/127.0.0.1:7365]' for 'POST' to 'http://localhost:7365/session/5f8d798c16580babfbd77307bb98cf12/element/8756C71BB809C935F3A7980CA4A6EF41_element_122/value'
20:24:22.847 [Forwarding sendKeysToElement on session 5f8d798c16580babfbd77307bb98cf12 to remote] DEBUG org.asynchttpclient.netty.request.NettyRequestSender - Using open Channel [id: 0x4cf10864, L:/127.0.0.1:50737 - R:localhost/127.0.0.1:7365] for POST '/session/5f8d798c16580babfbd77307bb98cf12/element/8756C71BB809C935F3A7980CA4A6EF41_element_122/value'
20:24:22.904 [AsyncHttpClient-1-2] DEBUG org.asynchttpclient.netty.handler.HttpHandler - 

Request DefaultHttpRequest(decodeResult: success, version: HTTP/1.1)
POST /session/5f8d798c16580babfbd77307bb98cf12/element/8756C71BB809C935F3A7980CA4A6EF41_element_122/value HTTP/1.1
User-Agent: selenium/4.8.1 (java windows)
Content-Length: 129
Content-Type: application/json; charset=utf-8
host: localhost:7365
accept: */*

Response DefaultHttpResponse(decodeResult: success, version: HTTP/1.1)
HTTP/1.1 200 OK
Content-Length: 14
Content-Type: application/json; charset=utf-8
cache-control: no-cache

20:24:22.904 [AsyncHttpClient-1-2] DEBUG org.asynchttpclient.netty.channel.ChannelManager - Adding key: http://localhost:7365 for channel [id: 0x4cf10864, L:/127.0.0.1:50737 - R:localhost/127.0.0.1:7365]
  &amp#27;[32mAnd &amp#27;[0m&amp#27;[32muser input Jam Tiba&amp#27;[0m                &amp#27;[90m# starter.stepdefinitions.EditKASteps.userInputJamTiba()&amp#27;[0m
20:24:22.921 [Forwarding findElement on session 5f8d798c16580babfbd77307bb98cf12 to remote] DEBUG org.asynchttpclient.netty.request.NettyRequestSender - Using pooled Channel '[id: 0x4cf10864, L:/127.0.0.1:50737 - R:localhost/127.0.0.1:7365]' for 'POST' to 'http://localhost:7365/session/5f8d798c16580babfbd77307bb98cf12/element'
20:24:22.921 [Forwarding findElement on session 5f8d798c16580babfbd77307bb98cf12 to remote] DEBUG org.asynchttpclient.netty.request.NettyRequestSender - Using open Channel [id: 0x4cf10864, L:/127.0.0.1:50737 - R:localhost/127.0.0.1:7365] for POST '/session/5f8d798c16580babfbd77307bb98cf12/element'
20:24:22.938 [AsyncHttpClient-1-2] DEBUG org.asynchttpclient.netty.handler.HttpHandler - 

Request DefaultHttpRequest(decodeResult: success, version: HTTP/1.1)
POST /session/5f8d798c16580babfbd77307bb98cf12/element HTTP/1.1
User-Agent: selenium/4.8.1 (java windows)
Content-Length: 127
Content-Type: application/json; charset=utf-8
host: localhost:7365
accept: */*

Response DefaultHttpResponse(decodeResult: success, version: HTTP/1.1)
HTTP/1.1 200 OK
Content-Length: 96
Content-Type: application/json; charset=utf-8
cache-control: no-cache

20:24:22.938 [AsyncHttpClient-1-2] DEBUG org.asynchttpclient.netty.channel.ChannelManager - Adding key: http://localhost:7365 for channel [id: 0x4cf10864, L:/127.0.0.1:50737 - R:localhost/127.0.0.1:7365]
20:24:22.940 [Forwarding getElementTagName on session 5f8d798c16580babfbd77307bb98cf12 to remote] DEBUG org.asynchttpclient.netty.request.NettyRequestSender - Using pooled Channel '[id: 0x4cf10864, L:/127.0.0.1:50737 - R:localhost/127.0.0.1:7365]' for 'GET' to 'http://localhost:7365/session/5f8d798c16580babfbd77307bb98cf12/element/8756C71BB809C935F3A7980CA4A6EF41_element_123/name'
20:24:22.940 [Forwarding getElementTagName on session 5f8d798c16580babfbd77307bb98cf12 to remote] DEBUG org.asynchttpclient.netty.request.NettyRequestSender - Using open Channel [id: 0x4cf10864, L:/127.0.0.1:50737 - R:localhost/127.0.0.1:7365] for GET '/session/5f8d798c16580babfbd77307bb98cf12/element/8756C71BB809C935F3A7980CA4A6EF41_element_123/name'
20:24:22.948 [AsyncHttpClient-1-2] DEBUG org.asynchttpclient.netty.handler.HttpHandler - 

Request DefaultFullHttpRequest(decodeResult: success, version: HTTP/1.1, content: EmptyByteBufBE)
GET /session/5f8d798c16580babfbd77307bb98cf12/element/8756C71BB809C935F3A7980CA4A6EF41_element_123/name HTTP/1.1
User-Agent: selenium/4.8.1 (java windows)
Cache-Control: no-cache
Content-Type: application/json; charset=utf-8
host: localhost:7365
accept: */*

Response DefaultHttpResponse(decodeResult: success, version: HTTP/1.1)
HTTP/1.1 200 OK
Content-Length: 18
Content-Type: application/json; charset=utf-8
cache-control: no-cache

20:24:22.948 [AsyncHttpClient-1-2] DEBUG org.asynchttpclient.netty.channel.ChannelManager - Adding key: http://localhost:7365 for channel [id: 0x4cf10864, L:/127.0.0.1:50737 - R:localhost/127.0.0.1:7365]
20:24:22.950 [Forwarding getElementTagName on session 5f8d798c16580babfbd77307bb98cf12 to remote] DEBUG org.asynchttpclient.netty.request.NettyRequestSender - Using pooled Channel '[id: 0x4cf10864, L:/127.0.0.1:50737 - R:localhost/127.0.0.1:7365]' for 'GET' to 'http://localhost:7365/session/5f8d798c16580babfbd77307bb98cf12/element/8756C71BB809C935F3A7980CA4A6EF41_element_123/name'
20:24:22.950 [Forwarding getElementTagName on session 5f8d798c16580babfbd77307bb98cf12 to remote] DEBUG org.asynchttpclient.netty.request.NettyRequestSender - Using open Channel [id: 0x4cf10864, L:/127.0.0.1:50737 - R:localhost/127.0.0.1:7365] for GET '/session/5f8d798c16580babfbd77307bb98cf12/element/8756C71BB809C935F3A7980CA4A6EF41_element_123/name'
20:24:22.955 [AsyncHttpClient-1-2] DEBUG org.asynchttpclient.netty.handler.HttpHandler - 

Request DefaultFullHttpRequest(decodeResult: success, version: HTTP/1.1, content: EmptyByteBufBE)
GET /session/5f8d798c16580babfbd77307bb98cf12/element/8756C71BB809C935F3A7980CA4A6EF41_element_123/name HTTP/1.1
User-Agent: selenium/4.8.1 (java windows)
Cache-Control: no-cache
Content-Type: application/json; charset=utf-8
host: localhost:7365
accept: */*

Response DefaultHttpResponse(decodeResult: success, version: HTTP/1.1)
HTTP/1.1 200 OK
Content-Length: 18
Content-Type: application/json; charset=utf-8
cache-control: no-cache

20:24:22.955 [AsyncHttpClient-1-2] DEBUG org.asynchttpclient.netty.channel.ChannelManager - Adding key: http://localhost:7365 for channel [id: 0x4cf10864, L:/127.0.0.1:50737 - R:localhost/127.0.0.1:7365]
20:24:22.961 [Forwarding isElementEnabled on session 5f8d798c16580babfbd77307bb98cf12 to remote] DEBUG org.asynchttpclient.netty.request.NettyRequestSender - Using pooled Channel '[id: 0x4cf10864, L:/127.0.0.1:50737 - R:localhost/127.0.0.1:7365]' for 'GET' to 'http://localhost:7365/session/5f8d798c16580babfbd77307bb98cf12/element/8756C71BB809C935F3A7980CA4A6EF41_element_123/enabled'
20:24:22.961 [Forwarding isElementEnabled on session 5f8d798c16580babfbd77307bb98cf12 to remote] DEBUG org.asynchttpclient.netty.request.NettyRequestSender - Using open Channel [id: 0x4cf10864, L:/127.0.0.1:50737 - R:localhost/127.0.0.1:7365] for GET '/session/5f8d798c16580babfbd77307bb98cf12/element/8756C71BB809C935F3A7980CA4A6EF41_element_123/enabled'
20:24:22.969 [AsyncHttpClient-1-2] DEBUG org.asynchttpclient.netty.handler.HttpHandler - 

Request DefaultFullHttpRequest(decodeResult: success, version: HTTP/1.1, content: EmptyByteBufBE)
GET /session/5f8d798c16580babfbd77307bb98cf12/element/8756C71BB809C935F3A7980CA4A6EF41_element_123/enabled HTTP/1.1
User-Agent: selenium/4.8.1 (java windows)
Cache-Control: no-cache
Content-Type: application/json; charset=utf-8
host: localhost:7365
accept: */*

Response DefaultHttpResponse(decodeResult: success, version: HTTP/1.1)
HTTP/1.1 200 OK
Content-Length: 14
Content-Type: application/json; charset=utf-8
cache-control: no-cache

20:24:22.969 [AsyncHttpClient-1-2] DEBUG org.asynchttpclient.netty.channel.ChannelManager - Adding key: http://localhost:7365 for channel [id: 0x4cf10864, L:/127.0.0.1:50737 - R:localhost/127.0.0.1:7365]
20:24:22.971 [Forwarding isElementEnabled on session 5f8d798c16580babfbd77307bb98cf12 to remote] DEBUG org.asynchttpclient.netty.request.NettyRequestSender - Using pooled Channel '[id: 0x4cf10864, L:/127.0.0.1:50737 - R:localhost/127.0.0.1:7365]' for 'GET' to 'http://localhost:7365/session/5f8d798c16580babfbd77307bb98cf12/element/8756C71BB809C935F3A7980CA4A6EF41_element_123/enabled'
20:24:22.971 [Forwarding isElementEnabled on session 5f8d798c16580babfbd77307bb98cf12 to remote] DEBUG org.asynchttpclient.netty.request.NettyRequestSender - Using open Channel [id: 0x4cf10864, L:/127.0.0.1:50737 - R:localhost/127.0.0.1:7365] for GET '/session/5f8d798c16580babfbd77307bb98cf12/element/8756C71BB809C935F3A7980CA4A6EF41_element_123/enabled'
20:24:22.981 [AsyncHttpClient-1-2] DEBUG org.asynchttpclient.netty.handler.HttpHandler - 

Request DefaultFullHttpRequest(decodeResult: success, version: HTTP/1.1, content: EmptyByteBufBE)
GET /session/5f8d798c16580babfbd77307bb98cf12/element/8756C71BB809C935F3A7980CA4A6EF41_element_123/enabled HTTP/1.1
User-Agent: selenium/4.8.1 (java windows)
Cache-Control: no-cache
Content-Type: application/json; charset=utf-8
host: localhost:7365
accept: */*

Response DefaultHttpResponse(decodeResult: success, version: HTTP/1.1)
HTTP/1.1 200 OK
Content-Length: 14
Content-Type: application/json; charset=utf-8
cache-control: no-cache

20:24:22.981 [AsyncHttpClient-1-2] DEBUG org.asynchttpclient.netty.channel.ChannelManager - Adding key: http://localhost:7365 for channel [id: 0x4cf10864, L:/127.0.0.1:50737 - R:localhost/127.0.0.1:7365]
20:24:22.983 [Forwarding findElement on session 5f8d798c16580babfbd77307bb98cf12 to remote] DEBUG org.asynchttpclient.netty.request.NettyRequestSender - Using pooled Channel '[id: 0x4cf10864, L:/127.0.0.1:50737 - R:localhost/127.0.0.1:7365]' for 'POST' to 'http://localhost:7365/session/5f8d798c16580babfbd77307bb98cf12/element'
20:24:22.983 [Forwarding findElement on session 5f8d798c16580babfbd77307bb98cf12 to remote] DEBUG org.asynchttpclient.netty.request.NettyRequestSender - Using open Channel [id: 0x4cf10864, L:/127.0.0.1:50737 - R:localhost/127.0.0.1:7365] for POST '/session/5f8d798c16580babfbd77307bb98cf12/element'
20:24:22.997 [AsyncHttpClient-1-2] DEBUG org.asynchttpclient.netty.handler.HttpHandler - 

Request DefaultHttpRequest(decodeResult: success, version: HTTP/1.1)
POST /session/5f8d798c16580babfbd77307bb98cf12/element HTTP/1.1
User-Agent: selenium/4.8.1 (java windows)
Content-Length: 127
Content-Type: application/json; charset=utf-8
host: localhost:7365
accept: */*

Response DefaultHttpResponse(decodeResult: success, version: HTTP/1.1)
HTTP/1.1 200 OK
Content-Length: 96
Content-Type: application/json; charset=utf-8
cache-control: no-cache

20:24:22.998 [AsyncHttpClient-1-2] DEBUG org.asynchttpclient.netty.channel.ChannelManager - Adding key: http://localhost:7365 for channel [id: 0x4cf10864, L:/127.0.0.1:50737 - R:localhost/127.0.0.1:7365]
20:24:23.003 [Forwarding clickElement on session 5f8d798c16580babfbd77307bb98cf12 to remote] DEBUG org.asynchttpclient.netty.request.NettyRequestSender - Using pooled Channel '[id: 0x4cf10864, L:/127.0.0.1:50737 - R:localhost/127.0.0.1:7365]' for 'POST' to 'http://localhost:7365/session/5f8d798c16580babfbd77307bb98cf12/element/8756C71BB809C935F3A7980CA4A6EF41_element_123/click'
20:24:23.003 [Forwarding clickElement on session 5f8d798c16580babfbd77307bb98cf12 to remote] DEBUG org.asynchttpclient.netty.request.NettyRequestSender - Using open Channel [id: 0x4cf10864, L:/127.0.0.1:50737 - R:localhost/127.0.0.1:7365] for POST '/session/5f8d798c16580babfbd77307bb98cf12/element/8756C71BB809C935F3A7980CA4A6EF41_element_123/click'
20:24:23.898 [AsyncHttpClient-1-1] DEBUG org.asynchttpclient.netty.channel.DefaultChannelPool - Entry count for : http://localhost:50738 : 1
20:24:24.114 [AsyncHttpClient-1-2] DEBUG org.asynchttpclient.netty.handler.HttpHandler - 

Request DefaultHttpRequest(decodeResult: success, version: HTTP/1.1)
POST /session/5f8d798c16580babfbd77307bb98cf12/element/8756C71BB809C935F3A7980CA4A6EF41_element_123/click HTTP/1.1
User-Agent: selenium/4.8.1 (java windows)
Content-Length: 58
Content-Type: application/json; charset=utf-8
host: localhost:7365
accept: */*

Response DefaultHttpResponse(decodeResult: success, version: HTTP/1.1)
HTTP/1.1 400 Bad Request
Content-Length: 1059
Content-Type: application/json; charset=utf-8
cache-control: no-cache

20:24:24.115 [AsyncHttpClient-1-2] DEBUG org.asynchttpclient.netty.channel.ChannelManager - Adding key: http://localhost:7365 for channel [id: 0x4cf10864, L:/127.0.0.1:50737 - R:localhost/127.0.0.1:7365]
20:24:24.381 [Forwarding clickElement on session 5f8d798c16580babfbd77307bb98cf12 to remote] DEBUG org.asynchttpclient.netty.request.NettyRequestSender - Using pooled Channel '[id: 0x4cf10864, L:/127.0.0.1:50737 - R:localhost/127.0.0.1:7365]' for 'POST' to 'http://localhost:7365/session/5f8d798c16580babfbd77307bb98cf12/element/8756C71BB809C935F3A7980CA4A6EF41_element_123/click'
20:24:24.382 [Forwarding clickElement on session 5f8d798c16580babfbd77307bb98cf12 to remote] DEBUG org.asynchttpclient.netty.request.NettyRequestSender - Using open Channel [id: 0x4cf10864, L:/127.0.0.1:50737 - R:localhost/127.0.0.1:7365] for POST '/session/5f8d798c16580babfbd77307bb98cf12/element/8756C71BB809C935F3A7980CA4A6EF41_element_123/click'
20:24:24.436 [AsyncHttpClient-1-2] DEBUG org.asynchttpclient.netty.handler.HttpHandler - 

Request DefaultHttpRequest(decodeResult: success, version: HTTP/1.1)
POST /session/5f8d798c16580babfbd77307bb98cf12/element/8756C71BB809C935F3A7980CA4A6EF41_element_123/click HTTP/1.1
User-Agent: selenium/4.8.1 (java windows)
Content-Length: 58
Content-Type: application/json; charset=utf-8
host: localhost:7365
accept: */*

Response DefaultHttpResponse(decodeResult: success, version: HTTP/1.1)
HTTP/1.1 200 OK
Content-Length: 14
Content-Type: application/json; charset=utf-8
cache-control: no-cache

20:24:24.437 [AsyncHttpClient-1-2] DEBUG org.asynchttpclient.netty.channel.ChannelManager - Adding key: http://localhost:7365 for channel [id: 0x4cf10864, L:/127.0.0.1:50737 - R:localhost/127.0.0.1:7365]
  &amp#27;[32mAnd &amp#27;[0m&amp#27;[32muser click Simpan Perubahan KA&amp#27;[0m     &amp#27;[90m# starter.stepdefinitions.EditKASteps.userClickSimpanPerubahanKA()&amp#27;[0m
20:24:24.452 [Forwarding findElement on session 5f8d798c16580babfbd77307bb98cf12 to remote] DEBUG org.asynchttpclient.netty.request.NettyRequestSender - Using pooled Channel '[id: 0x4cf10864, L:/127.0.0.1:50737 - R:localhost/127.0.0.1:7365]' for 'POST' to 'http://localhost:7365/session/5f8d798c16580babfbd77307bb98cf12/element'
20:24:24.452 [Forwarding findElement on session 5f8d798c16580babfbd77307bb98cf12 to remote] DEBUG org.asynchttpclient.netty.request.NettyRequestSender - Using open Channel [id: 0x4cf10864, L:/127.0.0.1:50737 - R:localhost/127.0.0.1:7365] for POST '/session/5f8d798c16580babfbd77307bb98cf12/element'
20:24:24.466 [AsyncHttpClient-1-2] DEBUG org.asynchttpclient.netty.handler.HttpHandler - 

Request DefaultHttpRequest(decodeResult: success, version: HTTP/1.1)
POST /session/5f8d798c16580babfbd77307bb98cf12/element HTTP/1.1
User-Agent: selenium/4.8.1 (java windows)
Content-Length: 139
Content-Type: application/json; charset=utf-8
host: localhost:7365
accept: */*

Response DefaultHttpResponse(decodeResult: success, version: HTTP/1.1)
HTTP/1.1 200 OK
Content-Length: 96
Content-Type: application/json; charset=utf-8
cache-control: no-cache

20:24:24.467 [AsyncHttpClient-1-2] DEBUG org.asynchttpclient.netty.channel.ChannelManager - Adding key: http://localhost:7365 for channel [id: 0x4cf10864, L:/127.0.0.1:50737 - R:localhost/127.0.0.1:7365]
20:24:24.469 [Forwarding getElementTagName on session 5f8d798c16580babfbd77307bb98cf12 to remote] DEBUG org.asynchttpclient.netty.request.NettyRequestSender - Using pooled Channel '[id: 0x4cf10864, L:/127.0.0.1:50737 - R:localhost/127.0.0.1:7365]' for 'GET' to 'http://localhost:7365/session/5f8d798c16580babfbd77307bb98cf12/element/8756C71BB809C935F3A7980CA4A6EF41_element_128/name'
20:24:24.469 [Forwarding getElementTagName on session 5f8d798c16580babfbd77307bb98cf12 to remote] DEBUG org.asynchttpclient.netty.request.NettyRequestSender - Using open Channel [id: 0x4cf10864, L:/127.0.0.1:50737 - R:localhost/127.0.0.1:7365] for GET '/session/5f8d798c16580babfbd77307bb98cf12/element/8756C71BB809C935F3A7980CA4A6EF41_element_128/name'
20:24:24.478 [AsyncHttpClient-1-2] DEBUG org.asynchttpclient.netty.handler.HttpHandler - 

Request DefaultFullHttpRequest(decodeResult: success, version: HTTP/1.1, content: EmptyByteBufBE)
GET /session/5f8d798c16580babfbd77307bb98cf12/element/8756C71BB809C935F3A7980CA4A6EF41_element_128/name HTTP/1.1
User-Agent: selenium/4.8.1 (java windows)
Cache-Control: no-cache
Content-Type: application/json; charset=utf-8
host: localhost:7365
accept: */*

Response DefaultHttpResponse(decodeResult: success, version: HTTP/1.1)
HTTP/1.1 200 OK
Content-Length: 18
Content-Type: application/json; charset=utf-8
cache-control: no-cache

20:24:24.478 [AsyncHttpClient-1-2] DEBUG org.asynchttpclient.netty.channel.ChannelManager - Adding key: http://localhost:7365 for channel [id: 0x4cf10864, L:/127.0.0.1:50737 - R:localhost/127.0.0.1:7365]
20:24:24.481 [Forwarding getElementTagName on session 5f8d798c16580babfbd77307bb98cf12 to remote] DEBUG org.asynchttpclient.netty.request.NettyRequestSender - Using pooled Channel '[id: 0x4cf10864, L:/127.0.0.1:50737 - R:localhost/127.0.0.1:7365]' for 'GET' to 'http://localhost:7365/session/5f8d798c16580babfbd77307bb98cf12/element/8756C71BB809C935F3A7980CA4A6EF41_element_128/name'
20:24:24.481 [Forwarding getElementTagName on session 5f8d798c16580babfbd77307bb98cf12 to remote] DEBUG org.asynchttpclient.netty.request.NettyRequestSender - Using open Channel [id: 0x4cf10864, L:/127.0.0.1:50737 - R:localhost/127.0.0.1:7365] for GET '/session/5f8d798c16580babfbd77307bb98cf12/element/8756C71BB809C935F3A7980CA4A6EF41_element_128/name'
20:24:24.488 [AsyncHttpClient-1-2] DEBUG org.asynchttpclient.netty.handler.HttpHandler - 

Request DefaultFullHttpRequest(decodeResult: success, version: HTTP/1.1, content: EmptyByteBufBE)
GET /session/5f8d798c16580babfbd77307bb98cf12/element/8756C71BB809C935F3A7980CA4A6EF41_element_128/name HTTP/1.1
User-Agent: selenium/4.8.1 (java windows)
Cache-Control: no-cache
Content-Type: application/json; charset=utf-8
host: localhost:7365
accept: */*

Response DefaultHttpResponse(decodeResult: success, version: HTTP/1.1)
HTTP/1.1 200 OK
Content-Length: 18
Content-Type: application/json; charset=utf-8
cache-control: no-cache

20:24:24.489 [AsyncHttpClient-1-2] DEBUG org.asynchttpclient.netty.channel.ChannelManager - Adding key: http://localhost:7365 for channel [id: 0x4cf10864, L:/127.0.0.1:50737 - R:localhost/127.0.0.1:7365]
20:24:24.493 [Forwarding isElementEnabled on session 5f8d798c16580babfbd77307bb98cf12 to remote] DEBUG org.asynchttpclient.netty.request.NettyRequestSender - Using pooled Channel '[id: 0x4cf10864, L:/127.0.0.1:50737 - R:localhost/127.0.0.1:7365]' for 'GET' to 'http://localhost:7365/session/5f8d798c16580babfbd77307bb98cf12/element/8756C71BB809C935F3A7980CA4A6EF41_element_128/enabled'
20:24:24.493 [Forwarding isElementEnabled on session 5f8d798c16580babfbd77307bb98cf12 to remote] DEBUG org.asynchttpclient.netty.request.NettyRequestSender - Using open Channel [id: 0x4cf10864, L:/127.0.0.1:50737 - R:localhost/127.0.0.1:7365] for GET '/session/5f8d798c16580babfbd77307bb98cf12/element/8756C71BB809C935F3A7980CA4A6EF41_element_128/enabled'
20:24:24.501 [AsyncHttpClient-1-2] DEBUG org.asynchttpclient.netty.handler.HttpHandler - 

Request DefaultFullHttpRequest(decodeResult: success, version: HTTP/1.1, content: EmptyByteBufBE)
GET /session/5f8d798c16580babfbd77307bb98cf12/element/8756C71BB809C935F3A7980CA4A6EF41_element_128/enabled HTTP/1.1
User-Agent: selenium/4.8.1 (java windows)
Cache-Control: no-cache
Content-Type: application/json; charset=utf-8
host: localhost:7365
accept: */*

Response DefaultHttpResponse(decodeResult: success, version: HTTP/1.1)
HTTP/1.1 200 OK
Content-Length: 14
Content-Type: application/json; charset=utf-8
cache-control: no-cache

20:24:24.501 [AsyncHttpClient-1-2] DEBUG org.asynchttpclient.netty.channel.ChannelManager - Adding key: http://localhost:7365 for channel [id: 0x4cf10864, L:/127.0.0.1:50737 - R:localhost/127.0.0.1:7365]
20:24:24.503 [Forwarding isElementEnabled on session 5f8d798c16580babfbd77307bb98cf12 to remote] DEBUG org.asynchttpclient.netty.request.NettyRequestSender - Using pooled Channel '[id: 0x4cf10864, L:/127.0.0.1:50737 - R:localhost/127.0.0.1:7365]' for 'GET' to 'http://localhost:7365/session/5f8d798c16580babfbd77307bb98cf12/element/8756C71BB809C935F3A7980CA4A6EF41_element_128/enabled'
20:24:24.503 [Forwarding isElementEnabled on session 5f8d798c16580babfbd77307bb98cf12 to remote] DEBUG org.asynchttpclient.netty.request.NettyRequestSender - Using open Channel [id: 0x4cf10864, L:/127.0.0.1:50737 - R:localhost/127.0.0.1:7365] for GET '/session/5f8d798c16580babfbd77307bb98cf12/element/8756C71BB809C935F3A7980CA4A6EF41_element_128/enabled'
20:24:24.512 [AsyncHttpClient-1-2] DEBUG org.asynchttpclient.netty.handler.HttpHandler - 

Request DefaultFullHttpRequest(decodeResult: success, version: HTTP/1.1, content: EmptyByteBufBE)
GET /session/5f8d798c16580babfbd77307bb98cf12/element/8756C71BB809C935F3A7980CA4A6EF41_element_128/enabled HTTP/1.1
User-Agent: selenium/4.8.1 (java windows)
Cache-Control: no-cache
Content-Type: application/json; charset=utf-8
host: localhost:7365
accept: */*

Response DefaultHttpResponse(decodeResult: success, version: HTTP/1.1)
HTTP/1.1 200 OK
Content-Length: 14
Content-Type: application/json; charset=utf-8
cache-control: no-cache

20:24:24.512 [AsyncHttpClient-1-2] DEBUG org.asynchttpclient.netty.channel.ChannelManager - Adding key: http://localhost:7365 for channel [id: 0x4cf10864, L:/127.0.0.1:50737 - R:localhost/127.0.0.1:7365]
20:24:24.514 [Forwarding findElement on session 5f8d798c16580babfbd77307bb98cf12 to remote] DEBUG org.asynchttpclient.netty.request.NettyRequestSender - Using pooled Channel '[id: 0x4cf10864, L:/127.0.0.1:50737 - R:localhost/127.0.0.1:7365]' for 'POST' to 'http://localhost:7365/session/5f8d798c16580babfbd77307bb98cf12/element'
20:24:24.515 [Forwarding findElement on session 5f8d798c16580babfbd77307bb98cf12 to remote] DEBUG org.asynchttpclient.netty.request.NettyRequestSender - Using open Channel [id: 0x4cf10864, L:/127.0.0.1:50737 - R:localhost/127.0.0.1:7365] for POST '/session/5f8d798c16580babfbd77307bb98cf12/element'
20:24:24.525 [AsyncHttpClient-1-2] DEBUG org.asynchttpclient.netty.handler.HttpHandler - 

Request DefaultHttpRequest(decodeResult: success, version: HTTP/1.1)
POST /session/5f8d798c16580babfbd77307bb98cf12/element HTTP/1.1
User-Agent: selenium/4.8.1 (java windows)
Content-Length: 139
Content-Type: application/json; charset=utf-8
host: localhost:7365
accept: */*

Response DefaultHttpResponse(decodeResult: success, version: HTTP/1.1)
HTTP/1.1 200 OK
Content-Length: 96
Content-Type: application/json; charset=utf-8
cache-control: no-cache

20:24:24.526 [AsyncHttpClient-1-2] DEBUG org.asynchttpclient.netty.channel.ChannelManager - Adding key: http://localhost:7365 for channel [id: 0x4cf10864, L:/127.0.0.1:50737 - R:localhost/127.0.0.1:7365]
20:24:24.527 [Forwarding clickElement on session 5f8d798c16580babfbd77307bb98cf12 to remote] DEBUG org.asynchttpclient.netty.request.NettyRequestSender - Using pooled Channel '[id: 0x4cf10864, L:/127.0.0.1:50737 - R:localhost/127.0.0.1:7365]' for 'POST' to 'http://localhost:7365/session/5f8d798c16580babfbd77307bb98cf12/element/8756C71BB809C935F3A7980CA4A6EF41_element_128/click'
20:24:24.527 [Forwarding clickElement on session 5f8d798c16580babfbd77307bb98cf12 to remote] DEBUG org.asynchttpclient.netty.request.NettyRequestSender - Using open Channel [id: 0x4cf10864, L:/127.0.0.1:50737 - R:localhost/127.0.0.1:7365] for POST '/session/5f8d798c16580babfbd77307bb98cf12/element/8756C71BB809C935F3A7980CA4A6EF41_element_128/click'
20:24:24.573 [AsyncHttpClient-1-2] DEBUG org.asynchttpclient.netty.handler.HttpHandler - 

Request DefaultHttpRequest(decodeResult: success, version: HTTP/1.1)
POST /session/5f8d798c16580babfbd77307bb98cf12/element/8756C71BB809C935F3A7980CA4A6EF41_element_128/click HTTP/1.1
User-Agent: selenium/4.8.1 (java windows)
Content-Length: 58
Content-Type: application/json; charset=utf-8
host: localhost:7365
accept: */*

Response DefaultHttpResponse(decodeResult: success, version: HTTP/1.1)
HTTP/1.1 200 OK
Content-Length: 14
Content-Type: application/json; charset=utf-8
cache-control: no-cache

20:24:24.573 [AsyncHttpClient-1-2] DEBUG org.asynchttpclient.netty.channel.ChannelManager - Adding key: http://localhost:7365 for channel [id: 0x4cf10864, L:/127.0.0.1:50737 - R:localhost/127.0.0.1:7365]
  &amp#27;[32mAnd &amp#27;[0m&amp#27;[32muser click Simpan Perubahan&amp#27;[0m        &amp#27;[90m# starter.stepdefinitions.EditKASteps.userClickSimpanPerubahan()&amp#27;[0m
20:24:24.589 [Forwarding findElement on session 5f8d798c16580babfbd77307bb98cf12 to remote] DEBUG org.asynchttpclient.netty.request.NettyRequestSender - Using pooled Channel '[id: 0x4cf10864, L:/127.0.0.1:50737 - R:localhost/127.0.0.1:7365]' for 'POST' to 'http://localhost:7365/session/5f8d798c16580babfbd77307bb98cf12/element'
20:24:24.589 [Forwarding findElement on session 5f8d798c16580babfbd77307bb98cf12 to remote] DEBUG org.asynchttpclient.netty.request.NettyRequestSender - Using open Channel [id: 0x4cf10864, L:/127.0.0.1:50737 - R:localhost/127.0.0.1:7365] for POST '/session/5f8d798c16580babfbd77307bb98cf12/element'
20:24:24.602 [AsyncHttpClient-1-2] DEBUG org.asynchttpclient.netty.handler.HttpHandler - 

Request DefaultHttpRequest(decodeResult: success, version: HTTP/1.1)
POST /session/5f8d798c16580babfbd77307bb98cf12/element HTTP/1.1
User-Agent: selenium/4.8.1 (java windows)
Content-Length: 114
Content-Type: application/json; charset=utf-8
host: localhost:7365
accept: */*

Response DefaultHttpResponse(decodeResult: success, version: HTTP/1.1)
HTTP/1.1 200 OK
Content-Length: 96
Content-Type: application/json; charset=utf-8
cache-control: no-cache

20:24:24.602 [AsyncHttpClient-1-2] DEBUG org.asynchttpclient.netty.channel.ChannelManager - Adding key: http://localhost:7365 for channel [id: 0x4cf10864, L:/127.0.0.1:50737 - R:localhost/127.0.0.1:7365]
20:24:24.607 [Forwarding isElementDisplayed on session 5f8d798c16580babfbd77307bb98cf12 to remote] DEBUG org.asynchttpclient.netty.request.NettyRequestSender - Using pooled Channel '[id: 0x4cf10864, L:/127.0.0.1:50737 - R:localhost/127.0.0.1:7365]' for 'POST' to 'http://localhost:7365/session/5f8d798c16580babfbd77307bb98cf12/execute/sync'
20:24:24.607 [Forwarding isElementDisplayed on session 5f8d798c16580babfbd77307bb98cf12 to remote] DEBUG org.asynchttpclient.netty.request.NettyRequestSender - Using open Channel [id: 0x4cf10864, L:/127.0.0.1:50737 - R:localhost/127.0.0.1:7365] for POST '/session/5f8d798c16580babfbd77307bb98cf12/execute/sync'
20:24:24.623 [AsyncHttpClient-1-2] DEBUG org.asynchttpclient.netty.handler.HttpHandler - 

Request DefaultHttpRequest(decodeResult: success, version: HTTP/1.1)
POST /session/5f8d798c16580babfbd77307bb98cf12/execute/sync HTTP/1.1
User-Agent: selenium/4.8.1 (java windows)
Content-Length: 48815
Content-Type: application/json; charset=utf-8
host: localhost:7365
accept: */*

Response DefaultHttpResponse(decodeResult: success, version: HTTP/1.1)
HTTP/1.1 200 OK
Content-Length: 14
Content-Type: application/json; charset=utf-8
cache-control: no-cache

20:24:24.623 [AsyncHttpClient-1-2] DEBUG org.asynchttpclient.netty.channel.ChannelManager - Adding key: http://localhost:7365 for channel [id: 0x4cf10864, L:/127.0.0.1:50737 - R:localhost/127.0.0.1:7365]
20:24:24.641 [Forwarding isElementDisplayed on session 5f8d798c16580babfbd77307bb98cf12 to remote] DEBUG org.asynchttpclient.netty.request.NettyRequestSender - Using pooled Channel '[id: 0x4cf10864, L:/127.0.0.1:50737 - R:localhost/127.0.0.1:7365]' for 'POST' to 'http://localhost:7365/session/5f8d798c16580babfbd77307bb98cf12/execute/sync'
20:24:24.641 [Forwarding isElementDisplayed on session 5f8d798c16580babfbd77307bb98cf12 to remote] DEBUG org.asynchttpclient.netty.request.NettyRequestSender - Using open Channel [id: 0x4cf10864, L:/127.0.0.1:50737 - R:localhost/127.0.0.1:7365] for POST '/session/5f8d798c16580babfbd77307bb98cf12/execute/sync'
20:24:24.662 [AsyncHttpClient-1-2] DEBUG org.asynchttpclient.netty.handler.HttpHandler - 

Request DefaultHttpRequest(decodeResult: success, version: HTTP/1.1)
POST /session/5f8d798c16580babfbd77307bb98cf12/execute/sync HTTP/1.1
User-Agent: selenium/4.8.1 (java windows)
Content-Length: 48815
Content-Type: application/json; charset=utf-8
host: localhost:7365
accept: */*

Response DefaultHttpResponse(decodeResult: success, version: HTTP/1.1)
HTTP/1.1 200 OK
Content-Length: 14
Content-Type: application/json; charset=utf-8
cache-control: no-cache

20:24:24.663 [AsyncHttpClient-1-2] DEBUG org.asynchttpclient.netty.channel.ChannelManager - Adding key: http://localhost:7365 for channel [id: 0x4cf10864, L:/127.0.0.1:50737 - R:localhost/127.0.0.1:7365]
  &amp#27;[32mThen &amp#27;[0m&amp#27;[32muser can see daftar KA page&amp#27;[0m       &amp#27;[90m# starter.stepdefinitions.EditKASteps.userCanSeeDaftarKAPage()&amp#27;[0m
20:24:24.687 [main] INFO  - 
  _____   ___   ___   _____     ___     _     ___   ___   ___   ___  
 |_   _| | __| / __| |_   _|   | _ \   /_\   / __| / __| | __| |   \ 
   | |   | _|  \__ \   | |     |  _/  / _ \  \__ \ \__ \ | _|  | |) |
   |_|   |___| |___/   |_|     |_|   /_/ \_\ |___/ |___/ |___| |___/ 

as user i want to edit data KA
----------------------------------------------------------------------
20:24:24.873 [AsyncHttpClient-1-4] DEBUG org.asynchttpclient.netty.handler.WebSocketHandler - Channel Closed: [id: 0x324938da, L:/127.0.0.1:50747 ! R:localhost/127.0.0.1:50738] with attribute NettyResponseFuture{currentRetry=0,
	isDone=1,
	isCancelled=0,
	asyncHandler=org.asynchttpclient.ws.WebSocketUpgradeHandler@50fc8fe7,
	nettyRequest=org.asynchttpclient.netty.request.NettyRequest@1049e0f5,
	future=java.util.concurrent.CompletableFuture@32064e51[Completed normally],
	uri=ws://localhost:50738/devtools/browser/72d6d0fb-1cea-496f-bbe8-6b1752c84201,
	keepAlive=true,
	redirectCount=0,
	timeoutsHolder=null,
	inAuth=0,
	touch=1686576252005}
20:24:24.874 [AsyncHttpClient-1-4] DEBUG org.asynchttpclient.netty.channel.ChannelManager - Closing Channel [id: 0x324938da, L:/127.0.0.1:50747 ! R:localhost/127.0.0.1:50738] 
20:24:24.941 [Driver Command Executor] DEBUG org.asynchttpclient.netty.request.NettyRequestSender - Using pooled Channel '[id: 0x4cf10864, L:/127.0.0.1:50737 - R:localhost/127.0.0.1:7365]' for 'DELETE' to 'http://localhost:7365/session/5f8d798c16580babfbd77307bb98cf12'
20:24:24.941 [Driver Command Executor] DEBUG org.asynchttpclient.netty.request.NettyRequestSender - Using open Channel [id: 0x4cf10864, L:/127.0.0.1:50737 - R:localhost/127.0.0.1:7365] for DELETE '/session/5f8d798c16580babfbd77307bb98cf12'
20:24:25.003 [AsyncHttpClient-1-1] DEBUG org.asynchttpclient.netty.channel.DefaultChannelPool - Entry count for : http://localhost:50738 : 1
20:24:25.079 [AsyncHttpClient-1-3] DEBUG org.asynchttpclient.netty.handler.HttpHandler - Unexpected I/O exception on channel [id: 0x251e2773, L:/127.0.0.1:50746 - R:localhost/127.0.0.1:50738]
java.io.IOException: An existing connection was forcibly closed by the remote host
	at sun.nio.ch.SocketDispatcher.read0(Native Method)
	at sun.nio.ch.SocketDispatcher.read(SocketDispatcher.java:43)
	at sun.nio.ch.IOUtil.readIntoNativeBuffer(IOUtil.java:223)
	at sun.nio.ch.IOUtil.read(IOUtil.java:192)
	at sun.nio.ch.SocketChannelImpl.read(SocketChannelImpl.java:380)
	at io.netty.buffer.PooledByteBuf.setBytes(PooledByteBuf.java:259)
	at io.netty.buffer.AbstractByteBuf.writeBytes(AbstractByteBuf.java:1132)
	at io.netty.channel.socket.nio.NioSocketChannel.doReadBytes(NioSocketChannel.java:357)
	at io.netty.channel.nio.AbstractNioByteChannel$NioByteUnsafe.read(AbstractNioByteChannel.java:151)
	at io.netty.channel.nio.NioEventLoop.processSelectedKey(NioEventLoop.java:788)
	at io.netty.channel.nio.NioEventLoop.processSelectedKeysOptimized(NioEventLoop.java:724)
	at io.netty.channel.nio.NioEventLoop.processSelectedKeys(NioEventLoop.java:650)
	at io.netty.channel.nio.NioEventLoop.run(NioEventLoop.java:562)
	at io.netty.util.concurrent.SingleThreadEventExecutor$4.run(SingleThreadEventExecutor.java:997)
	at io.netty.util.internal.ThreadExecutorMap$2.run(ThreadExecutorMap.java:74)
	at io.netty.util.concurrent.FastThreadLocalRunnable.run(FastThreadLocalRunnable.java:30)
	at java.lang.Thread.run(Thread.java:748)
20:24:25.079 [AsyncHttpClient-1-3] DEBUG org.asynchttpclient.netty.channel.ChannelManager - Closing Channel [id: 0x251e2773, L:/127.0.0.1:50746 - R:localhost/127.0.0.1:50738] 
20:24:25.081 [AsyncHttpClient-1-3] DEBUG org.asynchttpclient.netty.handler.HttpHandler - Channel Closed: [id: 0x251e2773, L:/127.0.0.1:50746 ! R:localhost/127.0.0.1:50738] with attribute DISCARD
20:24:25.132 [AsyncHttpClient-1-2] DEBUG org.asynchttpclient.netty.handler.HttpHandler - 

Request DefaultFullHttpRequest(decodeResult: success, version: HTTP/1.1, content: EmptyByteBufBE)
DELETE /session/5f8d798c16580babfbd77307bb98cf12 HTTP/1.1
User-Agent: selenium/4.8.1 (java windows)
Content-Type: application/json; charset=utf-8
host: localhost:7365
accept: */*

Response DefaultHttpResponse(decodeResult: success, version: HTTP/1.1)
HTTP/1.1 200 OK
Content-Length: 14
Content-Type: application/json; charset=utf-8
cache-control: no-cache

20:24:25.132 [AsyncHttpClient-1-2] DEBUG org.asynchttpclient.netty.channel.ChannelManager - Adding key: http://localhost:7365 for channel [id: 0x4cf10864, L:/127.0.0.1:50737 - R:localhost/127.0.0.1:7365]
20:24:25.255 [AsyncHttpClient-1-2] DEBUG org.asynchttpclient.netty.handler.HttpHandler - Channel Closed: [id: 0x4cf10864, L:/127.0.0.1:50737 ! R:localhost/127.0.0.1:7365] with attribute DISCARD
]]></system-out>
    <system-err><![CDATA[Starting ChromeDriver 114.0.5735.90 (386bc09e8f4f2e025eddae123f36f6263096ae49-refs/branch-heads/5735@{#1052}) on port 7365
Only local connections are allowed.
Please see https://chromedriver.chromium.org/security-considerations for suggestions on keeping ChromeDriver safe.
ChromeDriver was started successfully.
Jun 12, 2023 8:24:12 PM org.openqa.selenium.devtools.CdpVersionFinder findNearestMatch
WARNING: Unable to find an exact match for CDP version 114, so returning the closest version found: 110
]]></system-err>
  </testcase>
</testsuite>